# JRE version: 7.0_21-b02
# Java VM: OpenJDK Server VM (23.7-b01 mixed mode linux-x86 )
Heap
 PSYoungGen      total 12992K, used 4009K [0x9eff0000, 0xa0890000, 0xb33f0000)
  eden space 12800K, 29% used [0x9eff0000,0x9f3aa788,0x9fc70000)
  from space 192K, 100% used [0x9fcb0000,0x9fce0000,0x9fce0000)
  to   space 6208K, 0% used [0xa0280000,0xa0280000,0xa0890000)
 ParOldGen       total 41472K, used 8358K [0x767f0000, 0x79070000, 0x9eff0000)
  object space 41472K, 20% used [0x767f0000,0x77019b40,0x79070000)
 PSPermGen       total 16384K, used 15100K [0x6e7f0000, 0x6f7f0000, 0x767f0000)
  object space 16384K, 92% used [0x6e7f0000,0x6f6af110,0x6f7f0000)
GC Heap History (10 events):
Event: 81.813 GC heap before
{Heap before GC invocations=9 (full 0):
 PSYoungGen      total 20544K, used 14477K [0x9eff0000, 0xa0a90000, 0xb33f0000)
  eden space 14208K, 100% used [0x9eff0000,0x9fdd0000,0x9fdd0000)
  from space 6336K, 4% used [0xa0460000,0xa04a35b0,0xa0a90000)
  to   space 6528K, 0% used [0x9fdd0000,0x9fdd0000,0xa0430000)
 ParOldGen       total 41472K, used 8234K [0x767f0000, 0x79070000, 0x9eff0000)
  object space 41472K, 19% used [0x767f0000,0x76ffaa30,0x79070000)
 PSPermGen       total 16384K, used 15076K [0x6e7f0000, 0x6f7f0000, 0x767f0000)
  object space 16384K, 92% used [0x6e7f0000,0x6f6a90a8,0x6f7f0000)
Event: 81.815 GC heap after
Heap after GC invocations=9 (full 0):
 PSYoungGen      total 14208K, used 266K [0x9eff0000, 0xa0a60000, 0xb33f0000)
  eden space 13888K, 0% used [0x9eff0000,0x9eff0000,0x9fd80000)
  from space 320K, 83% used [0x9fdd0000,0x9fe12b60,0x9fe20000)
  to   space 6592K, 0% used [0xa03f0000,0xa03f0000,0xa0a60000)
 ParOldGen       total 41472K, used 8267K [0x767f0000, 0x79070000, 0x9eff0000)
  object space 41472K, 19% used [0x767f0000,0x77002fe0,0x79070000)
 PSPermGen       total 16384K, used 15076K [0x6e7f0000, 0x6f7f0000, 0x767f0000)
  object space 16384K, 92% used [0x6e7f0000,0x6f6a90a8,0x6f7f0000)
}
Event: 96.694 GC heap before
{Heap before GC invocations=10 (full 0):
 PSYoungGen      total 14208K, used 14154K [0x9eff0000, 0xa0a60000, 0xb33f0000)
  eden space 13888K, 100% used [0x9eff0000,0x9fd80000,0x9fd80000)
  from space 320K, 83% used [0x9fdd0000,0x9fe12b60,0x9fe20000)
  to   space 6592K, 0% used [0xa03f0000,0xa03f0000,0xa0a60000)
 ParOldGen       total 41472K, used 8267K [0x767f0000, 0x79070000, 0x9eff0000)
  object space 41472K, 19% used [0x767f0000,0x77002fe0,0x79070000)
 PSPermGen       total 16384K, used 15083K [0x6e7f0000, 0x6f7f0000, 0x767f0000)
  object space 16384K, 92% used [0x6e7f0000,0x6f6aae98,0x6f7f0000)
Event: 96.698 GC heap after
Heap after GC invocations=10 (full 0):
 PSYoungGen      total 19840K, used 250K [0x9eff0000, 0xa0a10000, 0xb33f0000)
  eden space 13568K, 0% used [0x9eff0000,0x9eff0000,0x9fd30000)
  from space 6272K, 3% used [0xa03f0000,0xa042eb60,0xa0a10000)
  to   space 6592K, 0% used [0x9fd30000,0x9fd30000,0xa03a0000)
 ParOldGen       total 41472K, used 8303K [0x767f0000, 0x79070000, 0x9eff0000)
  object space 41472K, 20% used [0x767f0000,0x7700bfe0,0x79070000)
 PSPermGen       total 16384K, used 15083K [0x6e7f0000, 0x6f7f0000, 0x767f0000)
  object space 16384K, 92% used [0x6e7f0000,0x6f6aae98,0x6f7f0000)
}
Event: 111.863 GC heap before
{Heap before GC invocations=11 (full 0):
 PSYoungGen      total 19840K, used 13818K [0x9eff0000, 0xa0a10000, 0xb33f0000)
  eden space 13568K, 100% used [0x9eff0000,0x9fd30000,0x9fd30000)
  from space 6272K, 3% used [0xa03f0000,0xa042eb60,0xa0a10000)
  to   space 6592K, 0% used [0x9fd30000,0x9fd30000,0xa03a0000)
 ParOldGen       total 41472K, used 8303K [0x767f0000, 0x79070000, 0x9eff0000)
  object space 41472K, 20% used [0x767f0000,0x7700bfe0,0x79070000)
 PSPermGen       total 16384K, used 15091K [0x6e7f0000, 0x6f7f0000, 0x767f0000)
  object space 16384K, 92% used [0x6e7f0000,0x6f6acf40,0x6f7f0000)
Event: 111.867 GC heap after
Heap after GC invocations=11 (full 0):
 PSYoungGen      total 13504K, used 192K [0x9eff0000, 0xa0990000, 0xb33f0000)
  eden space 13312K, 0% used [0x9eff0000,0x9eff0000,0x9fcf0000)
  from space 192K, 100% used [0x9fd30000,0x9fd60000,0x9fd60000)
  to   space 6464K, 0% used [0xa0340000,0xa0340000,0xa0990000)
 ParOldGen       total 41472K, used 8342K [0x767f0000, 0x79070000, 0x9eff0000)
  object space 41472K, 20% used [0x767f0000,0x77015b40,0x79070000)
 PSPermGen       total 16384K, used 15091K [0x6e7f0000, 0x6f7f0000, 0x767f0000)
  object space 16384K, 92% used [0x6e7f0000,0x6f6acf40,0x6f7f0000)
}
Event: 133.918 GC heap before
{Heap before GC invocations=12 (full 0):
 PSYoungGen      total 13504K, used 13504K [0x9eff0000, 0xa0990000, 0xb33f0000)
  eden space 13312K, 100% used [0x9eff0000,0x9fcf0000,0x9fcf0000)
  from space 192K, 100% used [0x9fd30000,0x9fd60000,0x9fd60000)
  to   space 6464K, 0% used [0xa0340000,0xa0340000,0xa0990000)
 ParOldGen       total 41472K, used 8342K [0x767f0000, 0x79070000, 0x9eff0000)
  object space 41472K, 20% used [0x767f0000,0x77015b40,0x79070000)
 PSPermGen       total 16384K, used 15097K [0x6e7f0000, 0x6f7f0000, 0x767f0000)
  object space 16384K, 92% used [0x6e7f0000,0x6f6ae638,0x6f7f0000)
Event: 133.920 GC heap after
Heap after GC invocations=12 (full 0):
 PSYoungGen      total 19008K, used 288K [0x9eff0000, 0xa0910000, 0xb33f0000)
  eden space 13056K, 0% used [0x9eff0000,0x9eff0000,0x9fcb0000)
  from space 5952K, 4% used [0xa0340000,0xa0388000,0xa0910000)
  to   space 6336K, 0% used [0x9fcb0000,0x9fcb0000,0xa02e0000)
 ParOldGen       total 41472K, used 8346K [0x767f0000, 0x79070000, 0x9eff0000)
  object space 41472K, 20% used [0x767f0000,0x77016b40,0x79070000)
 PSPermGen       total 16384K, used 15097K [0x6e7f0000, 0x6f7f0000, 0x767f0000)
  object space 16384K, 92% used [0x6e7f0000,0x6f6ae638,0x6f7f0000)
}
Event: 145.668 GC heap before
{Heap before GC invocations=13 (full 0):
 PSYoungGen      total 19008K, used 13344K [0x9eff0000, 0xa0910000, 0xb33f0000)
  eden space 13056K, 100% used [0x9eff0000,0x9fcb0000,0x9fcb0000)
  from space 5952K, 4% used [0xa0340000,0xa0388000,0xa0910000)
  to   space 6336K, 0% used [0x9fcb0000,0x9fcb0000,0xa02e0000)
 ParOldGen       total 41472K, used 8346K [0x767f0000, 0x79070000, 0x9eff0000)
  object space 41472K, 20% used [0x767f0000,0x77016b40,0x79070000)
 PSPermGen       total 16384K, used 15100K [0x6e7f0000, 0x6f7f0000, 0x767f0000)
  object space 16384K, 92% used [0x6e7f0000,0x6f6af078,0x6f7f0000)
Event: 145.672 GC heap after
Heap after GC invocations=13 (full 0):
 PSYoungGen      total 12992K, used 192K [0x9eff0000, 0xa0890000, 0xb33f0000)
  eden space 12800K, 0% used [0x9eff0000,0x9eff0000,0x9fc70000)
  from space 192K, 100% used [0x9fcb0000,0x9fce0000,0x9fce0000)
  to   space 6208K, 0% used [0xa0280000,0xa0280000,0xa0890000)
 ParOldGen       total 41472K, used 8358K [0x767f0000, 0x79070000, 0x9eff0000)
  object space 41472K, 20% used [0x767f0000,0x77019b40,0x79070000)
 PSPermGen       total 16384K, used 15100K [0x6e7f0000, 0x6f7f0000, 0x767f0000)
  object space 16384K, 92% used [0x6e7f0000,0x6f6af078,0x6f7f0000)
}

