# JRE version: 7.0_21-b02
# Java VM: OpenJDK Server VM (23.7-b01 mixed mode linux-x86 )
Heap
 PSYoungGen      total 17728K, used 9929K [0x9f040000, 0xa0a70000, 0xb3440000)
  eden space 15168K, 48% used [0x9f040000,0x9f772810,0x9ff10000)
  from space 2560K, 99% used [0x9ff70000,0xa01efc98,0xa01f0000)
  to   space 5824K, 0% used [0xa04c0000,0xa04c0000,0xa0a70000)
 ParOldGen       total 41472K, used 6285K [0x76840000, 0x790c0000, 0x9f040000)
  object space 41472K, 15% used [0x76840000,0x76e63550,0x790c0000)
 PSPermGen       total 16384K, used 15228K [0x6e840000, 0x6f840000, 0x76840000)
  object space 16384K, 92% used [0x6e840000,0x6f71f140,0x6f840000)
GC Heap History (10 events):
Event: 1.348 GC heap before
{Heap before GC invocations=1 (full 0):
 PSYoungGen      total 18112K, used 15552K [0x9f040000, 0xa0470000, 0xb3440000)
  eden space 15552K, 100% used [0x9f040000,0x9ff70000,0x9ff70000)
  from space 2560K, 0% used [0xa01f0000,0xa01f0000,0xa0470000)
  to   space 2560K, 0% used [0x9ff70000,0x9ff70000,0xa01f0000)
 ParOldGen       total 41472K, used 0K [0x76840000, 0x790c0000, 0x9f040000)
  object space 41472K, 0% used [0x76840000,0x76840000,0x790c0000)
 PSPermGen       total 16384K, used 11903K [0x6e840000, 0x6f840000, 0x76840000)
  object space 16384K, 72% used [0x6e840000,0x6f3dfd60,0x6f840000)
Event: 1.357 GC heap after
Heap after GC invocations=1 (full 0):
 PSYoungGen      total 18112K, used 2549K [0x9f040000, 0xa0470000, 0xb3440000)
  eden space 15552K, 0% used [0x9f040000,0x9f040000,0x9ff70000)
  from space 2560K, 99% used [0x9ff70000,0xa01ed5c0,0xa01f0000)
  to   space 2560K, 0% used [0xa01f0000,0xa01f0000,0xa0470000)
 ParOldGen       total 41472K, used 1316K [0x76840000, 0x790c0000, 0x9f040000)
  object space 41472K, 3% used [0x76840000,0x769890e8,0x790c0000)
 PSPermGen       total 16384K, used 11903K [0x6e840000, 0x6f840000, 0x76840000)
  object space 16384K, 72% used [0x6e840000,0x6f3dfd60,0x6f840000)
}
Event: 2.202 GC heap before
{Heap before GC invocations=2 (full 0):
 PSYoungGen      total 18112K, used 18101K [0x9f040000, 0xa0470000, 0xb3440000)
  eden space 15552K, 100% used [0x9f040000,0x9ff70000,0x9ff70000)
  from space 2560K, 99% used [0x9ff70000,0xa01ed5c0,0xa01f0000)
  to   space 2560K, 0% used [0xa01f0000,0xa01f0000,0xa0470000)
 ParOldGen       total 41472K, used 1316K [0x76840000, 0x790c0000, 0x9f040000)
  object space 41472K, 3% used [0x76840000,0x769890e8,0x790c0000)
 PSPermGen       total 16384K, used 14393K [0x6e840000, 0x6f840000, 0x76840000)
  object space 16384K, 87% used [0x6e840000,0x6f64e4c0,0x6f840000)
Event: 2.215 GC heap after
Heap after GC invocations=2 (full 0):
 PSYoungGen      total 18112K, used 2554K [0x9f040000, 0xa13a0000, 0xb3440000)
  eden space 15552K, 0% used [0x9f040000,0x9f040000,0x9ff70000)
  from space 2560K, 99% used [0xa01f0000,0xa046e9a8,0xa0470000)
  to   space 2560K, 0% used [0x9ff70000,0x9ff70000,0xa01f0000)
 ParOldGen       total 41472K, used 4494K [0x76840000, 0x790c0000, 0x9f040000)
  object space 41472K, 10% used [0x76840000,0x76ca3b98,0x790c0000)
 PSPermGen       total 16384K, used 14393K [0x6e840000, 0x6f840000, 0x76840000)
  object space 16384K, 87% used [0x6e840000,0x6f64e4c0,0x6f840000)
}
Event: 9.967 GC heap before
{Heap before GC invocations=3 (full 0):
 PSYoungGen      total 18112K, used 18106K [0x9f040000, 0xa13a0000, 0xb3440000)
  eden space 15552K, 100% used [0x9f040000,0x9ff70000,0x9ff70000)
  from space 2560K, 99% used [0xa01f0000,0xa046e9a8,0xa0470000)
  to   space 2560K, 0% used [0x9ff70000,0x9ff70000,0xa01f0000)
 ParOldGen       total 41472K, used 4494K [0x76840000, 0x790c0000, 0x9f040000)
  object space 41472K, 10% used [0x76840000,0x76ca3b98,0x790c0000)
 PSPermGen       total 16384K, used 14930K [0x6e840000, 0x6f840000, 0x76840000)
  object space 16384K, 91% used [0x6e840000,0x6f6d4af8,0x6f840000)
Event: 9.977 GC heap after
Heap after GC invocations=3 (full 0):
 PSYoungGen      total 18112K, used 2559K [0x9f040000, 0xa0470000, 0xb3440000)
  eden space 15552K, 0% used [0x9f040000,0x9f040000,0x9ff70000)
  from space 2560K, 99% used [0x9ff70000,0xa01eff70,0xa01f0000)
  to   space 2560K, 0% used [0xa01f0000,0xa01f0000,0xa0470000)
 ParOldGen       total 41472K, used 4880K [0x76840000, 0x790c0000, 0x9f040000)
  object space 41472K, 11% used [0x76840000,0x76d041b0,0x790c0000)
 PSPermGen       total 16384K, used 14930K [0x6e840000, 0x6f840000, 0x76840000)
  object space 16384K, 91% used [0x6e840000,0x6f6d4af8,0x6f840000)
}
Event: 20.723 GC heap before
{Heap before GC invocations=4 (full 0):
 PSYoungGen      total 18112K, used 18111K [0x9f040000, 0xa0470000, 0xb3440000)
  eden space 15552K, 100% used [0x9f040000,0x9ff70000,0x9ff70000)
  from space 2560K, 99% used [0x9ff70000,0xa01eff70,0xa01f0000)
  to   space 2560K, 0% used [0xa01f0000,0xa01f0000,0xa0470000)
 ParOldGen       total 41472K, used 4880K [0x76840000, 0x790c0000, 0x9f040000)
  object space 41472K, 11% used [0x76840000,0x76d041b0,0x790c0000)
 PSPermGen       total 16384K, used 15013K [0x6e840000, 0x6f840000, 0x76840000)
  object space 16384K, 91% used [0x6e840000,0x6f6e9648,0x6f840000)
Event: 20.731 GC heap after
Heap after GC invocations=4 (full 0):
 PSYoungGen      total 18112K, used 2545K [0x9f040000, 0xa0470000, 0xb3440000)
  eden space 15552K, 0% used [0x9f040000,0x9f040000,0x9ff70000)
  from space 2560K, 99% used [0xa01f0000,0xa046c4c0,0xa0470000)
  to   space 2560K, 0% used [0x9ff70000,0x9ff70000,0xa01f0000)
 ParOldGen       total 41472K, used 5059K [0x76840000, 0x790c0000, 0x9f040000)
  object space 41472K, 12% used [0x76840000,0x76d30e80,0x790c0000)
 PSPermGen       total 16384K, used 15013K [0x6e840000, 0x6f840000, 0x76840000)
  object space 16384K, 91% used [0x6e840000,0x6f6e9648,0x6f840000)
}
Event: 34.590 GC heap before
{Heap before GC invocations=5 (full 0):
 PSYoungGen      total 18112K, used 18097K [0x9f040000, 0xa0470000, 0xb3440000)
  eden space 15552K, 100% used [0x9f040000,0x9ff70000,0x9ff70000)
  from space 2560K, 99% used [0xa01f0000,0xa046c4c0,0xa0470000)
  to   space 2560K, 0% used [0x9ff70000,0x9ff70000,0xa01f0000)
 ParOldGen       total 41472K, used 5059K [0x76840000, 0x790c0000, 0x9f040000)
  object space 41472K, 12% used [0x76840000,0x76d30e80,0x790c0000)
 PSPermGen       total 16384K, used 15213K [0x6e840000, 0x6f840000, 0x76840000)
  object space 16384K, 92% used [0x6e840000,0x6f71b7c8,0x6f840000)
Event: 34.597 GC heap after
Heap after GC invocations=5 (full 0):
 PSYoungGen      total 17728K, used 2559K [0x9f040000, 0xa0a70000, 0xb3440000)
  eden space 15168K, 0% used [0x9f040000,0x9f040000,0x9ff10000)
  from space 2560K, 99% used [0x9ff70000,0xa01efc98,0xa01f0000)
  to   space 5824K, 0% used [0xa04c0000,0xa04c0000,0xa0a70000)
 ParOldGen       total 41472K, used 6285K [0x76840000, 0x790c0000, 0x9f040000)
  object space 41472K, 15% used [0x76840000,0x76e63550,0x790c0000)
 PSPermGen       total 16384K, used 15213K [0x6e840000, 0x6f840000, 0x76840000)
  object space 16384K, 92% used [0x6e840000,0x6f71b7c8,0x6f840000)
}

