# JRE version: 7.0_21-b02
# Java VM: OpenJDK Server VM (23.7-b01 mixed mode linux-x86 )
Heap
 PSYoungGen      total 19392K, used 16611K [0x9ef40000, 0xa0760000, 0xb3340000)
  eden space 14848K, 93% used [0x9ef40000,0x9fcc6140,0x9fdc0000)
  from space 4544K, 60% used [0xa02f0000,0xa05a2bc8,0xa0760000)
  to   space 4928K, 0% used [0x9fdc0000,0x9fdc0000,0xa0290000)
 ParOldGen       total 41472K, used 4788K [0x76740000, 0x78fc0000, 0x9ef40000)
  object space 41472K, 11% used [0x76740000,0x76bed040,0x78fc0000)
 PSPermGen       total 16384K, used 15003K [0x6e740000, 0x6f740000, 0x76740000)
  object space 16384K, 91% used [0x6e740000,0x6f5e6fe0,0x6f740000)
GC Heap History (10 events):
Event: 2.431 GC heap before
{Heap before GC invocations=2 (full 0):
 PSYoungGen      total 18112K, used 18101K [0x9ef40000, 0xa0370000, 0xb3340000)
  eden space 15552K, 100% used [0x9ef40000,0x9fe70000,0x9fe70000)
  from space 2560K, 99% used [0x9fe70000,0xa00ed5c0,0xa00f0000)
  to   space 2560K, 0% used [0xa00f0000,0xa00f0000,0xa0370000)
 ParOldGen       total 41472K, used 1293K [0x76740000, 0x78fc0000, 0x9ef40000)
  object space 41472K, 3% used [0x76740000,0x76883790,0x78fc0000)
 PSPermGen       total 16384K, used 14533K [0x6e740000, 0x6f740000, 0x76740000)
  object space 16384K, 88% used [0x6e740000,0x6f5714f8,0x6f740000)
Event: 2.445 GC heap after
Heap after GC invocations=2 (full 0):
 PSYoungGen      total 18112K, used 2546K [0x9ef40000, 0xa0370000, 0xb3340000)
  eden space 15552K, 0% used [0x9ef40000,0x9ef40000,0x9fe70000)
  from space 2560K, 99% used [0xa00f0000,0xa036cab8,0xa0370000)
  to   space 2560K, 0% used [0x9fe70000,0x9fe70000,0xa00f0000)
 ParOldGen       total 41472K, used 3370K [0x76740000, 0x78fc0000, 0x9ef40000)
  object space 41472K, 8% used [0x76740000,0x76a8abd0,0x78fc0000)
 PSPermGen       total 16384K, used 14533K [0x6e740000, 0x6f740000, 0x76740000)
  object space 16384K, 88% used [0x6e740000,0x6f5714f8,0x6f740000)
}
Event: 10.875 GC heap before
{Heap before GC invocations=3 (full 0):
 PSYoungGen      total 18112K, used 18098K [0x9ef40000, 0xa0370000, 0xb3340000)
  eden space 15552K, 100% used [0x9ef40000,0x9fe70000,0x9fe70000)
  from space 2560K, 99% used [0xa00f0000,0xa036cab8,0xa0370000)
  to   space 2560K, 0% used [0x9fe70000,0x9fe70000,0xa00f0000)
 ParOldGen       total 41472K, used 3370K [0x76740000, 0x78fc0000, 0x9ef40000)
  object space 41472K, 8% used [0x76740000,0x76a8abd0,0x78fc0000)
 PSPermGen       total 16384K, used 14849K [0x6e740000, 0x6f740000, 0x76740000)
  object space 16384K, 90% used [0x6e740000,0x6f5c04a0,0x6f740000)
Event: 10.884 GC heap after
Heap after GC invocations=3 (full 0):
 PSYoungGen      total 18112K, used 2546K [0x9ef40000, 0xa0370000, 0xb3340000)
  eden space 15552K, 0% used [0x9ef40000,0x9ef40000,0x9fe70000)
  from space 2560K, 99% used [0x9fe70000,0xa00ecab8,0xa00f0000)
  to   space 2560K, 0% used [0xa00f0000,0xa00f0000,0xa0370000)
 ParOldGen       total 41472K, used 4044K [0x76740000, 0x78fc0000, 0x9ef40000)
  object space 41472K, 9% used [0x76740000,0x76b33200,0x78fc0000)
 PSPermGen       total 16384K, used 14849K [0x6e740000, 0x6f740000, 0x76740000)
  object space 16384K, 90% used [0x6e740000,0x6f5c04a0,0x6f740000)
}
Event: 19.904 GC heap before
{Heap before GC invocations=4 (full 0):
 PSYoungGen      total 18112K, used 18098K [0x9ef40000, 0xa0370000, 0xb3340000)
  eden space 15552K, 100% used [0x9ef40000,0x9fe70000,0x9fe70000)
  from space 2560K, 99% used [0x9fe70000,0xa00ecab8,0xa00f0000)
  to   space 2560K, 0% used [0xa00f0000,0xa00f0000,0xa0370000)
 ParOldGen       total 41472K, used 4044K [0x76740000, 0x78fc0000, 0x9ef40000)
  object space 41472K, 9% used [0x76740000,0x76b33200,0x78fc0000)
 PSPermGen       total 16384K, used 14877K [0x6e740000, 0x6f740000, 0x76740000)
  object space 16384K, 90% used [0x6e740000,0x6f5c74c0,0x6f740000)
Event: 19.916 GC heap after
Heap after GC invocations=4 (full 0):
 PSYoungGen      total 18112K, used 2555K [0x9ef40000, 0xa0370000, 0xb3340000)
  eden space 15552K, 0% used [0x9ef40000,0x9ef40000,0x9fe70000)
  from space 2560K, 99% used [0xa00f0000,0xa036eed0,0xa0370000)
  to   space 2560K, 0% used [0x9fe70000,0x9fe70000,0xa00f0000)
 ParOldGen       total 41472K, used 4399K [0x76740000, 0x78fc0000, 0x9ef40000)
  object space 41472K, 10% used [0x76740000,0x76b8bd10,0x78fc0000)
 PSPermGen       total 16384K, used 14877K [0x6e740000, 0x6f740000, 0x76740000)
  object space 16384K, 90% used [0x6e740000,0x6f5c74c0,0x6f740000)
}
Event: 23.715 GC heap before
{Heap before GC invocations=5 (full 0):
 PSYoungGen      total 18112K, used 18107K [0x9ef40000, 0xa0370000, 0xb3340000)
  eden space 15552K, 100% used [0x9ef40000,0x9fe70000,0x9fe70000)
  from space 2560K, 99% used [0xa00f0000,0xa036eed0,0xa0370000)
  to   space 2560K, 0% used [0x9fe70000,0x9fe70000,0xa00f0000)
 ParOldGen       total 41472K, used 4399K [0x76740000, 0x78fc0000, 0x9ef40000)
  object space 41472K, 10% used [0x76740000,0x76b8bd10,0x78fc0000)
 PSPermGen       total 16384K, used 14967K [0x6e740000, 0x6f740000, 0x76740000)
  object space 16384K, 91% used [0x6e740000,0x6f5dde30,0x6f740000)
Event: 23.722 GC heap after
Heap after GC invocations=5 (full 0):
 PSYoungGen      total 17728K, used 2546K [0x9ef40000, 0xa07d0000, 0xb3340000)
  eden space 15168K, 0% used [0x9ef40000,0x9ef40000,0x9fe10000)
  from space 2560K, 99% used [0x9fe70000,0xa00ecab8,0xa00f0000)
  to   space 4992K, 0% used [0xa02f0000,0xa02f0000,0xa07d0000)
 ParOldGen       total 41472K, used 4788K [0x76740000, 0x78fc0000, 0x9ef40000)
  object space 41472K, 11% used [0x76740000,0x76bed040,0x78fc0000)
 PSPermGen       total 16384K, used 14967K [0x6e740000, 0x6f740000, 0x76740000)
  object space 16384K, 91% used [0x6e740000,0x6f5dde30,0x6f740000)
}
Event: 29.794 GC heap before
{Heap before GC invocations=6 (full 0):
 PSYoungGen      total 17728K, used 17714K [0x9ef40000, 0xa07d0000, 0xb3340000)
  eden space 15168K, 100% used [0x9ef40000,0x9fe10000,0x9fe10000)
  from space 2560K, 99% used [0x9fe70000,0xa00ecab8,0xa00f0000)
  to   space 4992K, 0% used [0xa02f0000,0xa02f0000,0xa07d0000)
 ParOldGen       total 41472K, used 4788K [0x76740000, 0x78fc0000, 0x9ef40000)
  object space 41472K, 11% used [0x76740000,0x76bed040,0x78fc0000)
 PSPermGen       total 16384K, used 14985K [0x6e740000, 0x6f740000, 0x76740000)
  object space 16384K, 91% used [0x6e740000,0x6f5e2600,0x6f740000)
Event: 29.801 GC heap after
Heap after GC invocations=6 (full 0):
 PSYoungGen      total 19392K, used 2762K [0x9ef40000, 0xa0760000, 0xb3340000)
  eden space 14848K, 0% used [0x9ef40000,0x9ef40000,0x9fdc0000)
  from space 4544K, 60% used [0xa02f0000,0xa05a2bc8,0xa0760000)
  to   space 4928K, 0% used [0x9fdc0000,0x9fdc0000,0xa0290000)
 ParOldGen       total 41472K, used 4788K [0x76740000, 0x78fc0000, 0x9ef40000)
  object space 41472K, 11% used [0x76740000,0x76bed040,0x78fc0000)
 PSPermGen       total 16384K, used 14985K [0x6e740000, 0x6f740000, 0x76740000)
  object space 16384K, 91% used [0x6e740000,0x6f5e2600,0x6f740000)
}

