# JRE version: 7.0_21-b02
# Java VM: OpenJDK Server VM (23.7-b01 mixed mode linux-x86 )
Heap
 PSYoungGen      total 20352K, used 4976K [0x9f010000, 0xa0a30000, 0xb3410000)
  eden space 14848K, 14% used [0x9f010000,0x9f224360,0x9fe90000)
  from space 5504K, 51% used [0xa04d0000,0xa0797df0,0xa0a30000)
  to   space 5952K, 0% used [0x9fe90000,0x9fe90000,0xa0460000)
 ParOldGen       total 41472K, used 6060K [0x76810000, 0x79090000, 0x9f010000)
  object space 41472K, 14% used [0x76810000,0x76dfb328,0x79090000)
 PSPermGen       total 16384K, used 14854K [0x6e810000, 0x6f810000, 0x76810000)
  object space 16384K, 90% used [0x6e810000,0x6f691b98,0x6f810000)
GC Heap History (10 events):
Event: 2.173 GC heap before
{Heap before GC invocations=2 (full 0):
 PSYoungGen      total 18112K, used 18099K [0x9f010000, 0xa0440000, 0xb3410000)
  eden space 15552K, 100% used [0x9f010000,0x9ff40000,0x9ff40000)
  from space 2560K, 99% used [0x9ff40000,0xa01bcf40,0xa01c0000)
  to   space 2560K, 0% used [0xa01c0000,0xa01c0000,0xa0440000)
 ParOldGen       total 41472K, used 1309K [0x76810000, 0x79090000, 0x9f010000)
  object space 41472K, 3% used [0x76810000,0x769576e8,0x79090000)
 PSPermGen       total 16384K, used 14440K [0x6e810000, 0x6f810000, 0x76810000)
  object space 16384K, 88% used [0x6e810000,0x6f62a140,0x6f810000)
Event: 2.191 GC heap after
Heap after GC invocations=2 (full 0):
 PSYoungGen      total 18112K, used 2551K [0x9f010000, 0xa1370000, 0xb3410000)
  eden space 15552K, 0% used [0x9f010000,0x9f010000,0x9ff40000)
  from space 2560K, 99% used [0xa01c0000,0xa043ded0,0xa0440000)
  to   space 2560K, 0% used [0x9ff40000,0x9ff40000,0xa01c0000)
 ParOldGen       total 41472K, used 4527K [0x76810000, 0x79090000, 0x9f010000)
  object space 41472K, 10% used [0x76810000,0x76c7bcd8,0x79090000)
 PSPermGen       total 16384K, used 14440K [0x6e810000, 0x6f810000, 0x76810000)
  object space 16384K, 88% used [0x6e810000,0x6f62a140,0x6f810000)
}
Event: 9.661 GC heap before
{Heap before GC invocations=3 (full 0):
 PSYoungGen      total 18112K, used 18103K [0x9f010000, 0xa1370000, 0xb3410000)
  eden space 15552K, 100% used [0x9f010000,0x9ff40000,0x9ff40000)
  from space 2560K, 99% used [0xa01c0000,0xa043ded0,0xa0440000)
  to   space 2560K, 0% used [0x9ff40000,0x9ff40000,0xa01c0000)
 ParOldGen       total 41472K, used 4527K [0x76810000, 0x79090000, 0x9f010000)
  object space 41472K, 10% used [0x76810000,0x76c7bcd8,0x79090000)
 PSPermGen       total 16384K, used 14798K [0x6e810000, 0x6f810000, 0x76810000)
  object space 16384K, 90% used [0x6e810000,0x6f6839b0,0x6f810000)
Event: 9.669 GC heap after
Heap after GC invocations=3 (full 0):
 PSYoungGen      total 18112K, used 2556K [0x9f010000, 0xa0440000, 0xb3410000)
  eden space 15552K, 0% used [0x9f010000,0x9f010000,0x9ff40000)
  from space 2560K, 99% used [0x9ff40000,0xa01bf298,0xa01c0000)
  to   space 2560K, 0% used [0xa01c0000,0xa01c0000,0xa0440000)
 ParOldGen       total 41472K, used 5357K [0x76810000, 0x79090000, 0x9f010000)
  object space 41472K, 12% used [0x76810000,0x76d4b5f8,0x79090000)
 PSPermGen       total 16384K, used 14798K [0x6e810000, 0x6f810000, 0x76810000)
  object space 16384K, 90% used [0x6e810000,0x6f6839b0,0x6f810000)
}
Event: 12.197 GC heap before
{Heap before GC invocations=4 (full 0):
 PSYoungGen      total 18112K, used 18108K [0x9f010000, 0xa0440000, 0xb3410000)
  eden space 15552K, 100% used [0x9f010000,0x9ff40000,0x9ff40000)
  from space 2560K, 99% used [0x9ff40000,0xa01bf298,0xa01c0000)
  to   space 2560K, 0% used [0xa01c0000,0xa01c0000,0xa0440000)
 ParOldGen       total 41472K, used 5357K [0x76810000, 0x79090000, 0x9f010000)
  object space 41472K, 12% used [0x76810000,0x76d4b5f8,0x79090000)
 PSPermGen       total 16384K, used 14825K [0x6e810000, 0x6f810000, 0x76810000)
  object space 16384K, 90% used [0x6e810000,0x6f68a618,0x6f810000)
Event: 12.203 GC heap after
Heap after GC invocations=4 (full 0):
 PSYoungGen      total 18112K, used 2551K [0x9f010000, 0xa0440000, 0xb3410000)
  eden space 15552K, 0% used [0x9f010000,0x9f010000,0x9ff40000)
  from space 2560K, 99% used [0xa01c0000,0xa043dc90,0xa0440000)
  to   space 2560K, 0% used [0x9ff40000,0x9ff40000,0xa01c0000)
 ParOldGen       total 41472K, used 5640K [0x76810000, 0x79090000, 0x9f010000)
  object space 41472K, 13% used [0x76810000,0x76d92158,0x79090000)
 PSPermGen       total 16384K, used 14825K [0x6e810000, 0x6f810000, 0x76810000)
  object space 16384K, 90% used [0x6e810000,0x6f68a618,0x6f810000)
}
Event: 13.001 GC heap before
{Heap before GC invocations=5 (full 0):
 PSYoungGen      total 18112K, used 18103K [0x9f010000, 0xa0440000, 0xb3410000)
  eden space 15552K, 100% used [0x9f010000,0x9ff40000,0x9ff40000)
  from space 2560K, 99% used [0xa01c0000,0xa043dc90,0xa0440000)
  to   space 2560K, 0% used [0x9ff40000,0x9ff40000,0xa01c0000)
 ParOldGen       total 41472K, used 5640K [0x76810000, 0x79090000, 0x9f010000)
  object space 41472K, 13% used [0x76810000,0x76d92158,0x79090000)
 PSPermGen       total 16384K, used 14834K [0x6e810000, 0x6f810000, 0x76810000)
  object space 16384K, 90% used [0x6e810000,0x6f68c958,0x6f810000)
Event: 13.008 GC heap after
Heap after GC invocations=5 (full 0):
 PSYoungGen      total 17728K, used 2555K [0x9f010000, 0xa0ac0000, 0xb3410000)
  eden space 15168K, 0% used [0x9f010000,0x9f010000,0x9fee0000)
  from space 2560K, 99% used [0x9ff40000,0xa01bef28,0xa01c0000)
  to   space 6080K, 0% used [0xa04d0000,0xa04d0000,0xa0ac0000)
 ParOldGen       total 41472K, used 6060K [0x76810000, 0x79090000, 0x9f010000)
  object space 41472K, 14% used [0x76810000,0x76dfb328,0x79090000)
 PSPermGen       total 16384K, used 14834K [0x6e810000, 0x6f810000, 0x76810000)
  object space 16384K, 90% used [0x6e810000,0x6f68c958,0x6f810000)
}
Event: 14.502 GC heap before
{Heap before GC invocations=6 (full 0):
 PSYoungGen      total 17728K, used 17723K [0x9f010000, 0xa0ac0000, 0xb3410000)
  eden space 15168K, 100% used [0x9f010000,0x9fee0000,0x9fee0000)
  from space 2560K, 99% used [0x9ff40000,0xa01bef28,0xa01c0000)
  to   space 6080K, 0% used [0xa04d0000,0xa04d0000,0xa0ac0000)
 ParOldGen       total 41472K, used 6060K [0x76810000, 0x79090000, 0x9f010000)
  object space 41472K, 14% used [0x76810000,0x76dfb328,0x79090000)
 PSPermGen       total 16384K, used 14853K [0x6e810000, 0x6f810000, 0x76810000)
  object space 16384K, 90% used [0x6e810000,0x6f691478,0x6f810000)
Event: 14.509 GC heap after
Heap after GC invocations=6 (full 0):
 PSYoungGen      total 20352K, used 2847K [0x9f010000, 0xa0a30000, 0xb3410000)
  eden space 14848K, 0% used [0x9f010000,0x9f010000,0x9fe90000)
  from space 5504K, 51% used [0xa04d0000,0xa0797df0,0xa0a30000)
  to   space 5952K, 0% used [0x9fe90000,0x9fe90000,0xa0460000)
 ParOldGen       total 41472K, used 6060K [0x76810000, 0x79090000, 0x9f010000)
  object space 41472K, 14% used [0x76810000,0x76dfb328,0x79090000)
 PSPermGen       total 16384K, used 14853K [0x6e810000, 0x6f810000, 0x76810000)
  object space 16384K, 90% used [0x6e810000,0x6f691478,0x6f810000)
}

