# JRE version: 7.0_21-b02
# Java VM: OpenJDK Server VM (23.7-b01 mixed mode linux-x86 )
Heap
 PSYoungGen      total 18112K, used 11755K [0x9ef40000, 0xa0370000, 0xb3340000)
  eden space 15552K, 59% used [0x9ef40000,0x9f83e8e8,0x9fe70000)
  from space 2560K, 99% used [0x9fe70000,0xa00ec488,0xa00f0000)
  to   space 2560K, 0% used [0xa00f0000,0xa00f0000,0xa0370000)
 ParOldGen       total 41472K, used 5142K [0x76740000, 0x78fc0000, 0x9ef40000)
  object space 41472K, 12% used [0x76740000,0x76c45810,0x78fc0000)
 PSPermGen       total 16384K, used 14895K [0x6e740000, 0x6f740000, 0x76740000)
  object space 16384K, 90% used [0x6e740000,0x6f5cbc18,0x6f740000)
GC Heap History (6 events):
Event: 4.372 GC heap before
{Heap before GC invocations=1 (full 0):
 PSYoungGen      total 18112K, used 15552K [0x9ef40000, 0xa0370000, 0xb3340000)
  eden space 15552K, 100% used [0x9ef40000,0x9fe70000,0x9fe70000)
  from space 2560K, 0% used [0xa00f0000,0xa00f0000,0xa0370000)
  to   space 2560K, 0% used [0x9fe70000,0x9fe70000,0xa00f0000)
 ParOldGen       total 41472K, used 0K [0x76740000, 0x78fc0000, 0x9ef40000)
  object space 41472K, 0% used [0x76740000,0x76740000,0x78fc0000)
 PSPermGen       total 16384K, used 11890K [0x6e740000, 0x6f740000, 0x76740000)
  object space 16384K, 72% used [0x6e740000,0x6f2dcbb0,0x6f740000)
Event: 4.385 GC heap after
Heap after GC invocations=1 (full 0):
 PSYoungGen      total 18112K, used 2549K [0x9ef40000, 0xa0370000, 0xb3340000)
  eden space 15552K, 0% used [0x9ef40000,0x9ef40000,0x9fe70000)
  from space 2560K, 99% used [0x9fe70000,0xa00ed5c0,0xa00f0000)
  to   space 2560K, 0% used [0xa00f0000,0xa00f0000,0xa0370000)
 ParOldGen       total 41472K, used 1227K [0x76740000, 0x78fc0000, 0x9ef40000)
  object space 41472K, 2% used [0x76740000,0x76872dc8,0x78fc0000)
 PSPermGen       total 16384K, used 11890K [0x6e740000, 0x6f740000, 0x76740000)
  object space 16384K, 72% used [0x6e740000,0x6f2dcbb0,0x6f740000)
}
Event: 16.515 GC heap before
{Heap before GC invocations=2 (full 0):
 PSYoungGen      total 18112K, used 18101K [0x9ef40000, 0xa0370000, 0xb3340000)
  eden space 15552K, 100% used [0x9ef40000,0x9fe70000,0x9fe70000)
  from space 2560K, 99% used [0x9fe70000,0xa00ed5c0,0xa00f0000)
  to   space 2560K, 0% used [0xa00f0000,0xa00f0000,0xa0370000)
 ParOldGen       total 41472K, used 1227K [0x76740000, 0x78fc0000, 0x9ef40000)
  object space 41472K, 2% used [0x76740000,0x76872dc8,0x78fc0000)
 PSPermGen       total 16384K, used 14099K [0x6e740000, 0x6f740000, 0x76740000)
  object space 16384K, 86% used [0x6e740000,0x6f504e48,0x6f740000)
Event: 16.527 GC heap after
Heap after GC invocations=2 (full 0):
 PSYoungGen      total 18112K, used 2544K [0x9ef40000, 0xa0370000, 0xb3340000)
  eden space 15552K, 0% used [0x9ef40000,0x9ef40000,0x9fe70000)
  from space 2560K, 99% used [0xa00f0000,0xa036c080,0xa0370000)
  to   space 2560K, 0% used [0x9fe70000,0x9fe70000,0xa00f0000)
 ParOldGen       total 41472K, used 4360K [0x76740000, 0x78fc0000, 0x9ef40000)
  object space 41472K, 10% used [0x76740000,0x76b82360,0x78fc0000)
 PSPermGen       total 16384K, used 14099K [0x6e740000, 0x6f740000, 0x76740000)
  object space 16384K, 86% used [0x6e740000,0x6f504e48,0x6f740000)
}
Event: 25.274 GC heap before
{Heap before GC invocations=3 (full 0):
 PSYoungGen      total 18112K, used 18096K [0x9ef40000, 0xa0370000, 0xb3340000)
  eden space 15552K, 100% used [0x9ef40000,0x9fe70000,0x9fe70000)
  from space 2560K, 99% used [0xa00f0000,0xa036c080,0xa0370000)
  to   space 2560K, 0% used [0x9fe70000,0x9fe70000,0xa00f0000)
 ParOldGen       total 41472K, used 4360K [0x76740000, 0x78fc0000, 0x9ef40000)
  object space 41472K, 10% used [0x76740000,0x76b82360,0x78fc0000)
 PSPermGen       total 16384K, used 14830K [0x6e740000, 0x6f740000, 0x76740000)
  object space 16384K, 90% used [0x6e740000,0x6f5bb958,0x6f740000)
Event: 25.283 GC heap after
Heap after GC invocations=3 (full 0):
 PSYoungGen      total 18112K, used 2545K [0x9ef40000, 0xa0370000, 0xb3340000)
  eden space 15552K, 0% used [0x9ef40000,0x9ef40000,0x9fe70000)
  from space 2560K, 99% used [0x9fe70000,0xa00ec488,0xa00f0000)
  to   space 2560K, 0% used [0xa00f0000,0xa00f0000,0xa0370000)
 ParOldGen       total 41472K, used 5142K [0x76740000, 0x78fc0000, 0x9ef40000)
  object space 41472K, 12% used [0x76740000,0x76c45810,0x78fc0000)
 PSPermGen       total 16384K, used 14830K [0x6e740000, 0x6f740000, 0x76740000)
  object space 16384K, 90% used [0x6e740000,0x6f5bb958,0x6f740000)
}

