# JRE version: 7.0_21-b02
# Java VM: OpenJDK Server VM (23.7-b01 mixed mode linux-x86 )
Heap
 PSYoungGen      total 18112K, used 12304K [0x9f040000, 0xa0470000, 0xb3440000)
  eden space 15552K, 62% used [0x9f040000,0x9f9c7180,0x9ff70000)
  from space 2560K, 99% used [0x9ff70000,0xa01ed228,0xa01f0000)
  to   space 2560K, 0% used [0xa01f0000,0xa01f0000,0xa0470000)
 ParOldGen       total 41472K, used 5437K [0x76840000, 0x790c0000, 0x9f040000)
  object space 41472K, 13% used [0x76840000,0x76d8f558,0x790c0000)
 PSPermGen       total 16384K, used 14872K [0x6e840000, 0x6f840000, 0x76840000)
  object space 16384K, 90% used [0x6e840000,0x6f6c60d8,0x6f840000)
GC Heap History (6 events):
Event: 1.314 GC heap before
{Heap before GC invocations=1 (full 0):
 PSYoungGen      total 18112K, used 15552K [0x9f040000, 0xa0470000, 0xb3440000)
  eden space 15552K, 100% used [0x9f040000,0x9ff70000,0x9ff70000)
  from space 2560K, 0% used [0xa01f0000,0xa01f0000,0xa0470000)
  to   space 2560K, 0% used [0x9ff70000,0x9ff70000,0xa01f0000)
 ParOldGen       total 41472K, used 0K [0x76840000, 0x790c0000, 0x9f040000)
  object space 41472K, 0% used [0x76840000,0x76840000,0x790c0000)
 PSPermGen       total 16384K, used 11903K [0x6e840000, 0x6f840000, 0x76840000)
  object space 16384K, 72% used [0x6e840000,0x6f3dfd40,0x6f840000)
Event: 1.323 GC heap after
Heap after GC invocations=1 (full 0):
 PSYoungGen      total 18112K, used 2547K [0x9f040000, 0xa0470000, 0xb3440000)
  eden space 15552K, 0% used [0x9f040000,0x9f040000,0x9ff70000)
  from space 2560K, 99% used [0x9ff70000,0xa01ecf40,0xa01f0000)
  to   space 2560K, 0% used [0xa01f0000,0xa01f0000,0xa0470000)
 ParOldGen       total 41472K, used 1313K [0x76840000, 0x790c0000, 0x9f040000)
  object space 41472K, 3% used [0x76840000,0x76988768,0x790c0000)
 PSPermGen       total 16384K, used 11903K [0x6e840000, 0x6f840000, 0x76840000)
  object space 16384K, 72% used [0x6e840000,0x6f3dfd40,0x6f840000)
}
Event: 2.182 GC heap before
{Heap before GC invocations=2 (full 0):
 PSYoungGen      total 18112K, used 18099K [0x9f040000, 0xa0470000, 0xb3440000)
  eden space 15552K, 100% used [0x9f040000,0x9ff70000,0x9ff70000)
  from space 2560K, 99% used [0x9ff70000,0xa01ecf40,0xa01f0000)
  to   space 2560K, 0% used [0xa01f0000,0xa01f0000,0xa0470000)
 ParOldGen       total 41472K, used 1313K [0x76840000, 0x790c0000, 0x9f040000)
  object space 41472K, 3% used [0x76840000,0x76988768,0x790c0000)
 PSPermGen       total 16384K, used 14440K [0x6e840000, 0x6f840000, 0x76840000)
  object space 16384K, 88% used [0x6e840000,0x6f65a378,0x6f840000)
Event: 2.195 GC heap after
Heap after GC invocations=2 (full 0):
 PSYoungGen      total 18112K, used 2557K [0x9f040000, 0xa13a0000, 0xb3440000)
  eden space 15552K, 0% used [0x9f040000,0x9f040000,0x9ff70000)
  from space 2560K, 99% used [0xa01f0000,0xa046f668,0xa0470000)
  to   space 2560K, 0% used [0x9ff70000,0x9ff70000,0xa01f0000)
 ParOldGen       total 41472K, used 4424K [0x76840000, 0x790c0000, 0x9f040000)
  object space 41472K, 10% used [0x76840000,0x76c922b8,0x790c0000)
 PSPermGen       total 16384K, used 14440K [0x6e840000, 0x6f840000, 0x76840000)
  object space 16384K, 88% used [0x6e840000,0x6f65a378,0x6f840000)
}
Event: 13.821 GC heap before
{Heap before GC invocations=3 (full 0):
 PSYoungGen      total 18112K, used 18109K [0x9f040000, 0xa13a0000, 0xb3440000)
  eden space 15552K, 100% used [0x9f040000,0x9ff70000,0x9ff70000)
  from space 2560K, 99% used [0xa01f0000,0xa046f668,0xa0470000)
  to   space 2560K, 0% used [0x9ff70000,0x9ff70000,0xa01f0000)
 ParOldGen       total 41472K, used 4424K [0x76840000, 0x790c0000, 0x9f040000)
  object space 41472K, 10% used [0x76840000,0x76c922b8,0x790c0000)
 PSPermGen       total 16384K, used 14807K [0x6e840000, 0x6f840000, 0x76840000)
  object space 16384K, 90% used [0x6e840000,0x6f6b5ff8,0x6f840000)
Event: 13.835 GC heap after
Heap after GC invocations=3 (full 0):
 PSYoungGen      total 18112K, used 2548K [0x9f040000, 0xa0470000, 0xb3440000)
  eden space 15552K, 0% used [0x9f040000,0x9f040000,0x9ff70000)
  from space 2560K, 99% used [0x9ff70000,0xa01ed228,0xa01f0000)
  to   space 2560K, 0% used [0xa01f0000,0xa01f0000,0xa0470000)
 ParOldGen       total 41472K, used 5437K [0x76840000, 0x790c0000, 0x9f040000)
  object space 41472K, 13% used [0x76840000,0x76d8f558,0x790c0000)
 PSPermGen       total 16384K, used 14807K [0x6e840000, 0x6f840000, 0x76840000)
  object space 16384K, 90% used [0x6e840000,0x6f6b5ff8,0x6f840000)
}

