# JRE version: 7.0_21-b02
# Java VM: OpenJDK Server VM (23.7-b01 mixed mode linux-x86 )
Heap
 PSYoungGen      total 18112K, used 8576K [0x9f030000, 0xa1390000, 0xb3430000)
  eden space 15552K, 38% used [0x9f030000,0x9f612e78,0x9ff60000)
  from space 2560K, 99% used [0xa01e0000,0xa045d498,0xa0460000)
  to   space 2560K, 0% used [0x9ff60000,0x9ff60000,0xa01e0000)
 ParOldGen       total 41472K, used 4498K [0x76830000, 0x790b0000, 0x9f030000)
  object space 41472K, 10% used [0x76830000,0x76c94b38,0x790b0000)
 PSPermGen       total 16384K, used 14684K [0x6e830000, 0x6f830000, 0x76830000)
  object space 16384K, 89% used [0x6e830000,0x6f6872a0,0x6f830000)
GC Heap History (4 events):
Event: 1.329 GC heap before
{Heap before GC invocations=1 (full 0):
 PSYoungGen      total 18112K, used 15552K [0x9f030000, 0xa0460000, 0xb3430000)
  eden space 15552K, 100% used [0x9f030000,0x9ff60000,0x9ff60000)
  from space 2560K, 0% used [0xa01e0000,0xa01e0000,0xa0460000)
  to   space 2560K, 0% used [0x9ff60000,0x9ff60000,0xa01e0000)
 ParOldGen       total 41472K, used 0K [0x76830000, 0x790b0000, 0x9f030000)
  object space 41472K, 0% used [0x76830000,0x76830000,0x790b0000)
 PSPermGen       total 16384K, used 11903K [0x6e830000, 0x6f830000, 0x76830000)
  object space 16384K, 72% used [0x6e830000,0x6f3cfe20,0x6f830000)
Event: 1.339 GC heap after
Heap after GC invocations=1 (full 0):
 PSYoungGen      total 18112K, used 2549K [0x9f030000, 0xa0460000, 0xb3430000)
  eden space 15552K, 0% used [0x9f030000,0x9f030000,0x9ff60000)
  from space 2560K, 99% used [0x9ff60000,0xa01dd5c0,0xa01e0000)
  to   space 2560K, 0% used [0xa01e0000,0xa01e0000,0xa0460000)
 ParOldGen       total 41472K, used 1313K [0x76830000, 0x790b0000, 0x9f030000)
  object space 41472K, 3% used [0x76830000,0x76978648,0x790b0000)
 PSPermGen       total 16384K, used 11903K [0x6e830000, 0x6f830000, 0x76830000)
  object space 16384K, 72% used [0x6e830000,0x6f3cfe20,0x6f830000)
}
Event: 2.210 GC heap before
{Heap before GC invocations=2 (full 0):
 PSYoungGen      total 18112K, used 18101K [0x9f030000, 0xa0460000, 0xb3430000)
  eden space 15552K, 100% used [0x9f030000,0x9ff60000,0x9ff60000)
  from space 2560K, 99% used [0x9ff60000,0xa01dd5c0,0xa01e0000)
  to   space 2560K, 0% used [0xa01e0000,0xa01e0000,0xa0460000)
 ParOldGen       total 41472K, used 1313K [0x76830000, 0x790b0000, 0x9f030000)
  object space 41472K, 3% used [0x76830000,0x76978648,0x790b0000)
 PSPermGen       total 16384K, used 14395K [0x6e830000, 0x6f830000, 0x76830000)
  object space 16384K, 87% used [0x6e830000,0x6f63ef00,0x6f830000)
Event: 2.226 GC heap after
Heap after GC invocations=2 (full 0):
 PSYoungGen      total 18112K, used 2549K [0x9f030000, 0xa1390000, 0xb3430000)
  eden space 15552K, 0% used [0x9f030000,0x9f030000,0x9ff60000)
  from space 2560K, 99% used [0xa01e0000,0xa045d498,0xa0460000)
  to   space 2560K, 0% used [0x9ff60000,0x9ff60000,0xa01e0000)
 ParOldGen       total 41472K, used 4498K [0x76830000, 0x790b0000, 0x9f030000)
  object space 41472K, 10% used [0x76830000,0x76c94b38,0x790b0000)
 PSPermGen       total 16384K, used 14395K [0x6e830000, 0x6f830000, 0x76830000)
  object space 16384K, 87% used [0x6e830000,0x6f63ef00,0x6f830000)
}

