# JRE version: 7.0_21-b02
# Java VM: OpenJDK Server VM (23.7-b01 mixed mode linux-x86 )
Heap
 PSYoungGen      total 19392K, used 7616K [0x9efe0000, 0xa0890000, 0xb33e0000)
  eden space 14528K, 48% used [0x9efe0000,0x9f6d27e8,0x9fe10000)
  from space 4864K, 10% used [0x9fe60000,0x9fedd8e0,0xa0320000)
  to   space 5376K, 0% used [0xa0350000,0xa0350000,0xa0890000)
 ParOldGen       total 41472K, used 7704K [0x767e0000, 0x79060000, 0x9efe0000)
  object space 41472K, 18% used [0x767e0000,0x76f66100,0x79060000)
 PSPermGen       total 16384K, used 14916K [0x6e7e0000, 0x6f7e0000, 0x767e0000)
  object space 16384K, 91% used [0x6e7e0000,0x6f6710e8,0x6f7e0000)
GC Heap History (10 events):
Event: 11.286 GC heap before
{Heap before GC invocations=3 (full 0):
 PSYoungGen      total 18112K, used 18105K [0x9efe0000, 0xa0410000, 0xb33e0000)
  eden space 15552K, 100% used [0x9efe0000,0x9ff10000,0x9ff10000)
  from space 2560K, 99% used [0xa0190000,0xa040e498,0xa0410000)
  to   space 2560K, 0% used [0x9ff10000,0x9ff10000,0xa0190000)
 ParOldGen       total 41472K, used 3374K [0x767e0000, 0x79060000, 0x9efe0000)
  object space 41472K, 8% used [0x767e0000,0x76b2bba0,0x79060000)
 PSPermGen       total 16384K, used 14853K [0x6e7e0000, 0x6f7e0000, 0x767e0000)
  object space 16384K, 90% used [0x6e7e0000,0x6f661758,0x6f7e0000)
Event: 11.297 GC heap after
Heap after GC invocations=3 (full 0):
 PSYoungGen      total 18112K, used 2553K [0x9efe0000, 0xa0410000, 0xb33e0000)
  eden space 15552K, 0% used [0x9efe0000,0x9efe0000,0x9ff10000)
  from space 2560K, 99% used [0x9ff10000,0xa018e498,0xa0190000)
  to   space 2560K, 0% used [0xa0190000,0xa0190000,0xa0410000)
 ParOldGen       total 41472K, used 4170K [0x767e0000, 0x79060000, 0x9efe0000)
  object space 41472K, 10% used [0x767e0000,0x76bf2a90,0x79060000)
 PSPermGen       total 16384K, used 14853K [0x6e7e0000, 0x6f7e0000, 0x767e0000)
  object space 16384K, 90% used [0x6e7e0000,0x6f661758,0x6f7e0000)
}
Event: 20.376 GC heap before
{Heap before GC invocations=4 (full 0):
 PSYoungGen      total 18112K, used 18105K [0x9efe0000, 0xa0410000, 0xb33e0000)
  eden space 15552K, 100% used [0x9efe0000,0x9ff10000,0x9ff10000)
  from space 2560K, 99% used [0x9ff10000,0xa018e498,0xa0190000)
  to   space 2560K, 0% used [0xa0190000,0xa0190000,0xa0410000)
 ParOldGen       total 41472K, used 4170K [0x767e0000, 0x79060000, 0x9efe0000)
  object space 41472K, 10% used [0x767e0000,0x76bf2a90,0x79060000)
 PSPermGen       total 16384K, used 14871K [0x6e7e0000, 0x6f7e0000, 0x767e0000)
  object space 16384K, 90% used [0x6e7e0000,0x6f665c10,0x6f7e0000)
Event: 20.383 GC heap after
Heap after GC invocations=4 (full 0):
 PSYoungGen      total 18112K, used 2557K [0x9efe0000, 0xa0410000, 0xb33e0000)
  eden space 15552K, 0% used [0x9efe0000,0x9efe0000,0x9ff10000)
  from space 2560K, 99% used [0xa0190000,0xa040f630,0xa0410000)
  to   space 2560K, 0% used [0x9ff10000,0x9ff10000,0xa0190000)
 ParOldGen       total 41472K, used 4716K [0x767e0000, 0x79060000, 0x9efe0000)
  object space 41472K, 11% used [0x767e0000,0x76c7b090,0x79060000)
 PSPermGen       total 16384K, used 14871K [0x6e7e0000, 0x6f7e0000, 0x767e0000)
  object space 16384K, 90% used [0x6e7e0000,0x6f665c10,0x6f7e0000)
}
Event: 25.272 GC heap before
{Heap before GC invocations=5 (full 0):
 PSYoungGen      total 18112K, used 18109K [0x9efe0000, 0xa0410000, 0xb33e0000)
  eden space 15552K, 100% used [0x9efe0000,0x9ff10000,0x9ff10000)
  from space 2560K, 99% used [0xa0190000,0xa040f630,0xa0410000)
  to   space 2560K, 0% used [0x9ff10000,0x9ff10000,0xa0190000)
 ParOldGen       total 41472K, used 4716K [0x767e0000, 0x79060000, 0x9efe0000)
  object space 41472K, 11% used [0x767e0000,0x76c7b090,0x79060000)
 PSPermGen       total 16384K, used 14887K [0x6e7e0000, 0x6f7e0000, 0x767e0000)
  object space 16384K, 90% used [0x6e7e0000,0x6f669cb0,0x6f7e0000)
Event: 25.285 GC heap after
Heap after GC invocations=5 (full 0):
 PSYoungGen      total 17728K, used 2557K [0x9efe0000, 0xa0850000, 0xb33e0000)
  eden space 15168K, 0% used [0x9efe0000,0x9efe0000,0x9feb0000)
  from space 2560K, 99% used [0x9ff10000,0xa018f730,0xa0190000)
  to   space 4928K, 0% used [0xa0380000,0xa0380000,0xa0850000)
 ParOldGen       total 41472K, used 5239K [0x767e0000, 0x79060000, 0x9efe0000)
  object space 41472K, 12% used [0x767e0000,0x76cfddb0,0x79060000)
 PSPermGen       total 16384K, used 14887K [0x6e7e0000, 0x6f7e0000, 0x767e0000)
  object space 16384K, 90% used [0x6e7e0000,0x6f669cb0,0x6f7e0000)
}
Event: 28.944 GC heap before
{Heap before GC invocations=6 (full 0):
 PSYoungGen      total 17728K, used 17725K [0x9efe0000, 0xa0850000, 0xb33e0000)
  eden space 15168K, 100% used [0x9efe0000,0x9feb0000,0x9feb0000)
  from space 2560K, 99% used [0x9ff10000,0xa018f730,0xa0190000)
  to   space 4928K, 0% used [0xa0380000,0xa0380000,0xa0850000)
 ParOldGen       total 41472K, used 5239K [0x767e0000, 0x79060000, 0x9efe0000)
  object space 41472K, 12% used [0x767e0000,0x76cfddb0,0x79060000)
 PSPermGen       total 16384K, used 14891K [0x6e7e0000, 0x6f7e0000, 0x767e0000)
  object space 16384K, 90% used [0x6e7e0000,0x6f66acb0,0x6f7e0000)
Event: 28.958 GC heap after
Heap after GC invocations=6 (full 0):
 PSYoungGen      total 19328K, used 2871K [0x9efe0000, 0xa07e0000, 0xb33e0000)
  eden space 14848K, 0% used [0x9efe0000,0x9efe0000,0x9fe60000)
  from space 4480K, 64% used [0xa0380000,0xa064dc68,0xa07e0000)
  to   space 4864K, 0% used [0x9fe60000,0x9fe60000,0xa0320000)
 ParOldGen       total 41472K, used 5239K [0x767e0000, 0x79060000, 0x9efe0000)
  object space 41472K, 12% used [0x767e0000,0x76cfddb0,0x79060000)
 PSPermGen       total 16384K, used 14891K [0x6e7e0000, 0x6f7e0000, 0x767e0000)
  object space 16384K, 90% used [0x6e7e0000,0x6f66acb0,0x6f7e0000)
}
Event: 30.462 GC heap before
{Heap before GC invocations=7 (full 0):
 PSYoungGen      total 19328K, used 17719K [0x9efe0000, 0xa07e0000, 0xb33e0000)
  eden space 14848K, 100% used [0x9efe0000,0x9fe60000,0x9fe60000)
  from space 4480K, 64% used [0xa0380000,0xa064dc68,0xa07e0000)
  to   space 4864K, 0% used [0x9fe60000,0x9fe60000,0xa0320000)
 ParOldGen       total 41472K, used 5239K [0x767e0000, 0x79060000, 0x9efe0000)
  object space 41472K, 12% used [0x767e0000,0x76cfddb0,0x79060000)
 PSPermGen       total 16384K, used 14911K [0x6e7e0000, 0x6f7e0000, 0x767e0000)
  object space 16384K, 91% used [0x6e7e0000,0x6f66fdd8,0x6f7e0000)
Event: 30.475 GC heap after
Heap after GC invocations=7 (full 0):
 PSYoungGen      total 19392K, used 502K [0x9efe0000, 0xa0890000, 0xb33e0000)
  eden space 14528K, 0% used [0x9efe0000,0x9efe0000,0x9fe10000)
  from space 4864K, 10% used [0x9fe60000,0x9fedd8e0,0xa0320000)
  to   space 5376K, 0% used [0xa0350000,0xa0350000,0xa0890000)
 ParOldGen       total 41472K, used 7704K [0x767e0000, 0x79060000, 0x9efe0000)
  object space 41472K, 18% used [0x767e0000,0x76f66100,0x79060000)
 PSPermGen       total 16384K, used 14911K [0x6e7e0000, 0x6f7e0000, 0x767e0000)
  object space 16384K, 91% used [0x6e7e0000,0x6f66fdd8,0x6f7e0000)
}

