# JRE version: 7.0_21-b02
# Java VM: OpenJDK Server VM (23.7-b01 mixed mode linux-x86 )
Heap
 PSYoungGen      total 17408K, used 8582K [0x9f020000, 0xa0770000, 0xb3420000)
  eden space 17344K, 49% used [0x9f020000,0x9f8719d0,0xa0110000)
  from space 64K, 100% used [0xa0180000,0xa0190000,0xa0190000)
  to   space 3264K, 0% used [0xa0440000,0xa0440000,0xa0770000)
 ParOldGen       total 41472K, used 7883K [0x76820000, 0x790a0000, 0x9f020000)
  object space 41472K, 19% used [0x76820000,0x76fd2e28,0x790a0000)
 PSPermGen       total 16384K, used 14883K [0x6e820000, 0x6f820000, 0x76820000)
  object space 16384K, 90% used [0x6e820000,0x6f6a8eb0,0x6f820000)
GC Heap History (10 events):
Event: 12.688 GC heap before
{Heap before GC invocations=21 (full 0):
 PSYoungGen      total 19840K, used 19824K [0x9f020000, 0xa0c10000, 0xb3420000)
  eden space 19776K, 100% used [0x9f020000,0xa0370000,0xa0370000)
  from space 64K, 75% used [0xa0c00000,0xa0c0c000,0xa0c10000)
  to   space 4416K, 0% used [0xa0370000,0xa0370000,0xa07c0000)
 ParOldGen       total 41472K, used 7871K [0x76820000, 0x790a0000, 0x9f020000)
  object space 41472K, 18% used [0x76820000,0x76fcfe28,0x790a0000)
 PSPermGen       total 16384K, used 14878K [0x6e820000, 0x6f820000, 0x76820000)
  object space 16384K, 90% used [0x6e820000,0x6f6a78b0,0x6f820000)
Event: 12.689 GC heap after
Heap after GC invocations=21 (full 0):
 PSYoungGen      total 23680K, used 64K [0x9f020000, 0xa0c10000, 0xb3420000)
  eden space 19264K, 0% used [0x9f020000,0x9f020000,0xa02f0000)
  from space 4416K, 1% used [0xa0370000,0xa0380000,0xa07c0000)
  to   space 4160K, 0% used [0xa0800000,0xa0800000,0xa0c10000)
 ParOldGen       total 41472K, used 7871K [0x76820000, 0x790a0000, 0x9f020000)
  object space 41472K, 18% used [0x76820000,0x76fcfe28,0x790a0000)
 PSPermGen       total 16384K, used 14878K [0x6e820000, 0x6f820000, 0x76820000)
  object space 16384K, 90% used [0x6e820000,0x6f6a78b0,0x6f820000)
}
Event: 13.049 GC heap before
{Heap before GC invocations=22 (full 0):
 PSYoungGen      total 23680K, used 19328K [0x9f020000, 0xa0c10000, 0xb3420000)
  eden space 19264K, 100% used [0x9f020000,0xa02f0000,0xa02f0000)
  from space 4416K, 1% used [0xa0370000,0xa0380000,0xa07c0000)
  to   space 4160K, 0% used [0xa0800000,0xa0800000,0xa0c10000)
 ParOldGen       total 41472K, used 7871K [0x76820000, 0x790a0000, 0x9f020000)
  object space 41472K, 18% used [0x76820000,0x76fcfe28,0x790a0000)
 PSPermGen       total 16384K, used 14878K [0x6e820000, 0x6f820000, 0x76820000)
  object space 16384K, 90% used [0x6e820000,0x6f6a7af8,0x6f820000)
Event: 13.050 GC heap after
Heap after GC invocations=22 (full 0):
 PSYoungGen      total 20864K, used 64K [0x9f020000, 0xa0a10000, 0xb3420000)
  eden space 18752K, 0% used [0x9f020000,0x9f020000,0xa0270000)
  from space 2112K, 3% used [0xa0800000,0xa0810000,0xa0a10000)
  to   space 3904K, 0% used [0xa0270000,0xa0270000,0xa0640000)
 ParOldGen       total 41472K, used 7879K [0x76820000, 0x790a0000, 0x9f020000)
  object space 41472K, 18% used [0x76820000,0x76fd1e28,0x790a0000)
 PSPermGen       total 16384K, used 14878K [0x6e820000, 0x6f820000, 0x76820000)
  object space 16384K, 90% used [0x6e820000,0x6f6a7af8,0x6f820000)
}
Event: 13.402 GC heap before
{Heap before GC invocations=23 (full 0):
 PSYoungGen      total 20864K, used 18816K [0x9f020000, 0xa0a10000, 0xb3420000)
  eden space 18752K, 100% used [0x9f020000,0xa0270000,0xa0270000)
  from space 2112K, 3% used [0xa0800000,0xa0810000,0xa0a10000)
  to   space 3904K, 0% used [0xa0270000,0xa0270000,0xa0640000)
 ParOldGen       total 41472K, used 7879K [0x76820000, 0x790a0000, 0x9f020000)
  object space 41472K, 18% used [0x76820000,0x76fd1e28,0x790a0000)
 PSPermGen       total 16384K, used 14879K [0x6e820000, 0x6f820000, 0x76820000)
  object space 16384K, 90% used [0x6e820000,0x6f6a7ee0,0x6f820000)
Event: 13.403 GC heap after
Heap after GC invocations=23 (full 0):
 PSYoungGen      total 18304K, used 48K [0x9f020000, 0xa0930000, 0xb3420000)
  eden space 18240K, 0% used [0x9f020000,0x9f020000,0xa01f0000)
  from space 64K, 75% used [0xa0270000,0xa027c000,0xa0280000)
  to   space 3712K, 0% used [0xa0590000,0xa0590000,0xa0930000)
 ParOldGen       total 41472K, used 7879K [0x76820000, 0x790a0000, 0x9f020000)
  object space 41472K, 18% used [0x76820000,0x76fd1e28,0x790a0000)
 PSPermGen       total 16384K, used 14879K [0x6e820000, 0x6f820000, 0x76820000)
  object space 16384K, 90% used [0x6e820000,0x6f6a7ee0,0x6f820000)
}
Event: 13.743 GC heap before
{Heap before GC invocations=24 (full 0):
 PSYoungGen      total 18304K, used 18288K [0x9f020000, 0xa0930000, 0xb3420000)
  eden space 18240K, 100% used [0x9f020000,0xa01f0000,0xa01f0000)
  from space 64K, 75% used [0xa0270000,0xa027c000,0xa0280000)
  to   space 3712K, 0% used [0xa0590000,0xa0590000,0xa0930000)
 ParOldGen       total 41472K, used 7879K [0x76820000, 0x790a0000, 0x9f020000)
  object space 41472K, 18% used [0x76820000,0x76fd1e28,0x790a0000)
 PSPermGen       total 16384K, used 14880K [0x6e820000, 0x6f820000, 0x76820000)
  object space 16384K, 90% used [0x6e820000,0x6f6a8208,0x6f820000)
Event: 13.744 GC heap after
Heap after GC invocations=24 (full 0):
 PSYoungGen      total 20672K, used 48K [0x9f020000, 0xa0860000, 0xb3420000)
  eden space 17792K, 0% used [0x9f020000,0x9f020000,0xa0180000)
  from space 2880K, 1% used [0xa0590000,0xa059c000,0xa0860000)
  to   space 3520K, 0% used [0xa0180000,0xa0180000,0xa04f0000)
 ParOldGen       total 41472K, used 7879K [0x76820000, 0x790a0000, 0x9f020000)
  object space 41472K, 18% used [0x76820000,0x76fd1e28,0x790a0000)
 PSPermGen       total 16384K, used 14880K [0x6e820000, 0x6f820000, 0x76820000)
  object space 16384K, 90% used [0x6e820000,0x6f6a8208,0x6f820000)
}
Event: 14.083 GC heap before
{Heap before GC invocations=25 (full 0):
 PSYoungGen      total 20672K, used 17840K [0x9f020000, 0xa0860000, 0xb3420000)
  eden space 17792K, 100% used [0x9f020000,0xa0180000,0xa0180000)
  from space 2880K, 1% used [0xa0590000,0xa059c000,0xa0860000)
  to   space 3520K, 0% used [0xa0180000,0xa0180000,0xa04f0000)
 ParOldGen       total 41472K, used 7879K [0x76820000, 0x790a0000, 0x9f020000)
  object space 41472K, 18% used [0x76820000,0x76fd1e28,0x790a0000)
 PSPermGen       total 16384K, used 14880K [0x6e820000, 0x6f820000, 0x76820000)
  object space 16384K, 90% used [0x6e820000,0x6f6a8208,0x6f820000)
Event: 14.084 GC heap after
Heap after GC invocations=25 (full 0):
 PSYoungGen      total 17408K, used 64K [0x9f020000, 0xa0770000, 0xb3420000)
  eden space 17344K, 0% used [0x9f020000,0x9f020000,0xa0110000)
  from space 64K, 100% used [0xa0180000,0xa0190000,0xa0190000)
  to   space 3264K, 0% used [0xa0440000,0xa0440000,0xa0770000)
 ParOldGen       total 41472K, used 7883K [0x76820000, 0x790a0000, 0x9f020000)
  object space 41472K, 19% used [0x76820000,0x76fd2e28,0x790a0000)
 PSPermGen       total 16384K, used 14880K [0x6e820000, 0x6f820000, 0x76820000)
  object space 16384K, 90% used [0x6e820000,0x6f6a8208,0x6f820000)
}

