# JRE version: 7.0_21-b02
# Java VM: OpenJDK Server VM (23.7-b01 mixed mode linux-x86 )
Heap
 PSYoungGen      total 14976K, used 12713K [0x9eff0000, 0xa0b00000, 0xb33f0000)
  eden space 14528K, 84% used [0x9eff0000,0x9fbf5fc8,0x9fe20000)
  from space 448K, 89% used [0xa0240000,0xa02a4700,0xa02b0000)
  to   space 6272K, 0% used [0xa04e0000,0xa04e0000,0xa0b00000)
 ParOldGen       total 41472K, used 8121K [0x767f0000, 0x79070000, 0x9eff0000)
  object space 41472K, 19% used [0x767f0000,0x76fde428,0x79070000)
 PSPermGen       total 16384K, used 14998K [0x6e7f0000, 0x6f7f0000, 0x767f0000)
  object space 16384K, 91% used [0x6e7f0000,0x6f695b28,0x6f7f0000)
GC Heap History (10 events):
Event: 10.273 GC heap before
{Heap before GC invocations=3 (full 0):
 PSYoungGen      total 18112K, used 18104K [0x9eff0000, 0xa1350000, 0xb33f0000)
  eden space 15552K, 100% used [0x9eff0000,0x9ff20000,0x9ff20000)
  from space 2560K, 99% used [0xa01a0000,0xa041e188,0xa0420000)
  to   space 2560K, 0% used [0x9ff20000,0x9ff20000,0xa01a0000)
 ParOldGen       total 41472K, used 4419K [0x767f0000, 0x79070000, 0x9eff0000)
  object space 41472K, 10% used [0x767f0000,0x76c40e28,0x79070000)
 PSPermGen       total 16384K, used 14850K [0x6e7f0000, 0x6f7f0000, 0x767f0000)
  object space 16384K, 90% used [0x6e7f0000,0x6f670868,0x6f7f0000)
Event: 10.280 GC heap after
Heap after GC invocations=3 (full 0):
 PSYoungGen      total 18112K, used 2557K [0x9eff0000, 0xa1350000, 0xb33f0000)
  eden space 15552K, 0% used [0x9eff0000,0x9eff0000,0x9ff20000)
  from space 2560K, 99% used [0x9ff20000,0xa019f4a8,0xa01a0000)
  to   space 2560K, 0% used [0xa10d0000,0xa10d0000,0xa1350000)
 ParOldGen       total 41472K, used 5153K [0x767f0000, 0x79070000, 0x9eff0000)
  object space 41472K, 12% used [0x767f0000,0x76cf8538,0x79070000)
 PSPermGen       total 16384K, used 14850K [0x6e7f0000, 0x6f7f0000, 0x767f0000)
  object space 16384K, 90% used [0x6e7f0000,0x6f670868,0x6f7f0000)
}
Event: 13.454 GC heap before
{Heap before GC invocations=4 (full 0):
 PSYoungGen      total 18112K, used 18109K [0x9eff0000, 0xa1350000, 0xb33f0000)
  eden space 15552K, 100% used [0x9eff0000,0x9ff20000,0x9ff20000)
  from space 2560K, 99% used [0x9ff20000,0xa019f4a8,0xa01a0000)
  to   space 2560K, 0% used [0xa10d0000,0xa10d0000,0xa1350000)
 ParOldGen       total 41472K, used 5187K [0x767f0000, 0x79070000, 0x9eff0000)
  object space 41472K, 12% used [0x767f0000,0x76d00e18,0x79070000)
 PSPermGen       total 16384K, used 14888K [0x6e7f0000, 0x6f7f0000, 0x767f0000)
  object space 16384K, 90% used [0x6e7f0000,0x6f67a230,0x6f7f0000)
Event: 13.463 GC heap after
Heap after GC invocations=4 (full 0):
 PSYoungGen      total 18112K, used 2550K [0x9eff0000, 0xa1350000, 0xb33f0000)
  eden space 15552K, 0% used [0x9eff0000,0x9eff0000,0x9ff20000)
  from space 2560K, 99% used [0xa10d0000,0xa134dbe0,0xa1350000)
  to   space 2560K, 0% used [0x9ff20000,0x9ff20000,0xa01a0000)
 ParOldGen       total 41472K, used 5442K [0x767f0000, 0x79070000, 0x9eff0000)
  object space 41472K, 13% used [0x767f0000,0x76d40be8,0x79070000)
 PSPermGen       total 16384K, used 14888K [0x6e7f0000, 0x6f7f0000, 0x767f0000)
  object space 16384K, 90% used [0x6e7f0000,0x6f67a230,0x6f7f0000)
}
Event: 16.990 GC heap before
{Heap before GC invocations=5 (full 0):
 PSYoungGen      total 18112K, used 18102K [0x9eff0000, 0xa1350000, 0xb33f0000)
  eden space 15552K, 100% used [0x9eff0000,0x9ff20000,0x9ff20000)
  from space 2560K, 99% used [0xa10d0000,0xa134dbe0,0xa1350000)
  to   space 2560K, 0% used [0x9ff20000,0x9ff20000,0xa01a0000)
 ParOldGen       total 41472K, used 5446K [0x767f0000, 0x79070000, 0x9eff0000)
  object space 41472K, 13% used [0x767f0000,0x76d419a0,0x79070000)
 PSPermGen       total 16384K, used 14907K [0x6e7f0000, 0x6f7f0000, 0x767f0000)
  object space 16384K, 90% used [0x6e7f0000,0x6f67efa0,0x6f7f0000)
Event: 16.996 GC heap after
Heap after GC invocations=5 (full 0):
 PSYoungGen      total 17728K, used 2558K [0x9eff0000, 0xa10e0000, 0xb33f0000)
  eden space 15168K, 0% used [0x9eff0000,0x9eff0000,0x9fec0000)
  from space 2560K, 99% used [0x9ff20000,0xa019fbf0,0xa01a0000)
  to   space 6080K, 0% used [0xa0af0000,0xa0af0000,0xa10e0000)
 ParOldGen       total 41472K, used 5658K [0x767f0000, 0x79070000, 0x9eff0000)
  object space 41472K, 13% used [0x767f0000,0x76d76af0,0x79070000)
 PSPermGen       total 16384K, used 14907K [0x6e7f0000, 0x6f7f0000, 0x767f0000)
  object space 16384K, 90% used [0x6e7f0000,0x6f67efa0,0x6f7f0000)
}
Event: 23.967 GC heap before
{Heap before GC invocations=6 (full 0):
 PSYoungGen      total 17728K, used 17726K [0x9eff0000, 0xa10e0000, 0xb33f0000)
  eden space 15168K, 100% used [0x9eff0000,0x9fec0000,0x9fec0000)
  from space 2560K, 99% used [0x9ff20000,0xa019fbf0,0xa01a0000)
  to   space 6080K, 0% used [0xa0af0000,0xa0af0000,0xa10e0000)
 ParOldGen       total 41472K, used 5658K [0x767f0000, 0x79070000, 0x9eff0000)
  object space 41472K, 13% used [0x767f0000,0x76d76af0,0x79070000)
 PSPermGen       total 16384K, used 14933K [0x6e7f0000, 0x6f7f0000, 0x767f0000)
  object space 16384K, 91% used [0x6e7f0000,0x6f6854a8,0x6f7f0000)
Event: 23.984 GC heap after
Heap after GC invocations=6 (full 0):
 PSYoungGen      total 17728K, used 2845K [0x9eff0000, 0xa0dc0000, 0xb33f0000)
  eden space 14848K, 0% used [0x9eff0000,0x9eff0000,0x9fe70000)
  from space 2880K, 98% used [0xa0af0000,0xa0db7780,0xa0dc0000)
  to   space 5888K, 0% used [0xa0240000,0xa0240000,0xa0800000)
 ParOldGen       total 41472K, used 5658K [0x767f0000, 0x79070000, 0x9eff0000)
  object space 41472K, 13% used [0x767f0000,0x76d76af0,0x79070000)
 PSPermGen       total 16384K, used 14933K [0x6e7f0000, 0x6f7f0000, 0x767f0000)
  object space 16384K, 91% used [0x6e7f0000,0x6f6854a8,0x6f7f0000)
}
Event: 29.679 GC heap before
{Heap before GC invocations=7 (full 0):
 PSYoungGen      total 17728K, used 17693K [0x9eff0000, 0xa0dc0000, 0xb33f0000)
  eden space 14848K, 100% used [0x9eff0000,0x9fe70000,0x9fe70000)
  from space 2880K, 98% used [0xa0af0000,0xa0db7780,0xa0dc0000)
  to   space 5888K, 0% used [0xa0240000,0xa0240000,0xa0800000)
 ParOldGen       total 41472K, used 5658K [0x767f0000, 0x79070000, 0x9eff0000)
  object space 41472K, 13% used [0x767f0000,0x76d76ba0,0x79070000)
 PSPermGen       total 16384K, used 14969K [0x6e7f0000, 0x6f7f0000, 0x767f0000)
  object space 16384K, 91% used [0x6e7f0000,0x6f68e458,0x6f7f0000)
Event: 29.687 GC heap after
Heap after GC invocations=7 (full 0):
 PSYoungGen      total 14976K, used 401K [0x9eff0000, 0xa0b00000, 0xb33f0000)
  eden space 14528K, 0% used [0x9eff0000,0x9eff0000,0x9fe20000)
  from space 448K, 89% used [0xa0240000,0xa02a4700,0xa02b0000)
  to   space 6272K, 0% used [0xa04e0000,0xa04e0000,0xa0b00000)
 ParOldGen       total 41472K, used 8121K [0x767f0000, 0x79070000, 0x9eff0000)
  object space 41472K, 19% used [0x767f0000,0x76fde428,0x79070000)
 PSPermGen       total 16384K, used 14969K [0x6e7f0000, 0x6f7f0000, 0x767f0000)
  object space 16384K, 91% used [0x6e7f0000,0x6f68e458,0x6f7f0000)
}

