# JRE version: 7.0_21-b02
# Java VM: OpenJDK Server VM (23.7-b01 mixed mode linux-x86 )
Heap
 PSYoungGen      total 33664K, used 13543K [0x9edc0000, 0xa3440000, 0xb31c0000)
  eden space 31104K, 35% used [0x9edc0000,0x9f87d140,0xa0c20000)
  from space 2560K, 99% used [0xa0c20000,0xa0e9cac0,0xa0ea0000)
  to   space 4992K, 0% used [0xa2f60000,0xa2f60000,0xa3440000)
 ParOldGen       total 41472K, used 4068K [0x765c0000, 0x78e40000, 0x9edc0000)
  object space 41472K, 9% used [0x765c0000,0x769b9350,0x78e40000)
 PSPermGen       total 16384K, used 15006K [0x6e5c0000, 0x6f5c0000, 0x765c0000)
  object space 16384K, 91% used [0x6e5c0000,0x6f4679e8,0x6f5c0000)
GC Heap History (10 events):
Event: 1.267 GC heap before
{Heap before GC invocations=1 (full 0):
 PSYoungGen      total 18112K, used 15552K [0x9edc0000, 0xa01f0000, 0xb31c0000)
  eden space 15552K, 100% used [0x9edc0000,0x9fcf0000,0x9fcf0000)
  from space 2560K, 0% used [0x9ff70000,0x9ff70000,0xa01f0000)
  to   space 2560K, 0% used [0x9fcf0000,0x9fcf0000,0x9ff70000)
 ParOldGen       total 41472K, used 0K [0x765c0000, 0x78e40000, 0x9edc0000)
  object space 41472K, 0% used [0x765c0000,0x765c0000,0x78e40000)
 PSPermGen       total 16384K, used 10017K [0x6e5c0000, 0x6f5c0000, 0x765c0000)
  object space 16384K, 61% used [0x6e5c0000,0x6ef88590,0x6f5c0000)
Event: 1.273 GC heap after
Heap after GC invocations=1 (full 0):
 PSYoungGen      total 18112K, used 2205K [0x9edc0000, 0xa01f0000, 0xb31c0000)
  eden space 15552K, 0% used [0x9edc0000,0x9edc0000,0x9fcf0000)
  from space 2560K, 86% used [0x9fcf0000,0x9ff177a0,0x9ff70000)
  to   space 2560K, 0% used [0x9ff70000,0x9ff70000,0xa01f0000)
 ParOldGen       total 41472K, used 4K [0x765c0000, 0x78e40000, 0x9edc0000)
  object space 41472K, 0% used [0x765c0000,0x765c1000,0x78e40000)
 PSPermGen       total 16384K, used 10017K [0x6e5c0000, 0x6f5c0000, 0x765c0000)
  object space 16384K, 61% used [0x6e5c0000,0x6ef88590,0x6f5c0000)
}
Event: 1.528 GC heap before
{Heap before GC invocations=2 (full 0):
 PSYoungGen      total 18112K, used 17757K [0x9edc0000, 0xa01f0000, 0xb31c0000)
  eden space 15552K, 100% used [0x9edc0000,0x9fcf0000,0x9fcf0000)
  from space 2560K, 86% used [0x9fcf0000,0x9ff177a0,0x9ff70000)
  to   space 2560K, 0% used [0x9ff70000,0x9ff70000,0xa01f0000)
 ParOldGen       total 41472K, used 4K [0x765c0000, 0x78e40000, 0x9edc0000)
  object space 41472K, 0% used [0x765c0000,0x765c1000,0x78e40000)
 PSPermGen       total 16384K, used 11243K [0x6e5c0000, 0x6f5c0000, 0x765c0000)
  object space 16384K, 68% used [0x6e5c0000,0x6f0bac00,0x6f5c0000)
Event: 1.534 GC heap after
Heap after GC invocations=2 (full 0):
 PSYoungGen      total 18112K, used 2545K [0x9edc0000, 0xa1120000, 0xb31c0000)
  eden space 15552K, 0% used [0x9edc0000,0x9edc0000,0x9fcf0000)
  from space 2560K, 99% used [0x9ff70000,0xa01ec7d8,0xa01f0000)
  to   space 2560K, 0% used [0x9fcf0000,0x9fcf0000,0x9ff70000)
 ParOldGen       total 41472K, used 291K [0x765c0000, 0x78e40000, 0x9edc0000)
  object space 41472K, 0% used [0x765c0000,0x76608ed0,0x78e40000)
 PSPermGen       total 16384K, used 11243K [0x6e5c0000, 0x6f5c0000, 0x765c0000)
  object space 16384K, 68% used [0x6e5c0000,0x6f0bac00,0x6f5c0000)
}
Event: 1.775 GC heap before
{Heap before GC invocations=3 (full 0):
 PSYoungGen      total 18112K, used 18097K [0x9edc0000, 0xa1120000, 0xb31c0000)
  eden space 15552K, 100% used [0x9edc0000,0x9fcf0000,0x9fcf0000)
  from space 2560K, 99% used [0x9ff70000,0xa01ec7d8,0xa01f0000)
  to   space 2560K, 0% used [0x9fcf0000,0x9fcf0000,0x9ff70000)
 ParOldGen       total 41472K, used 291K [0x765c0000, 0x78e40000, 0x9edc0000)
  object space 41472K, 0% used [0x765c0000,0x76608ed0,0x78e40000)
 PSPermGen       total 16384K, used 12058K [0x6e5c0000, 0x6f5c0000, 0x765c0000)
  object space 16384K, 73% used [0x6e5c0000,0x6f1868c0,0x6f5c0000)
Event: 1.781 GC heap after
Heap after GC invocations=3 (full 0):
 PSYoungGen      total 18112K, used 2552K [0x9edc0000, 0xa1120000, 0xb31c0000)
  eden space 15552K, 0% used [0x9edc0000,0x9edc0000,0x9fcf0000)
  from space 2560K, 99% used [0x9fcf0000,0x9ff6e290,0x9ff70000)
  to   space 2560K, 0% used [0xa0ea0000,0xa0ea0000,0xa1120000)
 ParOldGen       total 41472K, used 655K [0x765c0000, 0x78e40000, 0x9edc0000)
  object space 41472K, 1% used [0x765c0000,0x76663ed0,0x78e40000)
 PSPermGen       total 16384K, used 12058K [0x6e5c0000, 0x6f5c0000, 0x765c0000)
  object space 16384K, 73% used [0x6e5c0000,0x6f1868c0,0x6f5c0000)
}
Event: 2.412 GC heap before
{Heap before GC invocations=4 (full 0):
 PSYoungGen      total 18112K, used 18104K [0x9edc0000, 0xa1120000, 0xb31c0000)
  eden space 15552K, 100% used [0x9edc0000,0x9fcf0000,0x9fcf0000)
  from space 2560K, 99% used [0x9fcf0000,0x9ff6e290,0x9ff70000)
  to   space 2560K, 0% used [0xa0ea0000,0xa0ea0000,0xa1120000)
 ParOldGen       total 41472K, used 655K [0x765c0000, 0x78e40000, 0x9edc0000)
  object space 41472K, 1% used [0x765c0000,0x76663ed0,0x78e40000)
 PSPermGen       total 16384K, used 13911K [0x6e5c0000, 0x6f5c0000, 0x765c0000)
  object space 16384K, 84% used [0x6e5c0000,0x6f355d88,0x6f5c0000)
Event: 2.421 GC heap after
Heap after GC invocations=4 (full 0):
 PSYoungGen      total 33664K, used 2546K [0x9edc0000, 0xa1120000, 0xb31c0000)
  eden space 31104K, 0% used [0x9edc0000,0x9edc0000,0xa0c20000)
  from space 2560K, 99% used [0xa0ea0000,0xa111caa0,0xa1120000)
  to   space 2560K, 0% used [0xa0c20000,0xa0c20000,0xa0ea0000)
 ParOldGen       total 41472K, used 2266K [0x765c0000, 0x78e40000, 0x9edc0000)
  object space 41472K, 5% used [0x765c0000,0x767f68a8,0x78e40000)
 PSPermGen       total 16384K, used 13911K [0x6e5c0000, 0x6f5c0000, 0x765c0000)
  object space 16384K, 84% used [0x6e5c0000,0x6f355d88,0x6f5c0000)
}
Event: 10.266 GC heap before
{Heap before GC invocations=5 (full 0):
 PSYoungGen      total 33664K, used 33650K [0x9edc0000, 0xa1120000, 0xb31c0000)
  eden space 31104K, 100% used [0x9edc0000,0xa0c20000,0xa0c20000)
  from space 2560K, 99% used [0xa0ea0000,0xa111caa0,0xa1120000)
  to   space 2560K, 0% used [0xa0c20000,0xa0c20000,0xa0ea0000)
 ParOldGen       total 41472K, used 2266K [0x765c0000, 0x78e40000, 0x9edc0000)
  object space 41472K, 5% used [0x765c0000,0x767f68a8,0x78e40000)
 PSPermGen       total 16384K, used 14987K [0x6e5c0000, 0x6f5c0000, 0x765c0000)
  object space 16384K, 91% used [0x6e5c0000,0x6f462c78,0x6f5c0000)
Event: 10.284 GC heap after
Heap after GC invocations=5 (full 0):
 PSYoungGen      total 33664K, used 2546K [0x9edc0000, 0xa3440000, 0xb31c0000)
  eden space 31104K, 0% used [0x9edc0000,0x9edc0000,0xa0c20000)
  from space 2560K, 99% used [0xa0c20000,0xa0e9cac0,0xa0ea0000)
  to   space 4992K, 0% used [0xa2f60000,0xa2f60000,0xa3440000)
 ParOldGen       total 41472K, used 4068K [0x765c0000, 0x78e40000, 0x9edc0000)
  object space 41472K, 9% used [0x765c0000,0x769b9350,0x78e40000)
 PSPermGen       total 16384K, used 14987K [0x6e5c0000, 0x6f5c0000, 0x765c0000)
  object space 16384K, 91% used [0x6e5c0000,0x6f462c78,0x6f5c0000)
}

