# JRE version: 7.0_21-b02
# Java VM: OpenJDK Server VM (23.7-b01 mixed mode linux-x86 )
Heap
 PSYoungGen      total 18176K, used 5397K [0x9efc0000, 0xa07e0000, 0xb33c0000)
  eden space 12544K, 40% used [0x9efc0000,0x9f4c14e8,0x9fc00000)
  from space 5632K, 4% used [0xa0260000,0xa02a4000,0xa07e0000)
  to   space 6080K, 0% used [0x9fc00000,0x9fc00000,0xa01f0000)
 ParOldGen       total 41472K, used 9129K [0x767c0000, 0x79040000, 0x9efc0000)
  object space 41472K, 22% used [0x767c0000,0x770aa5c0,0x79040000)
 PSPermGen       total 16384K, used 15143K [0x6e7c0000, 0x6f7c0000, 0x767c0000)
  object space 16384K, 92% used [0x6e7c0000,0x6f689fe0,0x6f7c0000)
GC Heap History (10 events):
Event: 36.363 GC heap before
{Heap before GC invocations=10 (full 0):
 PSYoungGen      total 14336K, used 14320K [0x9efc0000, 0xa0a30000, 0xb33c0000)
  eden space 13888K, 100% used [0x9efc0000,0x9fd50000,0x9fd50000)
  from space 448K, 96% used [0x9fda0000,0x9fe0c120,0x9fe10000)
  to   space 6592K, 0% used [0xa03c0000,0xa03c0000,0xa0a30000)
 ParOldGen       total 41472K, used 8684K [0x767c0000, 0x79040000, 0x9efc0000)
  object space 41472K, 20% used [0x767c0000,0x7703b3e0,0x79040000)
 PSPermGen       total 16384K, used 15074K [0x6e7c0000, 0x6f7c0000, 0x767c0000)
  object space 16384K, 92% used [0x6e7c0000,0x6f6788e8,0x6f7c0000)
Event: 36.365 GC heap after
Heap after GC invocations=10 (full 0):
 PSYoungGen      total 19840K, used 397K [0x9efc0000, 0xa09e0000, 0xb33c0000)
  eden space 13568K, 0% used [0x9efc0000,0x9efc0000,0x9fd00000)
  from space 6272K, 6% used [0xa03c0000,0xa04236c8,0xa09e0000)
  to   space 6592K, 0% used [0x9fd00000,0x9fd00000,0xa0370000)
 ParOldGen       total 41472K, used 8735K [0x767c0000, 0x79040000, 0x9efc0000)
  object space 41472K, 21% used [0x767c0000,0x77047f40,0x79040000)
 PSPermGen       total 16384K, used 15074K [0x6e7c0000, 0x6f7c0000, 0x767c0000)
  object space 16384K, 92% used [0x6e7c0000,0x6f6788e8,0x6f7c0000)
}
Event: 41.738 GC heap before
{Heap before GC invocations=11 (full 0):
 PSYoungGen      total 19840K, used 13965K [0x9efc0000, 0xa09e0000, 0xb33c0000)
  eden space 13568K, 100% used [0x9efc0000,0x9fd00000,0x9fd00000)
  from space 6272K, 6% used [0xa03c0000,0xa04236c8,0xa09e0000)
  to   space 6592K, 0% used [0x9fd00000,0x9fd00000,0xa0370000)
 ParOldGen       total 41472K, used 8735K [0x767c0000, 0x79040000, 0x9efc0000)
  object space 41472K, 21% used [0x767c0000,0x77047f40,0x79040000)
 PSPermGen       total 16384K, used 15087K [0x6e7c0000, 0x6f7c0000, 0x767c0000)
  object space 16384K, 92% used [0x6e7c0000,0x6f67bef0,0x6f7c0000)
Event: 41.743 GC heap after
Heap after GC invocations=11 (full 0):
 PSYoungGen      total 13568K, used 237K [0x9efc0000, 0xa0980000, 0xb33c0000)
  eden space 13312K, 0% used [0x9efc0000,0x9efc0000,0x9fcc0000)
  from space 256K, 92% used [0x9fd00000,0x9fd3b5b0,0x9fd40000)
  to   space 6528K, 0% used [0xa0320000,0xa0320000,0xa0980000)
 ParOldGen       total 41472K, used 8969K [0x767c0000, 0x79040000, 0x9efc0000)
  object space 41472K, 21% used [0x767c0000,0x770824f8,0x79040000)
 PSPermGen       total 16384K, used 15087K [0x6e7c0000, 0x6f7c0000, 0x767c0000)
  object space 16384K, 92% used [0x6e7c0000,0x6f67bef0,0x6f7c0000)
}
Event: 51.814 GC heap before
{Heap before GC invocations=12 (full 0):
 PSYoungGen      total 13568K, used 13549K [0x9efc0000, 0xa0980000, 0xb33c0000)
  eden space 13312K, 100% used [0x9efc0000,0x9fcc0000,0x9fcc0000)
  from space 256K, 92% used [0x9fd00000,0x9fd3b5b0,0x9fd40000)
  to   space 6528K, 0% used [0xa0320000,0xa0320000,0xa0980000)
 ParOldGen       total 41472K, used 8969K [0x767c0000, 0x79040000, 0x9efc0000)
  object space 41472K, 21% used [0x767c0000,0x770824f8,0x79040000)
 PSPermGen       total 16384K, used 15141K [0x6e7c0000, 0x6f7c0000, 0x767c0000)
  object space 16384K, 92% used [0x6e7c0000,0x6f689558,0x6f7c0000)
Event: 51.817 GC heap after
Heap after GC invocations=12 (full 0):
 PSYoungGen      total 19072K, used 202K [0x9efc0000, 0xa0900000, 0xb33c0000)
  eden space 13056K, 0% used [0x9efc0000,0x9efc0000,0x9fc80000)
  from space 6016K, 3% used [0xa0320000,0xa0352b60,0xa0900000)
  to   space 6400K, 0% used [0x9fc80000,0x9fc80000,0xa02c0000)
 ParOldGen       total 41472K, used 9016K [0x767c0000, 0x79040000, 0x9efc0000)
  object space 41472K, 21% used [0x767c0000,0x7708e058,0x79040000)
 PSPermGen       total 16384K, used 15141K [0x6e7c0000, 0x6f7c0000, 0x767c0000)
  object space 16384K, 92% used [0x6e7c0000,0x6f689558,0x6f7c0000)
}
Event: 53.082 GC heap before
{Heap before GC invocations=13 (full 0):
 PSYoungGen      total 19072K, used 13258K [0x9efc0000, 0xa0900000, 0xb33c0000)
  eden space 13056K, 100% used [0x9efc0000,0x9fc80000,0x9fc80000)
  from space 6016K, 3% used [0xa0320000,0xa0352b60,0xa0900000)
  to   space 6400K, 0% used [0x9fc80000,0x9fc80000,0xa02c0000)
 ParOldGen       total 41472K, used 9016K [0x767c0000, 0x79040000, 0x9efc0000)
  object space 41472K, 21% used [0x767c0000,0x7708e058,0x79040000)
 PSPermGen       total 16384K, used 15142K [0x6e7c0000, 0x6f7c0000, 0x767c0000)
  object space 16384K, 92% used [0x6e7c0000,0x6f689b70,0x6f7c0000)
Event: 53.083 GC heap after
Heap after GC invocations=13 (full 0):
 PSYoungGen      total 13120K, used 282K [0x9efc0000, 0xa0880000, 0xb33c0000)
  eden space 12800K, 0% used [0x9efc0000,0x9efc0000,0x9fc40000)
  from space 320K, 88% used [0x9fc80000,0x9fcc6b60,0x9fcd0000)
  to   space 6272K, 0% used [0xa0260000,0xa0260000,0xa0880000)
 ParOldGen       total 41472K, used 9086K [0x767c0000, 0x79040000, 0x9efc0000)
  object space 41472K, 21% used [0x767c0000,0x7709fa60,0x79040000)
 PSPermGen       total 16384K, used 15142K [0x6e7c0000, 0x6f7c0000, 0x767c0000)
  object space 16384K, 92% used [0x6e7c0000,0x6f689b70,0x6f7c0000)
}
Event: 53.902 GC heap before
{Heap before GC invocations=14 (full 0):
 PSYoungGen      total 13120K, used 13082K [0x9efc0000, 0xa0880000, 0xb33c0000)
  eden space 12800K, 100% used [0x9efc0000,0x9fc40000,0x9fc40000)
  from space 320K, 88% used [0x9fc80000,0x9fcc6b60,0x9fcd0000)
  to   space 6272K, 0% used [0xa0260000,0xa0260000,0xa0880000)
 ParOldGen       total 41472K, used 9086K [0x767c0000, 0x79040000, 0x9efc0000)
  object space 41472K, 21% used [0x767c0000,0x7709fa60,0x79040000)
 PSPermGen       total 16384K, used 15143K [0x6e7c0000, 0x6f7c0000, 0x767c0000)
  object space 16384K, 92% used [0x6e7c0000,0x6f689ec8,0x6f7c0000)
Event: 53.903 GC heap after
Heap after GC invocations=14 (full 0):
 PSYoungGen      total 18176K, used 272K [0x9efc0000, 0xa07e0000, 0xb33c0000)
  eden space 12544K, 0% used [0x9efc0000,0x9efc0000,0x9fc00000)
  from space 5632K, 4% used [0xa0260000,0xa02a4000,0xa07e0000)
  to   space 6080K, 0% used [0x9fc00000,0x9fc00000,0xa01f0000)
 ParOldGen       total 41472K, used 9129K [0x767c0000, 0x79040000, 0x9efc0000)
  object space 41472K, 22% used [0x767c0000,0x770aa5c0,0x79040000)
 PSPermGen       total 16384K, used 15143K [0x6e7c0000, 0x6f7c0000, 0x767c0000)
  object space 16384K, 92% used [0x6e7c0000,0x6f689ec8,0x6f7c0000)
}

