# JRE version: 7.0_21-b02
# Java VM: OpenJDK Server VM (23.7-b01 mixed mode linux-x86 )
Heap
 PSYoungGen      total 18112K, used 12671K [0x9efd0000, 0xa1330000, 0xb33d0000)
  eden space 15552K, 65% used [0x9efd0000,0x9f9b0798,0x9ff00000)
  from space 2560K, 99% used [0x9ff00000,0xa017f578,0xa0180000)
  to   space 2560K, 0% used [0xa10b0000,0xa10b0000,0xa1330000)
 ParOldGen       total 41472K, used 3937K [0x767d0000, 0x79050000, 0x9efd0000)
  object space 41472K, 9% used [0x767d0000,0x76ba8588,0x79050000)
 PSPermGen       total 16384K, used 14860K [0x6e7d0000, 0x6f7d0000, 0x767d0000)
  object space 16384K, 90% used [0x6e7d0000,0x6f6533f8,0x6f7d0000)
GC Heap History (6 events):
Event: 1.311 GC heap before
{Heap before GC invocations=1 (full 0):
 PSYoungGen      total 18112K, used 15552K [0x9efd0000, 0xa0400000, 0xb33d0000)
  eden space 15552K, 100% used [0x9efd0000,0x9ff00000,0x9ff00000)
  from space 2560K, 0% used [0xa0180000,0xa0180000,0xa0400000)
  to   space 2560K, 0% used [0x9ff00000,0x9ff00000,0xa0180000)
 ParOldGen       total 41472K, used 0K [0x767d0000, 0x79050000, 0x9efd0000)
  object space 41472K, 0% used [0x767d0000,0x767d0000,0x79050000)
 PSPermGen       total 16384K, used 11902K [0x6e7d0000, 0x6f7d0000, 0x767d0000)
  object space 16384K, 72% used [0x6e7d0000,0x6f36fb10,0x6f7d0000)
Event: 1.322 GC heap after
Heap after GC invocations=1 (full 0):
 PSYoungGen      total 18112K, used 2549K [0x9efd0000, 0xa0400000, 0xb33d0000)
  eden space 15552K, 0% used [0x9efd0000,0x9efd0000,0x9ff00000)
  from space 2560K, 99% used [0x9ff00000,0xa017d5c0,0xa0180000)
  to   space 2560K, 0% used [0xa0180000,0xa0180000,0xa0400000)
 ParOldGen       total 41472K, used 1312K [0x767d0000, 0x79050000, 0x9efd0000)
  object space 41472K, 3% used [0x767d0000,0x769180e8,0x79050000)
 PSPermGen       total 16384K, used 11902K [0x6e7d0000, 0x6f7d0000, 0x767d0000)
  object space 16384K, 72% used [0x6e7d0000,0x6f36fb10,0x6f7d0000)
}
Event: 2.311 GC heap before
{Heap before GC invocations=2 (full 0):
 PSYoungGen      total 18112K, used 18101K [0x9efd0000, 0xa0400000, 0xb33d0000)
  eden space 15552K, 100% used [0x9efd0000,0x9ff00000,0x9ff00000)
  from space 2560K, 99% used [0x9ff00000,0xa017d5c0,0xa0180000)
  to   space 2560K, 0% used [0xa0180000,0xa0180000,0xa0400000)
 ParOldGen       total 41472K, used 1312K [0x767d0000, 0x79050000, 0x9efd0000)
  object space 41472K, 3% used [0x767d0000,0x769180e8,0x79050000)
 PSPermGen       total 16384K, used 14500K [0x6e7d0000, 0x6f7d0000, 0x767d0000)
  object space 16384K, 88% used [0x6e7d0000,0x6f5f93c8,0x6f7d0000)
Event: 2.335 GC heap after
Heap after GC invocations=2 (full 0):
 PSYoungGen      total 18112K, used 2558K [0x9efd0000, 0xa1330000, 0xb33d0000)
  eden space 15552K, 0% used [0x9efd0000,0x9efd0000,0x9ff00000)
  from space 2560K, 99% used [0xa0180000,0xa03ff9a8,0xa0400000)
  to   space 2560K, 0% used [0x9ff00000,0x9ff00000,0xa0180000)
 ParOldGen       total 41472K, used 3387K [0x767d0000, 0x79050000, 0x9efd0000)
  object space 41472K, 8% used [0x767d0000,0x76b1ed98,0x79050000)
 PSPermGen       total 16384K, used 14500K [0x6e7d0000, 0x6f7d0000, 0x767d0000)
  object space 16384K, 88% used [0x6e7d0000,0x6f5f93c8,0x6f7d0000)
}
Event: 10.340 GC heap before
{Heap before GC invocations=3 (full 0):
 PSYoungGen      total 18112K, used 18110K [0x9efd0000, 0xa1330000, 0xb33d0000)
  eden space 15552K, 100% used [0x9efd0000,0x9ff00000,0x9ff00000)
  from space 2560K, 99% used [0xa0180000,0xa03ff9a8,0xa0400000)
  to   space 2560K, 0% used [0x9ff00000,0x9ff00000,0xa0180000)
 ParOldGen       total 41472K, used 3387K [0x767d0000, 0x79050000, 0x9efd0000)
  object space 41472K, 8% used [0x767d0000,0x76b1ed98,0x79050000)
 PSPermGen       total 16384K, used 14852K [0x6e7d0000, 0x6f7d0000, 0x767d0000)
  object space 16384K, 90% used [0x6e7d0000,0x6f6512b8,0x6f7d0000)
Event: 10.347 GC heap after
Heap after GC invocations=3 (full 0):
 PSYoungGen      total 18112K, used 2557K [0x9efd0000, 0xa1330000, 0xb33d0000)
  eden space 15552K, 0% used [0x9efd0000,0x9efd0000,0x9ff00000)
  from space 2560K, 99% used [0x9ff00000,0xa017f578,0xa0180000)
  to   space 2560K, 0% used [0xa10b0000,0xa10b0000,0xa1330000)
 ParOldGen       total 41472K, used 3937K [0x767d0000, 0x79050000, 0x9efd0000)
  object space 41472K, 9% used [0x767d0000,0x76ba8588,0x79050000)
 PSPermGen       total 16384K, used 14852K [0x6e7d0000, 0x6f7d0000, 0x767d0000)
  object space 16384K, 90% used [0x6e7d0000,0x6f6512b8,0x6f7d0000)
}

