# JRE version: 7.0_21-b02
# Java VM: OpenJDK Server VM (23.7-b01 mixed mode linux-x86 )
Heap
 PSYoungGen      total 18112K, used 4140K [0x9eff0000, 0xa0420000, 0xb33f0000)
  eden space 15552K, 10% used [0x9eff0000,0x9f17c2d0,0x9ff20000)
  from space 2560K, 99% used [0x9ff20000,0xa019f080,0xa01a0000)
  to   space 2560K, 0% used [0xa01a0000,0xa01a0000,0xa0420000)
 ParOldGen       total 41472K, used 5110K [0x767f0000, 0x79070000, 0x9eff0000)
  object space 41472K, 12% used [0x767f0000,0x76ced9a8,0x79070000)
 PSPermGen       total 16384K, used 14871K [0x6e7f0000, 0x6f7f0000, 0x767f0000)
  object space 16384K, 90% used [0x6e7f0000,0x6f675fc0,0x6f7f0000)
GC Heap History (6 events):
Event: 4.250 GC heap before
{Heap before GC invocations=1 (full 0):
 PSYoungGen      total 18112K, used 15552K [0x9eff0000, 0xa0420000, 0xb33f0000)
  eden space 15552K, 100% used [0x9eff0000,0x9ff20000,0x9ff20000)
  from space 2560K, 0% used [0xa01a0000,0xa01a0000,0xa0420000)
  to   space 2560K, 0% used [0x9ff20000,0x9ff20000,0xa01a0000)
 ParOldGen       total 41472K, used 0K [0x767f0000, 0x79070000, 0x9eff0000)
  object space 41472K, 0% used [0x767f0000,0x767f0000,0x79070000)
 PSPermGen       total 16384K, used 11903K [0x6e7f0000, 0x6f7f0000, 0x767f0000)
  object space 16384K, 72% used [0x6e7f0000,0x6f38fc98,0x6f7f0000)
Event: 4.260 GC heap after
Heap after GC invocations=1 (full 0):
 PSYoungGen      total 18112K, used 2547K [0x9eff0000, 0xa0420000, 0xb33f0000)
  eden space 15552K, 0% used [0x9eff0000,0x9eff0000,0x9ff20000)
  from space 2560K, 99% used [0x9ff20000,0xa019cf40,0xa01a0000)
  to   space 2560K, 0% used [0xa01a0000,0xa01a0000,0xa0420000)
 ParOldGen       total 41472K, used 1295K [0x767f0000, 0x79070000, 0x9eff0000)
  object space 41472K, 3% used [0x767f0000,0x76933f18,0x79070000)
 PSPermGen       total 16384K, used 11903K [0x6e7f0000, 0x6f7f0000, 0x767f0000)
  object space 16384K, 72% used [0x6e7f0000,0x6f38fc98,0x6f7f0000)
}
Event: 9.734 GC heap before
{Heap before GC invocations=2 (full 0):
 PSYoungGen      total 18112K, used 18099K [0x9eff0000, 0xa0420000, 0xb33f0000)
  eden space 15552K, 100% used [0x9eff0000,0x9ff20000,0x9ff20000)
  from space 2560K, 99% used [0x9ff20000,0xa019cf40,0xa01a0000)
  to   space 2560K, 0% used [0xa01a0000,0xa01a0000,0xa0420000)
 ParOldGen       total 41472K, used 1295K [0x767f0000, 0x79070000, 0x9eff0000)
  object space 41472K, 3% used [0x767f0000,0x76933f18,0x79070000)
 PSPermGen       total 16384K, used 14440K [0x6e7f0000, 0x6f7f0000, 0x767f0000)
  object space 16384K, 88% used [0x6e7f0000,0x6f60a288,0x6f7f0000)
Event: 9.747 GC heap after
Heap after GC invocations=2 (full 0):
 PSYoungGen      total 18112K, used 2549K [0x9eff0000, 0xa0420000, 0xb33f0000)
  eden space 15552K, 0% used [0x9eff0000,0x9eff0000,0x9ff20000)
  from space 2560K, 99% used [0xa01a0000,0xa041d498,0xa0420000)
  to   space 2560K, 0% used [0x9ff20000,0x9ff20000,0xa01a0000)
 ParOldGen       total 41472K, used 4397K [0x767f0000, 0x79070000, 0x9eff0000)
  object space 41472K, 10% used [0x767f0000,0x76c3b428,0x79070000)
 PSPermGen       total 16384K, used 14440K [0x6e7f0000, 0x6f7f0000, 0x767f0000)
  object space 16384K, 88% used [0x6e7f0000,0x6f60a288,0x6f7f0000)
}
Event: 19.186 GC heap before
{Heap before GC invocations=3 (full 0):
 PSYoungGen      total 18112K, used 18101K [0x9eff0000, 0xa0420000, 0xb33f0000)
  eden space 15552K, 100% used [0x9eff0000,0x9ff20000,0x9ff20000)
  from space 2560K, 99% used [0xa01a0000,0xa041d498,0xa0420000)
  to   space 2560K, 0% used [0x9ff20000,0x9ff20000,0xa01a0000)
 ParOldGen       total 41472K, used 4397K [0x767f0000, 0x79070000, 0x9eff0000)
  object space 41472K, 10% used [0x767f0000,0x76c3b428,0x79070000)
 PSPermGen       total 16384K, used 14870K [0x6e7f0000, 0x6f7f0000, 0x767f0000)
  object space 16384K, 90% used [0x6e7f0000,0x6f675ac8,0x6f7f0000)
Event: 19.194 GC heap after
Heap after GC invocations=3 (full 0):
 PSYoungGen      total 18112K, used 2556K [0x9eff0000, 0xa0420000, 0xb33f0000)
  eden space 15552K, 0% used [0x9eff0000,0x9eff0000,0x9ff20000)
  from space 2560K, 99% used [0x9ff20000,0xa019f080,0xa01a0000)
  to   space 2560K, 0% used [0xa01a0000,0xa01a0000,0xa0420000)
 ParOldGen       total 41472K, used 5110K [0x767f0000, 0x79070000, 0x9eff0000)
  object space 41472K, 12% used [0x767f0000,0x76ced9a8,0x79070000)
 PSPermGen       total 16384K, used 14870K [0x6e7f0000, 0x6f7f0000, 0x767f0000)
  object space 16384K, 90% used [0x6e7f0000,0x6f675ac8,0x6f7f0000)
}

