# JRE version: 7.0_21-b02
# Java VM: OpenJDK Server VM (23.7-b01 mixed mode linux-x86 )
Heap
 PSYoungGen      total 18112K, used 11621K [0x9ef40000, 0xa0370000, 0xb3340000)
  eden space 15552K, 58% used [0x9ef40000,0x9f81b998,0x9fe70000)
  from space 2560K, 99% used [0x9fe70000,0xa00eddc8,0xa00f0000)
  to   space 2560K, 0% used [0xa00f0000,0xa00f0000,0xa0370000)
 ParOldGen       total 41472K, used 4477K [0x76740000, 0x78fc0000, 0x9ef40000)
  object space 41472K, 10% used [0x76740000,0x76b9f4b8,0x78fc0000)
 PSPermGen       total 16384K, used 14895K [0x6e740000, 0x6f740000, 0x76740000)
  object space 16384K, 90% used [0x6e740000,0x6f5cbdc0,0x6f740000)
GC Heap History (6 events):
Event: 1.401 GC heap before
{Heap before GC invocations=1 (full 0):
 PSYoungGen      total 18112K, used 15552K [0x9ef40000, 0xa0370000, 0xb3340000)
  eden space 15552K, 100% used [0x9ef40000,0x9fe70000,0x9fe70000)
  from space 2560K, 0% used [0xa00f0000,0xa00f0000,0xa0370000)
  to   space 2560K, 0% used [0x9fe70000,0x9fe70000,0xa00f0000)
 ParOldGen       total 41472K, used 0K [0x76740000, 0x78fc0000, 0x9ef40000)
  object space 41472K, 0% used [0x76740000,0x76740000,0x78fc0000)
 PSPermGen       total 16384K, used 11078K [0x6e740000, 0x6f740000, 0x76740000)
  object space 16384K, 67% used [0x6e740000,0x6f211b98,0x6f740000)
Event: 1.410 GC heap after
Heap after GC invocations=1 (full 0):
 PSYoungGen      total 18112K, used 2547K [0x9ef40000, 0xa0370000, 0xb3340000)
  eden space 15552K, 0% used [0x9ef40000,0x9ef40000,0x9fe70000)
  from space 2560K, 99% used [0x9fe70000,0xa00ecf40,0xa00f0000)
  to   space 2560K, 0% used [0xa00f0000,0xa00f0000,0xa0370000)
 ParOldGen       total 41472K, used 1203K [0x76740000, 0x78fc0000, 0x9ef40000)
  object space 41472K, 2% used [0x76740000,0x7686cdc8,0x78fc0000)
 PSPermGen       total 16384K, used 11078K [0x6e740000, 0x6f740000, 0x76740000)
  object space 16384K, 67% used [0x6e740000,0x6f211b98,0x6f740000)
}
Event: 9.237 GC heap before
{Heap before GC invocations=2 (full 0):
 PSYoungGen      total 18112K, used 18099K [0x9ef40000, 0xa0370000, 0xb3340000)
  eden space 15552K, 100% used [0x9ef40000,0x9fe70000,0x9fe70000)
  from space 2560K, 99% used [0x9fe70000,0xa00ecf40,0xa00f0000)
  to   space 2560K, 0% used [0xa00f0000,0xa00f0000,0xa0370000)
 ParOldGen       total 41472K, used 1203K [0x76740000, 0x78fc0000, 0x9ef40000)
  object space 41472K, 2% used [0x76740000,0x7686cdc8,0x78fc0000)
 PSPermGen       total 16384K, used 14557K [0x6e740000, 0x6f740000, 0x76740000)
  object space 16384K, 88% used [0x6e740000,0x6f577458,0x6f740000)
Event: 9.245 GC heap after
Heap after GC invocations=2 (full 0):
 PSYoungGen      total 18112K, used 2544K [0x9ef40000, 0xa0370000, 0xb3340000)
  eden space 15552K, 0% used [0x9ef40000,0x9ef40000,0x9fe70000)
  from space 2560K, 99% used [0xa00f0000,0xa036c340,0xa0370000)
  to   space 2560K, 0% used [0x9fe70000,0x9fe70000,0xa00f0000)
 ParOldGen       total 41472K, used 4073K [0x76740000, 0x78fc0000, 0x9ef40000)
  object space 41472K, 9% used [0x76740000,0x76b3a550,0x78fc0000)
 PSPermGen       total 16384K, used 14557K [0x6e740000, 0x6f740000, 0x76740000)
  object space 16384K, 88% used [0x6e740000,0x6f577458,0x6f740000)
}
Event: 16.085 GC heap before
{Heap before GC invocations=3 (full 0):
 PSYoungGen      total 18112K, used 18096K [0x9ef40000, 0xa0370000, 0xb3340000)
  eden space 15552K, 100% used [0x9ef40000,0x9fe70000,0x9fe70000)
  from space 2560K, 99% used [0xa00f0000,0xa036c340,0xa0370000)
  to   space 2560K, 0% used [0x9fe70000,0x9fe70000,0xa00f0000)
 ParOldGen       total 41472K, used 4073K [0x76740000, 0x78fc0000, 0x9ef40000)
  object space 41472K, 9% used [0x76740000,0x76b3a550,0x78fc0000)
 PSPermGen       total 16384K, used 14799K [0x6e740000, 0x6f740000, 0x76740000)
  object space 16384K, 90% used [0x6e740000,0x6f5b3d78,0x6f740000)
Event: 16.092 GC heap after
Heap after GC invocations=3 (full 0):
 PSYoungGen      total 18112K, used 2551K [0x9ef40000, 0xa0370000, 0xb3340000)
  eden space 15552K, 0% used [0x9ef40000,0x9ef40000,0x9fe70000)
  from space 2560K, 99% used [0x9fe70000,0xa00eddc8,0xa00f0000)
  to   space 2560K, 0% used [0xa00f0000,0xa00f0000,0xa0370000)
 ParOldGen       total 41472K, used 4477K [0x76740000, 0x78fc0000, 0x9ef40000)
  object space 41472K, 10% used [0x76740000,0x76b9f4b8,0x78fc0000)
 PSPermGen       total 16384K, used 14799K [0x6e740000, 0x6f740000, 0x76740000)
  object space 16384K, 90% used [0x6e740000,0x6f5b3d78,0x6f740000)
}

