# JRE version: 7.0_21-b02
# Java VM: OpenJDK Server VM (23.7-b01 mixed mode linux-x86 )
Heap
 PSYoungGen      total 33664K, used 23883K [0x9ee00000, 0xa34c0000, 0xb3200000)
  eden space 31104K, 68% used [0x9ee00000,0xa02d4450,0xa0c60000)
  from space 2560K, 99% used [0xa0c60000,0xa0edeab0,0xa0ee0000)
  to   space 5120K, 0% used [0xa2fc0000,0xa2fc0000,0xa34c0000)
 ParOldGen       total 41472K, used 4277K [0x76600000, 0x78e80000, 0x9ee00000)
  object space 41472K, 10% used [0x76600000,0x76a2d4b0,0x78e80000)
 PSPermGen       total 16384K, used 15027K [0x6e600000, 0x6f600000, 0x76600000)
  object space 16384K, 91% used [0x6e600000,0x6f4acf90,0x6f600000)
GC Heap History (10 events):
Event: 1.284 GC heap before
{Heap before GC invocations=1 (full 0):
 PSYoungGen      total 18112K, used 15552K [0x9ee00000, 0xa0230000, 0xb3200000)
  eden space 15552K, 100% used [0x9ee00000,0x9fd30000,0x9fd30000)
  from space 2560K, 0% used [0x9ffb0000,0x9ffb0000,0xa0230000)
  to   space 2560K, 0% used [0x9fd30000,0x9fd30000,0x9ffb0000)
 ParOldGen       total 41472K, used 0K [0x76600000, 0x78e80000, 0x9ee00000)
  object space 41472K, 0% used [0x76600000,0x76600000,0x78e80000)
 PSPermGen       total 16384K, used 10017K [0x6e600000, 0x6f600000, 0x76600000)
  object space 16384K, 61% used [0x6e600000,0x6efc8570,0x6f600000)
Event: 1.292 GC heap after
Heap after GC invocations=1 (full 0):
 PSYoungGen      total 18112K, used 2213K [0x9ee00000, 0xa0230000, 0xb3200000)
  eden space 15552K, 0% used [0x9ee00000,0x9ee00000,0x9fd30000)
  from space 2560K, 86% used [0x9fd30000,0x9ff597b0,0x9ffb0000)
  to   space 2560K, 0% used [0x9ffb0000,0x9ffb0000,0xa0230000)
 ParOldGen       total 41472K, used 4K [0x76600000, 0x78e80000, 0x9ee00000)
  object space 41472K, 0% used [0x76600000,0x76601000,0x78e80000)
 PSPermGen       total 16384K, used 10017K [0x6e600000, 0x6f600000, 0x76600000)
  object space 16384K, 61% used [0x6e600000,0x6efc8570,0x6f600000)
}
Event: 1.554 GC heap before
{Heap before GC invocations=2 (full 0):
 PSYoungGen      total 18112K, used 17765K [0x9ee00000, 0xa0230000, 0xb3200000)
  eden space 15552K, 100% used [0x9ee00000,0x9fd30000,0x9fd30000)
  from space 2560K, 86% used [0x9fd30000,0x9ff597b0,0x9ffb0000)
  to   space 2560K, 0% used [0x9ffb0000,0x9ffb0000,0xa0230000)
 ParOldGen       total 41472K, used 4K [0x76600000, 0x78e80000, 0x9ee00000)
  object space 41472K, 0% used [0x76600000,0x76601000,0x78e80000)
 PSPermGen       total 16384K, used 11242K [0x6e600000, 0x6f600000, 0x76600000)
  object space 16384K, 68% used [0x6e600000,0x6f0fa9b8,0x6f600000)
Event: 1.564 GC heap after
Heap after GC invocations=2 (full 0):
 PSYoungGen      total 18112K, used 2554K [0x9ee00000, 0xa1160000, 0xb3200000)
  eden space 15552K, 0% used [0x9ee00000,0x9ee00000,0x9fd30000)
  from space 2560K, 99% used [0x9ffb0000,0xa022eaa8,0xa0230000)
  to   space 2560K, 0% used [0x9fd30000,0x9fd30000,0x9ffb0000)
 ParOldGen       total 41472K, used 299K [0x76600000, 0x78e80000, 0x9ee00000)
  object space 41472K, 0% used [0x76600000,0x7664aed0,0x78e80000)
 PSPermGen       total 16384K, used 11242K [0x6e600000, 0x6f600000, 0x76600000)
  object space 16384K, 68% used [0x6e600000,0x6f0fa9b8,0x6f600000)
}
Event: 1.804 GC heap before
{Heap before GC invocations=3 (full 0):
 PSYoungGen      total 18112K, used 18106K [0x9ee00000, 0xa1160000, 0xb3200000)
  eden space 15552K, 100% used [0x9ee00000,0x9fd30000,0x9fd30000)
  from space 2560K, 99% used [0x9ffb0000,0xa022eaa8,0xa0230000)
  to   space 2560K, 0% used [0x9fd30000,0x9fd30000,0x9ffb0000)
 ParOldGen       total 41472K, used 299K [0x76600000, 0x78e80000, 0x9ee00000)
  object space 41472K, 0% used [0x76600000,0x7664aed0,0x78e80000)
 PSPermGen       total 16384K, used 12053K [0x6e600000, 0x6f600000, 0x76600000)
  object space 16384K, 73% used [0x6e600000,0x6f1c5588,0x6f600000)
Event: 1.810 GC heap after
Heap after GC invocations=3 (full 0):
 PSYoungGen      total 18112K, used 2552K [0x9ee00000, 0xa1160000, 0xb3200000)
  eden space 15552K, 0% used [0x9ee00000,0x9ee00000,0x9fd30000)
  from space 2560K, 99% used [0x9fd30000,0x9ffae2b0,0x9ffb0000)
  to   space 2560K, 0% used [0xa0ee0000,0xa0ee0000,0xa1160000)
 ParOldGen       total 41472K, used 651K [0x76600000, 0x78e80000, 0x9ee00000)
  object space 41472K, 1% used [0x76600000,0x766a2ed0,0x78e80000)
 PSPermGen       total 16384K, used 12053K [0x6e600000, 0x6f600000, 0x76600000)
  object space 16384K, 73% used [0x6e600000,0x6f1c5588,0x6f600000)
}
Event: 2.523 GC heap before
{Heap before GC invocations=4 (full 0):
 PSYoungGen      total 18112K, used 18104K [0x9ee00000, 0xa1160000, 0xb3200000)
  eden space 15552K, 100% used [0x9ee00000,0x9fd30000,0x9fd30000)
  from space 2560K, 99% used [0x9fd30000,0x9ffae2b0,0x9ffb0000)
  to   space 2560K, 0% used [0xa0ee0000,0xa0ee0000,0xa1160000)
 ParOldGen       total 41472K, used 651K [0x76600000, 0x78e80000, 0x9ee00000)
  object space 41472K, 1% used [0x76600000,0x766a2ed0,0x78e80000)
 PSPermGen       total 16384K, used 13900K [0x6e600000, 0x6f600000, 0x76600000)
  object space 16384K, 84% used [0x6e600000,0x6f393160,0x6f600000)
Event: 2.531 GC heap after
Heap after GC invocations=4 (full 0):
 PSYoungGen      total 33664K, used 2546K [0x9ee00000, 0xa1160000, 0xb3200000)
  eden space 31104K, 0% used [0x9ee00000,0x9ee00000,0xa0c60000)
  from space 2560K, 99% used [0xa0ee0000,0xa115cac0,0xa1160000)
  to   space 2560K, 0% used [0xa0c60000,0xa0c60000,0xa0ee0000)
 ParOldGen       total 41472K, used 2217K [0x76600000, 0x78e80000, 0x9ee00000)
  object space 41472K, 5% used [0x76600000,0x7682a4e8,0x78e80000)
 PSPermGen       total 16384K, used 13900K [0x6e600000, 0x6f600000, 0x76600000)
  object space 16384K, 84% used [0x6e600000,0x6f393160,0x6f600000)
}
Event: 8.103 GC heap before
{Heap before GC invocations=5 (full 0):
 PSYoungGen      total 33664K, used 33650K [0x9ee00000, 0xa1160000, 0xb3200000)
  eden space 31104K, 100% used [0x9ee00000,0xa0c60000,0xa0c60000)
  from space 2560K, 99% used [0xa0ee0000,0xa115cac0,0xa1160000)
  to   space 2560K, 0% used [0xa0c60000,0xa0c60000,0xa0ee0000)
 ParOldGen       total 41472K, used 2217K [0x76600000, 0x78e80000, 0x9ee00000)
  object space 41472K, 5% used [0x76600000,0x7682a4e8,0x78e80000)
 PSPermGen       total 16384K, used 15012K [0x6e600000, 0x6f600000, 0x76600000)
  object space 16384K, 91% used [0x6e600000,0x6f4a9218,0x6f600000)
Event: 8.121 GC heap after
Heap after GC invocations=5 (full 0):
 PSYoungGen      total 33664K, used 2554K [0x9ee00000, 0xa34c0000, 0xb3200000)
  eden space 31104K, 0% used [0x9ee00000,0x9ee00000,0xa0c60000)
  from space 2560K, 99% used [0xa0c60000,0xa0edeab0,0xa0ee0000)
  to   space 5120K, 0% used [0xa2fc0000,0xa2fc0000,0xa34c0000)
 ParOldGen       total 41472K, used 4277K [0x76600000, 0x78e80000, 0x9ee00000)
  object space 41472K, 10% used [0x76600000,0x76a2d4b0,0x78e80000)
 PSPermGen       total 16384K, used 15012K [0x6e600000, 0x6f600000, 0x76600000)
  object space 16384K, 91% used [0x6e600000,0x6f4a9218,0x6f600000)
}

