# JRE version: 7.0_21-b02
# Java VM: OpenJDK Server VM (23.7-b01 mixed mode linux-x86 )
Heap
 PSYoungGen      total 25024K, used 8010K [0x9ef40000, 0xa15d0000, 0xb3340000)
  eden space 10944K, 70% used [0x9ef40000,0x9f6cd790,0x9f9f0000)
  from space 14080K, 1% used [0xa07e0000,0xa0825150,0xa15a0000)
  to   space 14272K, 0% used [0x9f9f0000,0x9f9f0000,0xa07e0000)
 ParOldGen       total 41472K, used 32292K [0x76740000, 0x78fc0000, 0x9ef40000)
  object space 41472K, 77% used [0x76740000,0x786c93e0,0x78fc0000)
 PSPermGen       total 16384K, used 15113K [0x6e740000, 0x6f740000, 0x76740000)
  object space 16384K, 92% used [0x6e740000,0x6f602538,0x6f740000)
GC Heap History (10 events):
Event: 497.889 GC heap before
{Heap before GC invocations=8 (full 0):
 PSYoungGen      total 24000K, used 23345K [0x9ef40000, 0xa1240000, 0xb3340000)
  eden space 14336K, 100% used [0x9ef40000,0x9fd40000,0x9fd40000)
  from space 9664K, 93% used [0x9fd90000,0xa065c7d0,0xa0700000)
  to   space 10752K, 0% used [0xa07c0000,0xa07c0000,0xa1240000)
 ParOldGen       total 41472K, used 16080K [0x76740000, 0x78fc0000, 0x9ef40000)
  object space 41472K, 38% used [0x76740000,0x776f4108,0x78fc0000)
 PSPermGen       total 16384K, used 14698K [0x6e740000, 0x6f740000, 0x76740000)
  object space 16384K, 89% used [0x6e740000,0x6f59a8d0,0x6f740000)
Event: 497.900 GC heap after
Heap after GC invocations=8 (full 0):
 PSYoungGen      total 22464K, used 10746K [0x9ef40000, 0xa1710000, 0xb3340000)
  eden space 11712K, 0% used [0x9ef40000,0x9ef40000,0x9fab0000)
  from space 10752K, 99% used [0xa07c0000,0xa123e818,0xa1240000)
  to   space 13376K, 0% used [0x9fab0000,0x9fab0000,0xa07c0000)
 ParOldGen       total 41472K, used 18640K [0x76740000, 0x78fc0000, 0x9ef40000)
  object space 41472K, 44% used [0x76740000,0x77974098,0x78fc0000)
 PSPermGen       total 16384K, used 14698K [0x6e740000, 0x6f740000, 0x76740000)
  object space 16384K, 89% used [0x6e740000,0x6f59a8d0,0x6f740000)
}
Event: 554.821 GC heap before
{Heap before GC invocations=9 (full 0):
 PSYoungGen      total 22464K, used 22458K [0x9ef40000, 0xa1710000, 0xb3340000)
  eden space 11712K, 100% used [0x9ef40000,0x9fab0000,0x9fab0000)
  from space 10752K, 99% used [0xa07c0000,0xa123e818,0xa1240000)
  to   space 13376K, 0% used [0x9fab0000,0x9fab0000,0xa07c0000)
 ParOldGen       total 41472K, used 18640K [0x76740000, 0x78fc0000, 0x9ef40000)
  object space 41472K, 44% used [0x76740000,0x779740f0,0x78fc0000)
 PSPermGen       total 16384K, used 14790K [0x6e740000, 0x6f740000, 0x76740000)
  object space 16384K, 90% used [0x6e740000,0x6f5b1bc0,0x6f740000)
Event: 554.827 GC heap after
Heap after GC invocations=9 (full 0):
 PSYoungGen      total 24896K, used 9211K [0x9ef40000, 0xa1500000, 0xb3340000)
  eden space 11520K, 0% used [0x9ef40000,0x9ef40000,0x9fa80000)
  from space 13376K, 68% used [0x9fab0000,0xa03aef98,0xa07c0000)
  to   space 13568K, 0% used [0xa07c0000,0xa07c0000,0xa1500000)
 ParOldGen       total 41472K, used 23348K [0x76740000, 0x78fc0000, 0x9ef40000)
  object space 41472K, 56% used [0x76740000,0x77e0d330,0x78fc0000)
 PSPermGen       total 16384K, used 14790K [0x6e740000, 0x6f740000, 0x76740000)
  object space 16384K, 90% used [0x6e740000,0x6f5b1bc0,0x6f740000)
}
Event: 560.838 GC heap before
{Heap before GC invocations=10 (full 0):
 PSYoungGen      total 24896K, used 20731K [0x9ef40000, 0xa1500000, 0xb3340000)
  eden space 11520K, 100% used [0x9ef40000,0x9fa80000,0x9fa80000)
  from space 13376K, 68% used [0x9fab0000,0xa03aef98,0xa07c0000)
  to   space 13568K, 0% used [0xa07c0000,0xa07c0000,0xa1500000)
 ParOldGen       total 41472K, used 23352K [0x76740000, 0x78fc0000, 0x9ef40000)
  object space 41472K, 56% used [0x76740000,0x77e0e1a8,0x78fc0000)
 PSPermGen       total 16384K, used 14960K [0x6e740000, 0x6f740000, 0x76740000)
  object space 16384K, 91% used [0x6e740000,0x6f5dc090,0x6f740000)
Event: 560.846 GC heap after
Heap after GC invocations=10 (full 0):
 PSYoungGen      total 24832K, used 3230K [0x9ef40000, 0xa14f0000, 0xb3340000)
  eden space 11328K, 0% used [0x9ef40000,0x9ef40000,0x9fa50000)
  from space 13504K, 23% used [0xa07c0000,0xa0ae7a18,0xa14f0000)
  to   space 13632K, 0% used [0x9fa50000,0x9fa50000,0xa07a0000)
 ParOldGen       total 41472K, used 29184K [0x76740000, 0x78fc0000, 0x9ef40000)
  object space 41472K, 70% used [0x76740000,0x783c00a0,0x78fc0000)
 PSPermGen       total 16384K, used 14960K [0x6e740000, 0x6f740000, 0x76740000)
  object space 16384K, 91% used [0x6e740000,0x6f5dc090,0x6f740000)
}
Event: 566.651 GC heap before
{Heap before GC invocations=11 (full 0):
 PSYoungGen      total 24832K, used 14558K [0x9ef40000, 0xa14f0000, 0xb3340000)
  eden space 11328K, 100% used [0x9ef40000,0x9fa50000,0x9fa50000)
  from space 13504K, 23% used [0xa07c0000,0xa0ae7a18,0xa14f0000)
  to   space 13632K, 0% used [0x9fa50000,0x9fa50000,0xa07a0000)
 ParOldGen       total 41472K, used 29184K [0x76740000, 0x78fc0000, 0x9ef40000)
  object space 41472K, 70% used [0x76740000,0x783c00a0,0x78fc0000)
 PSPermGen       total 16384K, used 15065K [0x6e740000, 0x6f740000, 0x76740000)
  object space 16384K, 91% used [0x6e740000,0x6f5f6748,0x6f740000)
Event: 566.656 GC heap after
Heap after GC invocations=11 (full 0):
 PSYoungGen      total 24768K, used 269K [0x9ef40000, 0xa15a0000, 0xb3340000)
  eden space 11136K, 0% used [0x9ef40000,0x9ef40000,0x9fa20000)
  from space 13632K, 1% used [0x9fa50000,0x9fa935b0,0xa07a0000)
  to   space 14080K, 0% used [0xa07e0000,0xa07e0000,0xa15a0000)
 ParOldGen       total 41472K, used 32230K [0x76740000, 0x78fc0000, 0x9ef40000)
  object space 41472K, 77% used [0x76740000,0x786b9880,0x78fc0000)
 PSPermGen       total 16384K, used 15065K [0x6e740000, 0x6f740000, 0x76740000)
  object space 16384K, 91% used [0x6e740000,0x6f5f6748,0x6f740000)
}
Event: 568.972 GC heap before
{Heap before GC invocations=12 (full 0):
 PSYoungGen      total 24768K, used 11405K [0x9ef40000, 0xa15a0000, 0xb3340000)
  eden space 11136K, 100% used [0x9ef40000,0x9fa20000,0x9fa20000)
  from space 13632K, 1% used [0x9fa50000,0x9fa935b0,0xa07a0000)
  to   space 14080K, 0% used [0xa07e0000,0xa07e0000,0xa15a0000)
 ParOldGen       total 41472K, used 32230K [0x76740000, 0x78fc0000, 0x9ef40000)
  object space 41472K, 77% used [0x76740000,0x786b9880,0x78fc0000)
 PSPermGen       total 16384K, used 15078K [0x6e740000, 0x6f740000, 0x76740000)
  object space 16384K, 92% used [0x6e740000,0x6f5f9b28,0x6f740000)
Event: 568.974 GC heap after
Heap after GC invocations=12 (full 0):
 PSYoungGen      total 25024K, used 276K [0x9ef40000, 0xa15d0000, 0xb3340000)
  eden space 10944K, 0% used [0x9ef40000,0x9ef40000,0x9f9f0000)
  from space 14080K, 1% used [0xa07e0000,0xa0825150,0xa15a0000)
  to   space 14272K, 0% used [0x9f9f0000,0x9f9f0000,0xa07e0000)
 ParOldGen       total 41472K, used 32292K [0x76740000, 0x78fc0000, 0x9ef40000)
  object space 41472K, 77% used [0x76740000,0x786c93e0,0x78fc0000)
 PSPermGen       total 16384K, used 15078K [0x6e740000, 0x6f740000, 0x76740000)
  object space 16384K, 92% used [0x6e740000,0x6f5f9b28,0x6f740000)
}

