# JRE version: 7.0_21-b02
# Java VM: OpenJDK Server VM (23.7-b01 mixed mode linux-x86 )
Heap
 PSYoungGen      total 19648K, used 1402K [0x9f040000, 0xa0a00000, 0xb3440000)
  eden space 13568K, 5% used [0x9f040000,0x9f100258,0x9fd80000)
  from space 6080K, 10% used [0xa0410000,0xa04ae690,0xa0a00000)
  to   space 6400K, 0% used [0x9fd80000,0x9fd80000,0xa03c0000)
 ParOldGen       total 41472K, used 8676K [0x76840000, 0x790c0000, 0x9f040000)
  object space 41472K, 20% used [0x76840000,0x770b9220,0x790c0000)
 PSPermGen       total 16384K, used 15090K [0x6e840000, 0x6f840000, 0x76840000)
  object space 16384K, 92% used [0x6e840000,0x6f6fc918,0x6f840000)
GC Heap History (10 events):
Event: 23.427 GC heap before
{Heap before GC invocations=6 (full 0):
 PSYoungGen      total 17728K, used 17727K [0x9f040000, 0xa0af0000, 0xb3440000)
  eden space 15168K, 100% used [0x9f040000,0x9ff10000,0x9ff10000)
  from space 2560K, 99% used [0x9ff70000,0xa01effe0,0xa01f0000)
  to   space 6080K, 0% used [0xa0500000,0xa0500000,0xa0af0000)
 ParOldGen       total 41472K, used 5941K [0x76840000, 0x790c0000, 0x9f040000)
  object space 41472K, 14% used [0x76840000,0x76e0d420,0x790c0000)
 PSPermGen       total 16384K, used 15028K [0x6e840000, 0x6f840000, 0x76840000)
  object space 16384K, 91% used [0x6e840000,0x6f6ed340,0x6f840000)
Event: 23.438 GC heap after
Heap after GC invocations=6 (full 0):
 PSYoungGen      total 20352K, used 2914K [0x9f040000, 0xa0a60000, 0xb3440000)
  eden space 14848K, 0% used [0x9f040000,0x9f040000,0x9fec0000)
  from space 5504K, 52% used [0xa0500000,0xa07d88d0,0xa0a60000)
  to   space 5952K, 0% used [0x9fec0000,0x9fec0000,0xa0490000)
 ParOldGen       total 41472K, used 5941K [0x76840000, 0x790c0000, 0x9f040000)
  object space 41472K, 14% used [0x76840000,0x76e0d420,0x790c0000)
 PSPermGen       total 16384K, used 15028K [0x6e840000, 0x6f840000, 0x76840000)
  object space 16384K, 91% used [0x6e840000,0x6f6ed340,0x6f840000)
}
Event: 28.004 GC heap before
{Heap before GC invocations=7 (full 0):
 PSYoungGen      total 20352K, used 17762K [0x9f040000, 0xa0a60000, 0xb3440000)
  eden space 14848K, 100% used [0x9f040000,0x9fec0000,0x9fec0000)
  from space 5504K, 52% used [0xa0500000,0xa07d88d0,0xa0a60000)
  to   space 5952K, 0% used [0x9fec0000,0x9fec0000,0xa0490000)
 ParOldGen       total 41472K, used 5941K [0x76840000, 0x790c0000, 0x9f040000)
  object space 41472K, 14% used [0x76840000,0x76e0d420,0x790c0000)
 PSPermGen       total 16384K, used 15058K [0x6e840000, 0x6f840000, 0x76840000)
  object space 16384K, 91% used [0x6e840000,0x6f6f4860,0x6f840000)
Event: 28.013 GC heap after
Heap after GC invocations=7 (full 0):
 PSYoungGen      total 20480K, used 667K [0x9f040000, 0xa0ab0000, 0xb3440000)
  eden space 14528K, 0% used [0x9f040000,0x9f040000,0x9fe70000)
  from space 5952K, 11% used [0x9fec0000,0x9ff66eb8,0xa0490000)
  to   space 6272K, 0% used [0xa0490000,0xa0490000,0xa0ab0000)
 ParOldGen       total 41472K, used 8294K [0x76840000, 0x790c0000, 0x9f040000)
  object space 41472K, 20% used [0x76840000,0x77059a50,0x790c0000)
 PSPermGen       total 16384K, used 15058K [0x6e840000, 0x6f840000, 0x76840000)
  object space 16384K, 91% used [0x6e840000,0x6f6f4860,0x6f840000)
}
Event: 29.108 GC heap before
{Heap before GC invocations=8 (full 0):
 PSYoungGen      total 20480K, used 15195K [0x9f040000, 0xa0ab0000, 0xb3440000)
  eden space 14528K, 100% used [0x9f040000,0x9fe70000,0x9fe70000)
  from space 5952K, 11% used [0x9fec0000,0x9ff66eb8,0xa0490000)
  to   space 6272K, 0% used [0xa0490000,0xa0490000,0xa0ab0000)
 ParOldGen       total 41472K, used 8294K [0x76840000, 0x790c0000, 0x9f040000)
  object space 41472K, 20% used [0x76840000,0x77059a50,0x790c0000)
 PSPermGen       total 16384K, used 15073K [0x6e840000, 0x6f840000, 0x76840000)
  object space 16384K, 91% used [0x6e840000,0x6f6f8488,0x6f840000)
Event: 29.113 GC heap after
Heap after GC invocations=8 (full 0):
 PSYoungGen      total 20416K, used 750K [0x9f040000, 0xa0aa0000, 0xb3440000)
  eden space 14208K, 0% used [0x9f040000,0x9f040000,0x9fe20000)
  from space 6208K, 12% used [0xa0490000,0xa054ba30,0xa0aa0000)
  to   space 6400K, 0% used [0x9fe20000,0x9fe20000,0xa0460000)
 ParOldGen       total 41472K, used 8370K [0x76840000, 0x790c0000, 0x9f040000)
  object space 41472K, 20% used [0x76840000,0x7706ca50,0x790c0000)
 PSPermGen       total 16384K, used 15073K [0x6e840000, 0x6f840000, 0x76840000)
  object space 16384K, 91% used [0x6e840000,0x6f6f8488,0x6f840000)
}
Event: 31.148 GC heap before
{Heap before GC invocations=9 (full 0):
 PSYoungGen      total 20416K, used 14958K [0x9f040000, 0xa0aa0000, 0xb3440000)
  eden space 14208K, 100% used [0x9f040000,0x9fe20000,0x9fe20000)
  from space 6208K, 12% used [0xa0490000,0xa054ba30,0xa0aa0000)
  to   space 6400K, 0% used [0x9fe20000,0x9fe20000,0xa0460000)
 ParOldGen       total 41472K, used 8370K [0x76840000, 0x790c0000, 0x9f040000)
  object space 41472K, 20% used [0x76840000,0x7706ca50,0x790c0000)
 PSPermGen       total 16384K, used 15082K [0x6e840000, 0x6f840000, 0x76840000)
  object space 16384K, 92% used [0x6e840000,0x6f6fa908,0x6f840000)
Event: 31.152 GC heap after
Heap after GC invocations=9 (full 0):
 PSYoungGen      total 14656K, used 707K [0x9f040000, 0xa0a50000, 0xb3440000)
  eden space 13888K, 0% used [0x9f040000,0x9f040000,0x9fdd0000)
  from space 768K, 92% used [0x9fe20000,0x9fed0fa8,0x9fee0000)
  to   space 6400K, 0% used [0xa0410000,0xa0410000,0xa0a50000)
 ParOldGen       total 41472K, used 8487K [0x76840000, 0x790c0000, 0x9f040000)
  object space 41472K, 20% used [0x76840000,0x77089fb0,0x790c0000)
 PSPermGen       total 16384K, used 15082K [0x6e840000, 0x6f840000, 0x76840000)
  object space 16384K, 92% used [0x6e840000,0x6f6fa908,0x6f840000)
}
Event: 33.155 GC heap before
{Heap before GC invocations=10 (full 0):
 PSYoungGen      total 14656K, used 14595K [0x9f040000, 0xa0a50000, 0xb3440000)
  eden space 13888K, 100% used [0x9f040000,0x9fdd0000,0x9fdd0000)
  from space 768K, 92% used [0x9fe20000,0x9fed0fa8,0x9fee0000)
  to   space 6400K, 0% used [0xa0410000,0xa0410000,0xa0a50000)
 ParOldGen       total 41472K, used 8487K [0x76840000, 0x790c0000, 0x9f040000)
  object space 41472K, 20% used [0x76840000,0x77089fb0,0x790c0000)
 PSPermGen       total 16384K, used 15089K [0x6e840000, 0x6f840000, 0x76840000)
  object space 16384K, 92% used [0x6e840000,0x6f6fc748,0x6f840000)
Event: 33.160 GC heap after
Heap after GC invocations=10 (full 0):
 PSYoungGen      total 19648K, used 633K [0x9f040000, 0xa0a00000, 0xb3440000)
  eden space 13568K, 0% used [0x9f040000,0x9f040000,0x9fd80000)
  from space 6080K, 10% used [0xa0410000,0xa04ae690,0xa0a00000)
  to   space 6400K, 0% used [0x9fd80000,0x9fd80000,0xa03c0000)
 ParOldGen       total 41472K, used 8676K [0x76840000, 0x790c0000, 0x9f040000)
  object space 41472K, 20% used [0x76840000,0x770b9220,0x790c0000)
 PSPermGen       total 16384K, used 15089K [0x6e840000, 0x6f840000, 0x76840000)
  object space 16384K, 92% used [0x6e840000,0x6f6fc748,0x6f840000)
}

