# JRE version: 7.0_21-b02
# Java VM: OpenJDK Server VM (23.7-b01 mixed mode linux-x86 )
Heap
 PSYoungGen      total 17728K, used 4099K [0x9f000000, 0xa0b10000, 0xb3400000)
  eden space 15168K, 10% used [0x9f000000,0x9f180e30,0x9fed0000)
  from space 2560K, 99% used [0x9ff30000,0xa01aff30,0xa01b0000)
  to   space 6272K, 0% used [0xa04f0000,0xa04f0000,0xa0b10000)
 ParOldGen       total 41472K, used 5495K [0x76800000, 0x79080000, 0x9f000000)
  object space 41472K, 13% used [0x76800000,0x76d5dd40,0x79080000)
 PSPermGen       total 16384K, used 14949K [0x6e800000, 0x6f800000, 0x76800000)
  object space 16384K, 91% used [0x6e800000,0x6f6995f0,0x6f800000)
GC Heap History (10 events):
Event: 1.341 GC heap before
{Heap before GC invocations=1 (full 0):
 PSYoungGen      total 18112K, used 15552K [0x9f000000, 0xa0430000, 0xb3400000)
  eden space 15552K, 100% used [0x9f000000,0x9ff30000,0x9ff30000)
  from space 2560K, 0% used [0xa01b0000,0xa01b0000,0xa0430000)
  to   space 2560K, 0% used [0x9ff30000,0x9ff30000,0xa01b0000)
 ParOldGen       total 41472K, used 0K [0x76800000, 0x79080000, 0x9f000000)
  object space 41472K, 0% used [0x76800000,0x76800000,0x79080000)
 PSPermGen       total 16384K, used 11903K [0x6e800000, 0x6f800000, 0x76800000)
  object space 16384K, 72% used [0x6e800000,0x6f39fd50,0x6f800000)
Event: 1.351 GC heap after
Heap after GC invocations=1 (full 0):
 PSYoungGen      total 18112K, used 2549K [0x9f000000, 0xa0430000, 0xb3400000)
  eden space 15552K, 0% used [0x9f000000,0x9f000000,0x9ff30000)
  from space 2560K, 99% used [0x9ff30000,0xa01ad5c0,0xa01b0000)
  to   space 2560K, 0% used [0xa01b0000,0xa01b0000,0xa0430000)
 ParOldGen       total 41472K, used 1313K [0x76800000, 0x79080000, 0x9f000000)
  object space 41472K, 3% used [0x76800000,0x76948648,0x79080000)
 PSPermGen       total 16384K, used 11903K [0x6e800000, 0x6f800000, 0x76800000)
  object space 16384K, 72% used [0x6e800000,0x6f39fd50,0x6f800000)
}
Event: 2.308 GC heap before
{Heap before GC invocations=2 (full 0):
 PSYoungGen      total 18112K, used 18101K [0x9f000000, 0xa0430000, 0xb3400000)
  eden space 15552K, 100% used [0x9f000000,0x9ff30000,0x9ff30000)
  from space 2560K, 99% used [0x9ff30000,0xa01ad5c0,0xa01b0000)
  to   space 2560K, 0% used [0xa01b0000,0xa01b0000,0xa0430000)
 ParOldGen       total 41472K, used 1313K [0x76800000, 0x79080000, 0x9f000000)
  object space 41472K, 3% used [0x76800000,0x76948648,0x79080000)
 PSPermGen       total 16384K, used 14365K [0x6e800000, 0x6f800000, 0x76800000)
  object space 16384K, 87% used [0x6e800000,0x6f607560,0x6f800000)
Event: 2.322 GC heap after
Heap after GC invocations=2 (full 0):
 PSYoungGen      total 18112K, used 2559K [0x9f000000, 0xa1360000, 0xb3400000)
  eden space 15552K, 0% used [0x9f000000,0x9f000000,0x9ff30000)
  from space 2560K, 99% used [0xa01b0000,0xa042fee0,0xa0430000)
  to   space 2560K, 0% used [0x9ff30000,0x9ff30000,0xa01b0000)
 ParOldGen       total 41472K, used 4598K [0x76800000, 0x79080000, 0x9f000000)
  object space 41472K, 11% used [0x76800000,0x76c7d958,0x79080000)
 PSPermGen       total 16384K, used 14365K [0x6e800000, 0x6f800000, 0x76800000)
  object space 16384K, 87% used [0x6e800000,0x6f607560,0x6f800000)
}
Event: 10.607 GC heap before
{Heap before GC invocations=3 (full 0):
 PSYoungGen      total 18112K, used 18111K [0x9f000000, 0xa1360000, 0xb3400000)
  eden space 15552K, 100% used [0x9f000000,0x9ff30000,0x9ff30000)
  from space 2560K, 99% used [0xa01b0000,0xa042fee0,0xa0430000)
  to   space 2560K, 0% used [0x9ff30000,0x9ff30000,0xa01b0000)
 ParOldGen       total 41472K, used 4598K [0x76800000, 0x79080000, 0x9f000000)
  object space 41472K, 11% used [0x76800000,0x76c7d958,0x79080000)
 PSPermGen       total 16384K, used 14786K [0x6e800000, 0x6f800000, 0x76800000)
  object space 16384K, 90% used [0x6e800000,0x6f670b60,0x6f800000)
Event: 10.618 GC heap after
Heap after GC invocations=3 (full 0):
 PSYoungGen      total 18112K, used 2547K [0x9f000000, 0xa0430000, 0xb3400000)
  eden space 15552K, 0% used [0x9f000000,0x9f000000,0x9ff30000)
  from space 2560K, 99% used [0x9ff30000,0xa01accd0,0xa01b0000)
  to   space 2560K, 0% used [0xa01b0000,0xa01b0000,0xa0430000)
 ParOldGen       total 41472K, used 5205K [0x76800000, 0x79080000, 0x9f000000)
  object space 41472K, 12% used [0x76800000,0x76d15560,0x79080000)
 PSPermGen       total 16384K, used 14786K [0x6e800000, 0x6f800000, 0x76800000)
  object space 16384K, 90% used [0x6e800000,0x6f670b60,0x6f800000)
}
Event: 16.073 GC heap before
{Heap before GC invocations=4 (full 0):
 PSYoungGen      total 18112K, used 18099K [0x9f000000, 0xa0430000, 0xb3400000)
  eden space 15552K, 100% used [0x9f000000,0x9ff30000,0x9ff30000)
  from space 2560K, 99% used [0x9ff30000,0xa01accd0,0xa01b0000)
  to   space 2560K, 0% used [0xa01b0000,0xa01b0000,0xa0430000)
 ParOldGen       total 41472K, used 5205K [0x76800000, 0x79080000, 0x9f000000)
  object space 41472K, 12% used [0x76800000,0x76d15560,0x79080000)
 PSPermGen       total 16384K, used 14940K [0x6e800000, 0x6f800000, 0x76800000)
  object space 16384K, 91% used [0x6e800000,0x6f6970c0,0x6f800000)
Event: 16.090 GC heap after
Heap after GC invocations=4 (full 0):
 PSYoungGen      total 18112K, used 2555K [0x9f000000, 0xa0430000, 0xb3400000)
  eden space 15552K, 0% used [0x9f000000,0x9f000000,0x9ff30000)
  from space 2560K, 99% used [0xa01b0000,0xa042ecc0,0xa0430000)
  to   space 2560K, 0% used [0x9ff30000,0x9ff30000,0xa01b0000)
 ParOldGen       total 41472K, used 5343K [0x76800000, 0x79080000, 0x9f000000)
  object space 41472K, 12% used [0x76800000,0x76d37d40,0x79080000)
 PSPermGen       total 16384K, used 14940K [0x6e800000, 0x6f800000, 0x76800000)
  object space 16384K, 91% used [0x6e800000,0x6f6970c0,0x6f800000)
}
Event: 18.557 GC heap before
{Heap before GC invocations=5 (full 0):
 PSYoungGen      total 18112K, used 18107K [0x9f000000, 0xa0430000, 0xb3400000)
  eden space 15552K, 100% used [0x9f000000,0x9ff30000,0x9ff30000)
  from space 2560K, 99% used [0xa01b0000,0xa042ecc0,0xa0430000)
  to   space 2560K, 0% used [0x9ff30000,0x9ff30000,0xa01b0000)
 ParOldGen       total 41472K, used 5343K [0x76800000, 0x79080000, 0x9f000000)
  object space 41472K, 12% used [0x76800000,0x76d37d40,0x79080000)
 PSPermGen       total 16384K, used 14949K [0x6e800000, 0x6f800000, 0x76800000)
  object space 16384K, 91% used [0x6e800000,0x6f6995f0,0x6f800000)
Event: 18.567 GC heap after
Heap after GC invocations=5 (full 0):
 PSYoungGen      total 17728K, used 2559K [0x9f000000, 0xa0b10000, 0xb3400000)
  eden space 15168K, 0% used [0x9f000000,0x9f000000,0x9fed0000)
  from space 2560K, 99% used [0x9ff30000,0xa01aff30,0xa01b0000)
  to   space 6272K, 0% used [0xa04f0000,0xa04f0000,0xa0b10000)
 ParOldGen       total 41472K, used 5495K [0x76800000, 0x79080000, 0x9f000000)
  object space 41472K, 13% used [0x76800000,0x76d5dd40,0x79080000)
 PSPermGen       total 16384K, used 14949K [0x6e800000, 0x6f800000, 0x76800000)
  object space 16384K, 91% used [0x6e800000,0x6f6995f0,0x6f800000)
}

