# JRE version: 7.0_21-b02
# Java VM: OpenJDK Server VM (23.7-b01 mixed mode linux-x86 )
Heap
 PSYoungGen      total 18112K, used 9685K [0x9f010000, 0xa0440000, 0xb3410000)
  eden space 15552K, 45% used [0x9f010000,0x9f708408,0x9ff40000)
  from space 2560K, 99% used [0xa01c0000,0xa043d348,0xa0440000)
  to   space 2560K, 0% used [0x9ff40000,0x9ff40000,0xa01c0000)
 ParOldGen       total 41472K, used 4054K [0x76810000, 0x79090000, 0x9f010000)
  object space 41472K, 9% used [0x76810000,0x76c05a08,0x79090000)
 PSPermGen       total 16384K, used 14863K [0x6e810000, 0x6f810000, 0x76810000)
  object space 16384K, 90% used [0x6e810000,0x6f693e20,0x6f810000)
GC Heap History (4 events):
Event: 1.376 GC heap before
{Heap before GC invocations=1 (full 0):
 PSYoungGen      total 18112K, used 15552K [0x9f010000, 0xa0440000, 0xb3410000)
  eden space 15552K, 100% used [0x9f010000,0x9ff40000,0x9ff40000)
  from space 2560K, 0% used [0xa01c0000,0xa01c0000,0xa0440000)
  to   space 2560K, 0% used [0x9ff40000,0x9ff40000,0xa01c0000)
 ParOldGen       total 41472K, used 0K [0x76810000, 0x79090000, 0x9f010000)
  object space 41472K, 0% used [0x76810000,0x76810000,0x79090000)
 PSPermGen       total 16384K, used 11078K [0x6e810000, 0x6f810000, 0x76810000)
  object space 16384K, 67% used [0x6e810000,0x6f2e1b98,0x6f810000)
Event: 1.386 GC heap after
Heap after GC invocations=1 (full 0):
 PSYoungGen      total 18112K, used 2547K [0x9f010000, 0xa0440000, 0xb3410000)
  eden space 15552K, 0% used [0x9f010000,0x9f010000,0x9ff40000)
  from space 2560K, 99% used [0x9ff40000,0xa01bcf40,0xa01c0000)
  to   space 2560K, 0% used [0xa01c0000,0xa01c0000,0xa0440000)
 ParOldGen       total 41472K, used 1192K [0x76810000, 0x79090000, 0x9f010000)
  object space 41472K, 2% used [0x76810000,0x7693a290,0x79090000)
 PSPermGen       total 16384K, used 11078K [0x6e810000, 0x6f810000, 0x76810000)
  object space 16384K, 67% used [0x6e810000,0x6f2e1b98,0x6f810000)
}
Event: 7.288 GC heap before
{Heap before GC invocations=2 (full 0):
 PSYoungGen      total 18112K, used 18099K [0x9f010000, 0xa0440000, 0xb3410000)
  eden space 15552K, 100% used [0x9f010000,0x9ff40000,0x9ff40000)
  from space 2560K, 99% used [0x9ff40000,0xa01bcf40,0xa01c0000)
  to   space 2560K, 0% used [0xa01c0000,0xa01c0000,0xa0440000)
 ParOldGen       total 41472K, used 1192K [0x76810000, 0x79090000, 0x9f010000)
  object space 41472K, 2% used [0x76810000,0x7693a290,0x79090000)
 PSPermGen       total 16384K, used 14518K [0x6e810000, 0x6f810000, 0x76810000)
  object space 16384K, 88% used [0x6e810000,0x6f63d830,0x6f810000)
Event: 7.298 GC heap after
Heap after GC invocations=2 (full 0):
 PSYoungGen      total 18112K, used 2548K [0x9f010000, 0xa0440000, 0xb3410000)
  eden space 15552K, 0% used [0x9f010000,0x9f010000,0x9ff40000)
  from space 2560K, 99% used [0xa01c0000,0xa043d348,0xa0440000)
  to   space 2560K, 0% used [0x9ff40000,0x9ff40000,0xa01c0000)
 ParOldGen       total 41472K, used 4054K [0x76810000, 0x79090000, 0x9f010000)
  object space 41472K, 9% used [0x76810000,0x76c05a08,0x79090000)
 PSPermGen       total 16384K, used 14518K [0x6e810000, 0x6f810000, 0x76810000)
  object space 16384K, 88% used [0x6e810000,0x6f63d830,0x6f810000)
}

