# JRE version: 7.0_21-b02
# Java VM: OpenJDK Server VM (23.7-b01 mixed mode linux-x86 )
Heap
 PSYoungGen      total 27328K, used 6712K [0x9efd0000, 0xa1f60000, 0xb33d0000)
  eden space 26688K, 22% used [0x9efd0000,0x9f5c4a28,0xa09e0000)
  from space 640K, 95% used [0xa1580000,0xa16196c0,0xa1620000)
  to   space 5184K, 0% used [0xa1a50000,0xa1a50000,0xa1f60000)
 ParOldGen       total 41472K, used 7086K [0x767d0000, 0x79050000, 0x9efd0000)
  object space 41472K, 17% used [0x767d0000,0x76ebbbf8,0x79050000)
 PSPermGen       total 16384K, used 15060K [0x6e7d0000, 0x6f7d0000, 0x767d0000)
  object space 16384K, 91% used [0x6e7d0000,0x6f685238,0x6f7d0000)
GC Heap History (10 events):
Event: 26.310 GC heap before
{Heap before GC invocations=9 (full 0):
 PSYoungGen      total 35520K, used 30512K [0x9efd0000, 0xa1830000, 0xb33d0000)
  eden space 30272K, 100% used [0x9efd0000,0xa0d60000,0xa0d60000)
  from space 5248K, 4% used [0xa12b0000,0xa12ec000,0xa17d0000)
  to   space 5440K, 0% used [0xa0d60000,0xa0d60000,0xa12b0000)
 ParOldGen       total 41472K, used 6648K [0x767d0000, 0x79050000, 0x9efd0000)
  object space 41472K, 16% used [0x767d0000,0x76e4e1d0,0x79050000)
 PSPermGen       total 16384K, used 14894K [0x6e7d0000, 0x6f7d0000, 0x767d0000)
  object space 16384K, 90% used [0x6e7d0000,0x6f65ba08,0x6f7d0000)
Event: 26.313 GC heap after
Heap after GC invocations=9 (full 0):
 PSYoungGen      total 35712K, used 416K [0x9efd0000, 0xa2a00000, 0xb33d0000)
  eden space 30272K, 0% used [0x9efd0000,0x9efd0000,0xa0d60000)
  from space 5440K, 7% used [0xa0d60000,0xa0dc8000,0xa12b0000)
  to   space 5568K, 0% used [0xa2490000,0xa2490000,0xa2a00000)
 ParOldGen       total 41472K, used 6660K [0x767d0000, 0x79050000, 0x9efd0000)
  object space 41472K, 16% used [0x767d0000,0x76e511d0,0x79050000)
 PSPermGen       total 16384K, used 14894K [0x6e7d0000, 0x6f7d0000, 0x767d0000)
  object space 16384K, 90% used [0x6e7d0000,0x6f65ba08,0x6f7d0000)
}
Event: 34.333 GC heap before
{Heap before GC invocations=10 (full 0):
 PSYoungGen      total 35712K, used 30688K [0x9efd0000, 0xa2a00000, 0xb33d0000)
  eden space 30272K, 100% used [0x9efd0000,0xa0d60000,0xa0d60000)
  from space 5440K, 7% used [0xa0d60000,0xa0dc8000,0xa12b0000)
  to   space 5568K, 0% used [0xa2490000,0xa2490000,0xa2a00000)
 ParOldGen       total 41472K, used 6660K [0x767d0000, 0x79050000, 0x9efd0000)
  object space 41472K, 16% used [0x767d0000,0x76e511d0,0x79050000)
 PSPermGen       total 16384K, used 14941K [0x6e7d0000, 0x6f7d0000, 0x767d0000)
  object space 16384K, 91% used [0x6e7d0000,0x6f6675d0,0x6f7d0000)
Event: 34.340 GC heap after
Heap after GC invocations=10 (full 0):
 PSYoungGen      total 29760K, used 443K [0x9efd0000, 0xa2500000, 0xb33d0000)
  eden space 29312K, 0% used [0x9efd0000,0x9efd0000,0xa0c70000)
  from space 448K, 98% used [0xa2490000,0xa24fedd0,0xa2500000)
  to   space 5568K, 0% used [0xa1a20000,0xa1a20000,0xa1f90000)
 ParOldGen       total 41472K, used 6668K [0x767d0000, 0x79050000, 0x9efd0000)
  object space 41472K, 16% used [0x767d0000,0x76e531d0,0x79050000)
 PSPermGen       total 16384K, used 14941K [0x6e7d0000, 0x6f7d0000, 0x767d0000)
  object space 16384K, 91% used [0x6e7d0000,0x6f6675d0,0x6f7d0000)
}
Event: 49.749 GC heap before
{Heap before GC invocations=11 (full 0):
 PSYoungGen      total 29760K, used 29755K [0x9efd0000, 0xa2500000, 0xb33d0000)
  eden space 29312K, 100% used [0x9efd0000,0xa0c70000,0xa0c70000)
  from space 448K, 98% used [0xa2490000,0xa24fedd0,0xa2500000)
  to   space 5568K, 0% used [0xa1a20000,0xa1a20000,0xa1f90000)
 ParOldGen       total 41472K, used 6668K [0x767d0000, 0x79050000, 0x9efd0000)
  object space 41472K, 16% used [0x767d0000,0x76e531d0,0x79050000)
 PSPermGen       total 16384K, used 15022K [0x6e7d0000, 0x6f7d0000, 0x767d0000)
  object space 16384K, 91% used [0x6e7d0000,0x6f67b9a0,0x6f7d0000)
Event: 49.756 GC heap after
Heap after GC invocations=11 (full 0):
 PSYoungGen      total 29056K, used 605K [0x9efd0000, 0xa24a0000, 0xb33d0000)
  eden space 28416K, 0% used [0x9efd0000,0x9efd0000,0xa0b90000)
  from space 640K, 94% used [0xa1a20000,0xa1ab7458,0xa1ac0000)
  to   space 5440K, 0% used [0xa1f50000,0xa1f50000,0xa24a0000)
 ParOldGen       total 41472K, used 6715K [0x767d0000, 0x79050000, 0x9efd0000)
  object space 41472K, 16% used [0x767d0000,0x76e5ed70,0x79050000)
 PSPermGen       total 16384K, used 15022K [0x6e7d0000, 0x6f7d0000, 0x767d0000)
  object space 16384K, 91% used [0x6e7d0000,0x6f67b9a0,0x6f7d0000)
}
Event: 57.036 GC heap before
{Heap before GC invocations=12 (full 0):
 PSYoungGen      total 29056K, used 29021K [0x9efd0000, 0xa24a0000, 0xb33d0000)
  eden space 28416K, 100% used [0x9efd0000,0xa0b90000,0xa0b90000)
  from space 640K, 94% used [0xa1a20000,0xa1ab7458,0xa1ac0000)
  to   space 5440K, 0% used [0xa1f50000,0xa1f50000,0xa24a0000)
 ParOldGen       total 41472K, used 6715K [0x767d0000, 0x79050000, 0x9efd0000)
  object space 41472K, 16% used [0x767d0000,0x76e5ed70,0x79050000)
 PSPermGen       total 16384K, used 15046K [0x6e7d0000, 0x6f7d0000, 0x767d0000)
  object space 16384K, 91% used [0x6e7d0000,0x6f681b88,0x6f7d0000)
Event: 57.039 GC heap after
Heap after GC invocations=12 (full 0):
 PSYoungGen      total 28224K, used 644K [0x9efd0000, 0xa2000000, 0xb33d0000)
  eden space 27520K, 0% used [0x9efd0000,0x9efd0000,0xa0ab0000)
  from space 704K, 91% used [0xa1f50000,0xa1ff1270,0xa2000000)
  to   space 5376K, 0% used [0xa1580000,0xa1580000,0xa1ac0000)
 ParOldGen       total 41472K, used 6938K [0x767d0000, 0x79050000, 0x9efd0000)
  object space 41472K, 16% used [0x767d0000,0x76e96888,0x79050000)
 PSPermGen       total 16384K, used 15046K [0x6e7d0000, 0x6f7d0000, 0x767d0000)
  object space 16384K, 91% used [0x6e7d0000,0x6f681b88,0x6f7d0000)
}
Event: 61.463 GC heap before
{Heap before GC invocations=13 (full 0):
 PSYoungGen      total 28224K, used 28164K [0x9efd0000, 0xa2000000, 0xb33d0000)
  eden space 27520K, 100% used [0x9efd0000,0xa0ab0000,0xa0ab0000)
  from space 704K, 91% used [0xa1f50000,0xa1ff1270,0xa2000000)
  to   space 5376K, 0% used [0xa1580000,0xa1580000,0xa1ac0000)
 ParOldGen       total 41472K, used 6938K [0x767d0000, 0x79050000, 0x9efd0000)
  object space 41472K, 16% used [0x767d0000,0x76e96888,0x79050000)
 PSPermGen       total 16384K, used 15058K [0x6e7d0000, 0x6f7d0000, 0x767d0000)
  object space 16384K, 91% used [0x6e7d0000,0x6f684990,0x6f7d0000)
Event: 61.466 GC heap after
Heap after GC invocations=13 (full 0):
 PSYoungGen      total 27328K, used 613K [0x9efd0000, 0xa1f60000, 0xb33d0000)
  eden space 26688K, 0% used [0x9efd0000,0x9efd0000,0xa09e0000)
  from space 640K, 95% used [0xa1580000,0xa16196c0,0xa1620000)
  to   space 5184K, 0% used [0xa1a50000,0xa1a50000,0xa1f60000)
 ParOldGen       total 41472K, used 7086K [0x767d0000, 0x79050000, 0x9efd0000)
  object space 41472K, 17% used [0x767d0000,0x76ebbbf8,0x79050000)
 PSPermGen       total 16384K, used 15058K [0x6e7d0000, 0x6f7d0000, 0x767d0000)
  object space 16384K, 91% used [0x6e7d0000,0x6f684990,0x6f7d0000)
}

