# JRE version: 7.0_21-b02
# Java VM: OpenJDK Server VM (23.7-b01 mixed mode linux-x86 )
Heap
 PSYoungGen      total 17728K, used 3205K [0x9f000000, 0xa0a90000, 0xb3400000)
  eden space 15168K, 4% used [0x9f000000,0x9f0a1fa0,0x9fed0000)
  from space 2560K, 99% used [0x9ff30000,0xa01af758,0xa01b0000)
  to   space 6016K, 0% used [0xa04b0000,0xa04b0000,0xa0a90000)
 ParOldGen       total 41472K, used 6511K [0x76800000, 0x79080000, 0x9f000000)
  object space 41472K, 15% used [0x76800000,0x76e5bf20,0x79080000)
 PSPermGen       total 16384K, used 14887K [0x6e800000, 0x6f800000, 0x76800000)
  object space 16384K, 90% used [0x6e800000,0x6f689f70,0x6f800000)
GC Heap History (10 events):
Event: 1.397 GC heap before
{Heap before GC invocations=1 (full 0):
 PSYoungGen      total 18112K, used 15552K [0x9f000000, 0xa0430000, 0xb3400000)
  eden space 15552K, 100% used [0x9f000000,0x9ff30000,0x9ff30000)
  from space 2560K, 0% used [0xa01b0000,0xa01b0000,0xa0430000)
  to   space 2560K, 0% used [0x9ff30000,0x9ff30000,0xa01b0000)
 ParOldGen       total 41472K, used 0K [0x76800000, 0x79080000, 0x9f000000)
  object space 41472K, 0% used [0x76800000,0x76800000,0x79080000)
 PSPermGen       total 16384K, used 11903K [0x6e800000, 0x6f800000, 0x76800000)
  object space 16384K, 72% used [0x6e800000,0x6f39fd50,0x6f800000)
Event: 1.407 GC heap after
Heap after GC invocations=1 (full 0):
 PSYoungGen      total 18112K, used 2549K [0x9f000000, 0xa0430000, 0xb3400000)
  eden space 15552K, 0% used [0x9f000000,0x9f000000,0x9ff30000)
  from space 2560K, 99% used [0x9ff30000,0xa01ad5c0,0xa01b0000)
  to   space 2560K, 0% used [0xa01b0000,0xa01b0000,0xa0430000)
 ParOldGen       total 41472K, used 1311K [0x76800000, 0x79080000, 0x9f000000)
  object space 41472K, 3% used [0x76800000,0x76947db8,0x79080000)
 PSPermGen       total 16384K, used 11903K [0x6e800000, 0x6f800000, 0x76800000)
  object space 16384K, 72% used [0x6e800000,0x6f39fd50,0x6f800000)
}
Event: 2.322 GC heap before
{Heap before GC invocations=2 (full 0):
 PSYoungGen      total 18112K, used 18101K [0x9f000000, 0xa0430000, 0xb3400000)
  eden space 15552K, 100% used [0x9f000000,0x9ff30000,0x9ff30000)
  from space 2560K, 99% used [0x9ff30000,0xa01ad5c0,0xa01b0000)
  to   space 2560K, 0% used [0xa01b0000,0xa01b0000,0xa0430000)
 ParOldGen       total 41472K, used 1311K [0x76800000, 0x79080000, 0x9f000000)
  object space 41472K, 3% used [0x76800000,0x76947db8,0x79080000)
 PSPermGen       total 16384K, used 14440K [0x6e800000, 0x6f800000, 0x76800000)
  object space 16384K, 88% used [0x6e800000,0x6f61a3e8,0x6f800000)
Event: 2.341 GC heap after
Heap after GC invocations=2 (full 0):
 PSYoungGen      total 18112K, used 2558K [0x9f000000, 0xa1360000, 0xb3400000)
  eden space 15552K, 0% used [0x9f000000,0x9f000000,0x9ff30000)
  from space 2560K, 99% used [0xa01b0000,0xa042f9a8,0xa0430000)
  to   space 2560K, 0% used [0x9ff30000,0x9ff30000,0xa01b0000)
 ParOldGen       total 41472K, used 4435K [0x76800000, 0x79080000, 0x9f000000)
  object space 41472K, 10% used [0x76800000,0x76c54e40,0x79080000)
 PSPermGen       total 16384K, used 14440K [0x6e800000, 0x6f800000, 0x76800000)
  object space 16384K, 88% used [0x6e800000,0x6f61a3e8,0x6f800000)
}
Event: 9.279 GC heap before
{Heap before GC invocations=3 (full 0):
 PSYoungGen      total 18112K, used 18110K [0x9f000000, 0xa1360000, 0xb3400000)
  eden space 15552K, 100% used [0x9f000000,0x9ff30000,0x9ff30000)
  from space 2560K, 99% used [0xa01b0000,0xa042f9a8,0xa0430000)
  to   space 2560K, 0% used [0x9ff30000,0x9ff30000,0xa01b0000)
 ParOldGen       total 41472K, used 4435K [0x76800000, 0x79080000, 0x9f000000)
  object space 41472K, 10% used [0x76800000,0x76c54e40,0x79080000)
 PSPermGen       total 16384K, used 14843K [0x6e800000, 0x6f800000, 0x76800000)
  object space 16384K, 90% used [0x6e800000,0x6f67ee08,0x6f800000)
Event: 9.286 GC heap after
Heap after GC invocations=3 (full 0):
 PSYoungGen      total 18112K, used 2554K [0x9f000000, 0xa0430000, 0xb3400000)
  eden space 15552K, 0% used [0x9f000000,0x9f000000,0x9ff30000)
  from space 2560K, 99% used [0x9ff30000,0xa01ae9a0,0xa01b0000)
  to   space 2560K, 0% used [0xa01b0000,0xa01b0000,0xa0430000)
 ParOldGen       total 41472K, used 5642K [0x76800000, 0x79080000, 0x9f000000)
  object space 41472K, 13% used [0x76800000,0x76d82888,0x79080000)
 PSPermGen       total 16384K, used 14843K [0x6e800000, 0x6f800000, 0x76800000)
  object space 16384K, 90% used [0x6e800000,0x6f67ee08,0x6f800000)
}
Event: 12.004 GC heap before
{Heap before GC invocations=4 (full 0):
 PSYoungGen      total 18112K, used 18106K [0x9f000000, 0xa0430000, 0xb3400000)
  eden space 15552K, 100% used [0x9f000000,0x9ff30000,0x9ff30000)
  from space 2560K, 99% used [0x9ff30000,0xa01ae9a0,0xa01b0000)
  to   space 2560K, 0% used [0xa01b0000,0xa01b0000,0xa0430000)
 ParOldGen       total 41472K, used 5642K [0x76800000, 0x79080000, 0x9f000000)
  object space 41472K, 13% used [0x76800000,0x76d82888,0x79080000)
 PSPermGen       total 16384K, used 14874K [0x6e800000, 0x6f800000, 0x76800000)
  object space 16384K, 90% used [0x6e800000,0x6f686bd0,0x6f800000)
Event: 12.010 GC heap after
Heap after GC invocations=4 (full 0):
 PSYoungGen      total 18112K, used 2551K [0x9f000000, 0xa0430000, 0xb3400000)
  eden space 15552K, 0% used [0x9f000000,0x9f000000,0x9ff30000)
  from space 2560K, 99% used [0xa01b0000,0xa042ddc0,0xa0430000)
  to   space 2560K, 0% used [0x9ff30000,0x9ff30000,0xa01b0000)
 ParOldGen       total 41472K, used 6149K [0x76800000, 0x79080000, 0x9f000000)
  object space 41472K, 14% used [0x76800000,0x76e01710,0x79080000)
 PSPermGen       total 16384K, used 14874K [0x6e800000, 0x6f800000, 0x76800000)
  object space 16384K, 90% used [0x6e800000,0x6f686bd0,0x6f800000)
}
Event: 13.498 GC heap before
{Heap before GC invocations=5 (full 0):
 PSYoungGen      total 18112K, used 18103K [0x9f000000, 0xa0430000, 0xb3400000)
  eden space 15552K, 100% used [0x9f000000,0x9ff30000,0x9ff30000)
  from space 2560K, 99% used [0xa01b0000,0xa042ddc0,0xa0430000)
  to   space 2560K, 0% used [0x9ff30000,0x9ff30000,0xa01b0000)
 ParOldGen       total 41472K, used 6149K [0x76800000, 0x79080000, 0x9f000000)
  object space 41472K, 14% used [0x76800000,0x76e01710,0x79080000)
 PSPermGen       total 16384K, used 14886K [0x6e800000, 0x6f800000, 0x76800000)
  object space 16384K, 90% used [0x6e800000,0x6f689bc0,0x6f800000)
Event: 13.507 GC heap after
Heap after GC invocations=5 (full 0):
 PSYoungGen      total 17728K, used 2557K [0x9f000000, 0xa0a90000, 0xb3400000)
  eden space 15168K, 0% used [0x9f000000,0x9f000000,0x9fed0000)
  from space 2560K, 99% used [0x9ff30000,0xa01af758,0xa01b0000)
  to   space 6016K, 0% used [0xa04b0000,0xa04b0000,0xa0a90000)
 ParOldGen       total 41472K, used 6511K [0x76800000, 0x79080000, 0x9f000000)
  object space 41472K, 15% used [0x76800000,0x76e5bf20,0x79080000)
 PSPermGen       total 16384K, used 14886K [0x6e800000, 0x6f800000, 0x76800000)
  object space 16384K, 90% used [0x6e800000,0x6f689bc0,0x6f800000)
}

