# JRE version: 7.0_21-b02
# Java VM: OpenJDK Server VM (23.7-b01 mixed mode linux-x86 )
Heap
 PSYoungGen      total 5440K, used 1994K [0x9efe0000, 0x9f580000, 0xb33e0000)
  eden space 5120K, 35% used [0x9efe0000,0x9f1a3d28,0x9f4e0000)
  from space 320K, 58% used [0x9f4e0000,0x9f50edd0,0x9f530000)
  to   space 320K, 0% used [0x9f530000,0x9f530000,0x9f580000)
 ParOldGen       total 41472K, used 17283K [0x767e0000, 0x79060000, 0x9efe0000)
  object space 41472K, 41% used [0x767e0000,0x778c0ea8,0x79060000)
 PSPermGen       total 16384K, used 15468K [0x6e7e0000, 0x6f7e0000, 0x767e0000)
  object space 16384K, 94% used [0x6e7e0000,0x6f6fb2b0,0x6f7e0000)
GC Heap History (10 events):
Event: 892.190 GC heap before
{Heap before GC invocations=87 (full 0):
 PSYoungGen      total 5504K, used 5259K [0x9efe0000, 0x9f5a0000, 0xb33e0000)
  eden space 5120K, 100% used [0x9efe0000,0x9f4e0000,0x9f4e0000)
  from space 384K, 36% used [0x9f540000,0x9f562dd0,0x9f5a0000)
  to   space 384K, 0% used [0x9f4e0000,0x9f4e0000,0x9f540000)
 ParOldGen       total 41472K, used 17133K [0x767e0000, 0x79060000, 0x9efe0000)
  object space 41472K, 41% used [0x767e0000,0x7789b488,0x79060000)
 PSPermGen       total 16384K, used 15465K [0x6e7e0000, 0x6f7e0000, 0x767e0000)
  object space 16384K, 94% used [0x6e7e0000,0x6f6fa788,0x6f7e0000)
Event: 892.192 GC heap after
Heap after GC invocations=87 (full 0):
 PSYoungGen      total 5504K, used 139K [0x9efe0000, 0x9f5a0000, 0xb33e0000)
  eden space 5120K, 0% used [0x9efe0000,0x9efe0000,0x9f4e0000)
  from space 384K, 36% used [0x9f4e0000,0x9f502dd0,0x9f540000)
  to   space 384K, 0% used [0x9f540000,0x9f540000,0x9f5a0000)
 ParOldGen       total 41472K, used 17164K [0x767e0000, 0x79060000, 0x9efe0000)
  object space 41472K, 41% used [0x767e0000,0x778a3028,0x79060000)
 PSPermGen       total 16384K, used 15465K [0x6e7e0000, 0x6f7e0000, 0x767e0000)
  object space 16384K, 94% used [0x6e7e0000,0x6f6fa788,0x6f7e0000)
}
Event: 898.147 GC heap before
{Heap before GC invocations=88 (full 0):
 PSYoungGen      total 5504K, used 5259K [0x9efe0000, 0x9f5a0000, 0xb33e0000)
  eden space 5120K, 100% used [0x9efe0000,0x9f4e0000,0x9f4e0000)
  from space 384K, 36% used [0x9f4e0000,0x9f502dd0,0x9f540000)
  to   space 384K, 0% used [0x9f540000,0x9f540000,0x9f5a0000)
 ParOldGen       total 41472K, used 17164K [0x767e0000, 0x79060000, 0x9efe0000)
  object space 41472K, 41% used [0x767e0000,0x778a3028,0x79060000)
 PSPermGen       total 16384K, used 15466K [0x6e7e0000, 0x6f7e0000, 0x767e0000)
  object space 16384K, 94% used [0x6e7e0000,0x6f6fa8a8,0x6f7e0000)
Event: 898.150 GC heap after
Heap after GC invocations=88 (full 0):
 PSYoungGen      total 5376K, used 139K [0x9efe0000, 0x9f580000, 0xb33e0000)
  eden space 5120K, 0% used [0x9efe0000,0x9efe0000,0x9f4e0000)
  from space 256K, 54% used [0x9f540000,0x9f562dd0,0x9f580000)
  to   space 320K, 0% used [0x9f4e0000,0x9f4e0000,0x9f530000)
 ParOldGen       total 41472K, used 17190K [0x767e0000, 0x79060000, 0x9efe0000)
  object space 41472K, 41% used [0x767e0000,0x778a9bc8,0x79060000)
 PSPermGen       total 16384K, used 15466K [0x6e7e0000, 0x6f7e0000, 0x767e0000)
  object space 16384K, 94% used [0x6e7e0000,0x6f6fa8a8,0x6f7e0000)
}
Event: 904.129 GC heap before
{Heap before GC invocations=89 (full 0):
 PSYoungGen      total 5376K, used 5259K [0x9efe0000, 0x9f580000, 0xb33e0000)
  eden space 5120K, 100% used [0x9efe0000,0x9f4e0000,0x9f4e0000)
  from space 256K, 54% used [0x9f540000,0x9f562dd0,0x9f580000)
  to   space 320K, 0% used [0x9f4e0000,0x9f4e0000,0x9f530000)
 ParOldGen       total 41472K, used 17190K [0x767e0000, 0x79060000, 0x9efe0000)
  object space 41472K, 41% used [0x767e0000,0x778a9bc8,0x79060000)
 PSPermGen       total 16384K, used 15466K [0x6e7e0000, 0x6f7e0000, 0x767e0000)
  object space 16384K, 94% used [0x6e7e0000,0x6f6fa8a8,0x6f7e0000)
Event: 904.131 GC heap after
Heap after GC invocations=89 (full 0):
 PSYoungGen      total 5440K, used 118K [0x9efe0000, 0x9f580000, 0xb33e0000)
  eden space 5120K, 0% used [0x9efe0000,0x9efe0000,0x9f4e0000)
  from space 320K, 37% used [0x9f4e0000,0x9f4fdba0,0x9f530000)
  to   space 320K, 0% used [0x9f530000,0x9f530000,0x9f580000)
 ParOldGen       total 41472K, used 17225K [0x767e0000, 0x79060000, 0x9efe0000)
  object space 41472K, 41% used [0x767e0000,0x778b2768,0x79060000)
 PSPermGen       total 16384K, used 15466K [0x6e7e0000, 0x6f7e0000, 0x767e0000)
  object space 16384K, 94% used [0x6e7e0000,0x6f6fa8a8,0x6f7e0000)
}
Event: 909.951 GC heap before
{Heap before GC invocations=90 (full 0):
 PSYoungGen      total 5440K, used 5238K [0x9efe0000, 0x9f580000, 0xb33e0000)
  eden space 5120K, 100% used [0x9efe0000,0x9f4e0000,0x9f4e0000)
  from space 320K, 37% used [0x9f4e0000,0x9f4fdba0,0x9f530000)
  to   space 320K, 0% used [0x9f530000,0x9f530000,0x9f580000)
 ParOldGen       total 41472K, used 17225K [0x767e0000, 0x79060000, 0x9efe0000)
  object space 41472K, 41% used [0x767e0000,0x778b2768,0x79060000)
 PSPermGen       total 16384K, used 15467K [0x6e7e0000, 0x6f7e0000, 0x767e0000)
  object space 16384K, 94% used [0x6e7e0000,0x6f6fac98,0x6f7e0000)
Event: 909.955 GC heap after
Heap after GC invocations=90 (full 0):
 PSYoungGen      total 5440K, used 107K [0x9efe0000, 0x9f580000, 0xb33e0000)
  eden space 5120K, 0% used [0x9efe0000,0x9efe0000,0x9f4e0000)
  from space 320K, 33% used [0x9f530000,0x9f54add0,0x9f580000)
  to   space 320K, 0% used [0x9f4e0000,0x9f4e0000,0x9f530000)
 ParOldGen       total 41472K, used 17256K [0x767e0000, 0x79060000, 0x9efe0000)
  object space 41472K, 41% used [0x767e0000,0x778ba308,0x79060000)
 PSPermGen       total 16384K, used 15467K [0x6e7e0000, 0x6f7e0000, 0x767e0000)
  object space 16384K, 94% used [0x6e7e0000,0x6f6fac98,0x6f7e0000)
}
Event: 913.232 GC heap before
{Heap before GC invocations=91 (full 0):
 PSYoungGen      total 5440K, used 5227K [0x9efe0000, 0x9f580000, 0xb33e0000)
  eden space 5120K, 100% used [0x9efe0000,0x9f4e0000,0x9f4e0000)
  from space 320K, 33% used [0x9f530000,0x9f54add0,0x9f580000)
  to   space 320K, 0% used [0x9f4e0000,0x9f4e0000,0x9f530000)
 ParOldGen       total 41472K, used 17256K [0x767e0000, 0x79060000, 0x9efe0000)
  object space 41472K, 41% used [0x767e0000,0x778ba308,0x79060000)
 PSPermGen       total 16384K, used 15468K [0x6e7e0000, 0x6f7e0000, 0x767e0000)
  object space 16384K, 94% used [0x6e7e0000,0x6f6fb158,0x6f7e0000)
Event: 913.233 GC heap after
Heap after GC invocations=91 (full 0):
 PSYoungGen      total 5440K, used 187K [0x9efe0000, 0x9f580000, 0xb33e0000)
  eden space 5120K, 0% used [0x9efe0000,0x9efe0000,0x9f4e0000)
  from space 320K, 58% used [0x9f4e0000,0x9f50edd0,0x9f530000)
  to   space 320K, 0% used [0x9f530000,0x9f530000,0x9f580000)
 ParOldGen       total 41472K, used 17283K [0x767e0000, 0x79060000, 0x9efe0000)
  object space 41472K, 41% used [0x767e0000,0x778c0ea8,0x79060000)
 PSPermGen       total 16384K, used 15468K [0x6e7e0000, 0x6f7e0000, 0x767e0000)
  object space 16384K, 94% used [0x6e7e0000,0x6f6fb158,0x6f7e0000)
}

