# JRE version: 7.0_21-b02
# Java VM: OpenJDK Server VM (23.7-b01 mixed mode linux-x86 )
Heap
 PSYoungGen      total 12608K, used 8055K [0x9f040000, 0xa0780000, 0xb3440000)
  eden space 12288K, 63% used [0x9f040000,0x9f7d73d0,0x9fc40000)
  from space 320K, 88% used [0x9fc80000,0x9fcc6b60,0x9fcd0000)
  to   space 5760K, 0% used [0xa01e0000,0xa01e0000,0xa0780000)
 ParOldGen       total 41472K, used 8976K [0x76840000, 0x790c0000, 0x9f040000)
  object space 41472K, 21% used [0x76840000,0x77104208,0x790c0000)
 PSPermGen       total 16384K, used 15109K [0x6e840000, 0x6f840000, 0x76840000)
  object space 16384K, 92% used [0x6e840000,0x6f7015f0,0x6f840000)
GC Heap History (10 events):
Event: 64.623 GC heap before
{Heap before GC invocations=11 (full 0):
 PSYoungGen      total 19712K, used 13907K [0x9f040000, 0xa0a20000, 0xb3440000)
  eden space 13568K, 100% used [0x9f040000,0x9fd80000,0x9fd80000)
  from space 6144K, 5% used [0xa0420000,0xa0474ee0,0xa0a20000)
  to   space 6464K, 0% used [0x9fd80000,0x9fd80000,0xa03d0000)
 ParOldGen       total 41472K, used 8591K [0x76840000, 0x790c0000, 0x9f040000)
  object space 41472K, 20% used [0x76840000,0x770a3cf8,0x790c0000)
 PSPermGen       total 16384K, used 15078K [0x6e840000, 0x6f840000, 0x76840000)
  object space 16384K, 92% used [0x6e840000,0x6f6f9aa8,0x6f840000)
Event: 64.627 GC heap after
Heap after GC invocations=11 (full 0):
 PSYoungGen      total 13632K, used 310K [0x9f040000, 0xa09c0000, 0xb3440000)
  eden space 13312K, 0% used [0x9f040000,0x9f040000,0x9fd40000)
  from space 320K, 96% used [0x9fd80000,0x9fdcd930,0x9fdd0000)
  to   space 6400K, 0% used [0xa0380000,0xa0380000,0xa09c0000)
 ParOldGen       total 41472K, used 8707K [0x76840000, 0x790c0000, 0x9f040000)
  object space 41472K, 20% used [0x76840000,0x770c0d28,0x790c0000)
 PSPermGen       total 16384K, used 15078K [0x6e840000, 0x6f840000, 0x76840000)
  object space 16384K, 92% used [0x6e840000,0x6f6f9aa8,0x6f840000)
}
Event: 66.302 GC heap before
{Heap before GC invocations=12 (full 0):
 PSYoungGen      total 13632K, used 13622K [0x9f040000, 0xa09c0000, 0xb3440000)
  eden space 13312K, 100% used [0x9f040000,0x9fd40000,0x9fd40000)
  from space 320K, 96% used [0x9fd80000,0x9fdcd930,0x9fdd0000)
  to   space 6400K, 0% used [0xa0380000,0xa0380000,0xa09c0000)
 ParOldGen       total 41472K, used 8707K [0x76840000, 0x790c0000, 0x9f040000)
  object space 41472K, 20% used [0x76840000,0x770c0d28,0x790c0000)
 PSPermGen       total 16384K, used 15082K [0x6e840000, 0x6f840000, 0x76840000)
  object space 16384K, 92% used [0x6e840000,0x6f6fa838,0x6f840000)
Event: 66.307 GC heap after
Heap after GC invocations=12 (full 0):
 PSYoungGen      total 18944K, used 333K [0x9f040000, 0xa0940000, 0xb3440000)
  eden space 13056K, 0% used [0x9f040000,0x9f040000,0x9fd00000)
  from space 5888K, 5% used [0xa0380000,0xa03d35b0,0xa0940000)
  to   space 6272K, 0% used [0x9fd00000,0x9fd00000,0xa0320000)
 ParOldGen       total 41472K, used 8797K [0x76840000, 0x790c0000, 0x9f040000)
  object space 41472K, 21% used [0x76840000,0x770d7438,0x790c0000)
 PSPermGen       total 16384K, used 15082K [0x6e840000, 0x6f840000, 0x76840000)
  object space 16384K, 92% used [0x6e840000,0x6f6fa838,0x6f840000)
}
Event: 67.171 GC heap before
{Heap before GC invocations=13 (full 0):
 PSYoungGen      total 18944K, used 13389K [0x9f040000, 0xa0940000, 0xb3440000)
  eden space 13056K, 100% used [0x9f040000,0x9fd00000,0x9fd00000)
  from space 5888K, 5% used [0xa0380000,0xa03d35b0,0xa0940000)
  to   space 6272K, 0% used [0x9fd00000,0x9fd00000,0xa0320000)
 ParOldGen       total 41472K, used 8797K [0x76840000, 0x790c0000, 0x9f040000)
  object space 41472K, 21% used [0x76840000,0x770d7438,0x790c0000)
 PSPermGen       total 16384K, used 15085K [0x6e840000, 0x6f840000, 0x76840000)
  object space 16384K, 92% used [0x6e840000,0x6f6fb658,0x6f840000)
Event: 67.174 GC heap after
Heap after GC invocations=13 (full 0):
 PSYoungGen      total 13184K, used 336K [0x9f040000, 0xa08c0000, 0xb3440000)
  eden space 12800K, 0% used [0x9f040000,0x9f040000,0x9fcc0000)
  from space 384K, 87% used [0x9fd00000,0x9fd54000,0x9fd60000)
  to   space 6144K, 0% used [0xa02c0000,0xa02c0000,0xa08c0000)
 ParOldGen       total 41472K, used 8853K [0x76840000, 0x790c0000, 0x9f040000)
  object space 41472K, 21% used [0x76840000,0x770e5548,0x790c0000)
 PSPermGen       total 16384K, used 15085K [0x6e840000, 0x6f840000, 0x76840000)
  object space 16384K, 92% used [0x6e840000,0x6f6fb658,0x6f840000)
}
Event: 68.825 GC heap before
{Heap before GC invocations=14 (full 0):
 PSYoungGen      total 13184K, used 13136K [0x9f040000, 0xa08c0000, 0xb3440000)
  eden space 12800K, 100% used [0x9f040000,0x9fcc0000,0x9fcc0000)
  from space 384K, 87% used [0x9fd00000,0x9fd54000,0x9fd60000)
  to   space 6144K, 0% used [0xa02c0000,0xa02c0000,0xa08c0000)
 ParOldGen       total 41472K, used 8853K [0x76840000, 0x790c0000, 0x9f040000)
  object space 41472K, 21% used [0x76840000,0x770e5548,0x790c0000)
 PSPermGen       total 16384K, used 15091K [0x6e840000, 0x6f840000, 0x76840000)
  object space 16384K, 92% used [0x6e840000,0x6f6fcc00,0x6f840000)
Event: 68.829 GC heap after
Heap after GC invocations=14 (full 0):
 PSYoungGen      total 18048K, used 343K [0x9f040000, 0xa0820000, 0xb3440000)
  eden space 12544K, 0% used [0x9f040000,0x9f040000,0x9fc80000)
  from space 5504K, 6% used [0xa02c0000,0xa0315cc0,0xa0820000)
  to   space 5952K, 0% used [0x9fc80000,0x9fc80000,0xa0250000)
 ParOldGen       total 41472K, used 8869K [0x76840000, 0x790c0000, 0x9f040000)
  object space 41472K, 21% used [0x76840000,0x770e9548,0x790c0000)
 PSPermGen       total 16384K, used 15091K [0x6e840000, 0x6f840000, 0x76840000)
  object space 16384K, 92% used [0x6e840000,0x6f6fcc00,0x6f840000)
}
Event: 77.159 GC heap before
{Heap before GC invocations=15 (full 0):
 PSYoungGen      total 18048K, used 12887K [0x9f040000, 0xa0820000, 0xb3440000)
  eden space 12544K, 100% used [0x9f040000,0x9fc80000,0x9fc80000)
  from space 5504K, 6% used [0xa02c0000,0xa0315cc0,0xa0820000)
  to   space 5952K, 0% used [0x9fc80000,0x9fc80000,0xa0250000)
 ParOldGen       total 41472K, used 8869K [0x76840000, 0x790c0000, 0x9f040000)
  object space 41472K, 21% used [0x76840000,0x770e9548,0x790c0000)
 PSPermGen       total 16384K, used 15104K [0x6e840000, 0x6f840000, 0x76840000)
  object space 16384K, 92% used [0x6e840000,0x6f7000d0,0x6f840000)
Event: 77.162 GC heap after
Heap after GC invocations=15 (full 0):
 PSYoungGen      total 12608K, used 282K [0x9f040000, 0xa0780000, 0xb3440000)
  eden space 12288K, 0% used [0x9f040000,0x9f040000,0x9fc40000)
  from space 320K, 88% used [0x9fc80000,0x9fcc6b60,0x9fcd0000)
  to   space 5760K, 0% used [0xa01e0000,0xa01e0000,0xa0780000)
 ParOldGen       total 41472K, used 8976K [0x76840000, 0x790c0000, 0x9f040000)
  object space 41472K, 21% used [0x76840000,0x77104208,0x790c0000)
 PSPermGen       total 16384K, used 15104K [0x6e840000, 0x6f840000, 0x76840000)
  object space 16384K, 92% used [0x6e840000,0x6f7000d0,0x6f840000)
}

