# JRE version: 7.0_21-b02
# Java VM: OpenJDK Server VM (23.7-b01 mixed mode linux-x86 )
Heap
 PSYoungGen      total 20544K, used 10039K [0x9f040000, 0xa0ae0000, 0xb3440000)
  eden space 14208K, 68% used [0x9f040000,0x9f9c0d08,0x9fe20000)
  from space 6336K, 4% used [0xa04b0000,0xa04fd150,0xa0ae0000)
  to   space 6528K, 0% used [0x9fe20000,0x9fe20000,0xa0480000)
 ParOldGen       total 41472K, used 7969K [0x76840000, 0x790c0000, 0x9f040000)
  object space 41472K, 19% used [0x76840000,0x77008618,0x790c0000)
 PSPermGen       total 16384K, used 15090K [0x6e840000, 0x6f840000, 0x76840000)
  object space 16384K, 92% used [0x6e840000,0x6f6fc970,0x6f840000)
GC Heap History (10 events):
Event: 15.316 GC heap before
{Heap before GC invocations=4 (full 0):
 PSYoungGen      total 18112K, used 18099K [0x9f040000, 0xa0470000, 0xb3440000)
  eden space 15552K, 100% used [0x9f040000,0x9ff70000,0x9ff70000)
  from space 2560K, 99% used [0x9ff70000,0xa01ecde0,0xa01f0000)
  to   space 2560K, 0% used [0xa01f0000,0xa01f0000,0xa0470000)
 ParOldGen       total 41472K, used 5189K [0x76840000, 0x790c0000, 0x9f040000)
  object space 41472K, 12% used [0x76840000,0x76d51500,0x790c0000)
 PSPermGen       total 16384K, used 14901K [0x6e840000, 0x6f840000, 0x76840000)
  object space 16384K, 90% used [0x6e840000,0x6f6cd750,0x6f840000)
Event: 15.322 GC heap after
Heap after GC invocations=4 (full 0):
 PSYoungGen      total 18112K, used 2558K [0x9f040000, 0xa0470000, 0xb3440000)
  eden space 15552K, 0% used [0x9f040000,0x9f040000,0x9ff70000)
  from space 2560K, 99% used [0xa01f0000,0xa046f920,0xa0470000)
  to   space 2560K, 0% used [0x9ff70000,0x9ff70000,0xa01f0000)
 ParOldGen       total 41472K, used 5431K [0x76840000, 0x790c0000, 0x9f040000)
  object space 41472K, 13% used [0x76840000,0x76d8dce0,0x790c0000)
 PSPermGen       total 16384K, used 14901K [0x6e840000, 0x6f840000, 0x76840000)
  object space 16384K, 90% used [0x6e840000,0x6f6cd750,0x6f840000)
}
Event: 20.138 GC heap before
{Heap before GC invocations=5 (full 0):
 PSYoungGen      total 18112K, used 18110K [0x9f040000, 0xa0470000, 0xb3440000)
  eden space 15552K, 100% used [0x9f040000,0x9ff70000,0x9ff70000)
  from space 2560K, 99% used [0xa01f0000,0xa046f920,0xa0470000)
  to   space 2560K, 0% used [0x9ff70000,0x9ff70000,0xa01f0000)
 ParOldGen       total 41472K, used 5431K [0x76840000, 0x790c0000, 0x9f040000)
  object space 41472K, 13% used [0x76840000,0x76d8dce0,0x790c0000)
 PSPermGen       total 16384K, used 14916K [0x6e840000, 0x6f840000, 0x76840000)
  object space 16384K, 91% used [0x6e840000,0x6f6d1118,0x6f840000)
Event: 20.153 GC heap after
Heap after GC invocations=5 (full 0):
 PSYoungGen      total 17728K, used 2548K [0x9f040000, 0xa0b30000, 0xb3440000)
  eden space 15168K, 0% used [0x9f040000,0x9f040000,0x9ff10000)
  from space 2560K, 99% used [0x9ff70000,0xa01ed130,0xa01f0000)
  to   space 6208K, 0% used [0xa0520000,0xa0520000,0xa0b30000)
 ParOldGen       total 41472K, used 5551K [0x76840000, 0x790c0000, 0x9f040000)
  object space 41472K, 13% used [0x76840000,0x76dabce0,0x790c0000)
 PSPermGen       total 16384K, used 14916K [0x6e840000, 0x6f840000, 0x76840000)
  object space 16384K, 91% used [0x6e840000,0x6f6d1118,0x6f840000)
}
Event: 26.194 GC heap before
{Heap before GC invocations=6 (full 0):
 PSYoungGen      total 17728K, used 17716K [0x9f040000, 0xa0b30000, 0xb3440000)
  eden space 15168K, 100% used [0x9f040000,0x9ff10000,0x9ff10000)
  from space 2560K, 99% used [0x9ff70000,0xa01ed130,0xa01f0000)
  to   space 6208K, 0% used [0xa0520000,0xa0520000,0xa0b30000)
 ParOldGen       total 41472K, used 5551K [0x76840000, 0x790c0000, 0x9f040000)
  object space 41472K, 13% used [0x76840000,0x76dabce0,0x790c0000)
 PSPermGen       total 16384K, used 14967K [0x6e840000, 0x6f840000, 0x76840000)
  object space 16384K, 91% used [0x6e840000,0x6f6ddff0,0x6f840000)
Event: 26.203 GC heap after
Heap after GC invocations=6 (full 0):
 PSYoungGen      total 20480K, used 2669K [0x9f040000, 0xa0aa0000, 0xb3440000)
  eden space 14848K, 0% used [0x9f040000,0x9f040000,0x9fec0000)
  from space 5632K, 47% used [0xa0520000,0xa07bb4d0,0xa0aa0000)
  to   space 6080K, 0% used [0x9fec0000,0x9fec0000,0xa04b0000)
 ParOldGen       total 41472K, used 5555K [0x76840000, 0x790c0000, 0x9f040000)
  object space 41472K, 13% used [0x76840000,0x76dacce0,0x790c0000)
 PSPermGen       total 16384K, used 14967K [0x6e840000, 0x6f840000, 0x76840000)
  object space 16384K, 91% used [0x6e840000,0x6f6ddff0,0x6f840000)
}
Event: 35.364 GC heap before
{Heap before GC invocations=7 (full 0):
 PSYoungGen      total 20480K, used 17517K [0x9f040000, 0xa0aa0000, 0xb3440000)
  eden space 14848K, 100% used [0x9f040000,0x9fec0000,0x9fec0000)
  from space 5632K, 47% used [0xa0520000,0xa07bb4d0,0xa0aa0000)
  to   space 6080K, 0% used [0x9fec0000,0x9fec0000,0xa04b0000)
 ParOldGen       total 41472K, used 5555K [0x76840000, 0x790c0000, 0x9f040000)
  object space 41472K, 13% used [0x76840000,0x76dacce0,0x790c0000)
 PSPermGen       total 16384K, used 15057K [0x6e840000, 0x6f840000, 0x76840000)
  object space 16384K, 91% used [0x6e840000,0x6f6f4780,0x6f840000)
Event: 35.378 GC heap after
Heap after GC invocations=7 (full 0):
 PSYoungGen      total 20608K, used 409K [0x9f040000, 0xa0af0000, 0xb3440000)
  eden space 14528K, 0% used [0x9f040000,0x9f040000,0x9fe70000)
  from space 6080K, 6% used [0x9fec0000,0x9ff26710,0xa04b0000)
  to   space 6400K, 0% used [0xa04b0000,0xa04b0000,0xa0af0000)
 ParOldGen       total 41472K, used 7917K [0x76840000, 0x790c0000, 0x9f040000)
  object space 41472K, 19% used [0x76840000,0x76ffb618,0x790c0000)
 PSPermGen       total 16384K, used 15057K [0x6e840000, 0x6f840000, 0x76840000)
  object space 16384K, 91% used [0x6e840000,0x6f6f4780,0x6f840000)
}
Event: 51.458 GC heap before
{Heap before GC invocations=8 (full 0):
 PSYoungGen      total 20608K, used 14937K [0x9f040000, 0xa0af0000, 0xb3440000)
  eden space 14528K, 100% used [0x9f040000,0x9fe70000,0x9fe70000)
  from space 6080K, 6% used [0x9fec0000,0x9ff26710,0xa04b0000)
  to   space 6400K, 0% used [0xa04b0000,0xa04b0000,0xa0af0000)
 ParOldGen       total 41472K, used 7917K [0x76840000, 0x790c0000, 0x9f040000)
  object space 41472K, 19% used [0x76840000,0x76ffb618,0x790c0000)
 PSPermGen       total 16384K, used 15074K [0x6e840000, 0x6f840000, 0x76840000)
  object space 16384K, 92% used [0x6e840000,0x6f6f89b8,0x6f840000)
Event: 51.460 GC heap after
Heap after GC invocations=8 (full 0):
 PSYoungGen      total 20544K, used 308K [0x9f040000, 0xa0ae0000, 0xb3440000)
  eden space 14208K, 0% used [0x9f040000,0x9f040000,0x9fe20000)
  from space 6336K, 4% used [0xa04b0000,0xa04fd150,0xa0ae0000)
  to   space 6528K, 0% used [0x9fe20000,0x9fe20000,0xa0480000)
 ParOldGen       total 41472K, used 7969K [0x76840000, 0x790c0000, 0x9f040000)
  object space 41472K, 19% used [0x76840000,0x77008618,0x790c0000)
 PSPermGen       total 16384K, used 15074K [0x6e840000, 0x6f840000, 0x76840000)
  object space 16384K, 92% used [0x6e840000,0x6f6f89b8,0x6f840000)
}

