# JRE version: 7.0_21-b02
# Java VM: OpenJDK Server VM (23.7-b01 mixed mode linux-x86 )
Heap
 PSYoungGen      total 17728K, used 13732K [0x9efc0000, 0xa0830000, 0xb33c0000)
  eden space 15168K, 73% used [0x9efc0000,0x9faa98a8,0x9fe90000)
  from space 2560K, 99% used [0x9fef0000,0xa016fa68,0xa0170000)
  to   space 4928K, 0% used [0xa0360000,0xa0360000,0xa0830000)
 ParOldGen       total 41472K, used 4757K [0x767c0000, 0x79040000, 0x9efc0000)
  object space 41472K, 11% used [0x767c0000,0x76c65428,0x79040000)
 PSPermGen       total 16384K, used 14872K [0x6e7c0000, 0x6f7c0000, 0x767c0000)
  object space 16384K, 90% used [0x6e7c0000,0x6f646270,0x6f7c0000)
GC Heap History (10 events):
Event: 1.270 GC heap before
{Heap before GC invocations=1 (full 0):
 PSYoungGen      total 18112K, used 15552K [0x9efc0000, 0xa03f0000, 0xb33c0000)
  eden space 15552K, 100% used [0x9efc0000,0x9fef0000,0x9fef0000)
  from space 2560K, 0% used [0xa0170000,0xa0170000,0xa03f0000)
  to   space 2560K, 0% used [0x9fef0000,0x9fef0000,0xa0170000)
 ParOldGen       total 41472K, used 0K [0x767c0000, 0x79040000, 0x9efc0000)
  object space 41472K, 0% used [0x767c0000,0x767c0000,0x79040000)
 PSPermGen       total 16384K, used 11902K [0x6e7c0000, 0x6f7c0000, 0x767c0000)
  object space 16384K, 72% used [0x6e7c0000,0x6f35fad8,0x6f7c0000)
Event: 1.279 GC heap after
Heap after GC invocations=1 (full 0):
 PSYoungGen      total 18112K, used 2549K [0x9efc0000, 0xa03f0000, 0xb33c0000)
  eden space 15552K, 0% used [0x9efc0000,0x9efc0000,0x9fef0000)
  from space 2560K, 99% used [0x9fef0000,0xa016d5c0,0xa0170000)
  to   space 2560K, 0% used [0xa0170000,0xa0170000,0xa03f0000)
 ParOldGen       total 41472K, used 1295K [0x767c0000, 0x79040000, 0x9efc0000)
  object space 41472K, 3% used [0x767c0000,0x76903d28,0x79040000)
 PSPermGen       total 16384K, used 11902K [0x6e7c0000, 0x6f7c0000, 0x767c0000)
  object space 16384K, 72% used [0x6e7c0000,0x6f35fad8,0x6f7c0000)
}
Event: 2.369 GC heap before
{Heap before GC invocations=2 (full 0):
 PSYoungGen      total 18112K, used 18101K [0x9efc0000, 0xa03f0000, 0xb33c0000)
  eden space 15552K, 100% used [0x9efc0000,0x9fef0000,0x9fef0000)
  from space 2560K, 99% used [0x9fef0000,0xa016d5c0,0xa0170000)
  to   space 2560K, 0% used [0xa0170000,0xa0170000,0xa03f0000)
 ParOldGen       total 41472K, used 1295K [0x767c0000, 0x79040000, 0x9efc0000)
  object space 41472K, 3% used [0x767c0000,0x76903d28,0x79040000)
 PSPermGen       total 16384K, used 14531K [0x6e7c0000, 0x6f7c0000, 0x767c0000)
  object space 16384K, 88% used [0x6e7c0000,0x6f5f0da8,0x6f7c0000)
Event: 2.379 GC heap after
Heap after GC invocations=2 (full 0):
 PSYoungGen      total 18112K, used 2546K [0x9efc0000, 0xa03f0000, 0xb33c0000)
  eden space 15552K, 0% used [0x9efc0000,0x9efc0000,0x9fef0000)
  from space 2560K, 99% used [0xa0170000,0xa03ecab8,0xa03f0000)
  to   space 2560K, 0% used [0x9fef0000,0x9fef0000,0xa0170000)
 ParOldGen       total 41472K, used 3359K [0x767c0000, 0x79040000, 0x9efc0000)
  object space 41472K, 8% used [0x767c0000,0x76b07ce0,0x79040000)
 PSPermGen       total 16384K, used 14531K [0x6e7c0000, 0x6f7c0000, 0x767c0000)
  object space 16384K, 88% used [0x6e7c0000,0x6f5f0da8,0x6f7c0000)
}
Event: 6.429 GC heap before
{Heap before GC invocations=3 (full 0):
 PSYoungGen      total 18112K, used 18098K [0x9efc0000, 0xa03f0000, 0xb33c0000)
  eden space 15552K, 100% used [0x9efc0000,0x9fef0000,0x9fef0000)
  from space 2560K, 99% used [0xa0170000,0xa03ecab8,0xa03f0000)
  to   space 2560K, 0% used [0x9fef0000,0x9fef0000,0xa0170000)
 ParOldGen       total 41472K, used 3359K [0x767c0000, 0x79040000, 0x9efc0000)
  object space 41472K, 8% used [0x767c0000,0x76b07ce0,0x79040000)
 PSPermGen       total 16384K, used 14846K [0x6e7c0000, 0x6f7c0000, 0x767c0000)
  object space 16384K, 90% used [0x6e7c0000,0x6f63fbe0,0x6f7c0000)
Event: 6.438 GC heap after
Heap after GC invocations=3 (full 0):
 PSYoungGen      total 18112K, used 2550K [0x9efc0000, 0xa03f0000, 0xb33c0000)
  eden space 15552K, 0% used [0x9efc0000,0x9efc0000,0x9fef0000)
  from space 2560K, 99% used [0x9fef0000,0xa016da58,0xa0170000)
  to   space 2560K, 0% used [0xa0170000,0xa0170000,0xa03f0000)
 ParOldGen       total 41472K, used 3986K [0x767c0000, 0x79040000, 0x9efc0000)
  object space 41472K, 9% used [0x767c0000,0x76ba4820,0x79040000)
 PSPermGen       total 16384K, used 14846K [0x6e7c0000, 0x6f7c0000, 0x767c0000)
  object space 16384K, 90% used [0x6e7c0000,0x6f63fbe0,0x6f7c0000)
}
Event: 8.376 GC heap before
{Heap before GC invocations=4 (full 0):
 PSYoungGen      total 18112K, used 18102K [0x9efc0000, 0xa03f0000, 0xb33c0000)
  eden space 15552K, 100% used [0x9efc0000,0x9fef0000,0x9fef0000)
  from space 2560K, 99% used [0x9fef0000,0xa016da58,0xa0170000)
  to   space 2560K, 0% used [0xa0170000,0xa0170000,0xa03f0000)
 ParOldGen       total 41472K, used 3986K [0x767c0000, 0x79040000, 0x9efc0000)
  object space 41472K, 9% used [0x767c0000,0x76ba4820,0x79040000)
 PSPermGen       total 16384K, used 14860K [0x6e7c0000, 0x6f7c0000, 0x767c0000)
  object space 16384K, 90% used [0x6e7c0000,0x6f643198,0x6f7c0000)
Event: 8.382 GC heap after
Heap after GC invocations=4 (full 0):
 PSYoungGen      total 18112K, used 2553K [0x9efc0000, 0xa03f0000, 0xb33c0000)
  eden space 15552K, 0% used [0x9efc0000,0x9efc0000,0x9fef0000)
  from space 2560K, 99% used [0xa0170000,0xa03ee4a8,0xa03f0000)
  to   space 2560K, 0% used [0x9fef0000,0x9fef0000,0xa0170000)
 ParOldGen       total 41472K, used 4353K [0x767c0000, 0x79040000, 0x9efc0000)
  object space 41472K, 10% used [0x767c0000,0x76c00648,0x79040000)
 PSPermGen       total 16384K, used 14860K [0x6e7c0000, 0x6f7c0000, 0x767c0000)
  object space 16384K, 90% used [0x6e7c0000,0x6f643198,0x6f7c0000)
}
Event: 9.994 GC heap before
{Heap before GC invocations=5 (full 0):
 PSYoungGen      total 18112K, used 18105K [0x9efc0000, 0xa03f0000, 0xb33c0000)
  eden space 15552K, 100% used [0x9efc0000,0x9fef0000,0x9fef0000)
  from space 2560K, 99% used [0xa0170000,0xa03ee4a8,0xa03f0000)
  to   space 2560K, 0% used [0x9fef0000,0x9fef0000,0xa0170000)
 ParOldGen       total 41472K, used 4353K [0x767c0000, 0x79040000, 0x9efc0000)
  object space 41472K, 10% used [0x767c0000,0x76c00648,0x79040000)
 PSPermGen       total 16384K, used 14868K [0x6e7c0000, 0x6f7c0000, 0x767c0000)
  object space 16384K, 90% used [0x6e7c0000,0x6f645358,0x6f7c0000)
Event: 10.001 GC heap after
Heap after GC invocations=5 (full 0):
 PSYoungGen      total 17728K, used 2558K [0x9efc0000, 0xa0830000, 0xb33c0000)
  eden space 15168K, 0% used [0x9efc0000,0x9efc0000,0x9fe90000)
  from space 2560K, 99% used [0x9fef0000,0xa016fa68,0xa0170000)
  to   space 4928K, 0% used [0xa0360000,0xa0360000,0xa0830000)
 ParOldGen       total 41472K, used 4757K [0x767c0000, 0x79040000, 0x9efc0000)
  object space 41472K, 11% used [0x767c0000,0x76c65428,0x79040000)
 PSPermGen       total 16384K, used 14868K [0x6e7c0000, 0x6f7c0000, 0x767c0000)
  object space 16384K, 90% used [0x6e7c0000,0x6f645358,0x6f7c0000)
}

