# JRE version: 7.0_21-b02
# Java VM: OpenJDK Server VM (23.7-b01 mixed mode linux-x86 )
Heap
 PSYoungGen      total 17088K, used 9615K [0x9f040000, 0xa06e0000, 0xb3440000)
  eden space 12032K, 78% used [0x9f040000,0x9f97deb8,0x9fc00000)
  from space 5056K, 3% used [0xa01f0000,0xa0216010,0xa06e0000)
  to   space 5568K, 0% used [0x9fc00000,0x9fc00000,0xa0170000)
 ParOldGen       total 41472K, used 8081K [0x76840000, 0x790c0000, 0x9f040000)
  object space 41472K, 19% used [0x76840000,0x77024410,0x790c0000)
 PSPermGen       total 16384K, used 15097K [0x6e840000, 0x6f840000, 0x76840000)
  object space 16384K, 92% used [0x6e840000,0x6f6fe480,0x6f840000)
GC Heap History (10 events):
Event: 194.549 GC heap before
{Heap before GC invocations=12 (full 0):
 PSYoungGen      total 13632K, used 13600K [0x9f040000, 0xa0a00000, 0xb3440000)
  eden space 13312K, 100% used [0x9f040000,0x9fd40000,0x9fd40000)
  from space 320K, 90% used [0x9fd80000,0x9fdc8000,0x9fdd0000)
  to   space 6528K, 0% used [0xa03a0000,0xa03a0000,0xa0a00000)
 ParOldGen       total 41472K, used 8049K [0x76840000, 0x790c0000, 0x9f040000)
  object space 41472K, 19% used [0x76840000,0x7701c410,0x790c0000)
 PSPermGen       total 16384K, used 15062K [0x6e840000, 0x6f840000, 0x76840000)
  object space 16384K, 91% used [0x6e840000,0x6f6f5848,0x6f840000)
Event: 194.552 GC heap after
Heap after GC invocations=12 (full 0):
 PSYoungGen      total 19072K, used 272K [0x9f040000, 0xa0980000, 0xb3440000)
  eden space 13056K, 0% used [0x9f040000,0x9f040000,0x9fd00000)
  from space 6016K, 4% used [0xa03a0000,0xa03e4000,0xa0980000)
  to   space 6400K, 0% used [0x9fd00000,0x9fd00000,0xa0340000)
 ParOldGen       total 41472K, used 8057K [0x76840000, 0x790c0000, 0x9f040000)
  object space 41472K, 19% used [0x76840000,0x7701e410,0x790c0000)
 PSPermGen       total 16384K, used 15062K [0x6e840000, 0x6f840000, 0x76840000)
  object space 16384K, 91% used [0x6e840000,0x6f6f5848,0x6f840000)
}
Event: 219.496 GC heap before
{Heap before GC invocations=13 (full 0):
 PSYoungGen      total 19072K, used 13328K [0x9f040000, 0xa0980000, 0xb3440000)
  eden space 13056K, 100% used [0x9f040000,0x9fd00000,0x9fd00000)
  from space 6016K, 4% used [0xa03a0000,0xa03e4000,0xa0980000)
  to   space 6400K, 0% used [0x9fd00000,0x9fd00000,0xa0340000)
 ParOldGen       total 41472K, used 8057K [0x76840000, 0x790c0000, 0x9f040000)
  object space 41472K, 19% used [0x76840000,0x7701e410,0x790c0000)
 PSPermGen       total 16384K, used 15066K [0x6e840000, 0x6f840000, 0x76840000)
  object space 16384K, 91% used [0x6e840000,0x6f6f68d0,0x6f840000)
Event: 219.500 GC heap after
Heap after GC invocations=13 (full 0):
 PSYoungGen      total 13120K, used 288K [0x9f040000, 0xa08e0000, 0xb3440000)
  eden space 12800K, 0% used [0x9f040000,0x9f040000,0x9fcc0000)
  from space 320K, 90% used [0x9fd00000,0x9fd48000,0x9fd50000)
  to   space 6208K, 0% used [0xa02d0000,0xa02d0000,0xa08e0000)
 ParOldGen       total 41472K, used 8065K [0x76840000, 0x790c0000, 0x9f040000)
  object space 41472K, 19% used [0x76840000,0x77020410,0x790c0000)
 PSPermGen       total 16384K, used 15066K [0x6e840000, 0x6f840000, 0x76840000)
  object space 16384K, 91% used [0x6e840000,0x6f6f68d0,0x6f840000)
}
Event: 232.766 GC heap before
{Heap before GC invocations=14 (full 0):
 PSYoungGen      total 13120K, used 13088K [0x9f040000, 0xa08e0000, 0xb3440000)
  eden space 12800K, 100% used [0x9f040000,0x9fcc0000,0x9fcc0000)
  from space 320K, 90% used [0x9fd00000,0x9fd48000,0x9fd50000)
  to   space 6208K, 0% used [0xa02d0000,0xa02d0000,0xa08e0000)
 ParOldGen       total 41472K, used 8065K [0x76840000, 0x790c0000, 0x9f040000)
  object space 41472K, 19% used [0x76840000,0x77020410,0x790c0000)
 PSPermGen       total 16384K, used 15066K [0x6e840000, 0x6f840000, 0x76840000)
  object space 16384K, 91% used [0x6e840000,0x6f6f6b10,0x6f840000)
Event: 232.768 GC heap after
Heap after GC invocations=14 (full 0):
 PSYoungGen      total 18112K, used 160K [0x9f040000, 0xa0840000, 0xb3440000)
  eden space 12544K, 0% used [0x9f040000,0x9f040000,0x9fc80000)
  from space 5568K, 2% used [0xa02d0000,0xa02f8000,0xa0840000)
  to   space 6016K, 0% used [0x9fc80000,0x9fc80000,0xa0260000)
 ParOldGen       total 41472K, used 8073K [0x76840000, 0x790c0000, 0x9f040000)
  object space 41472K, 19% used [0x76840000,0x77022410,0x790c0000)
 PSPermGen       total 16384K, used 15066K [0x6e840000, 0x6f840000, 0x76840000)
  object space 16384K, 91% used [0x6e840000,0x6f6f6b10,0x6f840000)
}
Event: 245.729 GC heap before
{Heap before GC invocations=15 (full 0):
 PSYoungGen      total 18112K, used 12704K [0x9f040000, 0xa0840000, 0xb3440000)
  eden space 12544K, 100% used [0x9f040000,0x9fc80000,0x9fc80000)
  from space 5568K, 2% used [0xa02d0000,0xa02f8000,0xa0840000)
  to   space 6016K, 0% used [0x9fc80000,0x9fc80000,0xa0260000)
 ParOldGen       total 41472K, used 8073K [0x76840000, 0x790c0000, 0x9f040000)
  object space 41472K, 19% used [0x76840000,0x77022410,0x790c0000)
 PSPermGen       total 16384K, used 15067K [0x6e840000, 0x6f840000, 0x76840000)
  object space 16384K, 91% used [0x6e840000,0x6f6f6e68,0x6f840000)
Event: 245.733 GC heap after
Heap after GC invocations=15 (full 0):
 PSYoungGen      total 12480K, used 176K [0x9f040000, 0xa07a0000, 0xb3440000)
  eden space 12288K, 0% used [0x9f040000,0x9f040000,0x9fc40000)
  from space 192K, 91% used [0x9fc80000,0x9fcac000,0x9fcb0000)
  to   space 5824K, 0% used [0xa01f0000,0xa01f0000,0xa07a0000)
 ParOldGen       total 41472K, used 8073K [0x76840000, 0x790c0000, 0x9f040000)
  object space 41472K, 19% used [0x76840000,0x77022410,0x790c0000)
 PSPermGen       total 16384K, used 15067K [0x6e840000, 0x6f840000, 0x76840000)
  object space 16384K, 91% used [0x6e840000,0x6f6f6e68,0x6f840000)
}
Event: 256.588 GC heap before
{Heap before GC invocations=16 (full 0):
 PSYoungGen      total 12480K, used 12464K [0x9f040000, 0xa07a0000, 0xb3440000)
  eden space 12288K, 100% used [0x9f040000,0x9fc40000,0x9fc40000)
  from space 192K, 91% used [0x9fc80000,0x9fcac000,0x9fcb0000)
  to   space 5824K, 0% used [0xa01f0000,0xa01f0000,0xa07a0000)
 ParOldGen       total 41472K, used 8073K [0x76840000, 0x790c0000, 0x9f040000)
  object space 41472K, 19% used [0x76840000,0x77022410,0x790c0000)
 PSPermGen       total 16384K, used 15078K [0x6e840000, 0x6f840000, 0x76840000)
  object space 16384K, 92% used [0x6e840000,0x6f6f98f0,0x6f840000)
Event: 256.590 GC heap after
Heap after GC invocations=16 (full 0):
 PSYoungGen      total 17088K, used 152K [0x9f040000, 0xa06e0000, 0xb3440000)
  eden space 12032K, 0% used [0x9f040000,0x9f040000,0x9fc00000)
  from space 5056K, 3% used [0xa01f0000,0xa0216010,0xa06e0000)
  to   space 5568K, 0% used [0x9fc00000,0x9fc00000,0xa0170000)
 ParOldGen       total 41472K, used 8081K [0x76840000, 0x790c0000, 0x9f040000)
  object space 41472K, 19% used [0x76840000,0x77024410,0x790c0000)
 PSPermGen       total 16384K, used 15078K [0x6e840000, 0x6f840000, 0x76840000)
  object space 16384K, 92% used [0x6e840000,0x6f6f98f0,0x6f840000)
}

