# JRE version: 7.0_21-b02
# Java VM: OpenJDK Server VM (23.7-b01 mixed mode linux-x86 )
Heap
 PSYoungGen      total 18112K, used 16953K [0x9f000000, 0xa0430000, 0xb3400000)
  eden space 15552K, 92% used [0x9f000000,0x9fe11700,0x9ff30000)
  from space 2560K, 99% used [0x9ff30000,0xa01acec0,0xa01b0000)
  to   space 2560K, 0% used [0xa01b0000,0xa01b0000,0xa0430000)
 ParOldGen       total 41472K, used 4192K [0x76800000, 0x79080000, 0x9f000000)
  object space 41472K, 10% used [0x76800000,0x76c18300,0x79080000)
 PSPermGen       total 16384K, used 14867K [0x6e800000, 0x6f800000, 0x76800000)
  object space 16384K, 90% used [0x6e800000,0x6f684fd0,0x6f800000)
GC Heap History (6 events):
Event: 1.315 GC heap before
{Heap before GC invocations=1 (full 0):
 PSYoungGen      total 18112K, used 15552K [0x9f000000, 0xa0430000, 0xb3400000)
  eden space 15552K, 100% used [0x9f000000,0x9ff30000,0x9ff30000)
  from space 2560K, 0% used [0xa01b0000,0xa01b0000,0xa0430000)
  to   space 2560K, 0% used [0x9ff30000,0x9ff30000,0xa01b0000)
 ParOldGen       total 41472K, used 0K [0x76800000, 0x79080000, 0x9f000000)
  object space 41472K, 0% used [0x76800000,0x76800000,0x79080000)
 PSPermGen       total 16384K, used 11902K [0x6e800000, 0x6f800000, 0x76800000)
  object space 16384K, 72% used [0x6e800000,0x6f39fb18,0x6f800000)
Event: 1.324 GC heap after
Heap after GC invocations=1 (full 0):
 PSYoungGen      total 18112K, used 2549K [0x9f000000, 0xa0430000, 0xb3400000)
  eden space 15552K, 0% used [0x9f000000,0x9f000000,0x9ff30000)
  from space 2560K, 99% used [0x9ff30000,0xa01ad5c0,0xa01b0000)
  to   space 2560K, 0% used [0xa01b0000,0xa01b0000,0xa0430000)
 ParOldGen       total 41472K, used 1292K [0x76800000, 0x79080000, 0x9f000000)
  object space 41472K, 3% used [0x76800000,0x76943048,0x79080000)
 PSPermGen       total 16384K, used 11902K [0x6e800000, 0x6f800000, 0x76800000)
  object space 16384K, 72% used [0x6e800000,0x6f39fb18,0x6f800000)
}
Event: 2.420 GC heap before
{Heap before GC invocations=2 (full 0):
 PSYoungGen      total 18112K, used 18101K [0x9f000000, 0xa0430000, 0xb3400000)
  eden space 15552K, 100% used [0x9f000000,0x9ff30000,0x9ff30000)
  from space 2560K, 99% used [0x9ff30000,0xa01ad5c0,0xa01b0000)
  to   space 2560K, 0% used [0xa01b0000,0xa01b0000,0xa0430000)
 ParOldGen       total 41472K, used 1292K [0x76800000, 0x79080000, 0x9f000000)
  object space 41472K, 3% used [0x76800000,0x76943048,0x79080000)
 PSPermGen       total 16384K, used 14533K [0x6e800000, 0x6f800000, 0x76800000)
  object space 16384K, 88% used [0x6e800000,0x6f631498,0x6f800000)
Event: 2.440 GC heap after
Heap after GC invocations=2 (full 0):
 PSYoungGen      total 18112K, used 2547K [0x9f000000, 0xa1360000, 0xb3400000)
  eden space 15552K, 0% used [0x9f000000,0x9f000000,0x9ff30000)
  from space 2560K, 99% used [0xa01b0000,0xa042cec0,0xa0430000)
  to   space 2560K, 0% used [0x9ff30000,0x9ff30000,0xa01b0000)
 ParOldGen       total 41472K, used 3348K [0x76800000, 0x79080000, 0x9f000000)
  object space 41472K, 8% used [0x76800000,0x76b45248,0x79080000)
 PSPermGen       total 16384K, used 14533K [0x6e800000, 0x6f800000, 0x76800000)
  object space 16384K, 88% used [0x6e800000,0x6f631498,0x6f800000)
}
Event: 8.914 GC heap before
{Heap before GC invocations=3 (full 0):
 PSYoungGen      total 18112K, used 18099K [0x9f000000, 0xa1360000, 0xb3400000)
  eden space 15552K, 100% used [0x9f000000,0x9ff30000,0x9ff30000)
  from space 2560K, 99% used [0xa01b0000,0xa042cec0,0xa0430000)
  to   space 2560K, 0% used [0x9ff30000,0x9ff30000,0xa01b0000)
 ParOldGen       total 41472K, used 3348K [0x76800000, 0x79080000, 0x9f000000)
  object space 41472K, 8% used [0x76800000,0x76b45248,0x79080000)
 PSPermGen       total 16384K, used 14848K [0x6e800000, 0x6f800000, 0x76800000)
  object space 16384K, 90% used [0x6e800000,0x6f680130,0x6f800000)
Event: 8.923 GC heap after
Heap after GC invocations=3 (full 0):
 PSYoungGen      total 18112K, used 2547K [0x9f000000, 0xa0430000, 0xb3400000)
  eden space 15552K, 0% used [0x9f000000,0x9f000000,0x9ff30000)
  from space 2560K, 99% used [0x9ff30000,0xa01acec0,0xa01b0000)
  to   space 2560K, 0% used [0xa01b0000,0xa01b0000,0xa0430000)
 ParOldGen       total 41472K, used 4192K [0x76800000, 0x79080000, 0x9f000000)
  object space 41472K, 10% used [0x76800000,0x76c18300,0x79080000)
 PSPermGen       total 16384K, used 14848K [0x6e800000, 0x6f800000, 0x76800000)
  object space 16384K, 90% used [0x6e800000,0x6f680130,0x6f800000)
}

