# JRE version: 7.0_21-b02
# Java VM: OpenJDK Server VM (23.7-b01 mixed mode linux-x86 )
Heap
 PSYoungGen      total 12416K, used 8801K [0x9ef40000, 0x9fea0000, 0xb3340000)
  eden space 9728K, 88% used [0x9ef40000,0x9f7b4588,0x9f8c0000)
  from space 2688K, 5% used [0x9fc00000,0x9fc24000,0x9fea0000)
  to   space 3008K, 0% used [0x9f8c0000,0x9f8c0000,0x9fbb0000)
 ParOldGen       total 41472K, used 11175K [0x76740000, 0x78fc0000, 0x9ef40000)
  object space 41472K, 26% used [0x76740000,0x77229e60,0x78fc0000)
 PSPermGen       total 16384K, used 15483K [0x6e740000, 0x6f740000, 0x76740000)
  object space 16384K, 94% used [0x6e740000,0x6f65eff8,0x6f740000)
GC Heap History (10 events):
Event: 314.388 GC heap before
{Heap before GC invocations=24 (full 0):
 PSYoungGen      total 10816K, used 10811K [0x9ef40000, 0xa0160000, 0xb3340000)
  eden space 10624K, 100% used [0x9ef40000,0x9f9a0000,0x9f9a0000)
  from space 192K, 97% used [0x9f9d0000,0x9f9fedd0,0x9fa00000)
  to   space 3968K, 0% used [0x9fd80000,0x9fd80000,0xa0160000)
 ParOldGen       total 41472K, used 10904K [0x76740000, 0x78fc0000, 0x9ef40000)
  object space 41472K, 26% used [0x76740000,0x771e6190,0x78fc0000)
 PSPermGen       total 16384K, used 15459K [0x6e740000, 0x6f740000, 0x76740000)
  object space 16384K, 94% used [0x6e740000,0x6f658ef8,0x6f740000)
Event: 314.394 GC heap after
Heap after GC invocations=24 (full 0):
 PSYoungGen      total 13824K, used 176K [0x9ef40000, 0xa00d0000, 0xb3340000)
  eden space 10432K, 0% used [0x9ef40000,0x9ef40000,0x9f970000)
  from space 3392K, 5% used [0x9fd80000,0x9fdac000,0xa00d0000)
  to   space 3776K, 0% used [0x9f970000,0x9f970000,0x9fd20000)
 ParOldGen       total 41472K, used 10962K [0x76740000, 0x78fc0000, 0x9ef40000)
  object space 41472K, 26% used [0x76740000,0x771f48d0,0x78fc0000)
 PSPermGen       total 16384K, used 15459K [0x6e740000, 0x6f740000, 0x76740000)
  object space 16384K, 94% used [0x6e740000,0x6f658ef8,0x6f740000)
}
Event: 323.990 GC heap before
{Heap before GC invocations=25 (full 0):
 PSYoungGen      total 13824K, used 10608K [0x9ef40000, 0xa00d0000, 0xb3340000)
  eden space 10432K, 100% used [0x9ef40000,0x9f970000,0x9f970000)
  from space 3392K, 5% used [0x9fd80000,0x9fdac000,0xa00d0000)
  to   space 3776K, 0% used [0x9f970000,0x9f970000,0x9fd20000)
 ParOldGen       total 41472K, used 10962K [0x76740000, 0x78fc0000, 0x9ef40000)
  object space 41472K, 26% used [0x76740000,0x771f48d0,0x78fc0000)
 PSPermGen       total 16384K, used 15462K [0x6e740000, 0x6f740000, 0x76740000)
  object space 16384K, 94% used [0x6e740000,0x6f6598d0,0x6f740000)
Event: 323.993 GC heap after
Heap after GC invocations=25 (full 0):
 PSYoungGen      total 10496K, used 237K [0x9ef40000, 0xa0040000, 0xb3340000)
  eden space 10240K, 0% used [0x9ef40000,0x9ef40000,0x9f940000)
  from space 256K, 92% used [0x9f970000,0x9f9ab740,0x9f9b0000)
  to   space 3584K, 0% used [0x9fcc0000,0x9fcc0000,0xa0040000)
 ParOldGen       total 41472K, used 10993K [0x76740000, 0x78fc0000, 0x9ef40000)
  object space 41472K, 26% used [0x76740000,0x771fc470,0x78fc0000)
 PSPermGen       total 16384K, used 15462K [0x6e740000, 0x6f740000, 0x76740000)
  object space 16384K, 94% used [0x6e740000,0x6f6598d0,0x6f740000)
}
Event: 328.522 GC heap before
{Heap before GC invocations=26 (full 0):
 PSYoungGen      total 10496K, used 10477K [0x9ef40000, 0xa0040000, 0xb3340000)
  eden space 10240K, 100% used [0x9ef40000,0x9f940000,0x9f940000)
  from space 256K, 92% used [0x9f970000,0x9f9ab740,0x9f9b0000)
  to   space 3584K, 0% used [0x9fcc0000,0x9fcc0000,0xa0040000)
 ParOldGen       total 41472K, used 10993K [0x76740000, 0x78fc0000, 0x9ef40000)
  object space 41472K, 26% used [0x76740000,0x771fc470,0x78fc0000)
 PSPermGen       total 16384K, used 15472K [0x6e740000, 0x6f740000, 0x76740000)
  object space 16384K, 94% used [0x6e740000,0x6f65c0b0,0x6f740000)
Event: 328.525 GC heap after
Heap after GC invocations=26 (full 0):
 PSYoungGen      total 13056K, used 257K [0x9ef40000, 0x9ffb0000, 0xb3340000)
  eden space 10048K, 0% used [0x9ef40000,0x9ef40000,0x9f910000)
  from space 3008K, 8% used [0x9fcc0000,0x9fd00700,0x9ffb0000)
  to   space 3392K, 0% used [0x9f910000,0x9f910000,0x9fc60000)
 ParOldGen       total 41472K, used 11077K [0x76740000, 0x78fc0000, 0x9ef40000)
  object space 41472K, 26% used [0x76740000,0x77211750,0x78fc0000)
 PSPermGen       total 16384K, used 15472K [0x6e740000, 0x6f740000, 0x76740000)
  object space 16384K, 94% used [0x6e740000,0x6f65c0b0,0x6f740000)
}
Event: 332.120 GC heap before
{Heap before GC invocations=27 (full 0):
 PSYoungGen      total 13056K, used 10305K [0x9ef40000, 0x9ffb0000, 0xb3340000)
  eden space 10048K, 100% used [0x9ef40000,0x9f910000,0x9f910000)
  from space 3008K, 8% used [0x9fcc0000,0x9fd00700,0x9ffb0000)
  to   space 3392K, 0% used [0x9f910000,0x9f910000,0x9fc60000)
 ParOldGen       total 41472K, used 11077K [0x76740000, 0x78fc0000, 0x9ef40000)
  object space 41472K, 26% used [0x76740000,0x77211750,0x78fc0000)
 PSPermGen       total 16384K, used 15474K [0x6e740000, 0x6f740000, 0x76740000)
  object space 16384K, 94% used [0x6e740000,0x6f65c9c0,0x6f740000)
Event: 332.123 GC heap after
Heap after GC invocations=27 (full 0):
 PSYoungGen      total 9984K, used 128K [0x9ef40000, 0x9ff20000, 0xb3340000)
  eden space 9856K, 0% used [0x9ef40000,0x9ef40000,0x9f8e0000)
  from space 128K, 100% used [0x9f910000,0x9f930000,0x9f930000)
  to   space 3200K, 0% used [0x9fc00000,0x9fc00000,0x9ff20000)
 ParOldGen       total 41472K, used 11167K [0x76740000, 0x78fc0000, 0x9ef40000)
  object space 41472K, 26% used [0x76740000,0x77227e60,0x78fc0000)
 PSPermGen       total 16384K, used 15474K [0x6e740000, 0x6f740000, 0x76740000)
  object space 16384K, 94% used [0x6e740000,0x6f65c9c0,0x6f740000)
}
Event: 337.386 GC heap before
{Heap before GC invocations=28 (full 0):
 PSYoungGen      total 9984K, used 9984K [0x9ef40000, 0x9ff20000, 0xb3340000)
  eden space 9856K, 100% used [0x9ef40000,0x9f8e0000,0x9f8e0000)
  from space 128K, 100% used [0x9f910000,0x9f930000,0x9f930000)
  to   space 3200K, 0% used [0x9fc00000,0x9fc00000,0x9ff20000)
 ParOldGen       total 41472K, used 11167K [0x76740000, 0x78fc0000, 0x9ef40000)
  object space 41472K, 26% used [0x76740000,0x77227e60,0x78fc0000)
 PSPermGen       total 16384K, used 15480K [0x6e740000, 0x6f740000, 0x76740000)
  object space 16384K, 94% used [0x6e740000,0x6f65e1d0,0x6f740000)
Event: 337.387 GC heap after
Heap after GC invocations=28 (full 0):
 PSYoungGen      total 12416K, used 144K [0x9ef40000, 0x9fea0000, 0xb3340000)
  eden space 9728K, 0% used [0x9ef40000,0x9ef40000,0x9f8c0000)
  from space 2688K, 5% used [0x9fc00000,0x9fc24000,0x9fea0000)
  to   space 3008K, 0% used [0x9f8c0000,0x9f8c0000,0x9fbb0000)
 ParOldGen       total 41472K, used 11175K [0x76740000, 0x78fc0000, 0x9ef40000)
  object space 41472K, 26% used [0x76740000,0x77229e60,0x78fc0000)
 PSPermGen       total 16384K, used 15480K [0x6e740000, 0x6f740000, 0x76740000)
  object space 16384K, 94% used [0x6e740000,0x6f65e1d0,0x6f740000)
}

