# JRE version: 7.0_21-b02
# Java VM: OpenJDK Server VM (23.7-b01 mixed mode linux-x86 )
Heap
 PSYoungGen      total 17728K, used 8509K [0x9f030000, 0xa0de0000, 0xb3430000)
  eden space 14848K, 37% used [0x9f030000,0x9f5b02d8,0x9feb0000)
  from space 2880K, 99% used [0xa0b10000,0xa0ddf3b0,0xa0de0000)
  to   space 6016K, 0% used [0xa0220000,0xa0220000,0xa0800000)
 ParOldGen       total 41472K, used 5870K [0x76830000, 0x790b0000, 0x9f030000)
  object space 41472K, 14% used [0x76830000,0x76deb8d8,0x790b0000)
 PSPermGen       total 16384K, used 14840K [0x6e830000, 0x6f830000, 0x76830000)
  object space 16384K, 90% used [0x6e830000,0x6f6ae290,0x6f830000)
GC Heap History (10 events):
Event: 2.134 GC heap before
{Heap before GC invocations=2 (full 0):
 PSYoungGen      total 18112K, used 18099K [0x9f030000, 0xa0460000, 0xb3430000)
  eden space 15552K, 100% used [0x9f030000,0x9ff60000,0x9ff60000)
  from space 2560K, 99% used [0x9ff60000,0xa01dcf40,0xa01e0000)
  to   space 2560K, 0% used [0xa01e0000,0xa01e0000,0xa0460000)
 ParOldGen       total 41472K, used 1321K [0x76830000, 0x790b0000, 0x9f030000)
  object space 41472K, 3% used [0x76830000,0x7697a6e8,0x790b0000)
 PSPermGen       total 16384K, used 14380K [0x6e830000, 0x6f830000, 0x76830000)
  object space 16384K, 87% used [0x6e830000,0x6f63b058,0x6f830000)
Event: 2.151 GC heap after
Heap after GC invocations=2 (full 0):
 PSYoungGen      total 18112K, used 2544K [0x9f030000, 0xa1390000, 0xb3430000)
  eden space 15552K, 0% used [0x9f030000,0x9f030000,0x9ff60000)
  from space 2560K, 99% used [0xa01e0000,0xa045c080,0xa0460000)
  to   space 2560K, 0% used [0x9ff60000,0x9ff60000,0xa01e0000)
 ParOldGen       total 41472K, used 4615K [0x76830000, 0x790b0000, 0x9f030000)
  object space 41472K, 11% used [0x76830000,0x76cb1ce0,0x790b0000)
 PSPermGen       total 16384K, used 14380K [0x6e830000, 0x6f830000, 0x76830000)
  object space 16384K, 87% used [0x6e830000,0x6f63b058,0x6f830000)
}
Event: 6.690 GC heap before
{Heap before GC invocations=3 (full 0):
 PSYoungGen      total 18112K, used 18096K [0x9f030000, 0xa1390000, 0xb3430000)
  eden space 15552K, 100% used [0x9f030000,0x9ff60000,0x9ff60000)
  from space 2560K, 99% used [0xa01e0000,0xa045c080,0xa0460000)
  to   space 2560K, 0% used [0x9ff60000,0x9ff60000,0xa01e0000)
 ParOldGen       total 41472K, used 4615K [0x76830000, 0x790b0000, 0x9f030000)
  object space 41472K, 11% used [0x76830000,0x76cb1ce0,0x790b0000)
 PSPermGen       total 16384K, used 14788K [0x6e830000, 0x6f830000, 0x76830000)
  object space 16384K, 90% used [0x6e830000,0x6f6a1200,0x6f830000)
Event: 6.699 GC heap after
Heap after GC invocations=3 (full 0):
 PSYoungGen      total 18112K, used 2557K [0x9f030000, 0xa1390000, 0xb3430000)
  eden space 15552K, 0% used [0x9f030000,0x9f030000,0x9ff60000)
  from space 2560K, 99% used [0x9ff60000,0xa01df4b8,0xa01e0000)
  to   space 2560K, 0% used [0xa1110000,0xa1110000,0xa1390000)
 ParOldGen       total 41472K, used 5365K [0x76830000, 0x790b0000, 0x9f030000)
  object space 41472K, 12% used [0x76830000,0x76d6d798,0x790b0000)
 PSPermGen       total 16384K, used 14788K [0x6e830000, 0x6f830000, 0x76830000)
  object space 16384K, 90% used [0x6e830000,0x6f6a1200,0x6f830000)
}
Event: 8.157 GC heap before
{Heap before GC invocations=4 (full 0):
 PSYoungGen      total 18112K, used 18109K [0x9f030000, 0xa1390000, 0xb3430000)
  eden space 15552K, 100% used [0x9f030000,0x9ff60000,0x9ff60000)
  from space 2560K, 99% used [0x9ff60000,0xa01df4b8,0xa01e0000)
  to   space 2560K, 0% used [0xa1110000,0xa1110000,0xa1390000)
 ParOldGen       total 41472K, used 5365K [0x76830000, 0x790b0000, 0x9f030000)
  object space 41472K, 12% used [0x76830000,0x76d6d798,0x790b0000)
 PSPermGen       total 16384K, used 14804K [0x6e830000, 0x6f830000, 0x76830000)
  object space 16384K, 90% used [0x6e830000,0x6f6a5190,0x6f830000)
Event: 8.165 GC heap after
Heap after GC invocations=4 (full 0):
 PSYoungGen      total 18112K, used 2553K [0x9f030000, 0xa1390000, 0xb3430000)
  eden space 15552K, 0% used [0x9f030000,0x9f030000,0x9ff60000)
  from space 2560K, 99% used [0xa1110000,0xa138e708,0xa1390000)
  to   space 2560K, 0% used [0x9ff60000,0x9ff60000,0xa01e0000)
 ParOldGen       total 41472K, used 5659K [0x76830000, 0x790b0000, 0x9f030000)
  object space 41472K, 13% used [0x76830000,0x76db6d78,0x790b0000)
 PSPermGen       total 16384K, used 14804K [0x6e830000, 0x6f830000, 0x76830000)
  object space 16384K, 90% used [0x6e830000,0x6f6a5190,0x6f830000)
}
Event: 9.572 GC heap before
{Heap before GC invocations=5 (full 0):
 PSYoungGen      total 18112K, used 18105K [0x9f030000, 0xa1390000, 0xb3430000)
  eden space 15552K, 100% used [0x9f030000,0x9ff60000,0x9ff60000)
  from space 2560K, 99% used [0xa1110000,0xa138e708,0xa1390000)
  to   space 2560K, 0% used [0x9ff60000,0x9ff60000,0xa01e0000)
 ParOldGen       total 41472K, used 5659K [0x76830000, 0x790b0000, 0x9f030000)
  object space 41472K, 13% used [0x76830000,0x76db6d78,0x790b0000)
 PSPermGen       total 16384K, used 14819K [0x6e830000, 0x6f830000, 0x76830000)
  object space 16384K, 90% used [0x6e830000,0x6f6a8ca0,0x6f830000)
Event: 9.577 GC heap after
Heap after GC invocations=5 (full 0):
 PSYoungGen      total 17728K, used 2556K [0x9f030000, 0xa1120000, 0xb3430000)
  eden space 15168K, 0% used [0x9f030000,0x9f030000,0x9ff00000)
  from space 2560K, 99% used [0x9ff60000,0xa01df280,0xa01e0000)
  to   space 6208K, 0% used [0xa0b10000,0xa0b10000,0xa1120000)
 ParOldGen       total 41472K, used 5870K [0x76830000, 0x790b0000, 0x9f030000)
  object space 41472K, 14% used [0x76830000,0x76deb8d8,0x790b0000)
 PSPermGen       total 16384K, used 14819K [0x6e830000, 0x6f830000, 0x76830000)
  object space 16384K, 90% used [0x6e830000,0x6f6a8ca0,0x6f830000)
}
Event: 10.280 GC heap before
{Heap before GC invocations=6 (full 0):
 PSYoungGen      total 17728K, used 17724K [0x9f030000, 0xa1120000, 0xb3430000)
  eden space 15168K, 100% used [0x9f030000,0x9ff00000,0x9ff00000)
  from space 2560K, 99% used [0x9ff60000,0xa01df280,0xa01e0000)
  to   space 6208K, 0% used [0xa0b10000,0xa0b10000,0xa1120000)
 ParOldGen       total 41472K, used 5870K [0x76830000, 0x790b0000, 0x9f030000)
  object space 41472K, 14% used [0x76830000,0x76deb8d8,0x790b0000)
 PSPermGen       total 16384K, used 14833K [0x6e830000, 0x6f830000, 0x76830000)
  object space 16384K, 90% used [0x6e830000,0x6f6ac428,0x6f830000)
Event: 10.287 GC heap after
Heap after GC invocations=6 (full 0):
 PSYoungGen      total 17728K, used 2876K [0x9f030000, 0xa0de0000, 0xb3430000)
  eden space 14848K, 0% used [0x9f030000,0x9f030000,0x9feb0000)
  from space 2880K, 99% used [0xa0b10000,0xa0ddf3b0,0xa0de0000)
  to   space 6016K, 0% used [0xa0220000,0xa0220000,0xa0800000)
 ParOldGen       total 41472K, used 5870K [0x76830000, 0x790b0000, 0x9f030000)
  object space 41472K, 14% used [0x76830000,0x76deb8d8,0x790b0000)
 PSPermGen       total 16384K, used 14833K [0x6e830000, 0x6f830000, 0x76830000)
  object space 16384K, 90% used [0x6e830000,0x6f6ac428,0x6f830000)
}

