# JRE version: 7.0_21-b02
# Java VM: OpenJDK Server VM (23.7-b01 mixed mode linux-x86 )
Heap
 PSYoungGen      total 20416K, used 6574K [0x9eff0000, 0xa0a60000, 0xb33f0000)
  eden space 14528K, 42% used [0x9eff0000,0x9f600b38,0x9fe20000)
  from space 5888K, 6% used [0x9fe70000,0x9fecaff0,0xa0430000)
  to   space 6272K, 0% used [0xa0440000,0xa0440000,0xa0a60000)
 ParOldGen       total 41472K, used 8211K [0x767f0000, 0x79070000, 0x9eff0000)
  object space 41472K, 19% used [0x767f0000,0x76ff4de8,0x79070000)
 PSPermGen       total 16384K, used 15049K [0x6e7f0000, 0x6f7f0000, 0x767f0000)
  object space 16384K, 91% used [0x6e7f0000,0x6f6a26e0,0x6f7f0000)
GC Heap History (10 events):
Event: 9.607 GC heap before
{Heap before GC invocations=3 (full 0):
 PSYoungGen      total 18112K, used 18107K [0x9eff0000, 0xa1350000, 0xb33f0000)
  eden space 15552K, 100% used [0x9eff0000,0x9ff20000,0x9ff20000)
  from space 2560K, 99% used [0xa01a0000,0xa041edd0,0xa0420000)
  to   space 2560K, 0% used [0x9ff20000,0x9ff20000,0xa01a0000)
 ParOldGen       total 41472K, used 4410K [0x767f0000, 0x79070000, 0x9eff0000)
  object space 41472K, 10% used [0x767f0000,0x76c3e950,0x79070000)
 PSPermGen       total 16384K, used 14937K [0x6e7f0000, 0x6f7f0000, 0x767f0000)
  object space 16384K, 91% used [0x6e7f0000,0x6f686780,0x6f7f0000)
Event: 9.615 GC heap after
Heap after GC invocations=3 (full 0):
 PSYoungGen      total 18112K, used 2547K [0x9eff0000, 0xa0420000, 0xb33f0000)
  eden space 15552K, 0% used [0x9eff0000,0x9eff0000,0x9ff20000)
  from space 2560K, 99% used [0x9ff20000,0xa019cdc0,0xa01a0000)
  to   space 2560K, 0% used [0xa01a0000,0xa01a0000,0xa0420000)
 ParOldGen       total 41472K, used 5141K [0x767f0000, 0x79070000, 0x9eff0000)
  object space 41472K, 12% used [0x767f0000,0x76cf5538,0x79070000)
 PSPermGen       total 16384K, used 14937K [0x6e7f0000, 0x6f7f0000, 0x767f0000)
  object space 16384K, 91% used [0x6e7f0000,0x6f686780,0x6f7f0000)
}
Event: 16.781 GC heap before
{Heap before GC invocations=4 (full 0):
 PSYoungGen      total 18112K, used 18099K [0x9eff0000, 0xa0420000, 0xb33f0000)
  eden space 15552K, 100% used [0x9eff0000,0x9ff20000,0x9ff20000)
  from space 2560K, 99% used [0x9ff20000,0xa019cdc0,0xa01a0000)
  to   space 2560K, 0% used [0xa01a0000,0xa01a0000,0xa0420000)
 ParOldGen       total 41472K, used 5141K [0x767f0000, 0x79070000, 0x9eff0000)
  object space 41472K, 12% used [0x767f0000,0x76cf5538,0x79070000)
 PSPermGen       total 16384K, used 14997K [0x6e7f0000, 0x6f7f0000, 0x767f0000)
  object space 16384K, 91% used [0x6e7f0000,0x6f6956e0,0x6f7f0000)
Event: 16.796 GC heap after
Heap after GC invocations=4 (full 0):
 PSYoungGen      total 18112K, used 2555K [0x9eff0000, 0xa0420000, 0xb33f0000)
  eden space 15552K, 0% used [0x9eff0000,0x9eff0000,0x9ff20000)
  from space 2560K, 99% used [0xa01a0000,0xa041edd0,0xa0420000)
  to   space 2560K, 0% used [0x9ff20000,0x9ff20000,0xa01a0000)
 ParOldGen       total 41472K, used 5398K [0x767f0000, 0x79070000, 0x9eff0000)
  object space 41472K, 13% used [0x767f0000,0x76d35a18,0x79070000)
 PSPermGen       total 16384K, used 14997K [0x6e7f0000, 0x6f7f0000, 0x767f0000)
  object space 16384K, 91% used [0x6e7f0000,0x6f6956e0,0x6f7f0000)
}
Event: 20.478 GC heap before
{Heap before GC invocations=5 (full 0):
 PSYoungGen      total 18112K, used 18107K [0x9eff0000, 0xa0420000, 0xb33f0000)
  eden space 15552K, 100% used [0x9eff0000,0x9ff20000,0x9ff20000)
  from space 2560K, 99% used [0xa01a0000,0xa041edd0,0xa0420000)
  to   space 2560K, 0% used [0x9ff20000,0x9ff20000,0xa01a0000)
 ParOldGen       total 41472K, used 5398K [0x767f0000, 0x79070000, 0x9eff0000)
  object space 41472K, 13% used [0x767f0000,0x76d35a18,0x79070000)
 PSPermGen       total 16384K, used 15008K [0x6e7f0000, 0x6f7f0000, 0x767f0000)
  object space 16384K, 91% used [0x6e7f0000,0x6f6983f0,0x6f7f0000)
Event: 20.492 GC heap after
Heap after GC invocations=5 (full 0):
 PSYoungGen      total 17728K, used 2546K [0x9eff0000, 0xa0a80000, 0xb33f0000)
  eden space 15168K, 0% used [0x9eff0000,0x9eff0000,0x9fec0000)
  from space 2560K, 99% used [0x9ff20000,0xa019c970,0xa01a0000)
  to   space 6016K, 0% used [0xa04a0000,0xa04a0000,0xa0a80000)
 ParOldGen       total 41472K, used 5728K [0x767f0000, 0x79070000, 0x9eff0000)
  object space 41472K, 13% used [0x767f0000,0x76d88240,0x79070000)
 PSPermGen       total 16384K, used 15008K [0x6e7f0000, 0x6f7f0000, 0x767f0000)
  object space 16384K, 91% used [0x6e7f0000,0x6f6983f0,0x6f7f0000)
}
Event: 30.709 GC heap before
{Heap before GC invocations=6 (full 0):
 PSYoungGen      total 17728K, used 17714K [0x9eff0000, 0xa0a80000, 0xb33f0000)
  eden space 15168K, 100% used [0x9eff0000,0x9fec0000,0x9fec0000)
  from space 2560K, 99% used [0x9ff20000,0xa019c970,0xa01a0000)
  to   space 6016K, 0% used [0xa04a0000,0xa04a0000,0xa0a80000)
 ParOldGen       total 41472K, used 5728K [0x767f0000, 0x79070000, 0x9eff0000)
  object space 41472K, 13% used [0x767f0000,0x76d88240,0x79070000)
 PSPermGen       total 16384K, used 15025K [0x6e7f0000, 0x6f7f0000, 0x767f0000)
  object space 16384K, 91% used [0x6e7f0000,0x6f69c430,0x6f7f0000)
Event: 30.724 GC heap after
Heap after GC invocations=6 (full 0):
 PSYoungGen      total 20288K, used 2762K [0x9eff0000, 0xa09f0000, 0xb33f0000)
  eden space 14848K, 0% used [0x9eff0000,0x9eff0000,0x9fe70000)
  from space 5440K, 50% used [0xa04a0000,0xa0752960,0xa09f0000)
  to   space 5888K, 0% used [0x9fe70000,0x9fe70000,0xa0430000)
 ParOldGen       total 41472K, used 5728K [0x767f0000, 0x79070000, 0x9eff0000)
  object space 41472K, 13% used [0x767f0000,0x76d88240,0x79070000)
 PSPermGen       total 16384K, used 15025K [0x6e7f0000, 0x6f7f0000, 0x767f0000)
  object space 16384K, 91% used [0x6e7f0000,0x6f69c430,0x6f7f0000)
}
Event: 44.453 GC heap before
{Heap before GC invocations=7 (full 0):
 PSYoungGen      total 20288K, used 17610K [0x9eff0000, 0xa09f0000, 0xb33f0000)
  eden space 14848K, 100% used [0x9eff0000,0x9fe70000,0x9fe70000)
  from space 5440K, 50% used [0xa04a0000,0xa0752960,0xa09f0000)
  to   space 5888K, 0% used [0x9fe70000,0x9fe70000,0xa0430000)
 ParOldGen       total 41472K, used 5728K [0x767f0000, 0x79070000, 0x9eff0000)
  object space 41472K, 13% used [0x767f0000,0x76d88240,0x79070000)
 PSPermGen       total 16384K, used 15047K [0x6e7f0000, 0x6f7f0000, 0x767f0000)
  object space 16384K, 91% used [0x6e7f0000,0x6f6a1ff0,0x6f7f0000)
Event: 44.468 GC heap after
Heap after GC invocations=7 (full 0):
 PSYoungGen      total 20416K, used 363K [0x9eff0000, 0xa0a60000, 0xb33f0000)
  eden space 14528K, 0% used [0x9eff0000,0x9eff0000,0x9fe20000)
  from space 5888K, 6% used [0x9fe70000,0x9fecaff0,0xa0430000)
  to   space 6272K, 0% used [0xa0440000,0xa0440000,0xa0a60000)
 ParOldGen       total 41472K, used 8211K [0x767f0000, 0x79070000, 0x9eff0000)
  object space 41472K, 19% used [0x767f0000,0x76ff4de8,0x79070000)
 PSPermGen       total 16384K, used 15047K [0x6e7f0000, 0x6f7f0000, 0x767f0000)
  object space 16384K, 91% used [0x6e7f0000,0x6f6a1ff0,0x6f7f0000)
}

