# JRE version: 7.0_21-b02
# Java VM: OpenJDK Server VM (23.7-b01 mixed mode linux-x86 )
Heap
 PSYoungGen      total 18880K, used 11457K [0x9ef40000, 0xa0820000, 0xb3340000)
  eden space 13056K, 85% used [0x9ef40000,0x9fa21be8,0x9fc00000)
  from space 5824K, 5% used [0xa0270000,0xa02beb60,0xa0820000)
  to   space 6208K, 0% used [0x9fc00000,0x9fc00000,0xa0210000)
 ParOldGen       total 41472K, used 8504K [0x76740000, 0x78fc0000, 0x9ef40000)
  object space 41472K, 20% used [0x76740000,0x76f8e138,0x78fc0000)
 PSPermGen       total 16384K, used 15106K [0x6e740000, 0x6f740000, 0x76740000)
  object space 16384K, 92% used [0x6e740000,0x6f600b58,0x6f740000)
GC Heap History (10 events):
Event: 59.273 GC heap before
{Heap before GC invocations=8 (full 0):
 PSYoungGen      total 15360K, used 15300K [0x9ef40000, 0xa0970000, 0xb3340000)
  eden space 14528K, 100% used [0x9ef40000,0x9fd70000,0x9fd70000)
  from space 832K, 92% used [0x9fdc0000,0x9fe812e0,0x9fe90000)
  to   space 6144K, 0% used [0xa0370000,0xa0370000,0xa0970000)
 ParOldGen       total 41472K, used 7651K [0x76740000, 0x78fc0000, 0x9ef40000)
  object space 41472K, 18% used [0x76740000,0x76eb8e98,0x78fc0000)
 PSPermGen       total 16384K, used 15077K [0x6e740000, 0x6f740000, 0x76740000)
  object space 16384K, 92% used [0x6e740000,0x6f5f94f8,0x6f740000)
Event: 59.276 GC heap after
Heap after GC invocations=8 (full 0):
 PSYoungGen      total 20352K, used 353K [0x9ef40000, 0xa0980000, 0xb3340000)
  eden space 14208K, 0% used [0x9ef40000,0x9ef40000,0x9fd20000)
  from space 6144K, 5% used [0xa0370000,0xa03c87f8,0xa0970000)
  to   space 6336K, 0% used [0x9fd20000,0x9fd20000,0xa0350000)
 ParOldGen       total 41472K, used 8075K [0x76740000, 0x78fc0000, 0x9ef40000)
  object space 41472K, 19% used [0x76740000,0x76f22df0,0x78fc0000)
 PSPermGen       total 16384K, used 15077K [0x6e740000, 0x6f740000, 0x76740000)
  object space 16384K, 92% used [0x6e740000,0x6f5f94f8,0x6f740000)
}
Event: 65.344 GC heap before
{Heap before GC invocations=9 (full 0):
 PSYoungGen      total 20352K, used 14561K [0x9ef40000, 0xa0980000, 0xb3340000)
  eden space 14208K, 100% used [0x9ef40000,0x9fd20000,0x9fd20000)
  from space 6144K, 5% used [0xa0370000,0xa03c87f8,0xa0970000)
  to   space 6336K, 0% used [0x9fd20000,0x9fd20000,0xa0350000)
 ParOldGen       total 41472K, used 8075K [0x76740000, 0x78fc0000, 0x9ef40000)
  object space 41472K, 19% used [0x76740000,0x76f22df0,0x78fc0000)
 PSPermGen       total 16384K, used 15082K [0x6e740000, 0x6f740000, 0x76740000)
  object space 16384K, 92% used [0x6e740000,0x6f5fab60,0x6f740000)
Event: 65.346 GC heap after
Heap after GC invocations=9 (full 0):
 PSYoungGen      total 14336K, used 439K [0x9ef40000, 0xa0950000, 0xb3340000)
  eden space 13888K, 0% used [0x9ef40000,0x9ef40000,0x9fcd0000)
  from space 448K, 98% used [0x9fd20000,0x9fd8deb8,0x9fd90000)
  to   space 6400K, 0% used [0xa0310000,0xa0310000,0xa0950000)
 ParOldGen       total 41472K, used 8103K [0x76740000, 0x78fc0000, 0x9ef40000)
  object space 41472K, 19% used [0x76740000,0x76f29df0,0x78fc0000)
 PSPermGen       total 16384K, used 15082K [0x6e740000, 0x6f740000, 0x76740000)
  object space 16384K, 92% used [0x6e740000,0x6f5fab60,0x6f740000)
}
Event: 66.081 GC heap before
{Heap before GC invocations=10 (full 0):
 PSYoungGen      total 14336K, used 14327K [0x9ef40000, 0xa0950000, 0xb3340000)
  eden space 13888K, 100% used [0x9ef40000,0x9fcd0000,0x9fcd0000)
  from space 448K, 98% used [0x9fd20000,0x9fd8deb8,0x9fd90000)
  to   space 6400K, 0% used [0xa0310000,0xa0310000,0xa0950000)
 ParOldGen       total 41472K, used 8103K [0x76740000, 0x78fc0000, 0x9ef40000)
  object space 41472K, 19% used [0x76740000,0x76f29df0,0x78fc0000)
 PSPermGen       total 16384K, used 15090K [0x6e740000, 0x6f740000, 0x76740000)
  object space 16384K, 92% used [0x6e740000,0x6f5fcac8,0x6f740000)
Event: 66.085 GC heap after
Heap after GC invocations=10 (full 0):
 PSYoungGen      total 19648K, used 449K [0x9ef40000, 0xa0900000, 0xb3340000)
  eden space 13568K, 0% used [0x9ef40000,0x9ef40000,0x9fc80000)
  from space 6080K, 7% used [0xa0310000,0xa0380490,0xa0900000)
  to   space 6400K, 0% used [0x9fc80000,0x9fc80000,0xa02c0000)
 ParOldGen       total 41472K, used 8190K [0x76740000, 0x78fc0000, 0x9ef40000)
  object space 41472K, 19% used [0x76740000,0x76f3fa88,0x78fc0000)
 PSPermGen       total 16384K, used 15090K [0x6e740000, 0x6f740000, 0x76740000)
  object space 16384K, 92% used [0x6e740000,0x6f5fcac8,0x6f740000)
}
Event: 71.783 GC heap before
{Heap before GC invocations=11 (full 0):
 PSYoungGen      total 19648K, used 14017K [0x9ef40000, 0xa0900000, 0xb3340000)
  eden space 13568K, 100% used [0x9ef40000,0x9fc80000,0x9fc80000)
  from space 6080K, 7% used [0xa0310000,0xa0380490,0xa0900000)
  to   space 6400K, 0% used [0x9fc80000,0x9fc80000,0xa02c0000)
 ParOldGen       total 41472K, used 8190K [0x76740000, 0x78fc0000, 0x9ef40000)
  object space 41472K, 19% used [0x76740000,0x76f3fa88,0x78fc0000)
 PSPermGen       total 16384K, used 15102K [0x6e740000, 0x6f740000, 0x76740000)
  object space 16384K, 92% used [0x6e740000,0x6f5ff988,0x6f740000)
Event: 71.786 GC heap after
Heap after GC invocations=11 (full 0):
 PSYoungGen      total 13632K, used 264K [0x9ef40000, 0xa08a0000, 0xb3340000)
  eden space 13312K, 0% used [0x9ef40000,0x9ef40000,0x9fc40000)
  from space 320K, 82% used [0x9fc80000,0x9fcc2110,0x9fcd0000)
  to   space 6336K, 0% used [0xa0270000,0xa0270000,0xa08a0000)
 ParOldGen       total 41472K, used 8393K [0x76740000, 0x78fc0000, 0x9ef40000)
  object space 41472K, 20% used [0x76740000,0x76f724b8,0x78fc0000)
 PSPermGen       total 16384K, used 15102K [0x6e740000, 0x6f740000, 0x76740000)
  object space 16384K, 92% used [0x6e740000,0x6f5ff988,0x6f740000)
}
Event: 75.199 GC heap before
{Heap before GC invocations=12 (full 0):
 PSYoungGen      total 13632K, used 13576K [0x9ef40000, 0xa08a0000, 0xb3340000)
  eden space 13312K, 100% used [0x9ef40000,0x9fc40000,0x9fc40000)
  from space 320K, 82% used [0x9fc80000,0x9fcc2110,0x9fcd0000)
  to   space 6336K, 0% used [0xa0270000,0xa0270000,0xa08a0000)
 ParOldGen       total 41472K, used 8393K [0x76740000, 0x78fc0000, 0x9ef40000)
  object space 41472K, 20% used [0x76740000,0x76f724b8,0x78fc0000)
 PSPermGen       total 16384K, used 15104K [0x6e740000, 0x6f740000, 0x76740000)
  object space 16384K, 92% used [0x6e740000,0x6f600180,0x6f740000)
Event: 75.202 GC heap after
Heap after GC invocations=12 (full 0):
 PSYoungGen      total 18880K, used 314K [0x9ef40000, 0xa0820000, 0xb3340000)
  eden space 13056K, 0% used [0x9ef40000,0x9ef40000,0x9fc00000)
  from space 5824K, 5% used [0xa0270000,0xa02beb60,0xa0820000)
  to   space 6208K, 0% used [0x9fc00000,0x9fc00000,0xa0210000)
 ParOldGen       total 41472K, used 8504K [0x76740000, 0x78fc0000, 0x9ef40000)
  object space 41472K, 20% used [0x76740000,0x76f8e138,0x78fc0000)
 PSPermGen       total 16384K, used 15104K [0x6e740000, 0x6f740000, 0x76740000)
  object space 16384K, 92% used [0x6e740000,0x6f600180,0x6f740000)
}

