# JRE version: 7.0_21-b02
# Java VM: OpenJDK Server VM (23.7-b01 mixed mode linux-x86 )
Heap
 PSYoungGen      total 20800K, used 2472K [0x9efc0000, 0xa1900000, 0xb33c0000)
  eden space 14848K, 10% used [0x9efc0000,0x9f149d38,0x9fe40000)
  from space 5952K, 15% used [0x9fe40000,0x9ff203e0,0xa0410000)
  to   space 6272K, 0% used [0xa12e0000,0xa12e0000,0xa1900000)
 ParOldGen       total 41472K, used 8856K [0x767c0000, 0x79040000, 0x9efc0000)
  object space 41472K, 21% used [0x767c0000,0x77066118,0x79040000)
 PSPermGen       total 16384K, used 14786K [0x6e7c0000, 0x6f7c0000, 0x767c0000)
  object space 16384K, 90% used [0x6e7c0000,0x6f6308b0,0x6f7c0000)
GC Heap History (10 events):
Event: 10.260 GC heap before
{Heap before GC invocations=3 (full 0):
 PSYoungGen      total 18112K, used 18106K [0x9efc0000, 0xa03f0000, 0xb33c0000)
  eden space 15552K, 100% used [0x9efc0000,0x9fef0000,0x9fef0000)
  from space 2560K, 99% used [0xa0170000,0xa03ee9a8,0xa03f0000)
  to   space 2560K, 0% used [0x9fef0000,0x9fef0000,0xa0170000)
 ParOldGen       total 41472K, used 4624K [0x767c0000, 0x79040000, 0x9efc0000)
  object space 41472K, 11% used [0x767c0000,0x76c44268,0x79040000)
 PSPermGen       total 16384K, used 14644K [0x6e7c0000, 0x6f7c0000, 0x767c0000)
  object space 16384K, 89% used [0x6e7c0000,0x6f60d220,0x6f7c0000)
Event: 10.273 GC heap after
Heap after GC invocations=3 (full 0):
 PSYoungGen      total 18112K, used 2554K [0x9efc0000, 0xa03f0000, 0xb33c0000)
  eden space 15552K, 0% used [0x9efc0000,0x9efc0000,0x9fef0000)
  from space 2560K, 99% used [0x9fef0000,0xa016e9a8,0xa0170000)
  to   space 2560K, 0% used [0xa0170000,0xa0170000,0xa03f0000)
 ParOldGen       total 41472K, used 5272K [0x767c0000, 0x79040000, 0x9efc0000)
  object space 41472K, 12% used [0x767c0000,0x76ce6100,0x79040000)
 PSPermGen       total 16384K, used 14644K [0x6e7c0000, 0x6f7c0000, 0x767c0000)
  object space 16384K, 89% used [0x6e7c0000,0x6f60d220,0x6f7c0000)
}
Event: 11.807 GC heap before
{Heap before GC invocations=4 (full 0):
 PSYoungGen      total 18112K, used 18106K [0x9efc0000, 0xa03f0000, 0xb33c0000)
  eden space 15552K, 100% used [0x9efc0000,0x9fef0000,0x9fef0000)
  from space 2560K, 99% used [0x9fef0000,0xa016e9a8,0xa0170000)
  to   space 2560K, 0% used [0xa0170000,0xa0170000,0xa03f0000)
 ParOldGen       total 41472K, used 5272K [0x767c0000, 0x79040000, 0x9efc0000)
  object space 41472K, 12% used [0x767c0000,0x76ce6100,0x79040000)
 PSPermGen       total 16384K, used 14727K [0x6e7c0000, 0x6f7c0000, 0x767c0000)
  object space 16384K, 89% used [0x6e7c0000,0x6f621ef0,0x6f7c0000)
Event: 11.815 GC heap after
Heap after GC invocations=4 (full 0):
 PSYoungGen      total 18112K, used 2553K [0x9efc0000, 0xa03f0000, 0xb33c0000)
  eden space 15552K, 0% used [0x9efc0000,0x9efc0000,0x9fef0000)
  from space 2560K, 99% used [0xa0170000,0xa03ee6a0,0xa03f0000)
  to   space 2560K, 0% used [0x9fef0000,0x9fef0000,0xa0170000)
 ParOldGen       total 41472K, used 5957K [0x767c0000, 0x79040000, 0x9efc0000)
  object space 41472K, 14% used [0x767c0000,0x76d91660,0x79040000)
 PSPermGen       total 16384K, used 14727K [0x6e7c0000, 0x6f7c0000, 0x767c0000)
  object space 16384K, 89% used [0x6e7c0000,0x6f621ef0,0x6f7c0000)
}
Event: 12.418 GC heap before
{Heap before GC invocations=5 (full 0):
 PSYoungGen      total 18112K, used 18105K [0x9efc0000, 0xa03f0000, 0xb33c0000)
  eden space 15552K, 100% used [0x9efc0000,0x9fef0000,0x9fef0000)
  from space 2560K, 99% used [0xa0170000,0xa03ee6a0,0xa03f0000)
  to   space 2560K, 0% used [0x9fef0000,0x9fef0000,0xa0170000)
 ParOldGen       total 41472K, used 5957K [0x767c0000, 0x79040000, 0x9efc0000)
  object space 41472K, 14% used [0x767c0000,0x76d91660,0x79040000)
 PSPermGen       total 16384K, used 14747K [0x6e7c0000, 0x6f7c0000, 0x767c0000)
  object space 16384K, 90% used [0x6e7c0000,0x6f626cf0,0x6f7c0000)
Event: 12.426 GC heap after
Heap after GC invocations=5 (full 0):
 PSYoungGen      total 17728K, used 2554K [0x9efc0000, 0xa0a70000, 0xb33c0000)
  eden space 15168K, 0% used [0x9efc0000,0x9efc0000,0x9fe90000)
  from space 2560K, 99% used [0x9fef0000,0xa016eb08,0xa0170000)
  to   space 6080K, 0% used [0xa0480000,0xa0480000,0xa0a70000)
 ParOldGen       total 41472K, used 6623K [0x767c0000, 0x79040000, 0x9efc0000)
  object space 41472K, 15% used [0x767c0000,0x76e37d68,0x79040000)
 PSPermGen       total 16384K, used 14747K [0x6e7c0000, 0x6f7c0000, 0x767c0000)
  object space 16384K, 90% used [0x6e7c0000,0x6f626cf0,0x6f7c0000)
}
Event: 13.230 GC heap before
{Heap before GC invocations=6 (full 0):
 PSYoungGen      total 17728K, used 17722K [0x9efc0000, 0xa0a70000, 0xb33c0000)
  eden space 15168K, 100% used [0x9efc0000,0x9fe90000,0x9fe90000)
  from space 2560K, 99% used [0x9fef0000,0xa016eb08,0xa0170000)
  to   space 6080K, 0% used [0xa0480000,0xa0480000,0xa0a70000)
 ParOldGen       total 41472K, used 6623K [0x767c0000, 0x79040000, 0x9efc0000)
  object space 41472K, 15% used [0x767c0000,0x76e37d68,0x79040000)
 PSPermGen       total 16384K, used 14761K [0x6e7c0000, 0x6f7c0000, 0x767c0000)
  object space 16384K, 90% used [0x6e7c0000,0x6f62a660,0x6f7c0000)
Event: 13.244 GC heap after
Heap after GC invocations=6 (full 0):
 PSYoungGen      total 20352K, used 2995K [0x9efc0000, 0xa09e0000, 0xb33c0000)
  eden space 14848K, 0% used [0x9efc0000,0x9efc0000,0x9fe40000)
  from space 5504K, 54% used [0xa0480000,0xa076cfd8,0xa09e0000)
  to   space 5952K, 0% used [0x9fe40000,0x9fe40000,0xa0410000)
 ParOldGen       total 41472K, used 6623K [0x767c0000, 0x79040000, 0x9efc0000)
  object space 41472K, 15% used [0x767c0000,0x76e37d68,0x79040000)
 PSPermGen       total 16384K, used 14761K [0x6e7c0000, 0x6f7c0000, 0x767c0000)
  object space 16384K, 90% used [0x6e7c0000,0x6f62a660,0x6f7c0000)
}
Event: 13.706 GC heap before
{Heap before GC invocations=7 (full 0):
 PSYoungGen      total 20352K, used 17843K [0x9efc0000, 0xa09e0000, 0xb33c0000)
  eden space 14848K, 100% used [0x9efc0000,0x9fe40000,0x9fe40000)
  from space 5504K, 54% used [0xa0480000,0xa076cfd8,0xa09e0000)
  to   space 5952K, 0% used [0x9fe40000,0x9fe40000,0xa0410000)
 ParOldGen       total 41472K, used 6623K [0x767c0000, 0x79040000, 0x9efc0000)
  object space 41472K, 15% used [0x767c0000,0x76e37d68,0x79040000)
 PSPermGen       total 16384K, used 14780K [0x6e7c0000, 0x6f7c0000, 0x767c0000)
  object space 16384K, 90% used [0x6e7c0000,0x6f62f188,0x6f7c0000)
Event: 13.716 GC heap after
Heap after GC invocations=7 (full 0):
 PSYoungGen      total 20800K, used 896K [0x9efc0000, 0xa1900000, 0xb33c0000)
  eden space 14848K, 0% used [0x9efc0000,0x9efc0000,0x9fe40000)
  from space 5952K, 15% used [0x9fe40000,0x9ff203e0,0xa0410000)
  to   space 6272K, 0% used [0xa12e0000,0xa12e0000,0xa1900000)
 ParOldGen       total 41472K, used 8856K [0x767c0000, 0x79040000, 0x9efc0000)
  object space 41472K, 21% used [0x767c0000,0x77066118,0x79040000)
 PSPermGen       total 16384K, used 14780K [0x6e7c0000, 0x6f7c0000, 0x767c0000)
  object space 16384K, 90% used [0x6e7c0000,0x6f62f188,0x6f7c0000)
}

