# JRE version: 7.0_21-b02
# Java VM: OpenJDK Server VM (23.7-b01 mixed mode linux-x86 )
Heap
 PSYoungGen      total 18112K, used 9540K [0x9ef40000, 0xa0370000, 0xb3340000)
  eden space 15552K, 44% used [0x9ef40000,0x9f612c08,0x9fe70000)
  from space 2560K, 99% used [0x9fe70000,0xa00ee720,0xa00f0000)
  to   space 2560K, 0% used [0xa00f0000,0xa00f0000,0xa0370000)
 ParOldGen       total 41472K, used 5418K [0x76740000, 0x78fc0000, 0x9ef40000)
  object space 41472K, 13% used [0x76740000,0x76c8a998,0x78fc0000)
 PSPermGen       total 16384K, used 14746K [0x6e740000, 0x6f740000, 0x76740000)
  object space 16384K, 90% used [0x6e740000,0x6f5a6a00,0x6f740000)
GC Heap History (6 events):
Event: 1.321 GC heap before
{Heap before GC invocations=1 (full 0):
 PSYoungGen      total 18112K, used 15552K [0x9ef40000, 0xa0370000, 0xb3340000)
  eden space 15552K, 100% used [0x9ef40000,0x9fe70000,0x9fe70000)
  from space 2560K, 0% used [0xa00f0000,0xa00f0000,0xa0370000)
  to   space 2560K, 0% used [0x9fe70000,0x9fe70000,0xa00f0000)
 ParOldGen       total 41472K, used 0K [0x76740000, 0x78fc0000, 0x9ef40000)
  object space 41472K, 0% used [0x76740000,0x76740000,0x78fc0000)
 PSPermGen       total 16384K, used 11903K [0x6e740000, 0x6f740000, 0x76740000)
  object space 16384K, 72% used [0x6e740000,0x6f2dfe50,0x6f740000)
Event: 1.330 GC heap after
Heap after GC invocations=1 (full 0):
 PSYoungGen      total 18112K, used 2549K [0x9ef40000, 0xa0370000, 0xb3340000)
  eden space 15552K, 0% used [0x9ef40000,0x9ef40000,0x9fe70000)
  from space 2560K, 99% used [0x9fe70000,0xa00ed5c0,0xa00f0000)
  to   space 2560K, 0% used [0xa00f0000,0xa00f0000,0xa0370000)
 ParOldGen       total 41472K, used 1313K [0x76740000, 0x78fc0000, 0x9ef40000)
  object space 41472K, 3% used [0x76740000,0x76888780,0x78fc0000)
 PSPermGen       total 16384K, used 11903K [0x6e740000, 0x6f740000, 0x76740000)
  object space 16384K, 72% used [0x6e740000,0x6f2dfe50,0x6f740000)
}
Event: 2.200 GC heap before
{Heap before GC invocations=2 (full 0):
 PSYoungGen      total 18112K, used 18080K [0x9ef40000, 0xa0370000, 0xb3340000)
  eden space 15552K, 99% used [0x9ef40000,0x9fe6aaf8,0x9fe70000)
  from space 2560K, 99% used [0x9fe70000,0xa00ed5c0,0xa00f0000)
  to   space 2560K, 0% used [0xa00f0000,0xa00f0000,0xa0370000)
 ParOldGen       total 41472K, used 1313K [0x76740000, 0x78fc0000, 0x9ef40000)
  object space 41472K, 3% used [0x76740000,0x76888780,0x78fc0000)
 PSPermGen       total 16384K, used 14380K [0x6e740000, 0x6f740000, 0x76740000)
  object space 16384K, 87% used [0x6e740000,0x6f54b048,0x6f740000)
Event: 2.213 GC heap after
Heap after GC invocations=2 (full 0):
 PSYoungGen      total 18112K, used 2551K [0x9ef40000, 0xa12a0000, 0xb3340000)
  eden space 15552K, 0% used [0x9ef40000,0x9ef40000,0x9fe70000)
  from space 2560K, 99% used [0xa00f0000,0xa036df70,0xa0370000)
  to   space 2560K, 0% used [0x9fe70000,0x9fe70000,0xa00f0000)
 ParOldGen       total 41472K, used 4436K [0x76740000, 0x78fc0000, 0x9ef40000)
  object space 41472K, 10% used [0x76740000,0x76b95040,0x78fc0000)
 PSPermGen       total 16384K, used 14380K [0x6e740000, 0x6f740000, 0x76740000)
  object space 16384K, 87% used [0x6e740000,0x6f54b048,0x6f740000)
}
Event: 7.556 GC heap before
{Heap before GC invocations=3 (full 0):
 PSYoungGen      total 18112K, used 18103K [0x9ef40000, 0xa12a0000, 0xb3340000)
  eden space 15552K, 100% used [0x9ef40000,0x9fe70000,0x9fe70000)
  from space 2560K, 99% used [0xa00f0000,0xa036df70,0xa0370000)
  to   space 2560K, 0% used [0x9fe70000,0x9fe70000,0xa00f0000)
 ParOldGen       total 41472K, used 4436K [0x76740000, 0x78fc0000, 0x9ef40000)
  object space 41472K, 10% used [0x76740000,0x76b95040,0x78fc0000)
 PSPermGen       total 16384K, used 14723K [0x6e740000, 0x6f740000, 0x76740000)
  object space 16384K, 89% used [0x6e740000,0x6f5a0f68,0x6f740000)
Event: 7.564 GC heap after
Heap after GC invocations=3 (full 0):
 PSYoungGen      total 18112K, used 2553K [0x9ef40000, 0xa0370000, 0xb3340000)
  eden space 15552K, 0% used [0x9ef40000,0x9ef40000,0x9fe70000)
  from space 2560K, 99% used [0x9fe70000,0xa00ee720,0xa00f0000)
  to   space 2560K, 0% used [0xa00f0000,0xa00f0000,0xa0370000)
 ParOldGen       total 41472K, used 5418K [0x76740000, 0x78fc0000, 0x9ef40000)
  object space 41472K, 13% used [0x76740000,0x76c8a998,0x78fc0000)
 PSPermGen       total 16384K, used 14723K [0x6e740000, 0x6f740000, 0x76740000)
  object space 16384K, 89% used [0x6e740000,0x6f5a0f68,0x6f740000)
}

