# JRE version: 7.0_21-b02
# Java VM: OpenJDK Server VM (23.7-b01 mixed mode linux-x86 )
Heap
 PSYoungGen      total 17728K, used 5049K [0x9f010000, 0xa0b20000, 0xb3410000)
  eden space 15168K, 16% used [0x9f010000,0x9f27fb70,0x9fee0000)
  from space 2560K, 99% used [0x9ff40000,0xa01bea58,0xa01c0000)
  to   space 6272K, 0% used [0xa0500000,0xa0500000,0xa0b20000)
 ParOldGen       total 41472K, used 5496K [0x76810000, 0x79090000, 0x9f010000)
  object space 41472K, 13% used [0x76810000,0x76d6e290,0x79090000)
 PSPermGen       total 16384K, used 15082K [0x6e810000, 0x6f810000, 0x76810000)
  object space 16384K, 92% used [0x6e810000,0x6f6caa10,0x6f810000)
GC Heap History (10 events):
Event: 1.313 GC heap before
{Heap before GC invocations=1 (full 0):
 PSYoungGen      total 18112K, used 15552K [0x9f010000, 0xa0440000, 0xb3410000)
  eden space 15552K, 100% used [0x9f010000,0x9ff40000,0x9ff40000)
  from space 2560K, 0% used [0xa01c0000,0xa01c0000,0xa0440000)
  to   space 2560K, 0% used [0x9ff40000,0x9ff40000,0xa01c0000)
 ParOldGen       total 41472K, used 0K [0x76810000, 0x79090000, 0x9f010000)
  object space 41472K, 0% used [0x76810000,0x76810000,0x79090000)
 PSPermGen       total 16384K, used 11903K [0x6e810000, 0x6f810000, 0x76810000)
  object space 16384K, 72% used [0x6e810000,0x6f3afd30,0x6f810000)
Event: 1.322 GC heap after
Heap after GC invocations=1 (full 0):
 PSYoungGen      total 18112K, used 2549K [0x9f010000, 0xa0440000, 0xb3410000)
  eden space 15552K, 0% used [0x9f010000,0x9f010000,0x9ff40000)
  from space 2560K, 99% used [0x9ff40000,0xa01bd5c0,0xa01c0000)
  to   space 2560K, 0% used [0xa01c0000,0xa01c0000,0xa0440000)
 ParOldGen       total 41472K, used 1312K [0x76810000, 0x79090000, 0x9f010000)
  object space 41472K, 3% used [0x76810000,0x769580e8,0x79090000)
 PSPermGen       total 16384K, used 11903K [0x6e810000, 0x6f810000, 0x76810000)
  object space 16384K, 72% used [0x6e810000,0x6f3afd30,0x6f810000)
}
Event: 2.278 GC heap before
{Heap before GC invocations=2 (full 0):
 PSYoungGen      total 18112K, used 18101K [0x9f010000, 0xa0440000, 0xb3410000)
  eden space 15552K, 100% used [0x9f010000,0x9ff40000,0x9ff40000)
  from space 2560K, 99% used [0x9ff40000,0xa01bd5c0,0xa01c0000)
  to   space 2560K, 0% used [0xa01c0000,0xa01c0000,0xa0440000)
 ParOldGen       total 41472K, used 1312K [0x76810000, 0x79090000, 0x9f010000)
  object space 41472K, 3% used [0x76810000,0x769580e8,0x79090000)
 PSPermGen       total 16384K, used 14395K [0x6e810000, 0x6f810000, 0x76810000)
  object space 16384K, 87% used [0x6e810000,0x6f61ec38,0x6f810000)
Event: 2.293 GC heap after
Heap after GC invocations=2 (full 0):
 PSYoungGen      total 18112K, used 2552K [0x9f010000, 0xa1370000, 0xb3410000)
  eden space 15552K, 0% used [0x9f010000,0x9f010000,0x9ff40000)
  from space 2560K, 99% used [0xa01c0000,0xa043e378,0xa0440000)
  to   space 2560K, 0% used [0x9ff40000,0x9ff40000,0xa01c0000)
 ParOldGen       total 41472K, used 4597K [0x76810000, 0x79090000, 0x9f010000)
  object space 41472K, 11% used [0x76810000,0x76c8d7e0,0x79090000)
 PSPermGen       total 16384K, used 14395K [0x6e810000, 0x6f810000, 0x76810000)
  object space 16384K, 87% used [0x6e810000,0x6f61ec38,0x6f810000)
}
Event: 9.831 GC heap before
{Heap before GC invocations=3 (full 0):
 PSYoungGen      total 18112K, used 18104K [0x9f010000, 0xa1370000, 0xb3410000)
  eden space 15552K, 100% used [0x9f010000,0x9ff40000,0x9ff40000)
  from space 2560K, 99% used [0xa01c0000,0xa043e378,0xa0440000)
  to   space 2560K, 0% used [0x9ff40000,0x9ff40000,0xa01c0000)
 ParOldGen       total 41472K, used 4597K [0x76810000, 0x79090000, 0x9f010000)
  object space 41472K, 11% used [0x76810000,0x76c8d7e0,0x79090000)
 PSPermGen       total 16384K, used 14882K [0x6e810000, 0x6f810000, 0x76810000)
  object space 16384K, 90% used [0x6e810000,0x6f698b80,0x6f810000)
Event: 9.838 GC heap after
Heap after GC invocations=3 (full 0):
 PSYoungGen      total 18112K, used 2552K [0x9f010000, 0xa0440000, 0xb3410000)
  eden space 15552K, 0% used [0x9f010000,0x9f010000,0x9ff40000)
  from space 2560K, 99% used [0x9ff40000,0xa01be378,0xa01c0000)
  to   space 2560K, 0% used [0xa01c0000,0xa01c0000,0xa0440000)
 ParOldGen       total 41472K, used 5129K [0x76810000, 0x79090000, 0x9f010000)
  object space 41472K, 12% used [0x76810000,0x76d12520,0x79090000)
 PSPermGen       total 16384K, used 14882K [0x6e810000, 0x6f810000, 0x76810000)
  object space 16384K, 90% used [0x6e810000,0x6f698b80,0x6f810000)
}
Event: 12.794 GC heap before
{Heap before GC invocations=4 (full 0):
 PSYoungGen      total 18112K, used 18104K [0x9f010000, 0xa0440000, 0xb3410000)
  eden space 15552K, 100% used [0x9f010000,0x9ff40000,0x9ff40000)
  from space 2560K, 99% used [0x9ff40000,0xa01be378,0xa01c0000)
  to   space 2560K, 0% used [0xa01c0000,0xa01c0000,0xa0440000)
 ParOldGen       total 41472K, used 5129K [0x76810000, 0x79090000, 0x9f010000)
  object space 41472K, 12% used [0x76810000,0x76d12520,0x79090000)
 PSPermGen       total 16384K, used 14989K [0x6e810000, 0x6f810000, 0x76810000)
  object space 16384K, 91% used [0x6e810000,0x6f6b3468,0x6f810000)
Event: 12.802 GC heap after
Heap after GC invocations=4 (full 0):
 PSYoungGen      total 18112K, used 2552K [0x9f010000, 0xa0440000, 0xb3410000)
  eden space 15552K, 0% used [0x9f010000,0x9f010000,0x9ff40000)
  from space 2560K, 99% used [0xa01c0000,0xa043e398,0xa0440000)
  to   space 2560K, 0% used [0x9ff40000,0x9ff40000,0xa01c0000)
 ParOldGen       total 41472K, used 5424K [0x76810000, 0x79090000, 0x9f010000)
  object space 41472K, 13% used [0x76810000,0x76d5c290,0x79090000)
 PSPermGen       total 16384K, used 14989K [0x6e810000, 0x6f810000, 0x76810000)
  object space 16384K, 91% used [0x6e810000,0x6f6b3468,0x6f810000)
}
Event: 24.915 GC heap before
{Heap before GC invocations=5 (full 0):
 PSYoungGen      total 18112K, used 18104K [0x9f010000, 0xa0440000, 0xb3410000)
  eden space 15552K, 100% used [0x9f010000,0x9ff40000,0x9ff40000)
  from space 2560K, 99% used [0xa01c0000,0xa043e398,0xa0440000)
  to   space 2560K, 0% used [0x9ff40000,0x9ff40000,0xa01c0000)
 ParOldGen       total 41472K, used 5424K [0x76810000, 0x79090000, 0x9f010000)
  object space 41472K, 13% used [0x76810000,0x76d5c290,0x79090000)
 PSPermGen       total 16384K, used 15081K [0x6e810000, 0x6f810000, 0x76810000)
  object space 16384K, 92% used [0x6e810000,0x6f6ca428,0x6f810000)
Event: 24.924 GC heap after
Heap after GC invocations=5 (full 0):
 PSYoungGen      total 17728K, used 2554K [0x9f010000, 0xa0b20000, 0xb3410000)
  eden space 15168K, 0% used [0x9f010000,0x9f010000,0x9fee0000)
  from space 2560K, 99% used [0x9ff40000,0xa01bea58,0xa01c0000)
  to   space 6272K, 0% used [0xa0500000,0xa0500000,0xa0b20000)
 ParOldGen       total 41472K, used 5496K [0x76810000, 0x79090000, 0x9f010000)
  object space 41472K, 13% used [0x76810000,0x76d6e290,0x79090000)
 PSPermGen       total 16384K, used 15081K [0x6e810000, 0x6f810000, 0x76810000)
  object space 16384K, 92% used [0x6e810000,0x6f6ca428,0x6f810000)
}

