# JRE version: 7.0_21-b02
# Java VM: OpenJDK Server VM (23.7-b01 mixed mode linux-x86 )
Heap
 PSYoungGen      total 33664K, used 7090K [0x9ed40000, 0xa33a0000, 0xb3140000)
  eden space 31104K, 14% used [0x9ed40000,0x9f1b00d0,0xa0ba0000)
  from space 2560K, 99% used [0xa0ba0000,0xa0e1caa0,0xa0e20000)
  to   space 4928K, 0% used [0xa2ed0000,0xa2ed0000,0xa33a0000)
 ParOldGen       total 41472K, used 3984K [0x76540000, 0x78dc0000, 0x9ed40000)
  object space 41472K, 9% used [0x76540000,0x76924030,0x78dc0000)
 PSPermGen       total 16384K, used 15080K [0x6e540000, 0x6f540000, 0x76540000)
  object space 16384K, 92% used [0x6e540000,0x6f3fa178,0x6f540000)
GC Heap History (10 events):
Event: 2.265 GC heap before
{Heap before GC invocations=1 (full 0):
 PSYoungGen      total 18112K, used 15552K [0x9ed40000, 0xa0170000, 0xb3140000)
  eden space 15552K, 100% used [0x9ed40000,0x9fc70000,0x9fc70000)
  from space 2560K, 0% used [0x9fef0000,0x9fef0000,0xa0170000)
  to   space 2560K, 0% used [0x9fc70000,0x9fc70000,0x9fef0000)
 ParOldGen       total 41472K, used 0K [0x76540000, 0x78dc0000, 0x9ed40000)
  object space 41472K, 0% used [0x76540000,0x76540000,0x78dc0000)
 PSPermGen       total 16384K, used 10017K [0x6e540000, 0x6f540000, 0x76540000)
  object space 16384K, 61% used [0x6e540000,0x6ef08590,0x6f540000)
Event: 2.271 GC heap after
Heap after GC invocations=1 (full 0):
 PSYoungGen      total 18112K, used 2197K [0x9ed40000, 0xa0170000, 0xb3140000)
  eden space 15552K, 0% used [0x9ed40000,0x9ed40000,0x9fc70000)
  from space 2560K, 85% used [0x9fc70000,0x9fe957b0,0x9fef0000)
  to   space 2560K, 0% used [0x9fef0000,0x9fef0000,0xa0170000)
 ParOldGen       total 41472K, used 4K [0x76540000, 0x78dc0000, 0x9ed40000)
  object space 41472K, 0% used [0x76540000,0x76541000,0x78dc0000)
 PSPermGen       total 16384K, used 10017K [0x6e540000, 0x6f540000, 0x76540000)
  object space 16384K, 61% used [0x6e540000,0x6ef08590,0x6f540000)
}
Event: 2.505 GC heap before
{Heap before GC invocations=2 (full 0):
 PSYoungGen      total 18112K, used 17749K [0x9ed40000, 0xa0170000, 0xb3140000)
  eden space 15552K, 100% used [0x9ed40000,0x9fc70000,0x9fc70000)
  from space 2560K, 85% used [0x9fc70000,0x9fe957b0,0x9fef0000)
  to   space 2560K, 0% used [0x9fef0000,0x9fef0000,0xa0170000)
 ParOldGen       total 41472K, used 4K [0x76540000, 0x78dc0000, 0x9ed40000)
  object space 41472K, 0% used [0x76540000,0x76541000,0x78dc0000)
 PSPermGen       total 16384K, used 11242K [0x6e540000, 0x6f540000, 0x76540000)
  object space 16384K, 68% used [0x6e540000,0x6f03abf0,0x6f540000)
Event: 2.512 GC heap after
Heap after GC invocations=2 (full 0):
 PSYoungGen      total 18112K, used 2552K [0x9ed40000, 0xa10a0000, 0xb3140000)
  eden space 15552K, 0% used [0x9ed40000,0x9ed40000,0x9fc70000)
  from space 2560K, 99% used [0x9fef0000,0xa016e2b0,0xa0170000)
  to   space 2560K, 0% used [0x9fc70000,0x9fc70000,0x9fef0000)
 ParOldGen       total 41472K, used 283K [0x76540000, 0x78dc0000, 0x9ed40000)
  object space 41472K, 0% used [0x76540000,0x76586ed0,0x78dc0000)
 PSPermGen       total 16384K, used 11242K [0x6e540000, 0x6f540000, 0x76540000)
  object space 16384K, 68% used [0x6e540000,0x6f03abf0,0x6f540000)
}
Event: 2.719 GC heap before
{Heap before GC invocations=3 (full 0):
 PSYoungGen      total 18112K, used 18104K [0x9ed40000, 0xa10a0000, 0xb3140000)
  eden space 15552K, 100% used [0x9ed40000,0x9fc70000,0x9fc70000)
  from space 2560K, 99% used [0x9fef0000,0xa016e2b0,0xa0170000)
  to   space 2560K, 0% used [0x9fc70000,0x9fc70000,0x9fef0000)
 ParOldGen       total 41472K, used 283K [0x76540000, 0x78dc0000, 0x9ed40000)
  object space 41472K, 0% used [0x76540000,0x76586ed0,0x78dc0000)
 PSPermGen       total 16384K, used 12024K [0x6e540000, 0x6f540000, 0x76540000)
  object space 16384K, 73% used [0x6e540000,0x6f0fe368,0x6f540000)
Event: 2.726 GC heap after
Heap after GC invocations=3 (full 0):
 PSYoungGen      total 18112K, used 2544K [0x9ed40000, 0xa10a0000, 0xb3140000)
  eden space 15552K, 0% used [0x9ed40000,0x9ed40000,0x9fc70000)
  from space 2560K, 99% used [0x9fc70000,0x9feec2a0,0x9fef0000)
  to   space 2560K, 0% used [0xa0e20000,0xa0e20000,0xa10a0000)
 ParOldGen       total 41472K, used 635K [0x76540000, 0x78dc0000, 0x9ed40000)
  object space 41472K, 1% used [0x76540000,0x765deed0,0x78dc0000)
 PSPermGen       total 16384K, used 12024K [0x6e540000, 0x6f540000, 0x76540000)
  object space 16384K, 73% used [0x6e540000,0x6f0fe368,0x6f540000)
}
Event: 3.447 GC heap before
{Heap before GC invocations=4 (full 0):
 PSYoungGen      total 18112K, used 18096K [0x9ed40000, 0xa10a0000, 0xb3140000)
  eden space 15552K, 100% used [0x9ed40000,0x9fc70000,0x9fc70000)
  from space 2560K, 99% used [0x9fc70000,0x9feec2a0,0x9fef0000)
  to   space 2560K, 0% used [0xa0e20000,0xa0e20000,0xa10a0000)
 ParOldGen       total 41472K, used 635K [0x76540000, 0x78dc0000, 0x9ed40000)
  object space 41472K, 1% used [0x76540000,0x765deed0,0x78dc0000)
 PSPermGen       total 16384K, used 13801K [0x6e540000, 0x6f540000, 0x76540000)
  object space 16384K, 84% used [0x6e540000,0x6f2ba578,0x6f540000)
Event: 3.462 GC heap after
Heap after GC invocations=4 (full 0):
 PSYoungGen      total 33664K, used 2556K [0x9ed40000, 0xa10a0000, 0xb3140000)
  eden space 31104K, 0% used [0x9ed40000,0x9ed40000,0xa0ba0000)
  from space 2560K, 99% used [0xa0e20000,0xa109f110,0xa10a0000)
  to   space 2560K, 0% used [0xa0ba0000,0xa0ba0000,0xa0e20000)
 ParOldGen       total 41472K, used 2296K [0x76540000, 0x78dc0000, 0x9ed40000)
  object space 41472K, 5% used [0x76540000,0x7677e390,0x78dc0000)
 PSPermGen       total 16384K, used 13801K [0x6e540000, 0x6f540000, 0x76540000)
  object space 16384K, 84% used [0x6e540000,0x6f2ba578,0x6f540000)
}
Event: 8.968 GC heap before
{Heap before GC invocations=5 (full 0):
 PSYoungGen      total 33664K, used 33660K [0x9ed40000, 0xa10a0000, 0xb3140000)
  eden space 31104K, 100% used [0x9ed40000,0xa0ba0000,0xa0ba0000)
  from space 2560K, 99% used [0xa0e20000,0xa109f110,0xa10a0000)
  to   space 2560K, 0% used [0xa0ba0000,0xa0ba0000,0xa0e20000)
 ParOldGen       total 41472K, used 2296K [0x76540000, 0x78dc0000, 0x9ed40000)
  object space 41472K, 5% used [0x76540000,0x7677e390,0x78dc0000)
 PSPermGen       total 16384K, used 15067K [0x6e540000, 0x6f540000, 0x76540000)
  object space 16384K, 91% used [0x6e540000,0x6f3f6c60,0x6f540000)
Event: 8.977 GC heap after
Heap after GC invocations=5 (full 0):
 PSYoungGen      total 33664K, used 2546K [0x9ed40000, 0xa33a0000, 0xb3140000)
  eden space 31104K, 0% used [0x9ed40000,0x9ed40000,0xa0ba0000)
  from space 2560K, 99% used [0xa0ba0000,0xa0e1caa0,0xa0e20000)
  to   space 4928K, 0% used [0xa2ed0000,0xa2ed0000,0xa33a0000)
 ParOldGen       total 41472K, used 3984K [0x76540000, 0x78dc0000, 0x9ed40000)
  object space 41472K, 9% used [0x76540000,0x76924030,0x78dc0000)
 PSPermGen       total 16384K, used 15067K [0x6e540000, 0x6f540000, 0x76540000)
  object space 16384K, 91% used [0x6e540000,0x6f3f6c60,0x6f540000)
}

