# JRE version: 7.0_21-b02
# Java VM: OpenJDK Server VM (23.7-b01 mixed mode linux-x86 )
Heap
 PSYoungGen      total 19264K, used 11198K [0x9ef40000, 0xa0740000, 0xb3340000)
  eden space 14848K, 56% used [0x9ef40000,0x9f781188,0x9fdc0000)
  from space 4416K, 62% used [0xa02f0000,0xa059e9e0,0xa0740000)
  to   space 4864K, 0% used [0x9fdc0000,0x9fdc0000,0xa0280000)
 ParOldGen       total 41472K, used 4257K [0x76740000, 0x78fc0000, 0x9ef40000)
  object space 41472K, 10% used [0x76740000,0x76b68478,0x78fc0000)
 PSPermGen       total 16384K, used 14897K [0x6e740000, 0x6f740000, 0x76740000)
  object space 16384K, 90% used [0x6e740000,0x6f5cc660,0x6f740000)
GC Heap History (10 events):
Event: 2.347 GC heap before
{Heap before GC invocations=2 (full 0):
 PSYoungGen      total 18112K, used 18099K [0x9ef40000, 0xa0370000, 0xb3340000)
  eden space 15552K, 100% used [0x9ef40000,0x9fe70000,0x9fe70000)
  from space 2560K, 99% used [0x9fe70000,0xa00ecf40,0xa00f0000)
  to   space 2560K, 0% used [0xa00f0000,0xa00f0000,0xa0370000)
 ParOldGen       total 41472K, used 1301K [0x76740000, 0x78fc0000, 0x9ef40000)
  object space 41472K, 3% used [0x76740000,0x76885448,0x78fc0000)
 PSPermGen       total 16384K, used 14530K [0x6e740000, 0x6f740000, 0x76740000)
  object space 16384K, 88% used [0x6e740000,0x6f570b38,0x6f740000)
Event: 2.361 GC heap after
Heap after GC invocations=2 (full 0):
 PSYoungGen      total 18112K, used 2553K [0x9ef40000, 0xa12a0000, 0xb3340000)
  eden space 15552K, 0% used [0x9ef40000,0x9ef40000,0x9fe70000)
  from space 2560K, 99% used [0xa00f0000,0xa036e498,0xa0370000)
  to   space 2560K, 0% used [0x9fe70000,0x9fe70000,0xa00f0000)
 ParOldGen       total 41472K, used 3309K [0x76740000, 0x78fc0000, 0x9ef40000)
  object space 41472K, 7% used [0x76740000,0x76a7b550,0x78fc0000)
 PSPermGen       total 16384K, used 14530K [0x6e740000, 0x6f740000, 0x76740000)
  object space 16384K, 88% used [0x6e740000,0x6f570b38,0x6f740000)
}
Event: 13.036 GC heap before
{Heap before GC invocations=3 (full 0):
 PSYoungGen      total 18112K, used 18105K [0x9ef40000, 0xa12a0000, 0xb3340000)
  eden space 15552K, 100% used [0x9ef40000,0x9fe70000,0x9fe70000)
  from space 2560K, 99% used [0xa00f0000,0xa036e498,0xa0370000)
  to   space 2560K, 0% used [0x9fe70000,0x9fe70000,0xa00f0000)
 ParOldGen       total 41472K, used 3309K [0x76740000, 0x78fc0000, 0x9ef40000)
  object space 41472K, 7% used [0x76740000,0x76a7b550,0x78fc0000)
 PSPermGen       total 16384K, used 14854K [0x6e740000, 0x6f740000, 0x76740000)
  object space 16384K, 90% used [0x6e740000,0x6f5c1890,0x6f740000)
Event: 13.049 GC heap after
Heap after GC invocations=3 (full 0):
 PSYoungGen      total 18112K, used 2558K [0x9ef40000, 0xa0370000, 0xb3340000)
  eden space 15552K, 0% used [0x9ef40000,0x9ef40000,0x9fe70000)
  from space 2560K, 99% used [0x9fe70000,0xa00efb30,0xa00f0000)
  to   space 2560K, 0% used [0xa00f0000,0xa00f0000,0xa0370000)
 ParOldGen       total 41472K, used 3847K [0x76740000, 0x78fc0000, 0x9ef40000)
  object space 41472K, 9% used [0x76740000,0x76b01fe8,0x78fc0000)
 PSPermGen       total 16384K, used 14854K [0x6e740000, 0x6f740000, 0x76740000)
  object space 16384K, 90% used [0x6e740000,0x6f5c1890,0x6f740000)
}
Event: 17.501 GC heap before
{Heap before GC invocations=4 (full 0):
 PSYoungGen      total 18112K, used 18110K [0x9ef40000, 0xa0370000, 0xb3340000)
  eden space 15552K, 100% used [0x9ef40000,0x9fe70000,0x9fe70000)
  from space 2560K, 99% used [0x9fe70000,0xa00efb30,0xa00f0000)
  to   space 2560K, 0% used [0xa00f0000,0xa00f0000,0xa0370000)
 ParOldGen       total 41472K, used 3847K [0x76740000, 0x78fc0000, 0x9ef40000)
  object space 41472K, 9% used [0x76740000,0x76b01fe8,0x78fc0000)
 PSPermGen       total 16384K, used 14866K [0x6e740000, 0x6f740000, 0x76740000)
  object space 16384K, 90% used [0x6e740000,0x6f5c4940,0x6f740000)
Event: 17.512 GC heap after
Heap after GC invocations=4 (full 0):
 PSYoungGen      total 18112K, used 2547K [0x9ef40000, 0xa0370000, 0xb3340000)
  eden space 15552K, 0% used [0x9ef40000,0x9ef40000,0x9fe70000)
  from space 2560K, 99% used [0xa00f0000,0xa036cc40,0xa0370000)
  to   space 2560K, 0% used [0x9fe70000,0x9fe70000,0xa00f0000)
 ParOldGen       total 41472K, used 4097K [0x76740000, 0x78fc0000, 0x9ef40000)
  object space 41472K, 9% used [0x76740000,0x76b40478,0x78fc0000)
 PSPermGen       total 16384K, used 14866K [0x6e740000, 0x6f740000, 0x76740000)
  object space 16384K, 90% used [0x6e740000,0x6f5c4940,0x6f740000)
}
Event: 26.617 GC heap before
{Heap before GC invocations=5 (full 0):
 PSYoungGen      total 18112K, used 18099K [0x9ef40000, 0xa0370000, 0xb3340000)
  eden space 15552K, 100% used [0x9ef40000,0x9fe70000,0x9fe70000)
  from space 2560K, 99% used [0xa00f0000,0xa036cc40,0xa0370000)
  to   space 2560K, 0% used [0x9fe70000,0x9fe70000,0xa00f0000)
 ParOldGen       total 41472K, used 4097K [0x76740000, 0x78fc0000, 0x9ef40000)
  object space 41472K, 9% used [0x76740000,0x76b40478,0x78fc0000)
 PSPermGen       total 16384K, used 14872K [0x6e740000, 0x6f740000, 0x76740000)
  object space 16384K, 90% used [0x6e740000,0x6f5c6288,0x6f740000)
Event: 26.632 GC heap after
Heap after GC invocations=5 (full 0):
 PSYoungGen      total 17728K, used 2547K [0x9ef40000, 0xa07d0000, 0xb3340000)
  eden space 15168K, 0% used [0x9ef40000,0x9ef40000,0x9fe10000)
  from space 2560K, 99% used [0x9fe70000,0xa00ecd40,0xa00f0000)
  to   space 4992K, 0% used [0xa02f0000,0xa02f0000,0xa07d0000)
 ParOldGen       total 41472K, used 4253K [0x76740000, 0x78fc0000, 0x9ef40000)
  object space 41472K, 10% used [0x76740000,0x76b67478,0x78fc0000)
 PSPermGen       total 16384K, used 14872K [0x6e740000, 0x6f740000, 0x76740000)
  object space 16384K, 90% used [0x6e740000,0x6f5c6288,0x6f740000)
}
Event: 39.165 GC heap before
{Heap before GC invocations=6 (full 0):
 PSYoungGen      total 17728K, used 17715K [0x9ef40000, 0xa07d0000, 0xb3340000)
  eden space 15168K, 100% used [0x9ef40000,0x9fe10000,0x9fe10000)
  from space 2560K, 99% used [0x9fe70000,0xa00ecd40,0xa00f0000)
  to   space 4992K, 0% used [0xa02f0000,0xa02f0000,0xa07d0000)
 ParOldGen       total 41472K, used 4253K [0x76740000, 0x78fc0000, 0x9ef40000)
  object space 41472K, 10% used [0x76740000,0x76b67478,0x78fc0000)
 PSPermGen       total 16384K, used 14888K [0x6e740000, 0x6f740000, 0x76740000)
  object space 16384K, 90% used [0x6e740000,0x6f5ca320,0x6f740000)
Event: 39.174 GC heap after
Heap after GC invocations=6 (full 0):
 PSYoungGen      total 19264K, used 2746K [0x9ef40000, 0xa0740000, 0xb3340000)
  eden space 14848K, 0% used [0x9ef40000,0x9ef40000,0x9fdc0000)
  from space 4416K, 62% used [0xa02f0000,0xa059e9e0,0xa0740000)
  to   space 4864K, 0% used [0x9fdc0000,0x9fdc0000,0xa0280000)
 ParOldGen       total 41472K, used 4257K [0x76740000, 0x78fc0000, 0x9ef40000)
  object space 41472K, 10% used [0x76740000,0x76b68478,0x78fc0000)
 PSPermGen       total 16384K, used 14888K [0x6e740000, 0x6f740000, 0x76740000)
  object space 16384K, 90% used [0x6e740000,0x6f5ca320,0x6f740000)
}

