# JRE version: 7.0_21-b02
# Java VM: OpenJDK Server VM (23.7-b01 mixed mode linux-x86 )
Heap
 PSYoungGen      total 14464K, used 6516K [0x9ef40000, 0xa0970000, 0xb3340000)
  eden space 13888K, 43% used [0x9ef40000,0x9f51b9c0,0x9fcd0000)
  from space 576K, 89% used [0x9fd20000,0x9fda1840,0x9fdb0000)
  to   space 6464K, 0% used [0xa0320000,0xa0320000,0xa0970000)
 ParOldGen       total 41472K, used 9639K [0x76740000, 0x78fc0000, 0x9ef40000)
  object space 41472K, 23% used [0x76740000,0x770a9d20,0x78fc0000)
 PSPermGen       total 16384K, used 14845K [0x6e740000, 0x6f740000, 0x76740000)
  object space 16384K, 90% used [0x6e740000,0x6f5bf6d8,0x6f740000)
GC Heap History (10 events):
Event: 9.483 GC heap before
{Heap before GC invocations=5 (full 0):
 PSYoungGen      total 18112K, used 18111K [0x9ef40000, 0xa0370000, 0xb3340000)
  eden space 15552K, 100% used [0x9ef40000,0x9fe70000,0x9fe70000)
  from space 2560K, 99% used [0xa00f0000,0xa036fec0,0xa0370000)
  to   space 2560K, 0% used [0x9fe70000,0x9fe70000,0xa00f0000)
 ParOldGen       total 41472K, used 6046K [0x76740000, 0x78fc0000, 0x9ef40000)
  object space 41472K, 14% used [0x76740000,0x76d27bd0,0x78fc0000)
 PSPermGen       total 16384K, used 14756K [0x6e740000, 0x6f740000, 0x76740000)
  object space 16384K, 90% used [0x6e740000,0x6f5a91a0,0x6f740000)
Event: 9.490 GC heap after
Heap after GC invocations=5 (full 0):
 PSYoungGen      total 17728K, used 2558K [0x9ef40000, 0xa0970000, 0xb3340000)
  eden space 15168K, 0% used [0x9ef40000,0x9ef40000,0x9fe10000)
  from space 2560K, 99% used [0x9fe70000,0xa00efb88,0xa00f0000)
  to   space 5824K, 0% used [0xa03c0000,0xa03c0000,0xa0970000)
 ParOldGen       total 41472K, used 6940K [0x76740000, 0x78fc0000, 0x9ef40000)
  object space 41472K, 16% used [0x76740000,0x76e070d8,0x78fc0000)
 PSPermGen       total 16384K, used 14756K [0x6e740000, 0x6f740000, 0x76740000)
  object space 16384K, 90% used [0x6e740000,0x6f5a91a0,0x6f740000)
}
Event: 13.429 GC heap before
{Heap before GC invocations=6 (full 0):
 PSYoungGen      total 17728K, used 17726K [0x9ef40000, 0xa0970000, 0xb3340000)
  eden space 15168K, 100% used [0x9ef40000,0x9fe10000,0x9fe10000)
  from space 2560K, 99% used [0x9fe70000,0xa00efb88,0xa00f0000)
  to   space 5824K, 0% used [0xa03c0000,0xa03c0000,0xa0970000)
 ParOldGen       total 41472K, used 6950K [0x76740000, 0x78fc0000, 0x9ef40000)
  object space 41472K, 16% used [0x76740000,0x76e09a98,0x78fc0000)
 PSPermGen       total 16384K, used 14786K [0x6e740000, 0x6f740000, 0x76740000)
  object space 16384K, 90% used [0x6e740000,0x6f5b0858,0x6f740000)
Event: 13.436 GC heap after
Heap after GC invocations=6 (full 0):
 PSYoungGen      total 20224K, used 3067K [0x9ef40000, 0xa0900000, 0xb3340000)
  eden space 14848K, 0% used [0x9ef40000,0x9ef40000,0x9fdc0000)
  from space 5376K, 57% used [0xa03c0000,0xa06bee90,0xa0900000)
  to   space 5760K, 0% used [0x9fdc0000,0x9fdc0000,0xa0360000)
 ParOldGen       total 41472K, used 6950K [0x76740000, 0x78fc0000, 0x9ef40000)
  object space 41472K, 16% used [0x76740000,0x76e09a98,0x78fc0000)
 PSPermGen       total 16384K, used 14786K [0x6e740000, 0x6f740000, 0x76740000)
  object space 16384K, 90% used [0x6e740000,0x6f5b0858,0x6f740000)
}
Event: 19.343 GC heap before
{Heap before GC invocations=7 (full 0):
 PSYoungGen      total 20224K, used 17915K [0x9ef40000, 0xa0900000, 0xb3340000)
  eden space 14848K, 100% used [0x9ef40000,0x9fdc0000,0x9fdc0000)
  from space 5376K, 57% used [0xa03c0000,0xa06bee90,0xa0900000)
  to   space 5760K, 0% used [0x9fdc0000,0x9fdc0000,0xa0360000)
 ParOldGen       total 41472K, used 6953K [0x76740000, 0x78fc0000, 0x9ef40000)
  object space 41472K, 16% used [0x76740000,0x76e0a7b0,0x78fc0000)
 PSPermGen       total 16384K, used 14810K [0x6e740000, 0x6f740000, 0x76740000)
  object space 16384K, 90% used [0x6e740000,0x6f5b6a80,0x6f740000)
Event: 19.353 GC heap after
Heap after GC invocations=7 (full 0):
 PSYoungGen      total 20288K, used 804K [0x9ef40000, 0xa0970000, 0xb3340000)
  eden space 14528K, 0% used [0x9ef40000,0x9ef40000,0x9fd70000)
  from space 5760K, 13% used [0x9fdc0000,0x9fe89228,0xa0360000)
  to   space 6144K, 0% used [0xa0370000,0xa0370000,0xa0970000)
 ParOldGen       total 41472K, used 9291K [0x76740000, 0x78fc0000, 0x9ef40000)
  object space 41472K, 22% used [0x76740000,0x77052f88,0x78fc0000)
 PSPermGen       total 16384K, used 14810K [0x6e740000, 0x6f740000, 0x76740000)
  object space 16384K, 90% used [0x6e740000,0x6f5b6a80,0x6f740000)
}
Event: 23.801 GC heap before
{Heap before GC invocations=8 (full 0):
 PSYoungGen      total 20288K, used 15332K [0x9ef40000, 0xa0970000, 0xb3340000)
  eden space 14528K, 100% used [0x9ef40000,0x9fd70000,0x9fd70000)
  from space 5760K, 13% used [0x9fdc0000,0x9fe89228,0xa0360000)
  to   space 6144K, 0% used [0xa0370000,0xa0370000,0xa0970000)
 ParOldGen       total 41472K, used 9291K [0x76740000, 0x78fc0000, 0x9ef40000)
  object space 41472K, 22% used [0x76740000,0x77052f88,0x78fc0000)
 PSPermGen       total 16384K, used 14824K [0x6e740000, 0x6f740000, 0x76740000)
  object space 16384K, 90% used [0x6e740000,0x6f5ba3c0,0x6f740000)
Event: 23.804 GC heap after
Heap after GC invocations=8 (full 0):
 PSYoungGen      total 20352K, used 777K [0x9ef40000, 0xa0980000, 0xb3340000)
  eden space 14208K, 0% used [0x9ef40000,0x9ef40000,0x9fd20000)
  from space 6144K, 12% used [0xa0370000,0xa04326c8,0xa0970000)
  to   space 6336K, 0% used [0x9fd20000,0x9fd20000,0xa0350000)
 ParOldGen       total 41472K, used 9372K [0x76740000, 0x78fc0000, 0x9ef40000)
  object space 41472K, 22% used [0x76740000,0x77067098,0x78fc0000)
 PSPermGen       total 16384K, used 14824K [0x6e740000, 0x6f740000, 0x76740000)
  object space 16384K, 90% used [0x6e740000,0x6f5ba3c0,0x6f740000)
}
Event: 27.393 GC heap before
{Heap before GC invocations=9 (full 0):
 PSYoungGen      total 20352K, used 14985K [0x9ef40000, 0xa0980000, 0xb3340000)
  eden space 14208K, 100% used [0x9ef40000,0x9fd20000,0x9fd20000)
  from space 6144K, 12% used [0xa0370000,0xa04326c8,0xa0970000)
  to   space 6336K, 0% used [0x9fd20000,0x9fd20000,0xa0350000)
 ParOldGen       total 41472K, used 9372K [0x76740000, 0x78fc0000, 0x9ef40000)
  object space 41472K, 22% used [0x76740000,0x77067098,0x78fc0000)
 PSPermGen       total 16384K, used 14837K [0x6e740000, 0x6f740000, 0x76740000)
  object space 16384K, 90% used [0x6e740000,0x6f5bd700,0x6f740000)
Event: 27.395 GC heap after
Heap after GC invocations=9 (full 0):
 PSYoungGen      total 14464K, used 518K [0x9ef40000, 0xa0970000, 0xb3340000)
  eden space 13888K, 0% used [0x9ef40000,0x9ef40000,0x9fcd0000)
  from space 576K, 89% used [0x9fd20000,0x9fda1840,0x9fdb0000)
  to   space 6464K, 0% used [0xa0320000,0xa0320000,0xa0970000)
 ParOldGen       total 41472K, used 9639K [0x76740000, 0x78fc0000, 0x9ef40000)
  object space 41472K, 23% used [0x76740000,0x770a9d20,0x78fc0000)
 PSPermGen       total 16384K, used 14837K [0x6e740000, 0x6f740000, 0x76740000)
  object space 16384K, 90% used [0x6e740000,0x6f5bd700,0x6f740000)
}

