# JRE version: 7.0_21-b02
# Java VM: OpenJDK Server VM (23.7-b01 mixed mode linux-x86 )
Heap
 PSYoungGen      total 13568K, used 11482K [0x9f030000, 0xa0970000, 0xb3430000)
  eden space 13312K, 84% used [0x9f030000,0x9fb2b490,0x9fd30000)
  from space 256K, 92% used [0x9fd70000,0x9fdab5b0,0x9fdb0000)
  to   space 6272K, 0% used [0xa0350000,0xa0350000,0xa0970000)
 ParOldGen       total 41472K, used 8024K [0x76830000, 0x790b0000, 0x9f030000)
  object space 41472K, 19% used [0x76830000,0x77006080,0x790b0000)
 PSPermGen       total 16384K, used 15316K [0x6e830000, 0x6f830000, 0x76830000)
  object space 16384K, 93% used [0x6e830000,0x6f725048,0x6f830000)
GC Heap History (10 events):
Event: 49.193 GC heap before
{Heap before GC invocations=7 (full 0):
 PSYoungGen      total 20160K, used 17699K [0x9f030000, 0xa0a10000, 0xb3430000)
  eden space 14848K, 100% used [0x9f030000,0x9feb0000,0x9feb0000)
  from space 5312K, 53% used [0xa04e0000,0xa07a8ff0,0xa0a10000)
  to   space 5824K, 0% used [0x9feb0000,0x9feb0000,0xa0460000)
 ParOldGen       total 41472K, used 5264K [0x76830000, 0x790b0000, 0x9f030000)
  object space 41472K, 12% used [0x76830000,0x76d54310,0x790b0000)
 PSPermGen       total 16384K, used 15020K [0x6e830000, 0x6f830000, 0x76830000)
  object space 16384K, 91% used [0x6e830000,0x6f6db170,0x6f830000)
Event: 49.211 GC heap after
Heap after GC invocations=7 (full 0):
 PSYoungGen      total 20352K, used 711K [0x9f030000, 0xa0a60000, 0xb3430000)
  eden space 14528K, 0% used [0x9f030000,0x9f030000,0x9fe60000)
  from space 5824K, 12% used [0x9feb0000,0x9ff61ec8,0xa0460000)
  to   space 6144K, 0% used [0xa0460000,0xa0460000,0xa0a60000)
 ParOldGen       total 41472K, used 7470K [0x76830000, 0x790b0000, 0x9f030000)
  object space 41472K, 18% used [0x76830000,0x76f7bb08,0x790b0000)
 PSPermGen       total 16384K, used 15020K [0x6e830000, 0x6f830000, 0x76830000)
  object space 16384K, 91% used [0x6e830000,0x6f6db170,0x6f830000)
}
Event: 65.345 GC heap before
{Heap before GC invocations=8 (full 0):
 PSYoungGen      total 20352K, used 15239K [0x9f030000, 0xa0a60000, 0xb3430000)
  eden space 14528K, 100% used [0x9f030000,0x9fe60000,0x9fe60000)
  from space 5824K, 12% used [0x9feb0000,0x9ff61ec8,0xa0460000)
  to   space 6144K, 0% used [0xa0460000,0xa0460000,0xa0a60000)
 ParOldGen       total 41472K, used 7470K [0x76830000, 0x790b0000, 0x9f030000)
  object space 41472K, 18% used [0x76830000,0x76f7bb08,0x790b0000)
 PSPermGen       total 16384K, used 15062K [0x6e830000, 0x6f830000, 0x76830000)
  object space 16384K, 91% used [0x6e830000,0x6f6e5b20,0x6f830000)
Event: 65.348 GC heap after
Heap after GC invocations=8 (full 0):
 PSYoungGen      total 20288K, used 561K [0x9f030000, 0xa0a50000, 0xb3430000)
  eden space 14208K, 0% used [0x9f030000,0x9f030000,0x9fe10000)
  from space 6080K, 9% used [0xa0460000,0xa04ec7d0,0xa0a50000)
  to   space 6272K, 0% used [0x9fe10000,0x9fe10000,0xa0430000)
 ParOldGen       total 41472K, used 7669K [0x76830000, 0x790b0000, 0x9f030000)
  object space 41472K, 18% used [0x76830000,0x76fad690,0x790b0000)
 PSPermGen       total 16384K, used 15062K [0x6e830000, 0x6f830000, 0x76830000)
  object space 16384K, 91% used [0x6e830000,0x6f6e5b20,0x6f830000)
}
Event: 75.453 GC heap before
{Heap before GC invocations=9 (full 0):
 PSYoungGen      total 20288K, used 14769K [0x9f030000, 0xa0a50000, 0xb3430000)
  eden space 14208K, 100% used [0x9f030000,0x9fe10000,0x9fe10000)
  from space 6080K, 9% used [0xa0460000,0xa04ec7d0,0xa0a50000)
  to   space 6272K, 0% used [0x9fe10000,0x9fe10000,0xa0430000)
 ParOldGen       total 41472K, used 7669K [0x76830000, 0x790b0000, 0x9f030000)
  object space 41472K, 18% used [0x76830000,0x76fad690,0x790b0000)
 PSPermGen       total 16384K, used 15090K [0x6e830000, 0x6f830000, 0x76830000)
  object space 16384K, 92% used [0x6e830000,0x6f6ec990,0x6f830000)
Event: 75.457 GC heap after
Heap after GC invocations=9 (full 0):
 PSYoungGen      total 14272K, used 376K [0x9f030000, 0xa0a20000, 0xb3430000)
  eden space 13888K, 0% used [0x9f030000,0x9f030000,0x9fdc0000)
  from space 384K, 97% used [0x9fe10000,0x9fe6e000,0x9fe70000)
  to   space 6336K, 0% used [0xa03f0000,0xa03f0000,0xa0a20000)
 ParOldGen       total 41472K, used 7866K [0x76830000, 0x790b0000, 0x9f030000)
  object space 41472K, 18% used [0x76830000,0x76fdead0,0x790b0000)
 PSPermGen       total 16384K, used 15090K [0x6e830000, 0x6f830000, 0x76830000)
  object space 16384K, 92% used [0x6e830000,0x6f6ec990,0x6f830000)
}
Event: 83.469 GC heap before
{Heap before GC invocations=10 (full 0):
 PSYoungGen      total 14272K, used 14264K [0x9f030000, 0xa0a20000, 0xb3430000)
  eden space 13888K, 100% used [0x9f030000,0x9fdc0000,0x9fdc0000)
  from space 384K, 97% used [0x9fe10000,0x9fe6e000,0x9fe70000)
  to   space 6336K, 0% used [0xa03f0000,0xa03f0000,0xa0a20000)
 ParOldGen       total 41472K, used 7866K [0x76830000, 0x790b0000, 0x9f030000)
  object space 41472K, 18% used [0x76830000,0x76fdead0,0x790b0000)
 PSPermGen       total 16384K, used 15102K [0x6e830000, 0x6f830000, 0x76830000)
  object space 16384K, 92% used [0x6e830000,0x6f6ef9d8,0x6f830000)
Event: 83.473 GC heap after
Heap after GC invocations=10 (full 0):
 PSYoungGen      total 19584K, used 256K [0x9f030000, 0xa09d0000, 0xb3430000)
  eden space 13568K, 0% used [0x9f030000,0x9f030000,0x9fd70000)
  from space 6016K, 4% used [0xa03f0000,0xa0430000,0xa09d0000)
  to   space 6336K, 0% used [0x9fd70000,0x9fd70000,0xa03a0000)
 ParOldGen       total 41472K, used 8012K [0x76830000, 0x790b0000, 0x9f030000)
  object space 41472K, 19% used [0x76830000,0x77003080,0x790b0000)
 PSPermGen       total 16384K, used 15102K [0x6e830000, 0x6f830000, 0x76830000)
  object space 16384K, 92% used [0x6e830000,0x6f6ef9d8,0x6f830000)
}
Event: 91.789 GC heap before
{Heap before GC invocations=11 (full 0):
 PSYoungGen      total 19584K, used 13824K [0x9f030000, 0xa09d0000, 0xb3430000)
  eden space 13568K, 100% used [0x9f030000,0x9fd70000,0x9fd70000)
  from space 6016K, 4% used [0xa03f0000,0xa0430000,0xa09d0000)
  to   space 6336K, 0% used [0x9fd70000,0x9fd70000,0xa03a0000)
 ParOldGen       total 41472K, used 8012K [0x76830000, 0x790b0000, 0x9f030000)
  object space 41472K, 19% used [0x76830000,0x77003080,0x790b0000)
 PSPermGen       total 16384K, used 15107K [0x6e830000, 0x6f830000, 0x76830000)
  object space 16384K, 92% used [0x6e830000,0x6f6f0fb8,0x6f830000)
Event: 91.793 GC heap after
Heap after GC invocations=11 (full 0):
 PSYoungGen      total 13568K, used 237K [0x9f030000, 0xa0970000, 0xb3430000)
  eden space 13312K, 0% used [0x9f030000,0x9f030000,0x9fd30000)
  from space 256K, 92% used [0x9fd70000,0x9fdab5b0,0x9fdb0000)
  to   space 6272K, 0% used [0xa0350000,0xa0350000,0xa0970000)
 ParOldGen       total 41472K, used 8024K [0x76830000, 0x790b0000, 0x9f030000)
  object space 41472K, 19% used [0x76830000,0x77006080,0x790b0000)
 PSPermGen       total 16384K, used 15107K [0x6e830000, 0x6f830000, 0x76830000)
  object space 16384K, 92% used [0x6e830000,0x6f6f0fb8,0x6f830000)
}

