# JRE version: 7.0_21-b02
# Java VM: OpenJDK Server VM (23.7-b01 mixed mode linux-x86 )
Heap
 PSYoungGen      total 20544K, used 2518K [0x9eff0000, 0xa0aa0000, 0xb33f0000)
  eden space 14528K, 14% used [0x9eff0000,0x9f2038f0,0x9fe20000)
  from space 6016K, 6% used [0x9fe70000,0x9fed21d8,0xa0450000)
  to   space 6400K, 0% used [0xa0460000,0xa0460000,0xa0aa0000)
 ParOldGen       total 41472K, used 8911K [0x767f0000, 0x79070000, 0x9eff0000)
  object space 41472K, 21% used [0x767f0000,0x770a3e50,0x79070000)
 PSPermGen       total 16384K, used 14925K [0x6e7f0000, 0x6f7f0000, 0x767f0000)
  object space 16384K, 91% used [0x6e7f0000,0x6f683618,0x6f7f0000)
GC Heap History (10 events):
Event: 7.336 GC heap before
{Heap before GC invocations=3 (full 0):
 PSYoungGen      total 18112K, used 18107K [0x9eff0000, 0xa0420000, 0xb33f0000)
  eden space 15552K, 100% used [0x9eff0000,0x9ff20000,0x9ff20000)
  from space 2560K, 99% used [0xa01a0000,0xa041edd0,0xa0420000)
  to   space 2560K, 0% used [0x9ff20000,0x9ff20000,0xa01a0000)
 ParOldGen       total 41472K, used 4511K [0x767f0000, 0x79070000, 0x9eff0000)
  object space 41472K, 10% used [0x767f0000,0x76c57eb0,0x79070000)
 PSPermGen       total 16384K, used 14794K [0x6e7f0000, 0x6f7f0000, 0x767f0000)
  object space 16384K, 90% used [0x6e7f0000,0x6f662b80,0x6f7f0000)
Event: 7.344 GC heap after
Heap after GC invocations=3 (full 0):
 PSYoungGen      total 18112K, used 2555K [0x9eff0000, 0xa0420000, 0xb33f0000)
  eden space 15552K, 0% used [0x9eff0000,0x9eff0000,0x9ff20000)
  from space 2560K, 99% used [0x9ff20000,0xa019edd0,0xa01a0000)
  to   space 2560K, 0% used [0xa01a0000,0xa01a0000,0xa0420000)
 ParOldGen       total 41472K, used 5602K [0x767f0000, 0x79070000, 0x9eff0000)
  object space 41472K, 13% used [0x767f0000,0x76d68a50,0x79070000)
 PSPermGen       total 16384K, used 14794K [0x6e7f0000, 0x6f7f0000, 0x767f0000)
  object space 16384K, 90% used [0x6e7f0000,0x6f662b80,0x6f7f0000)
}
Event: 14.821 GC heap before
{Heap before GC invocations=4 (full 0):
 PSYoungGen      total 18112K, used 18107K [0x9eff0000, 0xa0420000, 0xb33f0000)
  eden space 15552K, 100% used [0x9eff0000,0x9ff20000,0x9ff20000)
  from space 2560K, 99% used [0x9ff20000,0xa019edd0,0xa01a0000)
  to   space 2560K, 0% used [0xa01a0000,0xa01a0000,0xa0420000)
 ParOldGen       total 41472K, used 5602K [0x767f0000, 0x79070000, 0x9eff0000)
  object space 41472K, 13% used [0x767f0000,0x76d68a50,0x79070000)
 PSPermGen       total 16384K, used 14854K [0x6e7f0000, 0x6f7f0000, 0x767f0000)
  object space 16384K, 90% used [0x6e7f0000,0x6f6719b0,0x6f7f0000)
Event: 14.836 GC heap after
Heap after GC invocations=4 (full 0):
 PSYoungGen      total 18112K, used 2558K [0x9eff0000, 0xa0420000, 0xb33f0000)
  eden space 15552K, 0% used [0x9eff0000,0x9eff0000,0x9ff20000)
  from space 2560K, 99% used [0xa01a0000,0xa041f840,0xa0420000)
  to   space 2560K, 0% used [0x9ff20000,0x9ff20000,0xa01a0000)
 ParOldGen       total 41472K, used 6161K [0x767f0000, 0x79070000, 0x9eff0000)
  object space 41472K, 14% used [0x767f0000,0x76df46a0,0x79070000)
 PSPermGen       total 16384K, used 14854K [0x6e7f0000, 0x6f7f0000, 0x767f0000)
  object space 16384K, 90% used [0x6e7f0000,0x6f6719b0,0x6f7f0000)
}
Event: 20.300 GC heap before
{Heap before GC invocations=5 (full 0):
 PSYoungGen      total 18112K, used 18110K [0x9eff0000, 0xa0420000, 0xb33f0000)
  eden space 15552K, 100% used [0x9eff0000,0x9ff20000,0x9ff20000)
  from space 2560K, 99% used [0xa01a0000,0xa041f840,0xa0420000)
  to   space 2560K, 0% used [0x9ff20000,0x9ff20000,0xa01a0000)
 ParOldGen       total 41472K, used 6161K [0x767f0000, 0x79070000, 0x9eff0000)
  object space 41472K, 14% used [0x767f0000,0x76df46a0,0x79070000)
 PSPermGen       total 16384K, used 14873K [0x6e7f0000, 0x6f7f0000, 0x767f0000)
  object space 16384K, 90% used [0x6e7f0000,0x6f6766e8,0x6f7f0000)
Event: 20.307 GC heap after
Heap after GC invocations=5 (full 0):
 PSYoungGen      total 17728K, used 2555K [0x9eff0000, 0xa0aa0000, 0xb33f0000)
  eden space 15168K, 0% used [0x9eff0000,0x9eff0000,0x9fec0000)
  from space 2560K, 99% used [0x9ff20000,0xa019edd0,0xa01a0000)
  to   space 6080K, 0% used [0xa04b0000,0xa04b0000,0xa0aa0000)
 ParOldGen       total 41472K, used 6499K [0x767f0000, 0x79070000, 0x9eff0000)
  object space 41472K, 15% used [0x767f0000,0x76e48f68,0x79070000)
 PSPermGen       total 16384K, used 14873K [0x6e7f0000, 0x6f7f0000, 0x767f0000)
  object space 16384K, 90% used [0x6e7f0000,0x6f6766e8,0x6f7f0000)
}
Event: 29.131 GC heap before
{Heap before GC invocations=6 (full 0):
 PSYoungGen      total 17728K, used 17723K [0x9eff0000, 0xa0aa0000, 0xb33f0000)
  eden space 15168K, 100% used [0x9eff0000,0x9fec0000,0x9fec0000)
  from space 2560K, 99% used [0x9ff20000,0xa019edd0,0xa01a0000)
  to   space 6080K, 0% used [0xa04b0000,0xa04b0000,0xa0aa0000)
 ParOldGen       total 41472K, used 6499K [0x767f0000, 0x79070000, 0x9eff0000)
  object space 41472K, 15% used [0x767f0000,0x76e48f68,0x79070000)
 PSPermGen       total 16384K, used 14898K [0x6e7f0000, 0x6f7f0000, 0x767f0000)
  object space 16384K, 90% used [0x6e7f0000,0x6f67ca60,0x6f7f0000)
Event: 29.141 GC heap after
Heap after GC invocations=6 (full 0):
 PSYoungGen      total 20480K, used 2707K [0x9eff0000, 0xa0a30000, 0xb33f0000)
  eden space 14848K, 0% used [0x9eff0000,0x9eff0000,0x9fe70000)
  from space 5632K, 48% used [0xa04b0000,0xa0754ee0,0xa0a30000)
  to   space 6016K, 0% used [0x9fe70000,0x9fe70000,0xa0450000)
 ParOldGen       total 41472K, used 6499K [0x767f0000, 0x79070000, 0x9eff0000)
  object space 41472K, 15% used [0x767f0000,0x76e48f68,0x79070000)
 PSPermGen       total 16384K, used 14898K [0x6e7f0000, 0x6f7f0000, 0x767f0000)
  object space 16384K, 90% used [0x6e7f0000,0x6f67ca60,0x6f7f0000)
}
Event: 36.456 GC heap before
{Heap before GC invocations=7 (full 0):
 PSYoungGen      total 20480K, used 17555K [0x9eff0000, 0xa0a30000, 0xb33f0000)
  eden space 14848K, 100% used [0x9eff0000,0x9fe70000,0x9fe70000)
  from space 5632K, 48% used [0xa04b0000,0xa0754ee0,0xa0a30000)
  to   space 6016K, 0% used [0x9fe70000,0x9fe70000,0xa0450000)
 ParOldGen       total 41472K, used 6499K [0x767f0000, 0x79070000, 0x9eff0000)
  object space 41472K, 15% used [0x767f0000,0x76e48f68,0x79070000)
 PSPermGen       total 16384K, used 14922K [0x6e7f0000, 0x6f7f0000, 0x767f0000)
  object space 16384K, 91% used [0x6e7f0000,0x6f682bd0,0x6f7f0000)
Event: 36.472 GC heap after
Heap after GC invocations=7 (full 0):
 PSYoungGen      total 20544K, used 392K [0x9eff0000, 0xa0aa0000, 0xb33f0000)
  eden space 14528K, 0% used [0x9eff0000,0x9eff0000,0x9fe20000)
  from space 6016K, 6% used [0x9fe70000,0x9fed21d8,0xa0450000)
  to   space 6400K, 0% used [0xa0460000,0xa0460000,0xa0aa0000)
 ParOldGen       total 41472K, used 8911K [0x767f0000, 0x79070000, 0x9eff0000)
  object space 41472K, 21% used [0x767f0000,0x770a3e50,0x79070000)
 PSPermGen       total 16384K, used 14922K [0x6e7f0000, 0x6f7f0000, 0x767f0000)
  object space 16384K, 91% used [0x6e7f0000,0x6f682bd0,0x6f7f0000)
}

