# JRE version: 7.0_21-b02
# Java VM: OpenJDK Server VM (23.7-b01 mixed mode linux-x86 )
Heap
 PSYoungGen      total 20544K, used 14153K [0x9ef40000, 0xa09d0000, 0xb3340000)
  eden space 14528K, 92% used [0x9ef40000,0x9fc6e140,0x9fd70000)
  from space 6016K, 10% used [0x9fdc0000,0x9fe644e0,0xa03a0000)
  to   space 6336K, 0% used [0xa03a0000,0xa03a0000,0xa09d0000)
 ParOldGen       total 41472K, used 8774K [0x76740000, 0x78fc0000, 0x9ef40000)
  object space 41472K, 21% used [0x76740000,0x76fd1a70,0x78fc0000)
 PSPermGen       total 16384K, used 14885K [0x6e740000, 0x6f740000, 0x76740000)
  object space 16384K, 90% used [0x6e740000,0x6f5c9430,0x6f740000)
GC Heap History (10 events):
Event: 10.118 GC heap before
{Heap before GC invocations=3 (full 0):
 PSYoungGen      total 18112K, used 18102K [0x9ef40000, 0xa0370000, 0xb3340000)
  eden space 15552K, 100% used [0x9ef40000,0x9fe70000,0x9fe70000)
  from space 2560K, 99% used [0xa00f0000,0xa036d998,0xa0370000)
  to   space 2560K, 0% used [0x9fe70000,0x9fe70000,0xa00f0000)
 ParOldGen       total 41472K, used 4551K [0x76740000, 0x78fc0000, 0x9ef40000)
  object space 41472K, 10% used [0x76740000,0x76bb1eb0,0x78fc0000)
 PSPermGen       total 16384K, used 14802K [0x6e740000, 0x6f740000, 0x76740000)
  object space 16384K, 90% used [0x6e740000,0x6f5b4898,0x6f740000)
Event: 10.126 GC heap after
Heap after GC invocations=3 (full 0):
 PSYoungGen      total 18112K, used 2550K [0x9ef40000, 0xa0370000, 0xb3340000)
  eden space 15552K, 0% used [0x9ef40000,0x9ef40000,0x9fe70000)
  from space 2560K, 99% used [0x9fe70000,0xa00ed998,0xa00f0000)
  to   space 2560K, 0% used [0xa00f0000,0xa00f0000,0xa0370000)
 ParOldGen       total 41472K, used 5572K [0x76740000, 0x78fc0000, 0x9ef40000)
  object space 41472K, 13% used [0x76740000,0x76cb1290,0x78fc0000)
 PSPermGen       total 16384K, used 14802K [0x6e740000, 0x6f740000, 0x76740000)
  object space 16384K, 90% used [0x6e740000,0x6f5b4898,0x6f740000)
}
Event: 12.563 GC heap before
{Heap before GC invocations=4 (full 0):
 PSYoungGen      total 18112K, used 18102K [0x9ef40000, 0xa0370000, 0xb3340000)
  eden space 15552K, 100% used [0x9ef40000,0x9fe70000,0x9fe70000)
  from space 2560K, 99% used [0x9fe70000,0xa00ed998,0xa00f0000)
  to   space 2560K, 0% used [0xa00f0000,0xa00f0000,0xa0370000)
 ParOldGen       total 41472K, used 5572K [0x76740000, 0x78fc0000, 0x9ef40000)
  object space 41472K, 13% used [0x76740000,0x76cb12c8,0x78fc0000)
 PSPermGen       total 16384K, used 14833K [0x6e740000, 0x6f740000, 0x76740000)
  object space 16384K, 90% used [0x6e740000,0x6f5bc618,0x6f740000)
Event: 12.572 GC heap after
Heap after GC invocations=4 (full 0):
 PSYoungGen      total 18112K, used 2553K [0x9ef40000, 0xa0370000, 0xb3340000)
  eden space 15552K, 0% used [0x9ef40000,0x9ef40000,0x9fe70000)
  from space 2560K, 99% used [0xa00f0000,0xa036e508,0xa0370000)
  to   space 2560K, 0% used [0x9fe70000,0x9fe70000,0xa00f0000)
 ParOldGen       total 41472K, used 6052K [0x76740000, 0x78fc0000, 0x9ef40000)
  object space 41472K, 14% used [0x76740000,0x76d29088,0x78fc0000)
 PSPermGen       total 16384K, used 14833K [0x6e740000, 0x6f740000, 0x76740000)
  object space 16384K, 90% used [0x6e740000,0x6f5bc618,0x6f740000)
}
Event: 13.955 GC heap before
{Heap before GC invocations=5 (full 0):
 PSYoungGen      total 18112K, used 18105K [0x9ef40000, 0xa0370000, 0xb3340000)
  eden space 15552K, 100% used [0x9ef40000,0x9fe70000,0x9fe70000)
  from space 2560K, 99% used [0xa00f0000,0xa036e508,0xa0370000)
  to   space 2560K, 0% used [0x9fe70000,0x9fe70000,0xa00f0000)
 ParOldGen       total 41472K, used 6055K [0x76740000, 0x78fc0000, 0x9ef40000)
  object space 41472K, 14% used [0x76740000,0x76d29e90,0x78fc0000)
 PSPermGen       total 16384K, used 14846K [0x6e740000, 0x6f740000, 0x76740000)
  object space 16384K, 90% used [0x6e740000,0x6f5bfb70,0x6f740000)
Event: 13.964 GC heap after
Heap after GC invocations=5 (full 0):
 PSYoungGen      total 17728K, used 2550K [0x9ef40000, 0xa0a10000, 0xb3340000)
  eden space 15168K, 0% used [0x9ef40000,0x9ef40000,0x9fe10000)
  from space 2560K, 99% used [0x9fe70000,0xa00edbb8,0xa00f0000)
  to   space 6144K, 0% used [0xa0410000,0xa0410000,0xa0a10000)
 ParOldGen       total 41472K, used 6363K [0x76740000, 0x78fc0000, 0x9ef40000)
  object space 41472K, 15% used [0x76740000,0x76d76c48,0x78fc0000)
 PSPermGen       total 16384K, used 14846K [0x6e740000, 0x6f740000, 0x76740000)
  object space 16384K, 90% used [0x6e740000,0x6f5bfb70,0x6f740000)
}
Event: 14.980 GC heap before
{Heap before GC invocations=6 (full 0):
 PSYoungGen      total 17728K, used 17718K [0x9ef40000, 0xa0a10000, 0xb3340000)
  eden space 15168K, 100% used [0x9ef40000,0x9fe10000,0x9fe10000)
  from space 2560K, 99% used [0x9fe70000,0xa00edbb8,0xa00f0000)
  to   space 6144K, 0% used [0xa0410000,0xa0410000,0xa0a10000)
 ParOldGen       total 41472K, used 6363K [0x76740000, 0x78fc0000, 0x9ef40000)
  object space 41472K, 15% used [0x76740000,0x76d76c48,0x78fc0000)
 PSPermGen       total 16384K, used 14857K [0x6e740000, 0x6f740000, 0x76740000)
  object space 16384K, 90% used [0x6e740000,0x6f5c2778,0x6f740000)
Event: 14.995 GC heap after
Heap after GC invocations=6 (full 0):
 PSYoungGen      total 20416K, used 2979K [0x9ef40000, 0xa0980000, 0xb3340000)
  eden space 14848K, 0% used [0x9ef40000,0x9ef40000,0x9fdc0000)
  from space 5568K, 53% used [0xa0410000,0xa06f8df0,0xa0980000)
  to   space 6016K, 0% used [0x9fdc0000,0x9fdc0000,0xa03a0000)
 ParOldGen       total 41472K, used 6363K [0x76740000, 0x78fc0000, 0x9ef40000)
  object space 41472K, 15% used [0x76740000,0x76d76c48,0x78fc0000)
 PSPermGen       total 16384K, used 14857K [0x6e740000, 0x6f740000, 0x76740000)
  object space 16384K, 90% used [0x6e740000,0x6f5c2778,0x6f740000)
}
Event: 15.617 GC heap before
{Heap before GC invocations=7 (full 0):
 PSYoungGen      total 20416K, used 17827K [0x9ef40000, 0xa0980000, 0xb3340000)
  eden space 14848K, 100% used [0x9ef40000,0x9fdc0000,0x9fdc0000)
  from space 5568K, 53% used [0xa0410000,0xa06f8df0,0xa0980000)
  to   space 6016K, 0% used [0x9fdc0000,0x9fdc0000,0xa03a0000)
 ParOldGen       total 41472K, used 6363K [0x76740000, 0x78fc0000, 0x9ef40000)
  object space 41472K, 15% used [0x76740000,0x76d76c48,0x78fc0000)
 PSPermGen       total 16384K, used 14865K [0x6e740000, 0x6f740000, 0x76740000)
  object space 16384K, 90% used [0x6e740000,0x6f5c46b8,0x6f740000)
Event: 15.624 GC heap after
Heap after GC invocations=7 (full 0):
 PSYoungGen      total 20544K, used 657K [0x9ef40000, 0xa09d0000, 0xb3340000)
  eden space 14528K, 0% used [0x9ef40000,0x9ef40000,0x9fd70000)
  from space 6016K, 10% used [0x9fdc0000,0x9fe644e0,0xa03a0000)
  to   space 6336K, 0% used [0xa03a0000,0xa03a0000,0xa09d0000)
 ParOldGen       total 41472K, used 8774K [0x76740000, 0x78fc0000, 0x9ef40000)
  object space 41472K, 21% used [0x76740000,0x76fd1a70,0x78fc0000)
 PSPermGen       total 16384K, used 14865K [0x6e740000, 0x6f740000, 0x76740000)
  object space 16384K, 90% used [0x6e740000,0x6f5c46b8,0x6f740000)
}

