# JRE version: 7.0_21-b02
# Java VM: OpenJDK Server VM (23.7-b01 mixed mode linux-x86 )
Heap
 PSYoungGen      total 18112K, used 10567K [0x9ef40000, 0xa0370000, 0xb3340000)
  eden space 15552K, 51% used [0x9ef40000,0x9f714f50,0x9fe70000)
  from space 2560K, 99% used [0x9fe70000,0xa00ecdd0,0xa00f0000)
  to   space 2560K, 0% used [0xa00f0000,0xa00f0000,0xa0370000)
 ParOldGen       total 41472K, used 5276K [0x76740000, 0x78fc0000, 0x9ef40000)
  object space 41472K, 12% used [0x76740000,0x76c67390,0x78fc0000)
 PSPermGen       total 16384K, used 14901K [0x6e740000, 0x6f740000, 0x76740000)
  object space 16384K, 90% used [0x6e740000,0x6f5cd730,0x6f740000)
GC Heap History (6 events):
Event: 1.350 GC heap before
{Heap before GC invocations=1 (full 0):
 PSYoungGen      total 18112K, used 15552K [0x9ef40000, 0xa0370000, 0xb3340000)
  eden space 15552K, 100% used [0x9ef40000,0x9fe70000,0x9fe70000)
  from space 2560K, 0% used [0xa00f0000,0xa00f0000,0xa0370000)
  to   space 2560K, 0% used [0x9fe70000,0x9fe70000,0xa00f0000)
 ParOldGen       total 41472K, used 0K [0x76740000, 0x78fc0000, 0x9ef40000)
  object space 41472K, 0% used [0x76740000,0x76740000,0x78fc0000)
 PSPermGen       total 16384K, used 11903K [0x6e740000, 0x6f740000, 0x76740000)
  object space 16384K, 72% used [0x6e740000,0x6f2dfd50,0x6f740000)
Event: 1.360 GC heap after
Heap after GC invocations=1 (full 0):
 PSYoungGen      total 18112K, used 2547K [0x9ef40000, 0xa0370000, 0xb3340000)
  eden space 15552K, 0% used [0x9ef40000,0x9ef40000,0x9fe70000)
  from space 2560K, 99% used [0x9fe70000,0xa00ecf40,0xa00f0000)
  to   space 2560K, 0% used [0xa00f0000,0xa00f0000,0xa0370000)
 ParOldGen       total 41472K, used 1289K [0x76740000, 0x78fc0000, 0x9ef40000)
  object space 41472K, 3% used [0x76740000,0x768827e8,0x78fc0000)
 PSPermGen       total 16384K, used 11903K [0x6e740000, 0x6f740000, 0x76740000)
  object space 16384K, 72% used [0x6e740000,0x6f2dfd50,0x6f740000)
}
Event: 2.201 GC heap before
{Heap before GC invocations=2 (full 0):
 PSYoungGen      total 18112K, used 18099K [0x9ef40000, 0xa0370000, 0xb3340000)
  eden space 15552K, 100% used [0x9ef40000,0x9fe70000,0x9fe70000)
  from space 2560K, 99% used [0x9fe70000,0xa00ecf40,0xa00f0000)
  to   space 2560K, 0% used [0xa00f0000,0xa00f0000,0xa0370000)
 ParOldGen       total 41472K, used 1289K [0x76740000, 0x78fc0000, 0x9ef40000)
  object space 41472K, 3% used [0x76740000,0x768827e8,0x78fc0000)
 PSPermGen       total 16384K, used 14461K [0x6e740000, 0x6f740000, 0x76740000)
  object space 16384K, 88% used [0x6e740000,0x6f55f520,0x6f740000)
Event: 2.217 GC heap after
Heap after GC invocations=2 (full 0):
 PSYoungGen      total 18112K, used 2558K [0x9ef40000, 0xa12a0000, 0xb3340000)
  eden space 15552K, 0% used [0x9ef40000,0x9ef40000,0x9fe70000)
  from space 2560K, 99% used [0xa00f0000,0xa036fad8,0xa0370000)
  to   space 2560K, 0% used [0x9fe70000,0x9fe70000,0xa00f0000)
 ParOldGen       total 41472K, used 4633K [0x76740000, 0x78fc0000, 0x9ef40000)
  object space 41472K, 11% used [0x76740000,0x76bc6470,0x78fc0000)
 PSPermGen       total 16384K, used 14461K [0x6e740000, 0x6f740000, 0x76740000)
  object space 16384K, 88% used [0x6e740000,0x6f55f520,0x6f740000)
}
Event: 6.537 GC heap before
{Heap before GC invocations=3 (full 0):
 PSYoungGen      total 18112K, used 18110K [0x9ef40000, 0xa12a0000, 0xb3340000)
  eden space 15552K, 100% used [0x9ef40000,0x9fe70000,0x9fe70000)
  from space 2560K, 99% used [0xa00f0000,0xa036fad8,0xa0370000)
  to   space 2560K, 0% used [0x9fe70000,0x9fe70000,0xa00f0000)
 ParOldGen       total 41472K, used 4633K [0x76740000, 0x78fc0000, 0x9ef40000)
  object space 41472K, 11% used [0x76740000,0x76bc6470,0x78fc0000)
 PSPermGen       total 16384K, used 14862K [0x6e740000, 0x6f740000, 0x76740000)
  object space 16384K, 90% used [0x6e740000,0x6f5c3bc8,0x6f740000)
Event: 6.544 GC heap after
Heap after GC invocations=3 (full 0):
 PSYoungGen      total 18112K, used 2547K [0x9ef40000, 0xa0370000, 0xb3340000)
  eden space 15552K, 0% used [0x9ef40000,0x9ef40000,0x9fe70000)
  from space 2560K, 99% used [0x9fe70000,0xa00ecdd0,0xa00f0000)
  to   space 2560K, 0% used [0xa00f0000,0xa00f0000,0xa0370000)
 ParOldGen       total 41472K, used 5276K [0x76740000, 0x78fc0000, 0x9ef40000)
  object space 41472K, 12% used [0x76740000,0x76c67390,0x78fc0000)
 PSPermGen       total 16384K, used 14862K [0x6e740000, 0x6f740000, 0x76740000)
  object space 16384K, 90% used [0x6e740000,0x6f5c3bc8,0x6f740000)
}

