# JRE version: 7.0_21-b02
# Java VM: OpenJDK Server VM (23.7-b01 mixed mode linux-x86 )
Heap
 PSYoungGen      total 13696K, used 11616K [0x9f040000, 0xa09c0000, 0xb3440000)
  eden space 13312K, 84% used [0x9f040000,0x9fb3e248,0x9fd40000)
  from space 384K, 93% used [0x9fd80000,0x9fdda110,0x9fde0000)
  to   space 6400K, 0% used [0xa0380000,0xa0380000,0xa09c0000)
 ParOldGen       total 41472K, used 8465K [0x76840000, 0x790c0000, 0x9f040000)
  object space 41472K, 20% used [0x76840000,0x77084798,0x790c0000)
 PSPermGen       total 16384K, used 15166K [0x6e840000, 0x6f840000, 0x76840000)
  object space 16384K, 92% used [0x6e840000,0x6f70faf0,0x6f840000)
GC Heap History (10 events):
Event: 41.389 GC heap before
{Heap before GC invocations=7 (full 0):
 PSYoungGen      total 20480K, used 17373K [0x9f040000, 0xa0aa0000, 0xb3440000)
  eden space 14848K, 100% used [0x9f040000,0x9fec0000,0x9fec0000)
  from space 5632K, 44% used [0xa0520000,0xa07977c0,0xa0aa0000)
  to   space 6080K, 0% used [0x9fec0000,0x9fec0000,0xa04b0000)
 ParOldGen       total 41472K, used 5722K [0x76840000, 0x790c0000, 0x9f040000)
  object space 41472K, 13% used [0x76840000,0x76dd6a10,0x790c0000)
 PSPermGen       total 16384K, used 15113K [0x6e840000, 0x6f840000, 0x76840000)
  object space 16384K, 92% used [0x6e840000,0x6f702780,0x6f840000)
Event: 41.400 GC heap after
Heap after GC invocations=7 (full 0):
 PSYoungGen      total 20608K, used 441K [0x9f040000, 0xa0af0000, 0xb3440000)
  eden space 14528K, 0% used [0x9f040000,0x9f040000,0x9fe70000)
  from space 6080K, 7% used [0x9fec0000,0x9ff2e510,0xa04b0000)
  to   space 6400K, 0% used [0xa04b0000,0xa04b0000,0xa0af0000)
 ParOldGen       total 41472K, used 7900K [0x76840000, 0x790c0000, 0x9f040000)
  object space 41472K, 19% used [0x76840000,0x76ff72a8,0x790c0000)
 PSPermGen       total 16384K, used 15113K [0x6e840000, 0x6f840000, 0x76840000)
  object space 16384K, 92% used [0x6e840000,0x6f702780,0x6f840000)
}
Event: 45.682 GC heap before
{Heap before GC invocations=8 (full 0):
 PSYoungGen      total 20608K, used 14969K [0x9f040000, 0xa0af0000, 0xb3440000)
  eden space 14528K, 100% used [0x9f040000,0x9fe70000,0x9fe70000)
  from space 6080K, 7% used [0x9fec0000,0x9ff2e510,0xa04b0000)
  to   space 6400K, 0% used [0xa04b0000,0xa04b0000,0xa0af0000)
 ParOldGen       total 41472K, used 7900K [0x76840000, 0x790c0000, 0x9f040000)
  object space 41472K, 19% used [0x76840000,0x76ff72a8,0x790c0000)
 PSPermGen       total 16384K, used 15118K [0x6e840000, 0x6f840000, 0x76840000)
  object space 16384K, 92% used [0x6e840000,0x6f703bd8,0x6f840000)
Event: 45.687 GC heap after
Heap after GC invocations=8 (full 0):
 PSYoungGen      total 20544K, used 472K [0x9f040000, 0xa0ae0000, 0xb3440000)
  eden space 14208K, 0% used [0x9f040000,0x9f040000,0x9fe20000)
  from space 6336K, 7% used [0xa04b0000,0xa05262a0,0xa0ae0000)
  to   space 6528K, 0% used [0x9fe20000,0x9fe20000,0xa0480000)
 ParOldGen       total 41472K, used 7952K [0x76840000, 0x790c0000, 0x9f040000)
  object space 41472K, 19% used [0x76840000,0x770042a8,0x790c0000)
 PSPermGen       total 16384K, used 15118K [0x6e840000, 0x6f840000, 0x76840000)
  object space 16384K, 92% used [0x6e840000,0x6f703bd8,0x6f840000)
}
Event: 52.227 GC heap before
{Heap before GC invocations=9 (full 0):
 PSYoungGen      total 20544K, used 14680K [0x9f040000, 0xa0ae0000, 0xb3440000)
  eden space 14208K, 100% used [0x9f040000,0x9fe20000,0x9fe20000)
  from space 6336K, 7% used [0xa04b0000,0xa05262a0,0xa0ae0000)
  to   space 6528K, 0% used [0x9fe20000,0x9fe20000,0xa0480000)
 ParOldGen       total 41472K, used 7952K [0x76840000, 0x790c0000, 0x9f040000)
  object space 41472K, 19% used [0x76840000,0x770042a8,0x790c0000)
 PSPermGen       total 16384K, used 15140K [0x6e840000, 0x6f840000, 0x76840000)
  object space 16384K, 92% used [0x6e840000,0x6f7093c0,0x6f840000)
Event: 52.231 GC heap after
Heap after GC invocations=9 (full 0):
 PSYoungGen      total 14400K, used 476K [0x9f040000, 0xa0a90000, 0xb3440000)
  eden space 13888K, 0% used [0x9f040000,0x9f040000,0x9fdd0000)
  from space 512K, 93% used [0x9fe20000,0x9fe97378,0x9fea0000)
  to   space 6528K, 0% used [0xa0430000,0xa0430000,0xa0a90000)
 ParOldGen       total 41472K, used 8093K [0x76840000, 0x790c0000, 0x9f040000)
  object space 41472K, 19% used [0x76840000,0x77027650,0x790c0000)
 PSPermGen       total 16384K, used 15140K [0x6e840000, 0x6f840000, 0x76840000)
  object space 16384K, 92% used [0x6e840000,0x6f7093c0,0x6f840000)
}
Event: 53.149 GC heap before
{Heap before GC invocations=10 (full 0):
 PSYoungGen      total 14400K, used 14364K [0x9f040000, 0xa0a90000, 0xb3440000)
  eden space 13888K, 100% used [0x9f040000,0x9fdd0000,0x9fdd0000)
  from space 512K, 93% used [0x9fe20000,0x9fe97378,0x9fea0000)
  to   space 6528K, 0% used [0xa0430000,0xa0430000,0xa0a90000)
 ParOldGen       total 41472K, used 8093K [0x76840000, 0x790c0000, 0x9f040000)
  object space 41472K, 19% used [0x76840000,0x77027650,0x790c0000)
 PSPermGen       total 16384K, used 15149K [0x6e840000, 0x6f840000, 0x76840000)
  object space 16384K, 92% used [0x6e840000,0x6f70b7d0,0x6f840000)
Event: 53.154 GC heap after
Heap after GC invocations=10 (full 0):
 PSYoungGen      total 19776K, used 460K [0x9f040000, 0xa0a40000, 0xb3440000)
  eden space 13568K, 0% used [0x9f040000,0x9f040000,0x9fd80000)
  from space 6208K, 7% used [0xa0430000,0xa04a3008,0xa0a40000)
  to   space 6528K, 0% used [0x9fd80000,0x9fd80000,0xa03e0000)
 ParOldGen       total 41472K, used 8252K [0x76840000, 0x790c0000, 0x9f040000)
  object space 41472K, 19% used [0x76840000,0x7704f1e0,0x790c0000)
 PSPermGen       total 16384K, used 15149K [0x6e840000, 0x6f840000, 0x76840000)
  object space 16384K, 92% used [0x6e840000,0x6f70b7d0,0x6f840000)
}
Event: 56.242 GC heap before
{Heap before GC invocations=11 (full 0):
 PSYoungGen      total 19776K, used 14028K [0x9f040000, 0xa0a40000, 0xb3440000)
  eden space 13568K, 100% used [0x9f040000,0x9fd80000,0x9fd80000)
  from space 6208K, 7% used [0xa0430000,0xa04a3008,0xa0a40000)
  to   space 6528K, 0% used [0x9fd80000,0x9fd80000,0xa03e0000)
 ParOldGen       total 41472K, used 8252K [0x76840000, 0x790c0000, 0x9f040000)
  object space 41472K, 19% used [0x76840000,0x7704f1e0,0x790c0000)
 PSPermGen       total 16384K, used 15164K [0x6e840000, 0x6f840000, 0x76840000)
  object space 16384K, 92% used [0x6e840000,0x6f70f3b0,0x6f840000)
Event: 56.244 GC heap after
Heap after GC invocations=11 (full 0):
 PSYoungGen      total 13696K, used 360K [0x9f040000, 0xa09c0000, 0xb3440000)
  eden space 13312K, 0% used [0x9f040000,0x9f040000,0x9fd40000)
  from space 384K, 93% used [0x9fd80000,0x9fdda110,0x9fde0000)
  to   space 6400K, 0% used [0xa0380000,0xa0380000,0xa09c0000)
 ParOldGen       total 41472K, used 8465K [0x76840000, 0x790c0000, 0x9f040000)
  object space 41472K, 20% used [0x76840000,0x77084798,0x790c0000)
 PSPermGen       total 16384K, used 15164K [0x6e840000, 0x6f840000, 0x76840000)
  object space 16384K, 92% used [0x6e840000,0x6f70f3b0,0x6f840000)
}

