# JRE version: 7.0_21-b02
# Java VM: OpenJDK Server VM (23.7-b01 mixed mode linux-x86 )
Heap
 PSYoungGen      total 51136K, used 31522K [0x9ef40000, 0xa62a0000, 0xb3340000)
  eden space 51008K, 61% used [0x9ef40000,0xa0de8a90,0xa2110000)
  from space 128K, 100% used [0xa6280000,0xa62a0000,0xa62a0000)
  to   space 6208K, 0% used [0xa5680000,0xa5680000,0xa5c90000)
 ParOldGen       total 41472K, used 8105K [0x76740000, 0x78fc0000, 0x9ef40000)
  object space 41472K, 19% used [0x76740000,0x76f2a7f8,0x78fc0000)
 PSPermGen       total 16384K, used 14831K [0x6e740000, 0x6f740000, 0x76740000)
  object space 16384K, 90% used [0x6e740000,0x6f5bbdd0,0x6f740000)
GC Heap History (10 events):
Event: 6.993 GC heap before
{Heap before GC invocations=8 (full 0):
 PSYoungGen      total 68096K, used 62418K [0x9ef40000, 0xa7500000, 0xb3340000)
  eden space 62208K, 100% used [0x9ef40000,0xa2c00000,0xa2c00000)
  from space 5888K, 3% used [0xa2c00000,0xa2c34a58,0xa31c0000)
  to   space 6272K, 0% used [0xa6ee0000,0xa6ee0000,0xa7500000)
 ParOldGen       total 41472K, used 7723K [0x76740000, 0x78fc0000, 0x9ef40000)
  object space 41472K, 18% used [0x76740000,0x76ecaed8,0x78fc0000)
 PSPermGen       total 16384K, used 14800K [0x6e740000, 0x6f740000, 0x76740000)
  object space 16384K, 90% used [0x6e740000,0x6f5b4270,0x6f740000)
Event: 6.994 GC heap after
Heap after GC invocations=8 (full 0):
 PSYoungGen      total 59968K, used 178K [0x9ef40000, 0xa6f10000, 0xb3340000)
  eden space 59776K, 0% used [0x9ef40000,0x9ef40000,0xa29a0000)
  from space 192K, 93% used [0xa6ee0000,0xa6f0ca58,0xa6f10000)
  to   space 6400K, 0% used [0xa6290000,0xa6290000,0xa68d0000)
 ParOldGen       total 41472K, used 7743K [0x76740000, 0x78fc0000, 0x9ef40000)
  object space 41472K, 18% used [0x76740000,0x76ecfed8,0x78fc0000)
 PSPermGen       total 16384K, used 14800K [0x6e740000, 0x6f740000, 0x76740000)
  object space 16384K, 90% used [0x6e740000,0x6f5b4270,0x6f740000)
}
Event: 8.053 GC heap before
{Heap before GC invocations=9 (full 0):
 PSYoungGen      total 59968K, used 59954K [0x9ef40000, 0xa6f10000, 0xb3340000)
  eden space 59776K, 100% used [0x9ef40000,0xa29a0000,0xa29a0000)
  from space 192K, 93% used [0xa6ee0000,0xa6f0ca58,0xa6f10000)
  to   space 6400K, 0% used [0xa6290000,0xa6290000,0xa68d0000)
 ParOldGen       total 41472K, used 7743K [0x76740000, 0x78fc0000, 0x9ef40000)
  object space 41472K, 18% used [0x76740000,0x76ecfed8,0x78fc0000)
 PSPermGen       total 16384K, used 14809K [0x6e740000, 0x6f740000, 0x76740000)
  object space 16384K, 90% used [0x6e740000,0x6f5b65f8,0x6f740000)
Event: 8.054 GC heap after
Heap after GC invocations=9 (full 0):
 PSYoungGen      total 57600K, used 177K [0x9ef40000, 0xa6ef0000, 0xb3340000)
  eden space 57408K, 0% used [0x9ef40000,0x9ef40000,0xa2750000)
  from space 192K, 92% used [0xa6290000,0xa62bc4a0,0xa62c0000)
  to   space 6464K, 0% used [0xa68a0000,0xa68a0000,0xa6ef0000)
 ParOldGen       total 41472K, used 7878K [0x76740000, 0x78fc0000, 0x9ef40000)
  object space 41472K, 18% used [0x76740000,0x76ef1930,0x78fc0000)
 PSPermGen       total 16384K, used 14809K [0x6e740000, 0x6f740000, 0x76740000)
  object space 16384K, 90% used [0x6e740000,0x6f5b65f8,0x6f740000)
}
Event: 9.070 GC heap before
{Heap before GC invocations=10 (full 0):
 PSYoungGen      total 57600K, used 57585K [0x9ef40000, 0xa6ef0000, 0xb3340000)
  eden space 57408K, 100% used [0x9ef40000,0xa2750000,0xa2750000)
  from space 192K, 92% used [0xa6290000,0xa62bc4a0,0xa62c0000)
  to   space 6464K, 0% used [0xa68a0000,0xa68a0000,0xa6ef0000)
 ParOldGen       total 41472K, used 7878K [0x76740000, 0x78fc0000, 0x9ef40000)
  object space 41472K, 18% used [0x76740000,0x76ef1930,0x78fc0000)
 PSPermGen       total 16384K, used 14811K [0x6e740000, 0x6f740000, 0x76740000)
  object space 16384K, 90% used [0x6e740000,0x6f5b6e90,0x6f740000)
Event: 9.071 GC heap after
Heap after GC invocations=10 (full 0):
 PSYoungGen      total 55360K, used 182K [0x9ef40000, 0xa68d0000, 0xb3340000)
  eden space 55168K, 0% used [0x9ef40000,0x9ef40000,0xa2520000)
  from space 192K, 94% used [0xa68a0000,0xa68cd940,0xa68d0000)
  to   space 6464K, 0% used [0xa5c30000,0xa5c30000,0xa6280000)
 ParOldGen       total 41472K, used 7886K [0x76740000, 0x78fc0000, 0x9ef40000)
  object space 41472K, 19% used [0x76740000,0x76ef3930,0x78fc0000)
 PSPermGen       total 16384K, used 14811K [0x6e740000, 0x6f740000, 0x76740000)
  object space 16384K, 90% used [0x6e740000,0x6f5b6e90,0x6f740000)
}
Event: 10.057 GC heap before
{Heap before GC invocations=11 (full 0):
 PSYoungGen      total 55360K, used 55350K [0x9ef40000, 0xa68d0000, 0xb3340000)
  eden space 55168K, 100% used [0x9ef40000,0xa2520000,0xa2520000)
  from space 192K, 94% used [0xa68a0000,0xa68cd940,0xa68d0000)
  to   space 6464K, 0% used [0xa5c30000,0xa5c30000,0xa6280000)
 ParOldGen       total 41472K, used 7886K [0x76740000, 0x78fc0000, 0x9ef40000)
  object space 41472K, 19% used [0x76740000,0x76ef3930,0x78fc0000)
 PSPermGen       total 16384K, used 14815K [0x6e740000, 0x6f740000, 0x76740000)
  object space 16384K, 90% used [0x6e740000,0x6f5b7c68,0x6f740000)
Event: 10.059 GC heap after
Heap after GC invocations=11 (full 0):
 PSYoungGen      total 59520K, used 147K [0x9ef40000, 0xa68b0000, 0xb3340000)
  eden space 53056K, 0% used [0x9ef40000,0x9ef40000,0xa2310000)
  from space 6464K, 2% used [0xa5c30000,0xa5c54c70,0xa6280000)
  to   space 6336K, 0% used [0xa6280000,0xa6280000,0xa68b0000)
 ParOldGen       total 41472K, used 8008K [0x76740000, 0x78fc0000, 0x9ef40000)
  object space 41472K, 19% used [0x76740000,0x76f12380,0x78fc0000)
 PSPermGen       total 16384K, used 14815K [0x6e740000, 0x6f740000, 0x76740000)
  object space 16384K, 90% used [0x6e740000,0x6f5b7c68,0x6f740000)
}
Event: 10.895 GC heap before
{Heap before GC invocations=12 (full 0):
 PSYoungGen      total 59520K, used 53203K [0x9ef40000, 0xa68b0000, 0xb3340000)
  eden space 53056K, 100% used [0x9ef40000,0xa2310000,0xa2310000)
  from space 6464K, 2% used [0xa5c30000,0xa5c54c70,0xa6280000)
  to   space 6336K, 0% used [0xa6280000,0xa6280000,0xa68b0000)
 ParOldGen       total 41472K, used 8008K [0x76740000, 0x78fc0000, 0x9ef40000)
  object space 41472K, 19% used [0x76740000,0x76f12380,0x78fc0000)
 PSPermGen       total 16384K, used 14822K [0x6e740000, 0x6f740000, 0x76740000)
  object space 16384K, 90% used [0x6e740000,0x6f5b9bf0,0x6f740000)
Event: 10.897 GC heap after
Heap after GC invocations=12 (full 0):
 PSYoungGen      total 51136K, used 128K [0x9ef40000, 0xa62a0000, 0xb3340000)
  eden space 51008K, 0% used [0x9ef40000,0x9ef40000,0xa2110000)
  from space 128K, 100% used [0xa6280000,0xa62a0000,0xa62a0000)
  to   space 6208K, 0% used [0xa5680000,0xa5680000,0xa5c90000)
 ParOldGen       total 41472K, used 8105K [0x76740000, 0x78fc0000, 0x9ef40000)
  object space 41472K, 19% used [0x76740000,0x76f2a7f8,0x78fc0000)
 PSPermGen       total 16384K, used 14822K [0x6e740000, 0x6f740000, 0x76740000)
  object space 16384K, 90% used [0x6e740000,0x6f5b9bf0,0x6f740000)
}

