# JRE version: 7.0_21-b02
# Java VM: OpenJDK Server VM (23.7-b01 mixed mode linux-x86 )
Heap
 PSYoungGen      total 20352K, used 4514K [0x9efb0000, 0xa09d0000, 0xb33b0000)
  eden space 14848K, 11% used [0x9efb0000,0x9f14e7a0,0x9fe30000)
  from space 5504K, 51% used [0xa0470000,0xa073a1a8,0xa09d0000)
  to   space 5952K, 0% used [0x9fe30000,0x9fe30000,0xa0400000)
 ParOldGen       total 41472K, used 6038K [0x767b0000, 0x79030000, 0x9efb0000)
  object space 41472K, 14% used [0x767b0000,0x76d95b20,0x79030000)
 PSPermGen       total 16384K, used 14846K [0x6e7b0000, 0x6f7b0000, 0x767b0000)
  object space 16384K, 90% used [0x6e7b0000,0x6f62faa0,0x6f7b0000)
GC Heap History (10 events):
Event: 2.296 GC heap before
{Heap before GC invocations=2 (full 0):
 PSYoungGen      total 18112K, used 18099K [0x9efb0000, 0xa03e0000, 0xb33b0000)
  eden space 15552K, 100% used [0x9efb0000,0x9fee0000,0x9fee0000)
  from space 2560K, 99% used [0x9fee0000,0xa015cf40,0xa0160000)
  to   space 2560K, 0% used [0xa0160000,0xa0160000,0xa03e0000)
 ParOldGen       total 41472K, used 1305K [0x767b0000, 0x79030000, 0x9efb0000)
  object space 41472K, 3% used [0x767b0000,0x768f6678,0x79030000)
 PSPermGen       total 16384K, used 14402K [0x6e7b0000, 0x6f7b0000, 0x767b0000)
  object space 16384K, 87% used [0x6e7b0000,0x6f5c0a30,0x6f7b0000)
Event: 2.309 GC heap after
Heap after GC invocations=2 (full 0):
 PSYoungGen      total 18112K, used 2549K [0x9efb0000, 0xa1310000, 0xb33b0000)
  eden space 15552K, 0% used [0x9efb0000,0x9efb0000,0x9fee0000)
  from space 2560K, 99% used [0xa0160000,0xa03dd448,0xa03e0000)
  to   space 2560K, 0% used [0x9fee0000,0x9fee0000,0xa0160000)
 ParOldGen       total 41472K, used 4529K [0x767b0000, 0x79030000, 0x9efb0000)
  object space 41472K, 10% used [0x767b0000,0x76c1c650,0x79030000)
 PSPermGen       total 16384K, used 14402K [0x6e7b0000, 0x6f7b0000, 0x767b0000)
  object space 16384K, 87% used [0x6e7b0000,0x6f5c0a30,0x6f7b0000)
}
Event: 8.678 GC heap before
{Heap before GC invocations=3 (full 0):
 PSYoungGen      total 18112K, used 18101K [0x9efb0000, 0xa1310000, 0xb33b0000)
  eden space 15552K, 100% used [0x9efb0000,0x9fee0000,0x9fee0000)
  from space 2560K, 99% used [0xa0160000,0xa03dd448,0xa03e0000)
  to   space 2560K, 0% used [0x9fee0000,0x9fee0000,0xa0160000)
 ParOldGen       total 41472K, used 4529K [0x767b0000, 0x79030000, 0x9efb0000)
  object space 41472K, 10% used [0x767b0000,0x76c1c650,0x79030000)
 PSPermGen       total 16384K, used 14807K [0x6e7b0000, 0x6f7b0000, 0x767b0000)
  object space 16384K, 90% used [0x6e7b0000,0x6f625c70,0x6f7b0000)
Event: 8.687 GC heap after
Heap after GC invocations=3 (full 0):
 PSYoungGen      total 18112K, used 2549K [0x9efb0000, 0xa03e0000, 0xb33b0000)
  eden space 15552K, 0% used [0x9efb0000,0x9efb0000,0x9fee0000)
  from space 2560K, 99% used [0x9fee0000,0xa015d438,0xa0160000)
  to   space 2560K, 0% used [0xa0160000,0xa0160000,0xa03e0000)
 ParOldGen       total 41472K, used 5321K [0x767b0000, 0x79030000, 0x9efb0000)
  object space 41472K, 12% used [0x767b0000,0x76ce24b0,0x79030000)
 PSPermGen       total 16384K, used 14807K [0x6e7b0000, 0x6f7b0000, 0x767b0000)
  object space 16384K, 90% used [0x6e7b0000,0x6f625c70,0x6f7b0000)
}
Event: 10.009 GC heap before
{Heap before GC invocations=4 (full 0):
 PSYoungGen      total 18112K, used 18101K [0x9efb0000, 0xa03e0000, 0xb33b0000)
  eden space 15552K, 100% used [0x9efb0000,0x9fee0000,0x9fee0000)
  from space 2560K, 99% used [0x9fee0000,0xa015d438,0xa0160000)
  to   space 2560K, 0% used [0xa0160000,0xa0160000,0xa03e0000)
 ParOldGen       total 41472K, used 5321K [0x767b0000, 0x79030000, 0x9efb0000)
  object space 41472K, 12% used [0x767b0000,0x76ce24b0,0x79030000)
 PSPermGen       total 16384K, used 14830K [0x6e7b0000, 0x6f7b0000, 0x767b0000)
  object space 16384K, 90% used [0x6e7b0000,0x6f62b848,0x6f7b0000)
Event: 10.019 GC heap after
Heap after GC invocations=4 (full 0):
 PSYoungGen      total 18112K, used 2545K [0x9efb0000, 0xa03e0000, 0xb33b0000)
  eden space 15552K, 0% used [0x9efb0000,0x9efb0000,0x9fee0000)
  from space 2560K, 99% used [0xa0160000,0xa03dc6e0,0xa03e0000)
  to   space 2560K, 0% used [0x9fee0000,0x9fee0000,0xa0160000)
 ParOldGen       total 41472K, used 5676K [0x767b0000, 0x79030000, 0x9efb0000)
  object space 41472K, 13% used [0x767b0000,0x76d3b350,0x79030000)
 PSPermGen       total 16384K, used 14830K [0x6e7b0000, 0x6f7b0000, 0x767b0000)
  object space 16384K, 90% used [0x6e7b0000,0x6f62b848,0x6f7b0000)
}
Event: 12.387 GC heap before
{Heap before GC invocations=5 (full 0):
 PSYoungGen      total 18112K, used 18097K [0x9efb0000, 0xa03e0000, 0xb33b0000)
  eden space 15552K, 100% used [0x9efb0000,0x9fee0000,0x9fee0000)
  from space 2560K, 99% used [0xa0160000,0xa03dc6e0,0xa03e0000)
  to   space 2560K, 0% used [0x9fee0000,0x9fee0000,0xa0160000)
 ParOldGen       total 41472K, used 5676K [0x767b0000, 0x79030000, 0x9efb0000)
  object space 41472K, 13% used [0x767b0000,0x76d3b350,0x79030000)
 PSPermGen       total 16384K, used 14836K [0x6e7b0000, 0x6f7b0000, 0x767b0000)
  object space 16384K, 90% used [0x6e7b0000,0x6f62d178,0x6f7b0000)
Event: 12.395 GC heap after
Heap after GC invocations=5 (full 0):
 PSYoungGen      total 17728K, used 2549K [0x9efb0000, 0xa0a60000, 0xb33b0000)
  eden space 15168K, 0% used [0x9efb0000,0x9efb0000,0x9fe80000)
  from space 2560K, 99% used [0x9fee0000,0xa015d538,0xa0160000)
  to   space 6080K, 0% used [0xa0470000,0xa0470000,0xa0a60000)
 ParOldGen       total 41472K, used 6038K [0x767b0000, 0x79030000, 0x9efb0000)
  object space 41472K, 14% used [0x767b0000,0x76d95b20,0x79030000)
 PSPermGen       total 16384K, used 14836K [0x6e7b0000, 0x6f7b0000, 0x767b0000)
  object space 16384K, 90% used [0x6e7b0000,0x6f62d178,0x6f7b0000)
}
Event: 13.127 GC heap before
{Heap before GC invocations=6 (full 0):
 PSYoungGen      total 17728K, used 17717K [0x9efb0000, 0xa0a60000, 0xb33b0000)
  eden space 15168K, 100% used [0x9efb0000,0x9fe80000,0x9fe80000)
  from space 2560K, 99% used [0x9fee0000,0xa015d538,0xa0160000)
  to   space 6080K, 0% used [0xa0470000,0xa0470000,0xa0a60000)
 ParOldGen       total 41472K, used 6038K [0x767b0000, 0x79030000, 0x9efb0000)
  object space 41472K, 14% used [0x767b0000,0x76d95b20,0x79030000)
 PSPermGen       total 16384K, used 14843K [0x6e7b0000, 0x6f7b0000, 0x767b0000)
  object space 16384K, 90% used [0x6e7b0000,0x6f62ed80,0x6f7b0000)
Event: 13.135 GC heap after
Heap after GC invocations=6 (full 0):
 PSYoungGen      total 20352K, used 2856K [0x9efb0000, 0xa09d0000, 0xb33b0000)
  eden space 14848K, 0% used [0x9efb0000,0x9efb0000,0x9fe30000)
  from space 5504K, 51% used [0xa0470000,0xa073a1a8,0xa09d0000)
  to   space 5952K, 0% used [0x9fe30000,0x9fe30000,0xa0400000)
 ParOldGen       total 41472K, used 6038K [0x767b0000, 0x79030000, 0x9efb0000)
  object space 41472K, 14% used [0x767b0000,0x76d95b20,0x79030000)
 PSPermGen       total 16384K, used 14843K [0x6e7b0000, 0x6f7b0000, 0x767b0000)
  object space 16384K, 90% used [0x6e7b0000,0x6f62ed80,0x6f7b0000)
}

