# JRE version: 7.0_21-b02
# Java VM: OpenJDK Server VM (23.7-b01 mixed mode linux-x86 )
Heap
 PSYoungGen      total 21312K, used 7477K [0x9ef40000, 0xa18a0000, 0xb3340000)
  eden space 15232K, 30% used [0x9ef40000,0x9f3cef28,0x9fe20000)
  from space 6080K, 46% used [0xa0400000,0xa06be750,0xa09f0000)
  to   space 6016K, 0% used [0x9fe20000,0x9fe20000,0xa0400000)
 ParOldGen       total 41472K, used 6491K [0x76740000, 0x78fc0000, 0x9ef40000)
  object space 41472K, 15% used [0x76740000,0x76d96da8,0x78fc0000)
 PSPermGen       total 16384K, used 14894K [0x6e740000, 0x6f740000, 0x76740000)
  object space 16384K, 90% used [0x6e740000,0x6f5cbbf0,0x6f740000)
GC Heap History (10 events):
Event: 2.171 GC heap before
{Heap before GC invocations=2 (full 0):
 PSYoungGen      total 18112K, used 18101K [0x9ef40000, 0xa0370000, 0xb3340000)
  eden space 15552K, 100% used [0x9ef40000,0x9fe70000,0x9fe70000)
  from space 2560K, 99% used [0x9fe70000,0xa00ed5c0,0xa00f0000)
  to   space 2560K, 0% used [0xa00f0000,0xa00f0000,0xa0370000)
 ParOldGen       total 41472K, used 1290K [0x76740000, 0x78fc0000, 0x9ef40000)
  object space 41472K, 3% used [0x76740000,0x768828c8,0x78fc0000)
 PSPermGen       total 16384K, used 14477K [0x6e740000, 0x6f740000, 0x76740000)
  object space 16384K, 88% used [0x6e740000,0x6f563618,0x6f740000)
Event: 2.181 GC heap after
Heap after GC invocations=2 (full 0):
 PSYoungGen      total 18112K, used 2548K [0x9ef40000, 0xa0370000, 0xb3340000)
  eden space 15552K, 0% used [0x9ef40000,0x9ef40000,0x9fe70000)
  from space 2560K, 99% used [0xa00f0000,0xa036d090,0xa0370000)
  to   space 2560K, 0% used [0x9fe70000,0x9fe70000,0xa00f0000)
 ParOldGen       total 41472K, used 4522K [0x76740000, 0x78fc0000, 0x9ef40000)
  object space 41472K, 10% used [0x76740000,0x76baab88,0x78fc0000)
 PSPermGen       total 16384K, used 14477K [0x6e740000, 0x6f740000, 0x76740000)
  object space 16384K, 88% used [0x6e740000,0x6f563618,0x6f740000)
}
Event: 8.946 GC heap before
{Heap before GC invocations=3 (full 0):
 PSYoungGen      total 18112K, used 18100K [0x9ef40000, 0xa0370000, 0xb3340000)
  eden space 15552K, 100% used [0x9ef40000,0x9fe70000,0x9fe70000)
  from space 2560K, 99% used [0xa00f0000,0xa036d090,0xa0370000)
  to   space 2560K, 0% used [0x9fe70000,0x9fe70000,0xa00f0000)
 ParOldGen       total 41472K, used 4522K [0x76740000, 0x78fc0000, 0x9ef40000)
  object space 41472K, 10% used [0x76740000,0x76baab88,0x78fc0000)
 PSPermGen       total 16384K, used 14862K [0x6e740000, 0x6f740000, 0x76740000)
  object space 16384K, 90% used [0x6e740000,0x6f5c3a40,0x6f740000)
Event: 8.962 GC heap after
Heap after GC invocations=3 (full 0):
 PSYoungGen      total 18112K, used 2559K [0x9ef40000, 0xa0370000, 0xb3340000)
  eden space 15552K, 0% used [0x9ef40000,0x9ef40000,0x9fe70000)
  from space 2560K, 99% used [0x9fe70000,0xa00efe60,0xa00f0000)
  to   space 2560K, 0% used [0xa00f0000,0xa00f0000,0xa0370000)
 ParOldGen       total 41472K, used 5605K [0x76740000, 0x78fc0000, 0x9ef40000)
  object space 41472K, 13% used [0x76740000,0x76cb9638,0x78fc0000)
 PSPermGen       total 16384K, used 14862K [0x6e740000, 0x6f740000, 0x76740000)
  object space 16384K, 90% used [0x6e740000,0x6f5c3a40,0x6f740000)
}
Event: 9.575 GC heap before
{Heap before GC invocations=4 (full 0):
 PSYoungGen      total 18112K, used 18111K [0x9ef40000, 0xa0370000, 0xb3340000)
  eden space 15552K, 100% used [0x9ef40000,0x9fe70000,0x9fe70000)
  from space 2560K, 99% used [0x9fe70000,0xa00efe60,0xa00f0000)
  to   space 2560K, 0% used [0xa00f0000,0xa00f0000,0xa0370000)
 ParOldGen       total 41472K, used 5605K [0x76740000, 0x78fc0000, 0x9ef40000)
  object space 41472K, 13% used [0x76740000,0x76cb9638,0x78fc0000)
 PSPermGen       total 16384K, used 14876K [0x6e740000, 0x6f740000, 0x76740000)
  object space 16384K, 90% used [0x6e740000,0x6f5c7348,0x6f740000)
Event: 9.584 GC heap after
Heap after GC invocations=4 (full 0):
 PSYoungGen      total 18112K, used 2549K [0x9ef40000, 0xa0370000, 0xb3340000)
  eden space 15552K, 0% used [0x9ef40000,0x9ef40000,0x9fe70000)
  from space 2560K, 99% used [0xa00f0000,0xa036d400,0xa0370000)
  to   space 2560K, 0% used [0x9fe70000,0x9fe70000,0xa00f0000)
 ParOldGen       total 41472K, used 6118K [0x76740000, 0x78fc0000, 0x9ef40000)
  object space 41472K, 14% used [0x76740000,0x76d39b88,0x78fc0000)
 PSPermGen       total 16384K, used 14876K [0x6e740000, 0x6f740000, 0x76740000)
  object space 16384K, 90% used [0x6e740000,0x6f5c7348,0x6f740000)
}
Event: 10.196 GC heap before
{Heap before GC invocations=5 (full 0):
 PSYoungGen      total 18112K, used 18101K [0x9ef40000, 0xa0370000, 0xb3340000)
  eden space 15552K, 100% used [0x9ef40000,0x9fe70000,0x9fe70000)
  from space 2560K, 99% used [0xa00f0000,0xa036d400,0xa0370000)
  to   space 2560K, 0% used [0x9fe70000,0x9fe70000,0xa00f0000)
 ParOldGen       total 41472K, used 6118K [0x76740000, 0x78fc0000, 0x9ef40000)
  object space 41472K, 14% used [0x76740000,0x76d39b88,0x78fc0000)
 PSPermGen       total 16384K, used 14882K [0x6e740000, 0x6f740000, 0x76740000)
  object space 16384K, 90% used [0x6e740000,0x6f5c8890,0x6f740000)
Event: 10.203 GC heap after
Heap after GC invocations=5 (full 0):
 PSYoungGen      total 17728K, used 2554K [0x9ef40000, 0xa09f0000, 0xb3340000)
  eden space 15168K, 0% used [0x9ef40000,0x9ef40000,0x9fe10000)
  from space 2560K, 99% used [0x9fe70000,0xa00ee9a0,0xa00f0000)
  to   space 6080K, 0% used [0xa0400000,0xa0400000,0xa09f0000)
 ParOldGen       total 41472K, used 6491K [0x76740000, 0x78fc0000, 0x9ef40000)
  object space 41472K, 15% used [0x76740000,0x76d96da8,0x78fc0000)
 PSPermGen       total 16384K, used 14882K [0x6e740000, 0x6f740000, 0x76740000)
  object space 16384K, 90% used [0x6e740000,0x6f5c8890,0x6f740000)
}
Event: 10.722 GC heap before
{Heap before GC invocations=6 (full 0):
 PSYoungGen      total 17728K, used 17722K [0x9ef40000, 0xa09f0000, 0xb3340000)
  eden space 15168K, 100% used [0x9ef40000,0x9fe10000,0x9fe10000)
  from space 2560K, 99% used [0x9fe70000,0xa00ee9a0,0xa00f0000)
  to   space 6080K, 0% used [0xa0400000,0xa0400000,0xa09f0000)
 ParOldGen       total 41472K, used 6491K [0x76740000, 0x78fc0000, 0x9ef40000)
  object space 41472K, 15% used [0x76740000,0x76d96da8,0x78fc0000)
 PSPermGen       total 16384K, used 14891K [0x6e740000, 0x6f740000, 0x76740000)
  object space 16384K, 90% used [0x6e740000,0x6f5caf40,0x6f740000)
Event: 10.737 GC heap after
Heap after GC invocations=6 (full 0):
 PSYoungGen      total 21312K, used 2809K [0x9ef40000, 0xa18a0000, 0xb3340000)
  eden space 15232K, 0% used [0x9ef40000,0x9ef40000,0x9fe20000)
  from space 6080K, 46% used [0xa0400000,0xa06be750,0xa09f0000)
  to   space 6016K, 0% used [0x9fe20000,0x9fe20000,0xa0400000)
 ParOldGen       total 41472K, used 6491K [0x76740000, 0x78fc0000, 0x9ef40000)
  object space 41472K, 15% used [0x76740000,0x76d96da8,0x78fc0000)
 PSPermGen       total 16384K, used 14891K [0x6e740000, 0x6f740000, 0x76740000)
  object space 16384K, 90% used [0x6e740000,0x6f5caf40,0x6f740000)
}

