# JRE version: 7.0_21-b02
# Java VM: OpenJDK Server VM (23.7-b01 mixed mode linux-x86 )
Heap
 PSYoungGen      total 32128K, used 23162K [0x9ef40000, 0xa2bc0000, 0xb3340000)
  eden space 29120K, 69% used [0x9ef40000,0xa02eee88,0xa0bb0000)
  from space 3008K, 99% used [0xa28d0000,0xa2bbfb90,0xa2bc0000)
  to   space 5760K, 0% used [0xa2080000,0xa2080000,0xa2620000)
 ParOldGen       total 41472K, used 6416K [0x76740000, 0x78fc0000, 0x9ef40000)
  object space 41472K, 15% used [0x76740000,0x76d84358,0x78fc0000)
 PSPermGen       total 16384K, used 15083K [0x6e740000, 0x6f740000, 0x76740000)
  object space 16384K, 92% used [0x6e740000,0x6f5faea8,0x6f740000)
GC Heap History (10 events):
Event: 2.135 GC heap before
{Heap before GC invocations=2 (full 0):
 PSYoungGen      total 18112K, used 18099K [0x9ef40000, 0xa12a0000, 0xb3340000)
  eden space 15552K, 100% used [0x9ef40000,0x9fe70000,0x9fe70000)
  from space 2560K, 99% used [0x9fe70000,0xa00ecf40,0xa00f0000)
  to   space 2560K, 0% used [0xa1020000,0xa1020000,0xa12a0000)
 ParOldGen       total 41472K, used 1313K [0x76740000, 0x78fc0000, 0x9ef40000)
  object space 41472K, 3% used [0x76740000,0x768886e8,0x78fc0000)
 PSPermGen       total 16384K, used 14451K [0x6e740000, 0x6f740000, 0x76740000)
  object space 16384K, 88% used [0x6e740000,0x6f55cf70,0x6f740000)
Event: 2.151 GC heap after
Heap after GC invocations=2 (full 0):
 PSYoungGen      total 33664K, used 2549K [0x9ef40000, 0xa12a0000, 0xb3340000)
  eden space 31104K, 0% used [0x9ef40000,0x9ef40000,0xa0da0000)
  from space 2560K, 99% used [0xa1020000,0xa129d498,0xa12a0000)
  to   space 2560K, 0% used [0xa0da0000,0xa0da0000,0xa1020000)
 ParOldGen       total 41472K, used 4398K [0x76740000, 0x78fc0000, 0x9ef40000)
  object space 41472K, 10% used [0x76740000,0x76b8b858,0x78fc0000)
 PSPermGen       total 16384K, used 14451K [0x6e740000, 0x6f740000, 0x76740000)
  object space 16384K, 88% used [0x6e740000,0x6f55cf70,0x6f740000)
}
Event: 12.088 GC heap before
{Heap before GC invocations=3 (full 0):
 PSYoungGen      total 33664K, used 33653K [0x9ef40000, 0xa12a0000, 0xb3340000)
  eden space 31104K, 100% used [0x9ef40000,0xa0da0000,0xa0da0000)
  from space 2560K, 99% used [0xa1020000,0xa129d498,0xa12a0000)
  to   space 2560K, 0% used [0xa0da0000,0xa0da0000,0xa1020000)
 ParOldGen       total 41472K, used 4398K [0x76740000, 0x78fc0000, 0x9ef40000)
  object space 41472K, 10% used [0x76740000,0x76b8b858,0x78fc0000)
 PSPermGen       total 16384K, used 14826K [0x6e740000, 0x6f740000, 0x76740000)
  object space 16384K, 90% used [0x6e740000,0x6f5bab78,0x6f740000)
Event: 12.097 GC heap after
Heap after GC invocations=3 (full 0):
 PSYoungGen      total 33664K, used 2558K [0x9ef40000, 0xa3100000, 0xb3340000)
  eden space 31104K, 0% used [0x9ef40000,0x9ef40000,0xa0da0000)
  from space 2560K, 99% used [0xa0da0000,0xa101fb70,0xa1020000)
  to   space 2560K, 0% used [0xa2e80000,0xa2e80000,0xa3100000)
 ParOldGen       total 41472K, used 5249K [0x76740000, 0x78fc0000, 0x9ef40000)
  object space 41472K, 12% used [0x76740000,0x76c60780,0x78fc0000)
 PSPermGen       total 16384K, used 14826K [0x6e740000, 0x6f740000, 0x76740000)
  object space 16384K, 90% used [0x6e740000,0x6f5bab78,0x6f740000)
}
Event: 26.988 GC heap before
{Heap before GC invocations=4 (full 0):
 PSYoungGen      total 33664K, used 33662K [0x9ef40000, 0xa3100000, 0xb3340000)
  eden space 31104K, 100% used [0x9ef40000,0xa0da0000,0xa0da0000)
  from space 2560K, 99% used [0xa0da0000,0xa101fb70,0xa1020000)
  to   space 2560K, 0% used [0xa2e80000,0xa2e80000,0xa3100000)
 ParOldGen       total 41472K, used 5249K [0x76740000, 0x78fc0000, 0x9ef40000)
  object space 41472K, 12% used [0x76740000,0x76c60780,0x78fc0000)
 PSPermGen       total 16384K, used 14981K [0x6e740000, 0x6f740000, 0x76740000)
  object space 16384K, 91% used [0x6e740000,0x6f5e1708,0x6f740000)
Event: 26.995 GC heap after
Heap after GC invocations=4 (full 0):
 PSYoungGen      total 33664K, used 2553K [0x9ef40000, 0xa3100000, 0xb3340000)
  eden space 31104K, 0% used [0x9ef40000,0x9ef40000,0xa0da0000)
  from space 2560K, 99% used [0xa2e80000,0xa30fe458,0xa3100000)
  to   space 2560K, 0% used [0xa0da0000,0xa0da0000,0xa1020000)
 ParOldGen       total 41472K, used 5873K [0x76740000, 0x78fc0000, 0x9ef40000)
  object space 41472K, 14% used [0x76740000,0x76cfc588,0x78fc0000)
 PSPermGen       total 16384K, used 14981K [0x6e740000, 0x6f740000, 0x76740000)
  object space 16384K, 91% used [0x6e740000,0x6f5e1708,0x6f740000)
}
Event: 32.393 GC heap before
{Heap before GC invocations=5 (full 0):
 PSYoungGen      total 33664K, used 33657K [0x9ef40000, 0xa3100000, 0xb3340000)
  eden space 31104K, 100% used [0x9ef40000,0xa0da0000,0xa0da0000)
  from space 2560K, 99% used [0xa2e80000,0xa30fe458,0xa3100000)
  to   space 2560K, 0% used [0xa0da0000,0xa0da0000,0xa1020000)
 ParOldGen       total 41472K, used 5873K [0x76740000, 0x78fc0000, 0x9ef40000)
  object space 41472K, 14% used [0x76740000,0x76cfc638,0x78fc0000)
 PSPermGen       total 16384K, used 15008K [0x6e740000, 0x6f740000, 0x76740000)
  object space 16384K, 91% used [0x6e740000,0x6f5e8148,0x6f740000)
Event: 32.400 GC heap after
Heap after GC invocations=5 (full 0):
 PSYoungGen      total 32640K, used 2555K [0x9ef40000, 0xa2e90000, 0xb3340000)
  eden space 30080K, 0% used [0x9ef40000,0x9ef40000,0xa0ca0000)
  from space 2560K, 99% used [0xa0da0000,0xa101ef60,0xa1020000)
  to   space 5888K, 0% used [0xa28d0000,0xa28d0000,0xa2e90000)
 ParOldGen       total 41472K, used 6413K [0x76740000, 0x78fc0000, 0x9ef40000)
  object space 41472K, 15% used [0x76740000,0x76d83638,0x78fc0000)
 PSPermGen       total 16384K, used 15008K [0x6e740000, 0x6f740000, 0x76740000)
  object space 16384K, 91% used [0x6e740000,0x6f5e8148,0x6f740000)
}
Event: 42.601 GC heap before
{Heap before GC invocations=6 (full 0):
 PSYoungGen      total 32640K, used 32635K [0x9ef40000, 0xa2e90000, 0xb3340000)
  eden space 30080K, 100% used [0x9ef40000,0xa0ca0000,0xa0ca0000)
  from space 2560K, 99% used [0xa0da0000,0xa101ef60,0xa1020000)
  to   space 5888K, 0% used [0xa28d0000,0xa28d0000,0xa2e90000)
 ParOldGen       total 41472K, used 6416K [0x76740000, 0x78fc0000, 0x9ef40000)
  object space 41472K, 15% used [0x76740000,0x76d84358,0x78fc0000)
 PSPermGen       total 16384K, used 15069K [0x6e740000, 0x6f740000, 0x76740000)
  object space 16384K, 91% used [0x6e740000,0x6f5f7550,0x6f740000)
Event: 42.609 GC heap after
Heap after GC invocations=6 (full 0):
 PSYoungGen      total 32128K, used 3006K [0x9ef40000, 0xa2bc0000, 0xb3340000)
  eden space 29120K, 0% used [0x9ef40000,0x9ef40000,0xa0bb0000)
  from space 3008K, 99% used [0xa28d0000,0xa2bbfb90,0xa2bc0000)
  to   space 5760K, 0% used [0xa2080000,0xa2080000,0xa2620000)
 ParOldGen       total 41472K, used 6416K [0x76740000, 0x78fc0000, 0x9ef40000)
  object space 41472K, 15% used [0x76740000,0x76d84358,0x78fc0000)
 PSPermGen       total 16384K, used 15069K [0x6e740000, 0x6f740000, 0x76740000)
  object space 16384K, 91% used [0x6e740000,0x6f5f7550,0x6f740000)
}

