# JRE version: 7.0_21-b02
# Java VM: OpenJDK Server VM (23.7-b01 mixed mode linux-x86 )
Heap
 PSYoungGen      total 20416K, used 17327K [0x9efb0000, 0xa09f0000, 0xb33b0000)
  eden space 14848K, 97% used [0x9efb0000,0x9fde4050,0x9fe30000)
  from space 5568K, 49% used [0xa0480000,0xa0737cf0,0xa09f0000)
  to   space 6016K, 0% used [0x9fe30000,0x9fe30000,0xa0410000)
 ParOldGen       total 41472K, used 5478K [0x767b0000, 0x79030000, 0x9efb0000)
  object space 41472K, 13% used [0x767b0000,0x76d09bf8,0x79030000)
 PSPermGen       total 16384K, used 15019K [0x6e7b0000, 0x6f7b0000, 0x767b0000)
  object space 16384K, 91% used [0x6e7b0000,0x6f65aef0,0x6f7b0000)
GC Heap History (10 events):
Event: 2.171 GC heap before
{Heap before GC invocations=2 (full 0):
 PSYoungGen      total 18112K, used 18099K [0x9efb0000, 0xa03e0000, 0xb33b0000)
  eden space 15552K, 100% used [0x9efb0000,0x9fee0000,0x9fee0000)
  from space 2560K, 99% used [0x9fee0000,0xa015cf40,0xa0160000)
  to   space 2560K, 0% used [0xa0160000,0xa0160000,0xa03e0000)
 ParOldGen       total 41472K, used 1292K [0x767b0000, 0x79030000, 0x9efb0000)
  object space 41472K, 3% used [0x767b0000,0x768f33f8,0x79030000)
 PSPermGen       total 16384K, used 14395K [0x6e7b0000, 0x6f7b0000, 0x767b0000)
  object space 16384K, 87% used [0x6e7b0000,0x6f5bec50,0x6f7b0000)
Event: 2.186 GC heap after
Heap after GC invocations=2 (full 0):
 PSYoungGen      total 18112K, used 2550K [0x9efb0000, 0xa1310000, 0xb33b0000)
  eden space 15552K, 0% used [0x9efb0000,0x9efb0000,0x9fee0000)
  from space 2560K, 99% used [0xa0160000,0xa03ddac8,0xa03e0000)
  to   space 2560K, 0% used [0x9fee0000,0x9fee0000,0xa0160000)
 ParOldGen       total 41472K, used 4548K [0x767b0000, 0x79030000, 0x9efb0000)
  object space 41472K, 10% used [0x767b0000,0x76c210f0,0x79030000)
 PSPermGen       total 16384K, used 14395K [0x6e7b0000, 0x6f7b0000, 0x767b0000)
  object space 16384K, 87% used [0x6e7b0000,0x6f5bec50,0x6f7b0000)
}
Event: 10.526 GC heap before
{Heap before GC invocations=3 (full 0):
 PSYoungGen      total 18112K, used 18102K [0x9efb0000, 0xa1310000, 0xb33b0000)
  eden space 15552K, 100% used [0x9efb0000,0x9fee0000,0x9fee0000)
  from space 2560K, 99% used [0xa0160000,0xa03ddac8,0xa03e0000)
  to   space 2560K, 0% used [0x9fee0000,0x9fee0000,0xa0160000)
 ParOldGen       total 41472K, used 4548K [0x767b0000, 0x79030000, 0x9efb0000)
  object space 41472K, 10% used [0x767b0000,0x76c210f0,0x79030000)
 PSPermGen       total 16384K, used 14852K [0x6e7b0000, 0x6f7b0000, 0x767b0000)
  object space 16384K, 90% used [0x6e7b0000,0x6f631160,0x6f7b0000)
Event: 10.541 GC heap after
Heap after GC invocations=3 (full 0):
 PSYoungGen      total 18112K, used 2556K [0x9efb0000, 0xa03e0000, 0xb33b0000)
  eden space 15552K, 0% used [0x9efb0000,0x9efb0000,0x9fee0000)
  from space 2560K, 99% used [0x9fee0000,0xa015f080,0xa0160000)
  to   space 2560K, 0% used [0xa0160000,0xa0160000,0xa03e0000)
 ParOldGen       total 41472K, used 5088K [0x767b0000, 0x79030000, 0x9efb0000)
  object space 41472K, 12% used [0x767b0000,0x76ca8318,0x79030000)
 PSPermGen       total 16384K, used 14852K [0x6e7b0000, 0x6f7b0000, 0x767b0000)
  object space 16384K, 90% used [0x6e7b0000,0x6f631160,0x6f7b0000)
}
Event: 17.210 GC heap before
{Heap before GC invocations=4 (full 0):
 PSYoungGen      total 18112K, used 18108K [0x9efb0000, 0xa03e0000, 0xb33b0000)
  eden space 15552K, 100% used [0x9efb0000,0x9fee0000,0x9fee0000)
  from space 2560K, 99% used [0x9fee0000,0xa015f080,0xa0160000)
  to   space 2560K, 0% used [0xa0160000,0xa0160000,0xa03e0000)
 ParOldGen       total 41472K, used 5088K [0x767b0000, 0x79030000, 0x9efb0000)
  object space 41472K, 12% used [0x767b0000,0x76ca8318,0x79030000)
 PSPermGen       total 16384K, used 14997K [0x6e7b0000, 0x6f7b0000, 0x767b0000)
  object space 16384K, 91% used [0x6e7b0000,0x6f655610,0x6f7b0000)
Event: 17.217 GC heap after
Heap after GC invocations=4 (full 0):
 PSYoungGen      total 18112K, used 2549K [0x9efb0000, 0xa03e0000, 0xb33b0000)
  eden space 15552K, 0% used [0x9efb0000,0x9efb0000,0x9fee0000)
  from space 2560K, 99% used [0xa0160000,0xa03dd498,0xa03e0000)
  to   space 2560K, 0% used [0x9fee0000,0x9fee0000,0xa0160000)
 ParOldGen       total 41472K, used 5236K [0x767b0000, 0x79030000, 0x9efb0000)
  object space 41472K, 12% used [0x767b0000,0x76ccd318,0x79030000)
 PSPermGen       total 16384K, used 14997K [0x6e7b0000, 0x6f7b0000, 0x767b0000)
  object space 16384K, 91% used [0x6e7b0000,0x6f655610,0x6f7b0000)
}
Event: 21.916 GC heap before
{Heap before GC invocations=5 (full 0):
 PSYoungGen      total 18112K, used 18101K [0x9efb0000, 0xa03e0000, 0xb33b0000)
  eden space 15552K, 100% used [0x9efb0000,0x9fee0000,0x9fee0000)
  from space 2560K, 99% used [0xa0160000,0xa03dd498,0xa03e0000)
  to   space 2560K, 0% used [0x9fee0000,0x9fee0000,0xa0160000)
 ParOldGen       total 41472K, used 5236K [0x767b0000, 0x79030000, 0x9efb0000)
  object space 41472K, 12% used [0x767b0000,0x76ccd318,0x79030000)
 PSPermGen       total 16384K, used 15006K [0x6e7b0000, 0x6f7b0000, 0x767b0000)
  object space 16384K, 91% used [0x6e7b0000,0x6f657930,0x6f7b0000)
Event: 21.925 GC heap after
Heap after GC invocations=5 (full 0):
 PSYoungGen      total 17728K, used 2557K [0x9efb0000, 0xa0a80000, 0xb33b0000)
  eden space 15168K, 0% used [0x9efb0000,0x9efb0000,0x9fe80000)
  from space 2560K, 99% used [0x9fee0000,0xa015f4a8,0xa0160000)
  to   space 6144K, 0% used [0xa0480000,0xa0480000,0xa0a80000)
 ParOldGen       total 41472K, used 5478K [0x767b0000, 0x79030000, 0x9efb0000)
  object space 41472K, 13% used [0x767b0000,0x76d09bf8,0x79030000)
 PSPermGen       total 16384K, used 15006K [0x6e7b0000, 0x6f7b0000, 0x767b0000)
  object space 16384K, 91% used [0x6e7b0000,0x6f657930,0x6f7b0000)
}
Event: 25.328 GC heap before
{Heap before GC invocations=6 (full 0):
 PSYoungGen      total 17728K, used 17725K [0x9efb0000, 0xa0a80000, 0xb33b0000)
  eden space 15168K, 100% used [0x9efb0000,0x9fe80000,0x9fe80000)
  from space 2560K, 99% used [0x9fee0000,0xa015f4a8,0xa0160000)
  to   space 6144K, 0% used [0xa0480000,0xa0480000,0xa0a80000)
 ParOldGen       total 41472K, used 5478K [0x767b0000, 0x79030000, 0x9efb0000)
  object space 41472K, 13% used [0x767b0000,0x76d09bf8,0x79030000)
 PSPermGen       total 16384K, used 15014K [0x6e7b0000, 0x6f7b0000, 0x767b0000)
  object space 16384K, 91% used [0x6e7b0000,0x6f659bd8,0x6f7b0000)
Event: 25.345 GC heap after
Heap after GC invocations=6 (full 0):
 PSYoungGen      total 20416K, used 2783K [0x9efb0000, 0xa09f0000, 0xb33b0000)
  eden space 14848K, 0% used [0x9efb0000,0x9efb0000,0x9fe30000)
  from space 5568K, 49% used [0xa0480000,0xa0737cf0,0xa09f0000)
  to   space 6016K, 0% used [0x9fe30000,0x9fe30000,0xa0410000)
 ParOldGen       total 41472K, used 5478K [0x767b0000, 0x79030000, 0x9efb0000)
  object space 41472K, 13% used [0x767b0000,0x76d09bf8,0x79030000)
 PSPermGen       total 16384K, used 15014K [0x6e7b0000, 0x6f7b0000, 0x767b0000)
  object space 16384K, 91% used [0x6e7b0000,0x6f659bd8,0x6f7b0000)
}

